ARM GAS  C:\Users\hsal869\AppData\Local\Temp\ccBszVkz.s 			page 1


   1              		.syntax unified
   2              		.cpu cortex-m3
   3              		.fpu softvfp
   4              		.eabi_attribute 20, 1
   5              		.eabi_attribute 21, 1
   6              		.eabi_attribute 23, 3
   7              		.eabi_attribute 24, 1
   8              		.eabi_attribute 25, 1
   9              		.eabi_attribute 26, 1
  10              		.eabi_attribute 30, 1
  11              		.eabi_attribute 34, 1
  12              		.eabi_attribute 18, 4
  13              		.thumb
  14              		.syntax unified
  15              		.file	"main.c"
  16              		.text
  17              	.Ltext0:
  18              		.cfi_sections	.debug_frame
  19              		.section	.text.MyISR,"ax",%progbits
  20              		.align	2
  21              		.global	MyISR
  22              		.thumb
  23              		.thumb_func
  24              		.type	MyISR, %function
  25              	MyISR:
  26              	.LFB64:
  27              		.file 1 "main.c"
   1:main.c        **** 
   2:main.c        **** /* ========================================
   3:main.c        ****  * Laboratory Exercise 3
   4:main.c        ****  *
   5:main.c        ****  * Program timer to flash LED at 1Hz, use interrupts
   6:main.c        ****  *
   7:main.c        ****  * Copyright Univ of Auckland, 2016
   8:main.c        ****  * All Rights Reserved
   9:main.c        ****  * UNPUBLISHED, LICENSED SOFTWARE.
  10:main.c        ****  *
  11:main.c        ****  * CONFIDENTIAL AND PROPRIETARY INFORMATION
  12:main.c        ****  * WHICH IS THE PROPERTY OF Univ of Auckland.
  13:main.c        ****  *
  14:main.c        ****  * ========================================
  15:main.c        **** */
  16:main.c        **** #include <project.h>
  17:main.c        **** #include <stdio.h>
  18:main.c        **** 
  19:main.c        **** volatile int flag = 0;  
  20:main.c        **** 
  21:main.c        **** CY_ISR(MyISR)
  22:main.c        **** {
  28              		.loc 1 22 0
  29              		.cfi_startproc
  30              		@ args = 0, pretend = 0, frame = 0
  31              		@ frame_needed = 0, uses_anonymous_args = 0
  32              		@ link register save eliminated.
  23:main.c        ****     /* ISR Code here */
  24:main.c        ****     // LED_Write(!LED_Read());
  25:main.c        ****     flag = 1;
ARM GAS  C:\Users\hsal869\AppData\Local\Temp\ccBszVkz.s 			page 2


  33              		.loc 1 25 0
  34 0000 0122     		movs	r2, #1
  35 0002 014B     		ldr	r3, .L2
  36 0004 1A60     		str	r2, [r3]
  37 0006 7047     		bx	lr
  38              	.L3:
  39              		.align	2
  40              	.L2:
  41 0008 00000000 		.word	.LANCHOR0
  42              		.cfi_endproc
  43              	.LFE64:
  44              		.size	MyISR, .-MyISR
  45              		.section	.text.main,"ax",%progbits
  46              		.align	2
  47              		.global	main
  48              		.thumb
  49              		.thumb_func
  50              		.type	main, %function
  51              	main:
  52              	.LFB65:
  26:main.c        ****            
  27:main.c        **** }
  28:main.c        **** 
  29:main.c        **** int main()
  30:main.c        **** {
  53              		.loc 1 30 0
  54              		.cfi_startproc
  55              		@ args = 0, pretend = 0, frame = 0
  56              		@ frame_needed = 0, uses_anonymous_args = 0
  57 0000 10B5     		push	{r4, lr}
  58              		.cfi_def_cfa_offset 8
  59              		.cfi_offset 4, -8
  60              		.cfi_offset 14, -4
  31:main.c        ****     CyGlobalIntEnable; /* Enable global interrupts. */
  61              		.loc 1 31 0
  62              		.syntax unified
  63              	@ 31 "main.c" 1
  64 0002 62B6     		CPSIE   i
  65              	@ 0 "" 2
  32:main.c        **** 
  33:main.c        ****     /* Place your initialization/startup code here (e.g. MyInst_Start()) */
  34:main.c        ****     
  35:main.c        ****     ADC_SAR_1_Start();
  66              		.loc 1 35 0
  67              		.thumb
  68              		.syntax unified
  69 0004 FFF7FEFF 		bl	ADC_SAR_1_Start
  70              	.LVL0:
  36:main.c        ****     ADC_SAR_1_StartConvert();
  71              		.loc 1 36 0
  72 0008 FFF7FEFF 		bl	ADC_SAR_1_StartConvert
  73              	.LVL1:
  37:main.c        ****     isr_TC_StartEx(MyISR);
  74              		.loc 1 37 0
  75 000c 0C48     		ldr	r0, .L8
  76 000e FFF7FEFF 		bl	isr_TC_StartEx
  77              	.LVL2:
ARM GAS  C:\Users\hsal869\AppData\Local\Temp\ccBszVkz.s 			page 3


  78              	.L6:
  38:main.c        ****     
  39:main.c        ****  
  40:main.c        ****     for(;;)
  41:main.c        ****     {   
  42:main.c        ****         /* Place your application code here. */
  43:main.c        ****         
  44:main.c        ****         if (flag == 1){
  79              		.loc 1 44 0
  80 0012 0C4B     		ldr	r3, .L8+4
  81 0014 1B68     		ldr	r3, [r3]
  82 0016 012B     		cmp	r3, #1
  83 0018 0BD1     		bne	.L5
  84              	.LBB2:
  45:main.c        ****             ADC_SAR_1_IRQ_Disable();
  85              		.loc 1 45 0
  86 001a FFF7FEFF 		bl	ADC_SAR_1_IRQ_Disable
  87              	.LVL3:
  46:main.c        ****             int num = ADC_SAR_1_GetResult8();
  88              		.loc 1 46 0
  89 001e FFF7FEFF 		bl	ADC_SAR_1_GetResult8
  90              	.LVL4:
  91 0022 0446     		mov	r4, r0
  92              	.LVL5:
  47:main.c        ****             isr_TC_Disable();
  93              		.loc 1 47 0
  94 0024 FFF7FEFF 		bl	isr_TC_Disable
  95              	.LVL6:
  48:main.c        ****                 
  49:main.c        ****             if (num > 0) {
  96              		.loc 1 49 0
  97 0028 002C     		cmp	r4, #0
  98 002a 02DD     		ble	.L5
  50:main.c        ****                 LED_RED_Write(1); 
  99              		.loc 1 50 0
 100 002c 0120     		movs	r0, #1
 101 002e FFF7FEFF 		bl	LED_RED_Write
 102              	.LVL7:
 103              	.L5:
 104              	.LBE2:
  51:main.c        ****             }
  52:main.c        ****             
  53:main.c        ****         }
  54:main.c        ****                
  55:main.c        ****        flag = 0;
 105              		.loc 1 55 0
 106 0032 0022     		movs	r2, #0
 107 0034 034B     		ldr	r3, .L8+4
 108 0036 1A60     		str	r2, [r3]
  56:main.c        ****        ADC_SAR_1_IRQ_Enable();
 109              		.loc 1 56 0
 110 0038 FFF7FEFF 		bl	ADC_SAR_1_IRQ_Enable
 111              	.LVL8:
  57:main.c        ****     }
 112              		.loc 1 57 0
 113 003c E9E7     		b	.L6
 114              	.L9:
ARM GAS  C:\Users\hsal869\AppData\Local\Temp\ccBszVkz.s 			page 4


 115 003e 00BF     		.align	2
 116              	.L8:
 117 0040 00000000 		.word	MyISR
 118 0044 00000000 		.word	.LANCHOR0
 119              		.cfi_endproc
 120              	.LFE65:
 121              		.size	main, .-main
 122              		.global	flag
 123              		.bss
 124              		.align	2
 125              		.set	.LANCHOR0,. + 0
 126              		.type	flag, %object
 127              		.size	flag, 4
 128              	flag:
 129 0000 00000000 		.space	4
 130              		.text
 131              	.Letext0:
 132              		.file 2 "c:\\program files (x86)\\cypress\\psoc creator\\4.2\\psoc creator\\import\\gnu\\arm\\5.4.
 133              		.file 3 "c:\\program files (x86)\\cypress\\psoc creator\\4.2\\psoc creator\\import\\gnu\\arm\\5.4.
 134              		.file 4 "Generated_Source\\PSoC5/core_cm3.h"
 135              		.file 5 "Generated_Source\\PSoC5/ADC_SAR_1_IRQ.h"
 136              		.file 6 "Generated_Source\\PSoC5/ADC_SAR_1.h"
 137              		.file 7 "Generated_Source\\PSoC5/isr_TC.h"
 138              		.file 8 "Generated_Source\\PSoC5/LED_RED.h"
 139              		.section	.debug_info,"",%progbits
 140              	.Ldebug_info0:
 141 0000 C4010000 		.4byte	0x1c4
 142 0004 0400     		.2byte	0x4
 143 0006 00000000 		.4byte	.Ldebug_abbrev0
 144 000a 04       		.byte	0x4
 145 000b 01       		.uleb128 0x1
 146 000c 55000000 		.4byte	.LASF26
 147 0010 0C       		.byte	0xc
 148 0011 04020000 		.4byte	.LASF27
 149 0015 E3000000 		.4byte	.LASF28
 150 0019 00000000 		.4byte	.Ldebug_ranges0+0
 151 001d 00000000 		.4byte	0
 152 0021 00000000 		.4byte	.Ldebug_line0
 153 0025 02       		.uleb128 0x2
 154 0026 01       		.byte	0x1
 155 0027 06       		.byte	0x6
 156 0028 2F020000 		.4byte	.LASF0
 157 002c 02       		.uleb128 0x2
 158 002d 01       		.byte	0x1
 159 002e 08       		.byte	0x8
 160 002f 47000000 		.4byte	.LASF1
 161 0033 02       		.uleb128 0x2
 162 0034 02       		.byte	0x2
 163 0035 05       		.byte	0x5
 164 0036 10020000 		.4byte	.LASF2
 165 003a 02       		.uleb128 0x2
 166 003b 02       		.byte	0x2
 167 003c 07       		.byte	0x7
 168 003d 18000000 		.4byte	.LASF3
 169 0041 03       		.uleb128 0x3
 170 0042 0E000000 		.4byte	.LASF9
 171 0046 02       		.byte	0x2
ARM GAS  C:\Users\hsal869\AppData\Local\Temp\ccBszVkz.s 			page 5


 172 0047 3F       		.byte	0x3f
 173 0048 4C000000 		.4byte	0x4c
 174 004c 02       		.uleb128 0x2
 175 004d 04       		.byte	0x4
 176 004e 05       		.byte	0x5
 177 004f 1A020000 		.4byte	.LASF4
 178 0053 02       		.uleb128 0x2
 179 0054 04       		.byte	0x4
 180 0055 07       		.byte	0x7
 181 0056 50010000 		.4byte	.LASF5
 182 005a 02       		.uleb128 0x2
 183 005b 08       		.byte	0x8
 184 005c 05       		.byte	0x5
 185 005d F6010000 		.4byte	.LASF6
 186 0061 02       		.uleb128 0x2
 187 0062 08       		.byte	0x8
 188 0063 07       		.byte	0x7
 189 0064 C8010000 		.4byte	.LASF7
 190 0068 04       		.uleb128 0x4
 191 0069 04       		.byte	0x4
 192 006a 05       		.byte	0x5
 193 006b 696E7400 		.ascii	"int\000"
 194 006f 02       		.uleb128 0x2
 195 0070 04       		.byte	0x4
 196 0071 07       		.byte	0x7
 197 0072 BB010000 		.4byte	.LASF8
 198 0076 03       		.uleb128 0x3
 199 0077 E5010000 		.4byte	.LASF10
 200 007b 03       		.byte	0x3
 201 007c 2C       		.byte	0x2c
 202 007d 41000000 		.4byte	0x41
 203 0081 02       		.uleb128 0x2
 204 0082 04       		.byte	0x4
 205 0083 04       		.byte	0x4
 206 0084 2B000000 		.4byte	.LASF11
 207 0088 02       		.uleb128 0x2
 208 0089 08       		.byte	0x8
 209 008a 04       		.byte	0x4
 210 008b 9B010000 		.4byte	.LASF12
 211 008f 02       		.uleb128 0x2
 212 0090 01       		.byte	0x1
 213 0091 08       		.byte	0x8
 214 0092 0B020000 		.4byte	.LASF13
 215 0096 02       		.uleb128 0x2
 216 0097 08       		.byte	0x8
 217 0098 04       		.byte	0x4
 218 0099 23020000 		.4byte	.LASF14
 219 009d 02       		.uleb128 0x2
 220 009e 04       		.byte	0x4
 221 009f 07       		.byte	0x7
 222 00a0 ED010000 		.4byte	.LASF15
 223 00a4 05       		.uleb128 0x5
 224 00a5 DF010000 		.4byte	.LASF29
 225 00a9 01       		.byte	0x1
 226 00aa 15       		.byte	0x15
 227 00ab 00000000 		.4byte	.LFB64
 228 00af 0C000000 		.4byte	.LFE64-.LFB64
ARM GAS  C:\Users\hsal869\AppData\Local\Temp\ccBszVkz.s 			page 6


 229 00b3 01       		.uleb128 0x1
 230 00b4 9C       		.byte	0x9c
 231 00b5 06       		.uleb128 0x6
 232 00b6 A2010000 		.4byte	.LASF30
 233 00ba 01       		.byte	0x1
 234 00bb 1D       		.byte	0x1d
 235 00bc 68000000 		.4byte	0x68
 236 00c0 00000000 		.4byte	.LFB65
 237 00c4 48000000 		.4byte	.LFE65-.LFB65
 238 00c8 01       		.uleb128 0x1
 239 00c9 9C       		.byte	0x9c
 240 00ca 48010000 		.4byte	0x148
 241 00ce 07       		.uleb128 0x7
 242 00cf 1A000000 		.4byte	.LBB2
 243 00d3 18000000 		.4byte	.LBE2-.LBB2
 244 00d7 15010000 		.4byte	0x115
 245 00db 08       		.uleb128 0x8
 246 00dc 6E756D00 		.ascii	"num\000"
 247 00e0 01       		.byte	0x1
 248 00e1 2E       		.byte	0x2e
 249 00e2 68000000 		.4byte	0x68
 250 00e6 00000000 		.4byte	.LLST0
 251 00ea 09       		.uleb128 0x9
 252 00eb 1E000000 		.4byte	.LVL3
 253 00ef 6F010000 		.4byte	0x16f
 254 00f3 09       		.uleb128 0x9
 255 00f4 22000000 		.4byte	.LVL4
 256 00f8 7A010000 		.4byte	0x17a
 257 00fc 09       		.uleb128 0x9
 258 00fd 28000000 		.4byte	.LVL6
 259 0101 85010000 		.4byte	0x185
 260 0105 0A       		.uleb128 0xa
 261 0106 32000000 		.4byte	.LVL7
 262 010a 90010000 		.4byte	0x190
 263 010e 0B       		.uleb128 0xb
 264 010f 01       		.uleb128 0x1
 265 0110 50       		.byte	0x50
 266 0111 01       		.uleb128 0x1
 267 0112 31       		.byte	0x31
 268 0113 00       		.byte	0
 269 0114 00       		.byte	0
 270 0115 09       		.uleb128 0x9
 271 0116 08000000 		.4byte	.LVL0
 272 011a 9B010000 		.4byte	0x19b
 273 011e 09       		.uleb128 0x9
 274 011f 0C000000 		.4byte	.LVL1
 275 0123 A6010000 		.4byte	0x1a6
 276 0127 0C       		.uleb128 0xc
 277 0128 12000000 		.4byte	.LVL2
 278 012c B1010000 		.4byte	0x1b1
 279 0130 3E010000 		.4byte	0x13e
 280 0134 0B       		.uleb128 0xb
 281 0135 01       		.uleb128 0x1
 282 0136 50       		.byte	0x50
 283 0137 05       		.uleb128 0x5
 284 0138 03       		.byte	0x3
 285 0139 00000000 		.4byte	MyISR
ARM GAS  C:\Users\hsal869\AppData\Local\Temp\ccBszVkz.s 			page 7


 286 013d 00       		.byte	0
 287 013e 09       		.uleb128 0x9
 288 013f 3C000000 		.4byte	.LVL8
 289 0143 BC010000 		.4byte	0x1bc
 290 0147 00       		.byte	0
 291 0148 0D       		.uleb128 0xd
 292 0149 79010000 		.4byte	.LASF16
 293 014d 04       		.byte	0x4
 294 014e 1207     		.2byte	0x712
 295 0150 54010000 		.4byte	0x154
 296 0154 0E       		.uleb128 0xe
 297 0155 76000000 		.4byte	0x76
 298 0159 0F       		.uleb128 0xf
 299 015a B6010000 		.4byte	.LASF17
 300 015e 01       		.byte	0x1
 301 015f 13       		.byte	0x13
 302 0160 6A010000 		.4byte	0x16a
 303 0164 05       		.uleb128 0x5
 304 0165 03       		.byte	0x3
 305 0166 00000000 		.4byte	flag
 306 016a 0E       		.uleb128 0xe
 307 016b 68000000 		.4byte	0x68
 308 016f 10       		.uleb128 0x10
 309 0170 31000000 		.4byte	.LASF18
 310 0174 31000000 		.4byte	.LASF18
 311 0178 05       		.byte	0x5
 312 0179 25       		.byte	0x25
 313 017a 10       		.uleb128 0x10
 314 017b 86010000 		.4byte	.LASF19
 315 017f 86010000 		.4byte	.LASF19
 316 0183 06       		.byte	0x6
 317 0184 3A       		.byte	0x3a
 318 0185 10       		.uleb128 0x10
 319 0186 A7010000 		.4byte	.LASF20
 320 018a A7010000 		.4byte	.LASF20
 321 018e 07       		.byte	0x7
 322 018f 25       		.byte	0x25
 323 0190 10       		.uleb128 0x10
 324 0191 00000000 		.4byte	.LASF21
 325 0195 00000000 		.4byte	.LASF21
 326 0199 08       		.byte	0x8
 327 019a 26       		.byte	0x26
 328 019b 10       		.uleb128 0x10
 329 019c 3B020000 		.4byte	.LASF22
 330 01a0 3B020000 		.4byte	.LASF22
 331 01a4 06       		.byte	0x6
 332 01a5 34       		.byte	0x34
 333 01a6 10       		.uleb128 0x10
 334 01a7 62010000 		.4byte	.LASF23
 335 01ab 62010000 		.4byte	.LASF23
 336 01af 06       		.byte	0x6
 337 01b0 D1       		.byte	0xd1
 338 01b1 10       		.uleb128 0x10
 339 01b2 41010000 		.4byte	.LASF24
 340 01b6 41010000 		.4byte	.LASF24
 341 01ba 07       		.byte	0x7
 342 01bb 18       		.byte	0x18
ARM GAS  C:\Users\hsal869\AppData\Local\Temp\ccBszVkz.s 			page 8


 343 01bc 10       		.uleb128 0x10
 344 01bd 4B020000 		.4byte	.LASF25
 345 01c1 4B020000 		.4byte	.LASF25
 346 01c5 05       		.byte	0x5
 347 01c6 23       		.byte	0x23
 348 01c7 00       		.byte	0
 349              		.section	.debug_abbrev,"",%progbits
 350              	.Ldebug_abbrev0:
 351 0000 01       		.uleb128 0x1
 352 0001 11       		.uleb128 0x11
 353 0002 01       		.byte	0x1
 354 0003 25       		.uleb128 0x25
 355 0004 0E       		.uleb128 0xe
 356 0005 13       		.uleb128 0x13
 357 0006 0B       		.uleb128 0xb
 358 0007 03       		.uleb128 0x3
 359 0008 0E       		.uleb128 0xe
 360 0009 1B       		.uleb128 0x1b
 361 000a 0E       		.uleb128 0xe
 362 000b 55       		.uleb128 0x55
 363 000c 17       		.uleb128 0x17
 364 000d 11       		.uleb128 0x11
 365 000e 01       		.uleb128 0x1
 366 000f 10       		.uleb128 0x10
 367 0010 17       		.uleb128 0x17
 368 0011 00       		.byte	0
 369 0012 00       		.byte	0
 370 0013 02       		.uleb128 0x2
 371 0014 24       		.uleb128 0x24
 372 0015 00       		.byte	0
 373 0016 0B       		.uleb128 0xb
 374 0017 0B       		.uleb128 0xb
 375 0018 3E       		.uleb128 0x3e
 376 0019 0B       		.uleb128 0xb
 377 001a 03       		.uleb128 0x3
 378 001b 0E       		.uleb128 0xe
 379 001c 00       		.byte	0
 380 001d 00       		.byte	0
 381 001e 03       		.uleb128 0x3
 382 001f 16       		.uleb128 0x16
 383 0020 00       		.byte	0
 384 0021 03       		.uleb128 0x3
 385 0022 0E       		.uleb128 0xe
 386 0023 3A       		.uleb128 0x3a
 387 0024 0B       		.uleb128 0xb
 388 0025 3B       		.uleb128 0x3b
 389 0026 0B       		.uleb128 0xb
 390 0027 49       		.uleb128 0x49
 391 0028 13       		.uleb128 0x13
 392 0029 00       		.byte	0
 393 002a 00       		.byte	0
 394 002b 04       		.uleb128 0x4
 395 002c 24       		.uleb128 0x24
 396 002d 00       		.byte	0
 397 002e 0B       		.uleb128 0xb
 398 002f 0B       		.uleb128 0xb
 399 0030 3E       		.uleb128 0x3e
ARM GAS  C:\Users\hsal869\AppData\Local\Temp\ccBszVkz.s 			page 9


 400 0031 0B       		.uleb128 0xb
 401 0032 03       		.uleb128 0x3
 402 0033 08       		.uleb128 0x8
 403 0034 00       		.byte	0
 404 0035 00       		.byte	0
 405 0036 05       		.uleb128 0x5
 406 0037 2E       		.uleb128 0x2e
 407 0038 00       		.byte	0
 408 0039 3F       		.uleb128 0x3f
 409 003a 19       		.uleb128 0x19
 410 003b 03       		.uleb128 0x3
 411 003c 0E       		.uleb128 0xe
 412 003d 3A       		.uleb128 0x3a
 413 003e 0B       		.uleb128 0xb
 414 003f 3B       		.uleb128 0x3b
 415 0040 0B       		.uleb128 0xb
 416 0041 27       		.uleb128 0x27
 417 0042 19       		.uleb128 0x19
 418 0043 11       		.uleb128 0x11
 419 0044 01       		.uleb128 0x1
 420 0045 12       		.uleb128 0x12
 421 0046 06       		.uleb128 0x6
 422 0047 40       		.uleb128 0x40
 423 0048 18       		.uleb128 0x18
 424 0049 9742     		.uleb128 0x2117
 425 004b 19       		.uleb128 0x19
 426 004c 00       		.byte	0
 427 004d 00       		.byte	0
 428 004e 06       		.uleb128 0x6
 429 004f 2E       		.uleb128 0x2e
 430 0050 01       		.byte	0x1
 431 0051 3F       		.uleb128 0x3f
 432 0052 19       		.uleb128 0x19
 433 0053 03       		.uleb128 0x3
 434 0054 0E       		.uleb128 0xe
 435 0055 3A       		.uleb128 0x3a
 436 0056 0B       		.uleb128 0xb
 437 0057 3B       		.uleb128 0x3b
 438 0058 0B       		.uleb128 0xb
 439 0059 49       		.uleb128 0x49
 440 005a 13       		.uleb128 0x13
 441 005b 8701     		.uleb128 0x87
 442 005d 19       		.uleb128 0x19
 443 005e 11       		.uleb128 0x11
 444 005f 01       		.uleb128 0x1
 445 0060 12       		.uleb128 0x12
 446 0061 06       		.uleb128 0x6
 447 0062 40       		.uleb128 0x40
 448 0063 18       		.uleb128 0x18
 449 0064 9742     		.uleb128 0x2117
 450 0066 19       		.uleb128 0x19
 451 0067 01       		.uleb128 0x1
 452 0068 13       		.uleb128 0x13
 453 0069 00       		.byte	0
 454 006a 00       		.byte	0
 455 006b 07       		.uleb128 0x7
 456 006c 0B       		.uleb128 0xb
ARM GAS  C:\Users\hsal869\AppData\Local\Temp\ccBszVkz.s 			page 10


 457 006d 01       		.byte	0x1
 458 006e 11       		.uleb128 0x11
 459 006f 01       		.uleb128 0x1
 460 0070 12       		.uleb128 0x12
 461 0071 06       		.uleb128 0x6
 462 0072 01       		.uleb128 0x1
 463 0073 13       		.uleb128 0x13
 464 0074 00       		.byte	0
 465 0075 00       		.byte	0
 466 0076 08       		.uleb128 0x8
 467 0077 34       		.uleb128 0x34
 468 0078 00       		.byte	0
 469 0079 03       		.uleb128 0x3
 470 007a 08       		.uleb128 0x8
 471 007b 3A       		.uleb128 0x3a
 472 007c 0B       		.uleb128 0xb
 473 007d 3B       		.uleb128 0x3b
 474 007e 0B       		.uleb128 0xb
 475 007f 49       		.uleb128 0x49
 476 0080 13       		.uleb128 0x13
 477 0081 02       		.uleb128 0x2
 478 0082 17       		.uleb128 0x17
 479 0083 00       		.byte	0
 480 0084 00       		.byte	0
 481 0085 09       		.uleb128 0x9
 482 0086 898201   		.uleb128 0x4109
 483 0089 00       		.byte	0
 484 008a 11       		.uleb128 0x11
 485 008b 01       		.uleb128 0x1
 486 008c 31       		.uleb128 0x31
 487 008d 13       		.uleb128 0x13
 488 008e 00       		.byte	0
 489 008f 00       		.byte	0
 490 0090 0A       		.uleb128 0xa
 491 0091 898201   		.uleb128 0x4109
 492 0094 01       		.byte	0x1
 493 0095 11       		.uleb128 0x11
 494 0096 01       		.uleb128 0x1
 495 0097 31       		.uleb128 0x31
 496 0098 13       		.uleb128 0x13
 497 0099 00       		.byte	0
 498 009a 00       		.byte	0
 499 009b 0B       		.uleb128 0xb
 500 009c 8A8201   		.uleb128 0x410a
 501 009f 00       		.byte	0
 502 00a0 02       		.uleb128 0x2
 503 00a1 18       		.uleb128 0x18
 504 00a2 9142     		.uleb128 0x2111
 505 00a4 18       		.uleb128 0x18
 506 00a5 00       		.byte	0
 507 00a6 00       		.byte	0
 508 00a7 0C       		.uleb128 0xc
 509 00a8 898201   		.uleb128 0x4109
 510 00ab 01       		.byte	0x1
 511 00ac 11       		.uleb128 0x11
 512 00ad 01       		.uleb128 0x1
 513 00ae 31       		.uleb128 0x31
ARM GAS  C:\Users\hsal869\AppData\Local\Temp\ccBszVkz.s 			page 11


 514 00af 13       		.uleb128 0x13
 515 00b0 01       		.uleb128 0x1
 516 00b1 13       		.uleb128 0x13
 517 00b2 00       		.byte	0
 518 00b3 00       		.byte	0
 519 00b4 0D       		.uleb128 0xd
 520 00b5 34       		.uleb128 0x34
 521 00b6 00       		.byte	0
 522 00b7 03       		.uleb128 0x3
 523 00b8 0E       		.uleb128 0xe
 524 00b9 3A       		.uleb128 0x3a
 525 00ba 0B       		.uleb128 0xb
 526 00bb 3B       		.uleb128 0x3b
 527 00bc 05       		.uleb128 0x5
 528 00bd 49       		.uleb128 0x49
 529 00be 13       		.uleb128 0x13
 530 00bf 3F       		.uleb128 0x3f
 531 00c0 19       		.uleb128 0x19
 532 00c1 3C       		.uleb128 0x3c
 533 00c2 19       		.uleb128 0x19
 534 00c3 00       		.byte	0
 535 00c4 00       		.byte	0
 536 00c5 0E       		.uleb128 0xe
 537 00c6 35       		.uleb128 0x35
 538 00c7 00       		.byte	0
 539 00c8 49       		.uleb128 0x49
 540 00c9 13       		.uleb128 0x13
 541 00ca 00       		.byte	0
 542 00cb 00       		.byte	0
 543 00cc 0F       		.uleb128 0xf
 544 00cd 34       		.uleb128 0x34
 545 00ce 00       		.byte	0
 546 00cf 03       		.uleb128 0x3
 547 00d0 0E       		.uleb128 0xe
 548 00d1 3A       		.uleb128 0x3a
 549 00d2 0B       		.uleb128 0xb
 550 00d3 3B       		.uleb128 0x3b
 551 00d4 0B       		.uleb128 0xb
 552 00d5 49       		.uleb128 0x49
 553 00d6 13       		.uleb128 0x13
 554 00d7 3F       		.uleb128 0x3f
 555 00d8 19       		.uleb128 0x19
 556 00d9 02       		.uleb128 0x2
 557 00da 18       		.uleb128 0x18
 558 00db 00       		.byte	0
 559 00dc 00       		.byte	0
 560 00dd 10       		.uleb128 0x10
 561 00de 2E       		.uleb128 0x2e
 562 00df 00       		.byte	0
 563 00e0 3F       		.uleb128 0x3f
 564 00e1 19       		.uleb128 0x19
 565 00e2 3C       		.uleb128 0x3c
 566 00e3 19       		.uleb128 0x19
 567 00e4 6E       		.uleb128 0x6e
 568 00e5 0E       		.uleb128 0xe
 569 00e6 03       		.uleb128 0x3
 570 00e7 0E       		.uleb128 0xe
ARM GAS  C:\Users\hsal869\AppData\Local\Temp\ccBszVkz.s 			page 12


 571 00e8 3A       		.uleb128 0x3a
 572 00e9 0B       		.uleb128 0xb
 573 00ea 3B       		.uleb128 0x3b
 574 00eb 0B       		.uleb128 0xb
 575 00ec 00       		.byte	0
 576 00ed 00       		.byte	0
 577 00ee 00       		.byte	0
 578              		.section	.debug_loc,"",%progbits
 579              	.Ldebug_loc0:
 580              	.LLST0:
 581 0000 24000000 		.4byte	.LVL5
 582 0004 32000000 		.4byte	.LVL7
 583 0008 0700     		.2byte	0x7
 584 000a 74       		.byte	0x74
 585 000b 00       		.sleb128 0
 586 000c 48       		.byte	0x48
 587 000d 24       		.byte	0x24
 588 000e 48       		.byte	0x48
 589 000f 26       		.byte	0x26
 590 0010 9F       		.byte	0x9f
 591 0011 00000000 		.4byte	0
 592 0015 00000000 		.4byte	0
 593              		.section	.debug_aranges,"",%progbits
 594 0000 24000000 		.4byte	0x24
 595 0004 0200     		.2byte	0x2
 596 0006 00000000 		.4byte	.Ldebug_info0
 597 000a 04       		.byte	0x4
 598 000b 00       		.byte	0
 599 000c 0000     		.2byte	0
 600 000e 0000     		.2byte	0
 601 0010 00000000 		.4byte	.LFB64
 602 0014 0C000000 		.4byte	.LFE64-.LFB64
 603 0018 00000000 		.4byte	.LFB65
 604 001c 48000000 		.4byte	.LFE65-.LFB65
 605 0020 00000000 		.4byte	0
 606 0024 00000000 		.4byte	0
 607              		.section	.debug_ranges,"",%progbits
 608              	.Ldebug_ranges0:
 609 0000 00000000 		.4byte	.LFB64
 610 0004 0C000000 		.4byte	.LFE64
 611 0008 00000000 		.4byte	.LFB65
 612 000c 48000000 		.4byte	.LFE65
 613 0010 00000000 		.4byte	0
 614 0014 00000000 		.4byte	0
 615              		.section	.debug_line,"",%progbits
 616              	.Ldebug_line0:
 617 0000 AC010000 		.section	.debug_str,"MS",%progbits,1
 617      02007A01 
 617      00000201 
 617      FB0E0D00 
 617      01010101 
 618              	.LASF21:
 619 0000 4C45445F 		.ascii	"LED_RED_Write\000"
 619      5245445F 
 619      57726974 
 619      6500
 620              	.LASF9:
ARM GAS  C:\Users\hsal869\AppData\Local\Temp\ccBszVkz.s 			page 13


 621 000e 5F5F696E 		.ascii	"__int32_t\000"
 621      7433325F 
 621      7400
 622              	.LASF3:
 623 0018 73686F72 		.ascii	"short unsigned int\000"
 623      7420756E 
 623      7369676E 
 623      65642069 
 623      6E7400
 624              	.LASF11:
 625 002b 666C6F61 		.ascii	"float\000"
 625      7400
 626              	.LASF18:
 627 0031 4144435F 		.ascii	"ADC_SAR_1_IRQ_Disable\000"
 627      5341525F 
 627      315F4952 
 627      515F4469 
 627      7361626C 
 628              	.LASF1:
 629 0047 756E7369 		.ascii	"unsigned char\000"
 629      676E6564 
 629      20636861 
 629      7200
 630              	.LASF26:
 631 0055 474E5520 		.ascii	"GNU C11 5.4.1 20160609 (release) [ARM/embedded-5-br"
 631      43313120 
 631      352E342E 
 631      31203230 
 631      31363036 
 632 0088 616E6368 		.ascii	"anch revision 237715] -mcpu=cortex-m3 -mthumb -g -O"
 632      20726576 
 632      6973696F 
 632      6E203233 
 632      37373135 
 633 00bb 67202D66 		.ascii	"g -ffunction-sections -ffat-lto-objects\000"
 633      66756E63 
 633      74696F6E 
 633      2D736563 
 633      74696F6E 
 634              	.LASF28:
 635 00e3 483A5C44 		.ascii	"H:\\Documents\\GitHub\\team14\\301_lab_tasks\\psoc "
 635      6F63756D 
 635      656E7473 
 635      5C476974 
 635      4875625C 
 636 0111 73747564 		.ascii	"student pack\\lab exercise\\psoc_intro\\lab3.cydsn\000"
 636      656E7420 
 636      7061636B 
 636      5C6C6162 
 636      20657865 
 637              	.LASF24:
 638 0141 6973725F 		.ascii	"isr_TC_StartEx\000"
 638      54435F53 
 638      74617274 
 638      457800
 639              	.LASF5:
 640 0150 6C6F6E67 		.ascii	"long unsigned int\000"
ARM GAS  C:\Users\hsal869\AppData\Local\Temp\ccBszVkz.s 			page 14


 640      20756E73 
 640      69676E65 
 640      6420696E 
 640      7400
 641              	.LASF23:
 642 0162 4144435F 		.ascii	"ADC_SAR_1_StartConvert\000"
 642      5341525F 
 642      315F5374 
 642      61727443 
 642      6F6E7665 
 643              	.LASF16:
 644 0179 49544D5F 		.ascii	"ITM_RxBuffer\000"
 644      52784275 
 644      66666572 
 644      00
 645              	.LASF19:
 646 0186 4144435F 		.ascii	"ADC_SAR_1_GetResult8\000"
 646      5341525F 
 646      315F4765 
 646      74526573 
 646      756C7438 
 647              	.LASF12:
 648 019b 646F7562 		.ascii	"double\000"
 648      6C6500
 649              	.LASF30:
 650 01a2 6D61696E 		.ascii	"main\000"
 650      00
 651              	.LASF20:
 652 01a7 6973725F 		.ascii	"isr_TC_Disable\000"
 652      54435F44 
 652      69736162 
 652      6C6500
 653              	.LASF17:
 654 01b6 666C6167 		.ascii	"flag\000"
 654      00
 655              	.LASF8:
 656 01bb 756E7369 		.ascii	"unsigned int\000"
 656      676E6564 
 656      20696E74 
 656      00
 657              	.LASF7:
 658 01c8 6C6F6E67 		.ascii	"long long unsigned int\000"
 658      206C6F6E 
 658      6720756E 
 658      7369676E 
 658      65642069 
 659              	.LASF29:
 660 01df 4D794953 		.ascii	"MyISR\000"
 660      5200
 661              	.LASF10:
 662 01e5 696E7433 		.ascii	"int32_t\000"
 662      325F7400 
 663              	.LASF15:
 664 01ed 73697A65 		.ascii	"sizetype\000"
 664      74797065 
 664      00
 665              	.LASF6:
ARM GAS  C:\Users\hsal869\AppData\Local\Temp\ccBszVkz.s 			page 15


 666 01f6 6C6F6E67 		.ascii	"long long int\000"
 666      206C6F6E 
 666      6720696E 
 666      7400
 667              	.LASF27:
 668 0204 6D61696E 		.ascii	"main.c\000"
 668      2E6300
 669              	.LASF13:
 670 020b 63686172 		.ascii	"char\000"
 670      00
 671              	.LASF2:
 672 0210 73686F72 		.ascii	"short int\000"
 672      7420696E 
 672      7400
 673              	.LASF4:
 674 021a 6C6F6E67 		.ascii	"long int\000"
 674      20696E74 
 674      00
 675              	.LASF14:
 676 0223 6C6F6E67 		.ascii	"long double\000"
 676      20646F75 
 676      626C6500 
 677              	.LASF0:
 678 022f 7369676E 		.ascii	"signed char\000"
 678      65642063 
 678      68617200 
 679              	.LASF22:
 680 023b 4144435F 		.ascii	"ADC_SAR_1_Start\000"
 680      5341525F 
 680      315F5374 
 680      61727400 
 681              	.LASF25:
 682 024b 4144435F 		.ascii	"ADC_SAR_1_IRQ_Enable\000"
 682      5341525F 
 682      315F4952 
 682      515F456E 
 682      61626C65 
 683              		.ident	"GCC: (GNU Tools for ARM Embedded Processors) 5.4.1 20160609 (release) [ARM/embedded-5-bran
