ARM GAS  C:\Users\lger522\AppData\Local\Temp\ccqUmhk8.s 			page 1


   1              		.syntax unified
   2              		.cpu cortex-m3
   3              		.fpu softvfp
   4              		.eabi_attribute 20, 1
   5              		.eabi_attribute 21, 1
   6              		.eabi_attribute 23, 3
   7              		.eabi_attribute 24, 1
   8              		.eabi_attribute 25, 1
   9              		.eabi_attribute 26, 1
  10              		.eabi_attribute 30, 6
  11              		.eabi_attribute 34, 1
  12              		.eabi_attribute 18, 4
  13              		.thumb
  14              		.syntax unified
  15              		.file	"adcFunctions.c"
  16              		.text
  17              	.Ltext0:
  18              		.cfi_sections	.debug_frame
  19              		.section	.text.initADC,"ax",%progbits
  20              		.align	2
  21              		.global	initADC
  22              		.thumb
  23              		.thumb_func
  24              		.type	initADC, %function
  25              	initADC:
  26              	.LFB63:
  27              		.file 1 "adcFunctions.c"
   1:adcFunctions.c **** /* ========================================
   2:adcFunctions.c ****  *
   3:adcFunctions.c ****  * Copyright YOUR COMPANY, THE YEAR
   4:adcFunctions.c ****  * All Rights Reserved
   5:adcFunctions.c ****  * UNPUBLISHED, LICENSED SOFTWARE.
   6:adcFunctions.c ****  *
   7:adcFunctions.c ****  * CONFIDENTIAL AND PROPRIETARY INFORMATION
   8:adcFunctions.c ****  * WHICH IS THE PROPERTY OF your company.
   9:adcFunctions.c ****  *
  10:adcFunctions.c ****  * ========================================
  11:adcFunctions.c **** */
  12:adcFunctions.c **** 
  13:adcFunctions.c **** #include <project.h>
  14:adcFunctions.c **** #include "adcFunctions.h"
  15:adcFunctions.c **** 
  16:adcFunctions.c **** void initADC() {
  28              		.loc 1 16 0
  29              		.cfi_startproc
  30              		@ args = 0, pretend = 0, frame = 0
  31              		@ frame_needed = 1, uses_anonymous_args = 0
  32 0000 80B5     		push	{r7, lr}
  33              		.cfi_def_cfa_offset 8
  34              		.cfi_offset 7, -8
  35              		.cfi_offset 14, -4
  36 0002 00AF     		add	r7, sp, #0
  37              		.cfi_def_cfa_register 7
  17:adcFunctions.c ****     ADC_Start();
  38              		.loc 1 17 0
  39 0004 FFF7FEFF 		bl	ADC_Start
  18:adcFunctions.c ****     ADC_StartConvert();
ARM GAS  C:\Users\lger522\AppData\Local\Temp\ccqUmhk8.s 			page 2


  40              		.loc 1 18 0
  41 0008 FFF7FEFF 		bl	ADC_StartConvert
  19:adcFunctions.c **** }
  42              		.loc 1 19 0
  43 000c 00BF     		nop
  44 000e 80BD     		pop	{r7, pc}
  45              		.cfi_endproc
  46              	.LFE63:
  47              		.size	initADC, .-initADC
  48              		.text
  49              	.Letext0:
  50              		.file 2 "c:\\program files (x86)\\cypress\\psoc creator\\4.2\\psoc creator\\import\\gnu\\arm\\5.4.
  51              		.file 3 "c:\\program files (x86)\\cypress\\psoc creator\\4.2\\psoc creator\\import\\gnu\\arm\\5.4.
  52              		.file 4 "Generated_Source\\PSoC5/core_cm3.h"
  53              		.section	.debug_info,"",%progbits
  54              	.Ldebug_info0:
  55 0000 C3000000 		.4byte	0xc3
  56 0004 0400     		.2byte	0x4
  57 0006 00000000 		.4byte	.Ldebug_abbrev0
  58 000a 04       		.byte	0x4
  59 000b 01       		.uleb128 0x1
  60 000c BE000000 		.4byte	.LASF16
  61 0010 0C       		.byte	0xc
  62 0011 B6010000 		.4byte	.LASF17
  63 0015 21000000 		.4byte	.LASF18
  64 0019 00000000 		.4byte	.Ldebug_ranges0+0
  65 001d 00000000 		.4byte	0
  66 0021 00000000 		.4byte	.Ldebug_line0
  67 0025 02       		.uleb128 0x2
  68 0026 01       		.byte	0x1
  69 0027 06       		.byte	0x6
  70 0028 7C010000 		.4byte	.LASF0
  71 002c 02       		.uleb128 0x2
  72 002d 01       		.byte	0x1
  73 002e 08       		.byte	0x8
  74 002f 4C010000 		.4byte	.LASF1
  75 0033 02       		.uleb128 0x2
  76 0034 02       		.byte	0x2
  77 0035 05       		.byte	0x5
  78 0036 AC010000 		.4byte	.LASF2
  79 003a 02       		.uleb128 0x2
  80 003b 02       		.byte	0x2
  81 003c 07       		.byte	0x7
  82 003d 0E000000 		.4byte	.LASF3
  83 0041 03       		.uleb128 0x3
  84 0042 9C010000 		.4byte	.LASF9
  85 0046 02       		.byte	0x2
  86 0047 3F       		.byte	0x3f
  87 0048 4C000000 		.4byte	0x4c
  88 004c 02       		.uleb128 0x2
  89 004d 04       		.byte	0x4
  90 004e 05       		.byte	0x5
  91 004f 5F010000 		.4byte	.LASF4
  92 0053 02       		.uleb128 0x2
  93 0054 04       		.byte	0x4
  94 0055 07       		.byte	0x7
  95 0056 95000000 		.4byte	.LASF5
ARM GAS  C:\Users\lger522\AppData\Local\Temp\ccqUmhk8.s 			page 3


  96 005a 02       		.uleb128 0x2
  97 005b 08       		.byte	0x8
  98 005c 05       		.byte	0x5
  99 005d 00000000 		.4byte	.LASF6
 100 0061 02       		.uleb128 0x2
 101 0062 08       		.byte	0x8
 102 0063 07       		.byte	0x7
 103 0064 A7000000 		.4byte	.LASF7
 104 0068 04       		.uleb128 0x4
 105 0069 04       		.byte	0x4
 106 006a 05       		.byte	0x5
 107 006b 696E7400 		.ascii	"int\000"
 108 006f 02       		.uleb128 0x2
 109 0070 04       		.byte	0x4
 110 0071 07       		.byte	0x7
 111 0072 80000000 		.4byte	.LASF8
 112 0076 03       		.uleb128 0x3
 113 0077 8D000000 		.4byte	.LASF10
 114 007b 03       		.byte	0x3
 115 007c 2C       		.byte	0x2c
 116 007d 41000000 		.4byte	0x41
 117 0081 02       		.uleb128 0x2
 118 0082 04       		.byte	0x4
 119 0083 04       		.byte	0x4
 120 0084 A6010000 		.4byte	.LASF11
 121 0088 02       		.uleb128 0x2
 122 0089 08       		.byte	0x8
 123 008a 04       		.byte	0x4
 124 008b 68010000 		.4byte	.LASF12
 125 008f 02       		.uleb128 0x2
 126 0090 01       		.byte	0x1
 127 0091 08       		.byte	0x8
 128 0092 5A010000 		.4byte	.LASF13
 129 0096 02       		.uleb128 0x2
 130 0097 08       		.byte	0x8
 131 0098 04       		.byte	0x4
 132 0099 88010000 		.4byte	.LASF14
 133 009d 02       		.uleb128 0x2
 134 009e 04       		.byte	0x4
 135 009f 07       		.byte	0x7
 136 00a0 C5010000 		.4byte	.LASF15
 137 00a4 05       		.uleb128 0x5
 138 00a5 94010000 		.4byte	.LASF19
 139 00a9 01       		.byte	0x1
 140 00aa 10       		.byte	0x10
 141 00ab 00000000 		.4byte	.LFB63
 142 00af 10000000 		.4byte	.LFE63-.LFB63
 143 00b3 01       		.uleb128 0x1
 144 00b4 9C       		.byte	0x9c
 145 00b5 06       		.uleb128 0x6
 146 00b6 6F010000 		.4byte	.LASF20
 147 00ba 04       		.byte	0x4
 148 00bb 1207     		.2byte	0x712
 149 00bd C1000000 		.4byte	0xc1
 150 00c1 07       		.uleb128 0x7
 151 00c2 76000000 		.4byte	0x76
 152 00c6 00       		.byte	0
ARM GAS  C:\Users\lger522\AppData\Local\Temp\ccqUmhk8.s 			page 4


 153              		.section	.debug_abbrev,"",%progbits
 154              	.Ldebug_abbrev0:
 155 0000 01       		.uleb128 0x1
 156 0001 11       		.uleb128 0x11
 157 0002 01       		.byte	0x1
 158 0003 25       		.uleb128 0x25
 159 0004 0E       		.uleb128 0xe
 160 0005 13       		.uleb128 0x13
 161 0006 0B       		.uleb128 0xb
 162 0007 03       		.uleb128 0x3
 163 0008 0E       		.uleb128 0xe
 164 0009 1B       		.uleb128 0x1b
 165 000a 0E       		.uleb128 0xe
 166 000b 55       		.uleb128 0x55
 167 000c 17       		.uleb128 0x17
 168 000d 11       		.uleb128 0x11
 169 000e 01       		.uleb128 0x1
 170 000f 10       		.uleb128 0x10
 171 0010 17       		.uleb128 0x17
 172 0011 00       		.byte	0
 173 0012 00       		.byte	0
 174 0013 02       		.uleb128 0x2
 175 0014 24       		.uleb128 0x24
 176 0015 00       		.byte	0
 177 0016 0B       		.uleb128 0xb
 178 0017 0B       		.uleb128 0xb
 179 0018 3E       		.uleb128 0x3e
 180 0019 0B       		.uleb128 0xb
 181 001a 03       		.uleb128 0x3
 182 001b 0E       		.uleb128 0xe
 183 001c 00       		.byte	0
 184 001d 00       		.byte	0
 185 001e 03       		.uleb128 0x3
 186 001f 16       		.uleb128 0x16
 187 0020 00       		.byte	0
 188 0021 03       		.uleb128 0x3
 189 0022 0E       		.uleb128 0xe
 190 0023 3A       		.uleb128 0x3a
 191 0024 0B       		.uleb128 0xb
 192 0025 3B       		.uleb128 0x3b
 193 0026 0B       		.uleb128 0xb
 194 0027 49       		.uleb128 0x49
 195 0028 13       		.uleb128 0x13
 196 0029 00       		.byte	0
 197 002a 00       		.byte	0
 198 002b 04       		.uleb128 0x4
 199 002c 24       		.uleb128 0x24
 200 002d 00       		.byte	0
 201 002e 0B       		.uleb128 0xb
 202 002f 0B       		.uleb128 0xb
 203 0030 3E       		.uleb128 0x3e
 204 0031 0B       		.uleb128 0xb
 205 0032 03       		.uleb128 0x3
 206 0033 08       		.uleb128 0x8
 207 0034 00       		.byte	0
 208 0035 00       		.byte	0
 209 0036 05       		.uleb128 0x5
ARM GAS  C:\Users\lger522\AppData\Local\Temp\ccqUmhk8.s 			page 5


 210 0037 2E       		.uleb128 0x2e
 211 0038 00       		.byte	0
 212 0039 3F       		.uleb128 0x3f
 213 003a 19       		.uleb128 0x19
 214 003b 03       		.uleb128 0x3
 215 003c 0E       		.uleb128 0xe
 216 003d 3A       		.uleb128 0x3a
 217 003e 0B       		.uleb128 0xb
 218 003f 3B       		.uleb128 0x3b
 219 0040 0B       		.uleb128 0xb
 220 0041 11       		.uleb128 0x11
 221 0042 01       		.uleb128 0x1
 222 0043 12       		.uleb128 0x12
 223 0044 06       		.uleb128 0x6
 224 0045 40       		.uleb128 0x40
 225 0046 18       		.uleb128 0x18
 226 0047 9642     		.uleb128 0x2116
 227 0049 19       		.uleb128 0x19
 228 004a 00       		.byte	0
 229 004b 00       		.byte	0
 230 004c 06       		.uleb128 0x6
 231 004d 34       		.uleb128 0x34
 232 004e 00       		.byte	0
 233 004f 03       		.uleb128 0x3
 234 0050 0E       		.uleb128 0xe
 235 0051 3A       		.uleb128 0x3a
 236 0052 0B       		.uleb128 0xb
 237 0053 3B       		.uleb128 0x3b
 238 0054 05       		.uleb128 0x5
 239 0055 49       		.uleb128 0x49
 240 0056 13       		.uleb128 0x13
 241 0057 3F       		.uleb128 0x3f
 242 0058 19       		.uleb128 0x19
 243 0059 3C       		.uleb128 0x3c
 244 005a 19       		.uleb128 0x19
 245 005b 00       		.byte	0
 246 005c 00       		.byte	0
 247 005d 07       		.uleb128 0x7
 248 005e 35       		.uleb128 0x35
 249 005f 00       		.byte	0
 250 0060 49       		.uleb128 0x49
 251 0061 13       		.uleb128 0x13
 252 0062 00       		.byte	0
 253 0063 00       		.byte	0
 254 0064 00       		.byte	0
 255              		.section	.debug_aranges,"",%progbits
 256 0000 1C000000 		.4byte	0x1c
 257 0004 0200     		.2byte	0x2
 258 0006 00000000 		.4byte	.Ldebug_info0
 259 000a 04       		.byte	0x4
 260 000b 00       		.byte	0
 261 000c 0000     		.2byte	0
 262 000e 0000     		.2byte	0
 263 0010 00000000 		.4byte	.LFB63
 264 0014 10000000 		.4byte	.LFE63-.LFB63
 265 0018 00000000 		.4byte	0
 266 001c 00000000 		.4byte	0
ARM GAS  C:\Users\lger522\AppData\Local\Temp\ccqUmhk8.s 			page 6


 267              		.section	.debug_ranges,"",%progbits
 268              	.Ldebug_ranges0:
 269 0000 00000000 		.4byte	.LFB63
 270 0004 10000000 		.4byte	.LFE63
 271 0008 00000000 		.4byte	0
 272 000c 00000000 		.4byte	0
 273              		.section	.debug_line,"",%progbits
 274              	.Ldebug_line0:
 275 0000 5F010000 		.section	.debug_str,"MS",%progbits,1
 275      02004701 
 275      00000201 
 275      FB0E0D00 
 275      01010101 
 276              	.LASF6:
 277 0000 6C6F6E67 		.ascii	"long long int\000"
 277      206C6F6E 
 277      6720696E 
 277      7400
 278              	.LASF3:
 279 000e 73686F72 		.ascii	"short unsigned int\000"
 279      7420756E 
 279      7369676E 
 279      65642069 
 279      6E7400
 280              	.LASF18:
 281 0021 483A5C44 		.ascii	"H:\\Desktop\\301 Team 14\\team14\\301_lab_tasks\\ps"
 281      65736B74 
 281      6F705C33 
 281      30312054 
 281      65616D20 
 282 004f 6F632073 		.ascii	"oc student pack\\psoc_code_base\\CS301_Class.cydsn\000"
 282      74756465 
 282      6E742070 
 282      61636B5C 
 282      70736F63 
 283              	.LASF8:
 284 0080 756E7369 		.ascii	"unsigned int\000"
 284      676E6564 
 284      20696E74 
 284      00
 285              	.LASF10:
 286 008d 696E7433 		.ascii	"int32_t\000"
 286      325F7400 
 287              	.LASF5:
 288 0095 6C6F6E67 		.ascii	"long unsigned int\000"
 288      20756E73 
 288      69676E65 
 288      6420696E 
 288      7400
 289              	.LASF7:
 290 00a7 6C6F6E67 		.ascii	"long long unsigned int\000"
 290      206C6F6E 
 290      6720756E 
 290      7369676E 
 290      65642069 
 291              	.LASF16:
 292 00be 474E5520 		.ascii	"GNU C11 5.4.1 20160609 (release) [ARM/embedded-5-br"
ARM GAS  C:\Users\lger522\AppData\Local\Temp\ccqUmhk8.s 			page 7


 292      43313120 
 292      352E342E 
 292      31203230 
 292      31363036 
 293 00f1 616E6368 		.ascii	"anch revision 237715] -mcpu=cortex-m3 -mthumb -g -O"
 293      20726576 
 293      6973696F 
 293      6E203233 
 293      37373135 
 294 0124 30202D66 		.ascii	"0 -ffunction-sections -ffat-lto-objects\000"
 294      66756E63 
 294      74696F6E 
 294      2D736563 
 294      74696F6E 
 295              	.LASF1:
 296 014c 756E7369 		.ascii	"unsigned char\000"
 296      676E6564 
 296      20636861 
 296      7200
 297              	.LASF13:
 298 015a 63686172 		.ascii	"char\000"
 298      00
 299              	.LASF4:
 300 015f 6C6F6E67 		.ascii	"long int\000"
 300      20696E74 
 300      00
 301              	.LASF12:
 302 0168 646F7562 		.ascii	"double\000"
 302      6C6500
 303              	.LASF20:
 304 016f 49544D5F 		.ascii	"ITM_RxBuffer\000"
 304      52784275 
 304      66666572 
 304      00
 305              	.LASF0:
 306 017c 7369676E 		.ascii	"signed char\000"
 306      65642063 
 306      68617200 
 307              	.LASF14:
 308 0188 6C6F6E67 		.ascii	"long double\000"
 308      20646F75 
 308      626C6500 
 309              	.LASF19:
 310 0194 696E6974 		.ascii	"initADC\000"
 310      41444300 
 311              	.LASF9:
 312 019c 5F5F696E 		.ascii	"__int32_t\000"
 312      7433325F 
 312      7400
 313              	.LASF11:
 314 01a6 666C6F61 		.ascii	"float\000"
 314      7400
 315              	.LASF2:
 316 01ac 73686F72 		.ascii	"short int\000"
 316      7420696E 
 316      7400
 317              	.LASF17:
ARM GAS  C:\Users\lger522\AppData\Local\Temp\ccqUmhk8.s 			page 8


 318 01b6 61646346 		.ascii	"adcFunctions.c\000"
 318      756E6374 
 318      696F6E73 
 318      2E6300
 319              	.LASF15:
 320 01c5 73697A65 		.ascii	"sizetype\000"
 320      74797065 
 320      00
 321              		.ident	"GCC: (GNU Tools for ARM Embedded Processors) 5.4.1 20160609 (release) [ARM/embedded-5-bran
