ARM GAS  C:\Users\hsal869\AppData\Local\Temp\ccVaz49Z.s 			page 1


   1              		.syntax unified
   2              		.cpu cortex-m3
   3              		.fpu softvfp
   4              		.eabi_attribute 20, 1
   5              		.eabi_attribute 21, 1
   6              		.eabi_attribute 23, 3
   7              		.eabi_attribute 24, 1
   8              		.eabi_attribute 25, 1
   9              		.eabi_attribute 26, 1
  10              		.eabi_attribute 30, 6
  11              		.eabi_attribute 34, 1
  12              		.eabi_attribute 18, 4
  13              		.thumb
  14              		.syntax unified
  15              		.file	"main.c"
  16              		.text
  17              	.Ltext0:
  18              		.cfi_sections	.debug_frame
  19              		.global	ts
  20              		.bss
  21              		.type	ts, %object
  22              		.size	ts, 1
  23              	ts:
  24 0000 00       		.space	1
  25              		.global	ts_enc
  26 0001 00       		.align	1
  27              		.type	ts_enc, %object
  28              		.size	ts_enc, 2
  29              	ts_enc:
  30 0002 0000     		.space	2
  31              		.global	ts_update
  32              		.align	1
  33              		.type	ts_update, %object
  34              		.size	ts_update, 2
  35              	ts_update:
  36 0004 0000     		.space	2
  37              		.global	ts_speed
  38              		.align	1
  39              		.type	ts_speed, %object
  40              		.size	ts_speed, 2
  41              	ts_speed:
  42 0006 0000     		.space	2
  43              		.global	ts_display
  44              		.align	1
  45              		.type	ts_display, %object
  46              		.size	ts_display, 2
  47              	ts_display:
  48 0008 0000     		.space	2
  49              		.global	flag_ts_enc
  50              		.type	flag_ts_enc, %object
  51              		.size	flag_ts_enc, 1
  52              	flag_ts_enc:
  53 000a 00       		.space	1
  54              		.global	flag_ts_update
  55              		.type	flag_ts_update, %object
  56              		.size	flag_ts_update, 1
  57              	flag_ts_update:
ARM GAS  C:\Users\hsal869\AppData\Local\Temp\ccVaz49Z.s 			page 2


  58 000b 00       		.space	1
  59              		.global	flag_ts_speed
  60              		.type	flag_ts_speed, %object
  61              		.size	flag_ts_speed, 1
  62              	flag_ts_speed:
  63 000c 00       		.space	1
  64              		.global	flag_ts_display
  65              		.type	flag_ts_display, %object
  66              		.size	flag_ts_display, 1
  67              	flag_ts_display:
  68 000d 00       		.space	1
  69              		.global	flag_rx
  70              		.type	flag_rx, %object
  71              		.size	flag_rx, 1
  72              	flag_rx:
  73 000e 00       		.space	1
  74              		.global	flag_packet
  75              		.type	flag_packet, %object
  76              		.size	flag_packet, 1
  77              	flag_packet:
  78 000f 00       		.space	1
  79              		.global	flag_KB_string
  80              		.type	flag_KB_string, %object
  81              		.size	flag_KB_string, 1
  82              	flag_KB_string:
  83 0010 00       		.space	1
  84              		.global	dataready_flag
  85              		.type	dataready_flag, %object
  86              		.size	dataready_flag, 1
  87              	dataready_flag:
  88 0011 00       		.space	1
  89              		.global	flag_rf_transmission_active
  90              		.data
  91              		.type	flag_rf_transmission_active, %object
  92              		.size	flag_rf_transmission_active, 1
  93              	flag_rf_transmission_active:
  94 0000 0A       		.byte	10
  95              		.global	displaystring
  96 0001 000000   		.align	2
  97              		.type	displaystring, %object
  98              		.size	displaystring, 64
  99              	displaystring:
 100 0004 43533330 		.ascii	"CS301 2016\012\000"
 100      31203230 
 100      31360A00 
 101 0010 00000000 		.space	52
 101      00000000 
 101      00000000 
 101      00000000 
 101      00000000 
 102              		.comm	line,64,4
 103              		.comm	entry,64,4
 104              		.comm	usbBuffer,64,4
 105              		.comm	system_state,32,4
 106              		.global	flag
 107              		.bss
 108 0012 0000     		.align	2
ARM GAS  C:\Users\hsal869\AppData\Local\Temp\ccVaz49Z.s 			page 3


 109              		.type	flag, %object
 110              		.size	flag, 4
 111              	flag:
 112 0014 00000000 		.space	4
 113              		.comm	result,400,4
 114              		.global	count
 115              		.align	2
 116              		.type	count, %object
 117              		.size	count, 4
 118              	count:
 119 0018 00000000 		.space	4
 120              		.section	.text.eoc,"ax",%progbits
 121              		.align	2
 122              		.global	eoc
 123              		.thumb
 124              		.thumb_func
 125              		.type	eoc, %function
 126              	eoc:
 127              	.LFB64:
 128              		.file 1 "main.c"
   1:main.c        **** /* ========================================
   2:main.c        ****  * Fully working code: 
   3:main.c        ****  * PWM      : 
   4:main.c        ****  * Encoder  : 
   5:main.c        ****  * ADC      :
   6:main.c        ****  * USB      : port displays speed and position.
   7:main.c        ****  * CMD: "PW xx"
   8:main.c        ****  * Copyright Univ of Auckland, 2016
   9:main.c        ****  * All Rights Reserved
  10:main.c        ****  * UNPUBLISHED, LICENSED SOFTWARE.
  11:main.c        ****  *
  12:main.c        ****  * CONFIDENTIAL AND PROPRIETARY INFORMATION
  13:main.c        ****  * WHICH IS THE PROPERTY OF Univ of Auckland.
  14:main.c        ****  *
  15:main.c        ****  * ========================================
  16:main.c        **** */
  17:main.c        **** #include <stdio.h>
  18:main.c        **** #include <string.h>
  19:main.c        **** #include <stdlib.h>
  20:main.c        **** #include <project.h>
  21:main.c        **** //* ========================================
  22:main.c        **** #include "defines.h"
  23:main.c        **** #include "vars.h"
  24:main.c        **** //* ========================================
  25:main.c        **** void usbPutString(char *s);
  26:main.c        **** void usbPutChar(char c);
  27:main.c        **** //* ========================================
  28:main.c        **** 
  29:main.c        **** volatile int flag = 0;
  30:main.c        **** volatile int result[100];
  31:main.c        **** volatile int count = 0;
  32:main.c        **** 
  33:main.c        **** 
  34:main.c        **** CY_ISR(eoc) {
 129              		.loc 1 34 0
 130              		.cfi_startproc
 131              		@ args = 0, pretend = 0, frame = 0
ARM GAS  C:\Users\hsal869\AppData\Local\Temp\ccVaz49Z.s 			page 4


 132              		@ frame_needed = 1, uses_anonymous_args = 0
 133              		@ link register save eliminated.
 134 0000 80B4     		push	{r7}
 135              		.cfi_def_cfa_offset 4
 136              		.cfi_offset 7, -4
 137 0002 00AF     		add	r7, sp, #0
 138              		.cfi_def_cfa_register 7
  35:main.c        ****     // Some Logic
  36:main.c        ****     flag = 1;
 139              		.loc 1 36 0
 140 0004 034B     		ldr	r3, .L2
 141 0006 0122     		movs	r2, #1
 142 0008 1A60     		str	r2, [r3]
  37:main.c        **** }
 143              		.loc 1 37 0
 144 000a 00BF     		nop
 145 000c BD46     		mov	sp, r7
 146              		.cfi_def_cfa_register 13
 147              		@ sp needed
 148 000e 80BC     		pop	{r7}
 149              		.cfi_restore 7
 150              		.cfi_def_cfa_offset 0
 151 0010 7047     		bx	lr
 152              	.L3:
 153 0012 00BF     		.align	2
 154              	.L2:
 155 0014 00000000 		.word	flag
 156              		.cfi_endproc
 157              	.LFE64:
 158              		.size	eoc, .-eoc
 159              		.section	.text.main,"ax",%progbits
 160              		.align	2
 161              		.global	main
 162              		.thumb
 163              		.thumb_func
 164              		.type	main, %function
 165              	main:
 166              	.LFB65:
  38:main.c        **** 
  39:main.c        **** int main()
  40:main.c        **** {
 167              		.loc 1 40 0
 168              		.cfi_startproc
 169              		@ args = 0, pretend = 0, frame = 8
 170              		@ frame_needed = 1, uses_anonymous_args = 0
 171 0000 90B5     		push	{r4, r7, lr}
 172              		.cfi_def_cfa_offset 12
 173              		.cfi_offset 4, -12
 174              		.cfi_offset 7, -8
 175              		.cfi_offset 14, -4
 176 0002 83B0     		sub	sp, sp, #12
 177              		.cfi_def_cfa_offset 24
 178 0004 00AF     		add	r7, sp, #0
 179              		.cfi_def_cfa_register 7
  41:main.c        ****     
  42:main.c        **** 
  43:main.c        **** // --------------------------------    
ARM GAS  C:\Users\hsal869\AppData\Local\Temp\ccVaz49Z.s 			page 5


  44:main.c        **** // ----- INITIALIZATIONS ----------
  45:main.c        ****     CYGlobalIntEnable;
 180              		.loc 1 45 0
 181              		.syntax unified
 182              	@ 45 "main.c" 1
 183 0006 62B6     		CPSIE   i
 184              	@ 0 "" 2
  46:main.c        **** 
  47:main.c        **** // ------USB SETUP ----------------    
  48:main.c        ****   
  49:main.c        ****     USBUART_Start(0,USBUART_5V_OPERATION);     
 185              		.loc 1 49 0
 186              		.thumb
 187              		.syntax unified
 188 0008 0121     		movs	r1, #1
 189 000a 0020     		movs	r0, #0
 190 000c FFF7FEFF 		bl	USBUART_Start
  50:main.c        ****         
  51:main.c        ****     //RF_BT_SELECT_Write(0);
  52:main.c        **** 
  53:main.c        ****     ADC_Start();
 191              		.loc 1 53 0
 192 0010 FFF7FEFF 		bl	ADC_Start
  54:main.c        ****     ADC_StartConvert();
 193              		.loc 1 54 0
 194 0014 FFF7FEFF 		bl	ADC_StartConvert
  55:main.c        ****     eoc_StartEx(eoc);
 195              		.loc 1 55 0
 196 0018 2048     		ldr	r0, .L12
 197 001a FFF7FEFF 		bl	eoc_StartEx
 198              	.L11:
  56:main.c        **** 
  57:main.c        ****     for(;;)
  58:main.c        ****     {   
  59:main.c        ****         
  60:main.c        ****         if (flag == 1) {
 199              		.loc 1 60 0
 200 001e 204B     		ldr	r3, .L12+4
 201 0020 1B68     		ldr	r3, [r3]
 202 0022 012B     		cmp	r3, #1
 203 0024 FBD1     		bne	.L11
  61:main.c        ****             // goal: store 100 values into an array then display ALL together to solve frequency ti
  62:main.c        ****             ADC_IRQ_Disable();
 204              		.loc 1 62 0
 205 0026 FFF7FEFF 		bl	ADC_IRQ_Disable
  63:main.c        ****             result[count] = ADC_GetResult8();
 206              		.loc 1 63 0
 207 002a 1E4B     		ldr	r3, .L12+8
 208 002c 1C68     		ldr	r4, [r3]
 209 002e FFF7FEFF 		bl	ADC_GetResult8
 210 0032 0346     		mov	r3, r0
 211 0034 1A46     		mov	r2, r3
 212 0036 1C4B     		ldr	r3, .L12+12
 213 0038 43F82420 		str	r2, [r3, r4, lsl #2]
  64:main.c        ****             
  65:main.c        ****             //if (num < 0) {
  66:main.c        ****             //    num = num +255;
ARM GAS  C:\Users\hsal869\AppData\Local\Temp\ccVaz49Z.s 			page 6


  67:main.c        ****             //}
  68:main.c        **** 
  69:main.c        ****             count++;
 214              		.loc 1 69 0
 215 003c 194B     		ldr	r3, .L12+8
 216 003e 1B68     		ldr	r3, [r3]
 217 0040 0133     		adds	r3, r3, #1
 218 0042 184A     		ldr	r2, .L12+8
 219 0044 1360     		str	r3, [r2]
  70:main.c        ****             if (count == 100){
 220              		.loc 1 70 0
 221 0046 174B     		ldr	r3, .L12+8
 222 0048 1B68     		ldr	r3, [r3]
 223 004a 642B     		cmp	r3, #100
 224 004c 20D1     		bne	.L6
 225              	.LBB2:
  71:main.c        ****                 count = 0;
 226              		.loc 1 71 0
 227 004e 154B     		ldr	r3, .L12+8
 228 0050 0022     		movs	r2, #0
 229 0052 1A60     		str	r2, [r3]
  72:main.c        ****                 int highCount = 0;
 230              		.loc 1 72 0
 231 0054 0023     		movs	r3, #0
 232 0056 7B60     		str	r3, [r7, #4]
 233              	.LBB3:
  73:main.c        ****                 for (int i = 0; i < 100; i++){
 234              		.loc 1 73 0
 235 0058 0023     		movs	r3, #0
 236 005a 3B60     		str	r3, [r7]
 237 005c 0BE0     		b	.L7
 238              	.L9:
  74:main.c        ****                     
  75:main.c        ****                     if(result[i] > 10) {
 239              		.loc 1 75 0
 240 005e 124A     		ldr	r2, .L12+12
 241 0060 3B68     		ldr	r3, [r7]
 242 0062 52F82330 		ldr	r3, [r2, r3, lsl #2]
 243 0066 0A2B     		cmp	r3, #10
 244 0068 02DD     		ble	.L8
  76:main.c        ****                        
  77:main.c        ****                         highCount++;
 245              		.loc 1 77 0
 246 006a 7B68     		ldr	r3, [r7, #4]
 247 006c 0133     		adds	r3, r3, #1
 248 006e 7B60     		str	r3, [r7, #4]
 249              	.L8:
  73:main.c        ****                     
 250              		.loc 1 73 0 discriminator 2
 251 0070 3B68     		ldr	r3, [r7]
 252 0072 0133     		adds	r3, r3, #1
 253 0074 3B60     		str	r3, [r7]
 254              	.L7:
  73:main.c        ****                     
 255              		.loc 1 73 0 is_stmt 0 discriminator 1
 256 0076 3B68     		ldr	r3, [r7]
 257 0078 632B     		cmp	r3, #99
ARM GAS  C:\Users\hsal869\AppData\Local\Temp\ccVaz49Z.s 			page 7


 258 007a F0DD     		ble	.L9
 259              	.LBE3:
  78:main.c        ****                     }
  79:main.c        ****            
  80:main.c        ****                 //usbPutString(result[i]);
  81:main.c        ****                 //usbPutString("\r\n");
  82:main.c        ****                 /* Place your application code here. */
  83:main.c        ****                 
  84:main.c        ****                 
  85:main.c        ****                 
  86:main.c        ****                 }
  87:main.c        ****                 if (highCount > 2) {
 260              		.loc 1 87 0 is_stmt 1
 261 007c 7B68     		ldr	r3, [r7, #4]
 262 007e 022B     		cmp	r3, #2
 263 0080 03DD     		ble	.L10
  88:main.c        ****                      LED_PIN_Write(1);
 264              		.loc 1 88 0
 265 0082 0120     		movs	r0, #1
 266 0084 FFF7FEFF 		bl	LED_PIN_Write
 267 0088 02E0     		b	.L6
 268              	.L10:
  89:main.c        ****                 } else {
  90:main.c        ****                     LED_PIN_Write(0);
 269              		.loc 1 90 0
 270 008a 0020     		movs	r0, #0
 271 008c FFF7FEFF 		bl	LED_PIN_Write
 272              	.L6:
 273              	.LBE2:
  91:main.c        ****                 }
  92:main.c        ****                 
  93:main.c        ****             }
  94:main.c        ****             
  95:main.c        ****             flag = 0;
 274              		.loc 1 95 0
 275 0090 034B     		ldr	r3, .L12+4
 276 0092 0022     		movs	r2, #0
 277 0094 1A60     		str	r2, [r3]
  96:main.c        ****             
  97:main.c        ****             ADC_IRQ_Enable();
 278              		.loc 1 97 0
 279 0096 FFF7FEFF 		bl	ADC_IRQ_Enable
  98:main.c        ****         }
  99:main.c        ****         
 100:main.c        ****         
 101:main.c        ****         
 102:main.c        ****        
 103:main.c        ****     }   
 280              		.loc 1 103 0
 281 009a C0E7     		b	.L11
 282              	.L13:
 283              		.align	2
 284              	.L12:
 285 009c 00000000 		.word	eoc
 286 00a0 00000000 		.word	flag
 287 00a4 00000000 		.word	count
 288 00a8 00000000 		.word	result
ARM GAS  C:\Users\hsal869\AppData\Local\Temp\ccVaz49Z.s 			page 8


 289              		.cfi_endproc
 290              	.LFE65:
 291              		.size	main, .-main
 292              		.section	.text.usbPutString,"ax",%progbits
 293              		.align	2
 294              		.global	usbPutString
 295              		.thumb
 296              		.thumb_func
 297              		.type	usbPutString, %function
 298              	usbPutString:
 299              	.LFB66:
 104:main.c        **** }
 105:main.c        **** //* ========================================
 106:main.c        **** void usbPutString(char *s)
 107:main.c        **** {
 300              		.loc 1 107 0
 301              		.cfi_startproc
 302              		@ args = 0, pretend = 0, frame = 8
 303              		@ frame_needed = 1, uses_anonymous_args = 0
 304 0000 80B5     		push	{r7, lr}
 305              		.cfi_def_cfa_offset 8
 306              		.cfi_offset 7, -8
 307              		.cfi_offset 14, -4
 308 0002 82B0     		sub	sp, sp, #8
 309              		.cfi_def_cfa_offset 16
 310 0004 00AF     		add	r7, sp, #0
 311              		.cfi_def_cfa_register 7
 312 0006 7860     		str	r0, [r7, #4]
 108:main.c        **** // !! Assumes that *s is a string with allocated space >=64 chars     
 109:main.c        **** //  Since USB implementation retricts data packets to 64 chars, this function truncates the
 110:main.c        **** //  length to 62 char (63rd char is a '!')
 111:main.c        **** 
 112:main.c        **** #ifdef USE_USB     
 113:main.c        ****     while (USBUART_CDCIsReady() == 0);
 313              		.loc 1 113 0
 314 0008 00BF     		nop
 315              	.L15:
 316              		.loc 1 113 0 is_stmt 0 discriminator 1
 317 000a FFF7FEFF 		bl	USBUART_CDCIsReady
 318 000e 0346     		mov	r3, r0
 319 0010 002B     		cmp	r3, #0
 320 0012 FAD0     		beq	.L15
 114:main.c        ****     s[63]='\0';
 321              		.loc 1 114 0 is_stmt 1
 322 0014 7B68     		ldr	r3, [r7, #4]
 323 0016 3F33     		adds	r3, r3, #63
 324 0018 0022     		movs	r2, #0
 325 001a 1A70     		strb	r2, [r3]
 115:main.c        ****     s[62]='!';
 326              		.loc 1 115 0
 327 001c 7B68     		ldr	r3, [r7, #4]
 328 001e 3E33     		adds	r3, r3, #62
 329 0020 2122     		movs	r2, #33
 330 0022 1A70     		strb	r2, [r3]
 116:main.c        ****     USBUART_PutData((uint8*)s,strlen(s));
 331              		.loc 1 116 0
 332 0024 7868     		ldr	r0, [r7, #4]
ARM GAS  C:\Users\hsal869\AppData\Local\Temp\ccVaz49Z.s 			page 9


 333 0026 FFF7FEFF 		bl	strlen
 334 002a 0346     		mov	r3, r0
 335 002c 9BB2     		uxth	r3, r3
 336 002e 1946     		mov	r1, r3
 337 0030 7868     		ldr	r0, [r7, #4]
 338 0032 FFF7FEFF 		bl	USBUART_PutData
 117:main.c        **** #endif
 118:main.c        **** }
 339              		.loc 1 118 0
 340 0036 00BF     		nop
 341 0038 0837     		adds	r7, r7, #8
 342              		.cfi_def_cfa_offset 8
 343 003a BD46     		mov	sp, r7
 344              		.cfi_def_cfa_register 13
 345              		@ sp needed
 346 003c 80BD     		pop	{r7, pc}
 347              		.cfi_endproc
 348              	.LFE66:
 349              		.size	usbPutString, .-usbPutString
 350 003e 00BF     		.section	.text.usbPutChar,"ax",%progbits
 351              		.align	2
 352              		.global	usbPutChar
 353              		.thumb
 354              		.thumb_func
 355              		.type	usbPutChar, %function
 356              	usbPutChar:
 357              	.LFB67:
 119:main.c        **** //* ========================================
 120:main.c        **** void usbPutChar(char c)
 121:main.c        **** {
 358              		.loc 1 121 0
 359              		.cfi_startproc
 360              		@ args = 0, pretend = 0, frame = 8
 361              		@ frame_needed = 1, uses_anonymous_args = 0
 362 0000 80B5     		push	{r7, lr}
 363              		.cfi_def_cfa_offset 8
 364              		.cfi_offset 7, -8
 365              		.cfi_offset 14, -4
 366 0002 82B0     		sub	sp, sp, #8
 367              		.cfi_def_cfa_offset 16
 368 0004 00AF     		add	r7, sp, #0
 369              		.cfi_def_cfa_register 7
 370 0006 0346     		mov	r3, r0
 371 0008 FB71     		strb	r3, [r7, #7]
 122:main.c        **** #ifdef USE_USB     
 123:main.c        ****     while (USBUART_CDCIsReady() == 0);
 372              		.loc 1 123 0
 373 000a 00BF     		nop
 374              	.L17:
 375              		.loc 1 123 0 is_stmt 0 discriminator 1
 376 000c FFF7FEFF 		bl	USBUART_CDCIsReady
 377 0010 0346     		mov	r3, r0
 378 0012 002B     		cmp	r3, #0
 379 0014 FAD0     		beq	.L17
 124:main.c        ****     USBUART_PutChar(c);
 380              		.loc 1 124 0 is_stmt 1
 381 0016 FB79     		ldrb	r3, [r7, #7]	@ zero_extendqisi2
ARM GAS  C:\Users\hsal869\AppData\Local\Temp\ccVaz49Z.s 			page 10


 382 0018 1846     		mov	r0, r3
 383 001a FFF7FEFF 		bl	USBUART_PutChar
 125:main.c        **** #endif    
 126:main.c        **** }
 384              		.loc 1 126 0
 385 001e 00BF     		nop
 386 0020 0837     		adds	r7, r7, #8
 387              		.cfi_def_cfa_offset 8
 388 0022 BD46     		mov	sp, r7
 389              		.cfi_def_cfa_register 13
 390              		@ sp needed
 391 0024 80BD     		pop	{r7, pc}
 392              		.cfi_endproc
 393              	.LFE67:
 394              		.size	usbPutChar, .-usbPutChar
 395 0026 00BF     		.text
 396              	.Letext0:
 397              		.file 2 "c:\\program files (x86)\\cypress\\psoc creator\\4.2\\psoc creator\\import\\gnu\\arm\\5.4.
 398              		.file 3 "c:\\program files (x86)\\cypress\\psoc creator\\4.2\\psoc creator\\import\\gnu\\arm\\5.4.
 399              		.file 4 "Generated_Source\\PSoC5/cytypes.h"
 400              		.file 5 "vars.h"
 401              		.file 6 "Generated_Source\\PSoC5/core_cm3.h"
 402              		.section	.debug_info,"",%progbits
 403              	.Ldebug_info0:
 404 0000 0D040000 		.4byte	0x40d
 405 0004 0400     		.2byte	0x4
 406 0006 00000000 		.4byte	.Ldebug_abbrev0
 407 000a 04       		.byte	0x4
 408 000b 01       		.uleb128 0x1
 409 000c 65000000 		.4byte	.LASF63
 410 0010 0C       		.byte	0xc
 411 0011 E5020000 		.4byte	.LASF64
 412 0015 F8000000 		.4byte	.LASF65
 413 0019 00000000 		.4byte	.Ldebug_ranges0+0
 414 001d 00000000 		.4byte	0
 415 0021 00000000 		.4byte	.Ldebug_line0
 416 0025 02       		.uleb128 0x2
 417 0026 01       		.byte	0x1
 418 0027 06       		.byte	0x6
 419 0028 34020000 		.4byte	.LASF0
 420 002c 02       		.uleb128 0x2
 421 002d 01       		.byte	0x1
 422 002e 08       		.byte	0x8
 423 002f 0E020000 		.4byte	.LASF1
 424 0033 02       		.uleb128 0x2
 425 0034 02       		.byte	0x2
 426 0035 05       		.byte	0x5
 427 0036 3B000000 		.4byte	.LASF2
 428 003a 02       		.uleb128 0x2
 429 003b 02       		.byte	0x2
 430 003c 07       		.byte	0x7
 431 003d 84020000 		.4byte	.LASF3
 432 0041 03       		.uleb128 0x3
 433 0042 25030000 		.4byte	.LASF12
 434 0046 02       		.byte	0x2
 435 0047 3F       		.byte	0x3f
 436 0048 4C000000 		.4byte	0x4c
ARM GAS  C:\Users\hsal869\AppData\Local\Temp\ccVaz49Z.s 			page 11


 437 004c 02       		.uleb128 0x2
 438 004d 04       		.byte	0x4
 439 004e 05       		.byte	0x5
 440 004f DB010000 		.4byte	.LASF4
 441 0053 02       		.uleb128 0x2
 442 0054 04       		.byte	0x4
 443 0055 07       		.byte	0x7
 444 0056 EC020000 		.4byte	.LASF5
 445 005a 02       		.uleb128 0x2
 446 005b 08       		.byte	0x8
 447 005c 05       		.byte	0x5
 448 005d 85010000 		.4byte	.LASF6
 449 0061 02       		.uleb128 0x2
 450 0062 08       		.byte	0x8
 451 0063 07       		.byte	0x7
 452 0064 40020000 		.4byte	.LASF7
 453 0068 04       		.uleb128 0x4
 454 0069 04       		.byte	0x4
 455 006a 05       		.byte	0x5
 456 006b 696E7400 		.ascii	"int\000"
 457 006f 02       		.uleb128 0x2
 458 0070 04       		.byte	0x4
 459 0071 07       		.byte	0x7
 460 0072 57020000 		.4byte	.LASF8
 461 0076 02       		.uleb128 0x2
 462 0077 08       		.byte	0x8
 463 0078 04       		.byte	0x4
 464 0079 FC010000 		.4byte	.LASF9
 465 007d 02       		.uleb128 0x2
 466 007e 04       		.byte	0x4
 467 007f 07       		.byte	0x7
 468 0080 52000000 		.4byte	.LASF10
 469 0084 05       		.uleb128 0x5
 470 0085 04       		.byte	0x4
 471 0086 8A000000 		.4byte	0x8a
 472 008a 02       		.uleb128 0x2
 473 008b 01       		.byte	0x1
 474 008c 08       		.byte	0x8
 475 008d A1020000 		.4byte	.LASF11
 476 0091 03       		.uleb128 0x3
 477 0092 B1020000 		.4byte	.LASF13
 478 0096 03       		.byte	0x3
 479 0097 2C       		.byte	0x2c
 480 0098 41000000 		.4byte	0x41
 481 009c 06       		.uleb128 0x6
 482 009d 67010000 		.4byte	.LASF14
 483 00a1 04       		.byte	0x4
 484 00a2 E701     		.2byte	0x1e7
 485 00a4 2C000000 		.4byte	0x2c
 486 00a8 06       		.uleb128 0x6
 487 00a9 54010000 		.4byte	.LASF15
 488 00ad 04       		.byte	0x4
 489 00ae E801     		.2byte	0x1e8
 490 00b0 3A000000 		.4byte	0x3a
 491 00b4 06       		.uleb128 0x6
 492 00b5 A0010000 		.4byte	.LASF16
 493 00b9 04       		.byte	0x4
ARM GAS  C:\Users\hsal869\AppData\Local\Temp\ccVaz49Z.s 			page 12


 494 00ba EA01     		.2byte	0x1ea
 495 00bc 25000000 		.4byte	0x25
 496 00c0 06       		.uleb128 0x6
 497 00c1 61010000 		.4byte	.LASF17
 498 00c5 04       		.byte	0x4
 499 00c6 EB01     		.2byte	0x1eb
 500 00c8 33000000 		.4byte	0x33
 501 00cc 02       		.uleb128 0x2
 502 00cd 04       		.byte	0x4
 503 00ce 04       		.byte	0x4
 504 00cf 7F010000 		.4byte	.LASF18
 505 00d3 02       		.uleb128 0x2
 506 00d4 08       		.byte	0x8
 507 00d5 04       		.byte	0x4
 508 00d6 FE020000 		.4byte	.LASF19
 509 00da 07       		.uleb128 0x7
 510 00db 97020000 		.4byte	.LASF66
 511 00df 20       		.byte	0x20
 512 00e0 05       		.byte	0x5
 513 00e1 29       		.byte	0x29
 514 00e2 B3010000 		.4byte	0x1b3
 515 00e6 08       		.uleb128 0x8
 516 00e7 80030000 		.4byte	.LASF20
 517 00eb 05       		.byte	0x5
 518 00ec 2A       		.byte	0x2a
 519 00ed B4000000 		.4byte	0xb4
 520 00f1 00       		.byte	0
 521 00f2 08       		.uleb128 0x8
 522 00f3 5B010000 		.4byte	.LASF21
 523 00f7 05       		.byte	0x5
 524 00f8 2B       		.byte	0x2b
 525 00f9 9C000000 		.4byte	0x9c
 526 00fd 01       		.byte	0x1
 527 00fe 08       		.uleb128 0x8
 528 00ff A6020000 		.4byte	.LASF22
 529 0103 05       		.byte	0x5
 530 0104 2C       		.byte	0x2c
 531 0105 C0000000 		.4byte	0xc0
 532 0109 02       		.byte	0x2
 533 010a 08       		.uleb128 0x8
 534 010b 68030000 		.4byte	.LASF23
 535 010f 05       		.byte	0x5
 536 0110 2D       		.byte	0x2d
 537 0111 C0000000 		.4byte	0xc0
 538 0115 04       		.byte	0x4
 539 0116 08       		.uleb128 0x8
 540 0117 85030000 		.4byte	.LASF24
 541 011b 05       		.byte	0x5
 542 011c 2E       		.byte	0x2e
 543 011d C0000000 		.4byte	0xc0
 544 0121 06       		.byte	0x6
 545 0122 08       		.uleb128 0x8
 546 0123 D3010000 		.4byte	.LASF25
 547 0127 05       		.byte	0x5
 548 0128 2F       		.byte	0x2f
 549 0129 C0000000 		.4byte	0xc0
 550 012d 08       		.byte	0x8
ARM GAS  C:\Users\hsal869\AppData\Local\Temp\ccVaz49Z.s 			page 13


 551 012e 08       		.uleb128 0x8
 552 012f 2F030000 		.4byte	.LASF26
 553 0133 05       		.byte	0x5
 554 0134 30       		.byte	0x30
 555 0135 C0000000 		.4byte	0xc0
 556 0139 0A       		.byte	0xa
 557 013a 08       		.uleb128 0x8
 558 013b 1C020000 		.4byte	.LASF27
 559 013f 05       		.byte	0x5
 560 0140 31       		.byte	0x31
 561 0141 C0000000 		.4byte	0xc0
 562 0145 0C       		.byte	0xc
 563 0146 08       		.uleb128 0x8
 564 0147 C6010000 		.4byte	.LASF28
 565 014b 05       		.byte	0x5
 566 014c 32       		.byte	0x32
 567 014d C0000000 		.4byte	0xc0
 568 0151 0E       		.byte	0xe
 569 0152 08       		.uleb128 0x8
 570 0153 7C020000 		.4byte	.LASF29
 571 0157 05       		.byte	0x5
 572 0158 33       		.byte	0x33
 573 0159 C0000000 		.4byte	0xc0
 574 015d 10       		.byte	0x10
 575 015e 08       		.uleb128 0x8
 576 015f B9020000 		.4byte	.LASF30
 577 0163 05       		.byte	0x5
 578 0164 34       		.byte	0x34
 579 0165 C0000000 		.4byte	0xc0
 580 0169 12       		.byte	0x12
 581 016a 08       		.uleb128 0x8
 582 016b CE020000 		.4byte	.LASF31
 583 016f 05       		.byte	0x5
 584 0170 35       		.byte	0x35
 585 0171 C0000000 		.4byte	0xc0
 586 0175 14       		.byte	0x14
 587 0176 08       		.uleb128 0x8
 588 0177 6D010000 		.4byte	.LASF32
 589 017b 05       		.byte	0x5
 590 017c 36       		.byte	0x36
 591 017d C0000000 		.4byte	0xc0
 592 0181 16       		.byte	0x16
 593 0182 08       		.uleb128 0x8
 594 0183 33000000 		.4byte	.LASF33
 595 0187 05       		.byte	0x5
 596 0188 37       		.byte	0x37
 597 0189 C0000000 		.4byte	0xc0
 598 018d 18       		.byte	0x18
 599 018e 08       		.uleb128 0x8
 600 018f BE010000 		.4byte	.LASF34
 601 0193 05       		.byte	0x5
 602 0194 38       		.byte	0x38
 603 0195 C0000000 		.4byte	0xc0
 604 0199 1A       		.byte	0x1a
 605 019a 08       		.uleb128 0x8
 606 019b 73020000 		.4byte	.LASF35
 607 019f 05       		.byte	0x5
ARM GAS  C:\Users\hsal869\AppData\Local\Temp\ccVaz49Z.s 			page 14


 608 01a0 39       		.byte	0x39
 609 01a1 C0000000 		.4byte	0xc0
 610 01a5 1C       		.byte	0x1c
 611 01a6 08       		.uleb128 0x8
 612 01a7 C1020000 		.4byte	.LASF36
 613 01ab 05       		.byte	0x5
 614 01ac 3A       		.byte	0x3a
 615 01ad C0000000 		.4byte	0xc0
 616 01b1 1E       		.byte	0x1e
 617 01b2 00       		.byte	0
 618 01b3 09       		.uleb128 0x9
 619 01b4 656F6300 		.ascii	"eoc\000"
 620 01b8 01       		.byte	0x1
 621 01b9 22       		.byte	0x22
 622 01ba 00000000 		.4byte	.LFB64
 623 01be 18000000 		.4byte	.LFE64-.LFB64
 624 01c2 01       		.uleb128 0x1
 625 01c3 9C       		.byte	0x9c
 626 01c4 0A       		.uleb128 0xa
 627 01c5 F3000000 		.4byte	.LASF38
 628 01c9 01       		.byte	0x1
 629 01ca 27       		.byte	0x27
 630 01cb 68000000 		.4byte	0x68
 631 01cf 00000000 		.4byte	.LFB65
 632 01d3 AC000000 		.4byte	.LFE65-.LFB65
 633 01d7 01       		.uleb128 0x1
 634 01d8 9C       		.byte	0x9c
 635 01d9 0C020000 		.4byte	0x20c
 636 01dd 0B       		.uleb128 0xb
 637 01de 4E000000 		.4byte	.LBB2
 638 01e2 42000000 		.4byte	.LBE2-.LBB2
 639 01e6 0C       		.uleb128 0xc
 640 01e7 A5010000 		.4byte	.LASF37
 641 01eb 01       		.byte	0x1
 642 01ec 48       		.byte	0x48
 643 01ed 68000000 		.4byte	0x68
 644 01f1 02       		.uleb128 0x2
 645 01f2 91       		.byte	0x91
 646 01f3 6C       		.sleb128 -20
 647 01f4 0B       		.uleb128 0xb
 648 01f5 58000000 		.4byte	.LBB3
 649 01f9 24000000 		.4byte	.LBE3-.LBB3
 650 01fd 0D       		.uleb128 0xd
 651 01fe 6900     		.ascii	"i\000"
 652 0200 01       		.byte	0x1
 653 0201 49       		.byte	0x49
 654 0202 68000000 		.4byte	0x68
 655 0206 02       		.uleb128 0x2
 656 0207 91       		.byte	0x91
 657 0208 68       		.sleb128 -24
 658 0209 00       		.byte	0
 659 020a 00       		.byte	0
 660 020b 00       		.byte	0
 661 020c 0E       		.uleb128 0xe
 662 020d 93010000 		.4byte	.LASF39
 663 0211 01       		.byte	0x1
 664 0212 6A       		.byte	0x6a
ARM GAS  C:\Users\hsal869\AppData\Local\Temp\ccVaz49Z.s 			page 15


 665 0213 00000000 		.4byte	.LFB66
 666 0217 3E000000 		.4byte	.LFE66-.LFB66
 667 021b 01       		.uleb128 0x1
 668 021c 9C       		.byte	0x9c
 669 021d 2E020000 		.4byte	0x22e
 670 0221 0F       		.uleb128 0xf
 671 0222 7300     		.ascii	"s\000"
 672 0224 01       		.byte	0x1
 673 0225 6A       		.byte	0x6a
 674 0226 84000000 		.4byte	0x84
 675 022a 02       		.uleb128 0x2
 676 022b 91       		.byte	0x91
 677 022c 74       		.sleb128 -12
 678 022d 00       		.byte	0
 679 022e 0E       		.uleb128 0xe
 680 022f 00000000 		.4byte	.LASF40
 681 0233 01       		.byte	0x1
 682 0234 78       		.byte	0x78
 683 0235 00000000 		.4byte	.LFB67
 684 0239 26000000 		.4byte	.LFE67-.LFB67
 685 023d 01       		.uleb128 0x1
 686 023e 9C       		.byte	0x9c
 687 023f 50020000 		.4byte	0x250
 688 0243 0F       		.uleb128 0xf
 689 0244 6300     		.ascii	"c\000"
 690 0246 01       		.byte	0x1
 691 0247 78       		.byte	0x78
 692 0248 8A000000 		.4byte	0x8a
 693 024c 02       		.uleb128 0x2
 694 024d 91       		.byte	0x91
 695 024e 77       		.sleb128 -9
 696 024f 00       		.byte	0
 697 0250 10       		.uleb128 0x10
 698 0251 73030000 		.4byte	.LASF41
 699 0255 06       		.byte	0x6
 700 0256 1207     		.2byte	0x712
 701 0258 5C020000 		.4byte	0x25c
 702 025c 11       		.uleb128 0x11
 703 025d 91000000 		.4byte	0x91
 704 0261 12       		.uleb128 0x12
 705 0262 747300   		.ascii	"ts\000"
 706 0265 05       		.byte	0x5
 707 0266 10       		.byte	0x10
 708 0267 9C000000 		.4byte	0x9c
 709 026b 05       		.uleb128 0x5
 710 026c 03       		.byte	0x3
 711 026d 00000000 		.4byte	ts
 712 0271 13       		.uleb128 0x13
 713 0272 12000000 		.4byte	.LASF42
 714 0276 05       		.byte	0x5
 715 0277 11       		.byte	0x11
 716 0278 A8000000 		.4byte	0xa8
 717 027c 05       		.uleb128 0x5
 718 027d 03       		.byte	0x3
 719 027e 00000000 		.4byte	ts_enc
 720 0282 13       		.uleb128 0x13
 721 0283 42030000 		.4byte	.LASF43
ARM GAS  C:\Users\hsal869\AppData\Local\Temp\ccVaz49Z.s 			page 16


 722 0287 05       		.byte	0x5
 723 0288 12       		.byte	0x12
 724 0289 A8000000 		.4byte	0xa8
 725 028d 05       		.uleb128 0x5
 726 028e 03       		.byte	0x3
 727 028f 00000000 		.4byte	ts_update
 728 0293 13       		.uleb128 0x13
 729 0294 0A030000 		.4byte	.LASF44
 730 0298 05       		.byte	0x5
 731 0299 13       		.byte	0x13
 732 029a A8000000 		.4byte	0xa8
 733 029e 05       		.uleb128 0x5
 734 029f 03       		.byte	0x3
 735 02a0 00000000 		.4byte	ts_speed
 736 02a4 13       		.uleb128 0x13
 737 02a5 37030000 		.4byte	.LASF45
 738 02a9 05       		.byte	0x5
 739 02aa 14       		.byte	0x14
 740 02ab A8000000 		.4byte	0xa8
 741 02af 05       		.uleb128 0x5
 742 02b0 03       		.byte	0x3
 743 02b1 00000000 		.4byte	ts_display
 744 02b5 13       		.uleb128 0x13
 745 02b6 19030000 		.4byte	.LASF46
 746 02ba 05       		.byte	0x5
 747 02bb 16       		.byte	0x16
 748 02bc 9C000000 		.4byte	0x9c
 749 02c0 05       		.uleb128 0x5
 750 02c1 03       		.byte	0x3
 751 02c2 00000000 		.4byte	flag_ts_enc
 752 02c6 13       		.uleb128 0x13
 753 02c7 AF010000 		.4byte	.LASF47
 754 02cb 05       		.byte	0x5
 755 02cc 17       		.byte	0x17
 756 02cd 9C000000 		.4byte	0x9c
 757 02d1 05       		.uleb128 0x5
 758 02d2 03       		.byte	0x3
 759 02d3 00000000 		.4byte	flag_ts_update
 760 02d7 13       		.uleb128 0x13
 761 02d8 25000000 		.4byte	.LASF48
 762 02dc 05       		.byte	0x5
 763 02dd 18       		.byte	0x18
 764 02de 9C000000 		.4byte	0x9c
 765 02e2 05       		.uleb128 0x5
 766 02e3 03       		.byte	0x3
 767 02e4 00000000 		.4byte	flag_ts_speed
 768 02e8 13       		.uleb128 0x13
 769 02e9 E4010000 		.4byte	.LASF49
 770 02ed 05       		.byte	0x5
 771 02ee 19       		.byte	0x19
 772 02ef 9C000000 		.4byte	0x9c
 773 02f3 05       		.uleb128 0x5
 774 02f4 03       		.byte	0x3
 775 02f5 00000000 		.4byte	flag_ts_display
 776 02f9 13       		.uleb128 0x13
 777 02fa F4010000 		.4byte	.LASF50
 778 02fe 05       		.byte	0x5
ARM GAS  C:\Users\hsal869\AppData\Local\Temp\ccVaz49Z.s 			page 17


 779 02ff 1C       		.byte	0x1c
 780 0300 9C000000 		.4byte	0x9c
 781 0304 05       		.uleb128 0x5
 782 0305 03       		.byte	0x3
 783 0306 00000000 		.4byte	flag_rx
 784 030a 13       		.uleb128 0x13
 785 030b 19000000 		.4byte	.LASF51
 786 030f 05       		.byte	0x5
 787 0310 1D       		.byte	0x1d
 788 0311 9C000000 		.4byte	0x9c
 789 0315 05       		.uleb128 0x5
 790 0316 03       		.byte	0x3
 791 0317 00000000 		.4byte	flag_packet
 792 031b 13       		.uleb128 0x13
 793 031c 64020000 		.4byte	.LASF52
 794 0320 05       		.byte	0x5
 795 0321 1E       		.byte	0x1e
 796 0322 9C000000 		.4byte	0x9c
 797 0326 05       		.uleb128 0x5
 798 0327 03       		.byte	0x3
 799 0328 00000000 		.4byte	flag_KB_string
 800 032c 13       		.uleb128 0x13
 801 032d 25020000 		.4byte	.LASF53
 802 0331 05       		.byte	0x5
 803 0332 20       		.byte	0x20
 804 0333 9C000000 		.4byte	0x9c
 805 0337 05       		.uleb128 0x5
 806 0338 03       		.byte	0x3
 807 0339 00000000 		.4byte	dataready_flag
 808 033d 13       		.uleb128 0x13
 809 033e 4C030000 		.4byte	.LASF54
 810 0342 05       		.byte	0x5
 811 0343 22       		.byte	0x22
 812 0344 9C000000 		.4byte	0x9c
 813 0348 05       		.uleb128 0x5
 814 0349 03       		.byte	0x3
 815 034a 00000000 		.4byte	flag_rf_transmission_active
 816 034e 14       		.uleb128 0x14
 817 034f 8A000000 		.4byte	0x8a
 818 0353 5E030000 		.4byte	0x35e
 819 0357 15       		.uleb128 0x15
 820 0358 7D000000 		.4byte	0x7d
 821 035c 3F       		.byte	0x3f
 822 035d 00       		.byte	0
 823 035e 13       		.uleb128 0x13
 824 035f D7020000 		.4byte	.LASF55
 825 0363 05       		.byte	0x5
 826 0364 25       		.byte	0x25
 827 0365 4E030000 		.4byte	0x34e
 828 0369 05       		.uleb128 0x5
 829 036a 03       		.byte	0x3
 830 036b 00000000 		.4byte	displaystring
 831 036f 13       		.uleb128 0x13
 832 0370 7A010000 		.4byte	.LASF56
 833 0374 05       		.byte	0x5
 834 0375 26       		.byte	0x26
 835 0376 4E030000 		.4byte	0x34e
ARM GAS  C:\Users\hsal869\AppData\Local\Temp\ccVaz49Z.s 			page 18


 836 037a 05       		.uleb128 0x5
 837 037b 03       		.byte	0x3
 838 037c 00000000 		.4byte	line
 839 0380 13       		.uleb128 0x13
 840 0381 08020000 		.4byte	.LASF57
 841 0385 05       		.byte	0x5
 842 0386 26       		.byte	0x26
 843 0387 4E030000 		.4byte	0x34e
 844 038b 05       		.uleb128 0x5
 845 038c 03       		.byte	0x3
 846 038d 00000000 		.4byte	entry
 847 0391 14       		.uleb128 0x14
 848 0392 9C000000 		.4byte	0x9c
 849 0396 A1030000 		.4byte	0x3a1
 850 039a 15       		.uleb128 0x15
 851 039b 7D000000 		.4byte	0x7d
 852 039f 3F       		.byte	0x3f
 853 03a0 00       		.byte	0
 854 03a1 13       		.uleb128 0x13
 855 03a2 5B000000 		.4byte	.LASF58
 856 03a6 05       		.byte	0x5
 857 03a7 27       		.byte	0x27
 858 03a8 91030000 		.4byte	0x391
 859 03ac 05       		.uleb128 0x5
 860 03ad 03       		.byte	0x3
 861 03ae 00000000 		.4byte	usbBuffer
 862 03b2 13       		.uleb128 0x13
 863 03b3 45000000 		.4byte	.LASF59
 864 03b7 05       		.byte	0x5
 865 03b8 3C       		.byte	0x3c
 866 03b9 DA000000 		.4byte	0xda
 867 03bd 05       		.uleb128 0x5
 868 03be 03       		.byte	0x3
 869 03bf 00000000 		.4byte	system_state
 870 03c3 13       		.uleb128 0x13
 871 03c4 05030000 		.4byte	.LASF60
 872 03c8 01       		.byte	0x1
 873 03c9 1D       		.byte	0x1d
 874 03ca D4030000 		.4byte	0x3d4
 875 03ce 05       		.uleb128 0x5
 876 03cf 03       		.byte	0x3
 877 03d0 00000000 		.4byte	flag
 878 03d4 11       		.uleb128 0x11
 879 03d5 68000000 		.4byte	0x68
 880 03d9 14       		.uleb128 0x14
 881 03da D4030000 		.4byte	0x3d4
 882 03de E9030000 		.4byte	0x3e9
 883 03e2 15       		.uleb128 0x15
 884 03e3 7D000000 		.4byte	0x7d
 885 03e7 63       		.byte	0x63
 886 03e8 00       		.byte	0
 887 03e9 13       		.uleb128 0x13
 888 03ea 0B000000 		.4byte	.LASF61
 889 03ee 01       		.byte	0x1
 890 03ef 1E       		.byte	0x1e
 891 03f0 FA030000 		.4byte	0x3fa
 892 03f4 05       		.uleb128 0x5
ARM GAS  C:\Users\hsal869\AppData\Local\Temp\ccVaz49Z.s 			page 19


 893 03f5 03       		.byte	0x3
 894 03f6 00000000 		.4byte	result
 895 03fa 11       		.uleb128 0x11
 896 03fb D9030000 		.4byte	0x3d9
 897 03ff 13       		.uleb128 0x13
 898 0400 13030000 		.4byte	.LASF62
 899 0404 01       		.byte	0x1
 900 0405 1F       		.byte	0x1f
 901 0406 D4030000 		.4byte	0x3d4
 902 040a 05       		.uleb128 0x5
 903 040b 03       		.byte	0x3
 904 040c 00000000 		.4byte	count
 905 0410 00       		.byte	0
 906              		.section	.debug_abbrev,"",%progbits
 907              	.Ldebug_abbrev0:
 908 0000 01       		.uleb128 0x1
 909 0001 11       		.uleb128 0x11
 910 0002 01       		.byte	0x1
 911 0003 25       		.uleb128 0x25
 912 0004 0E       		.uleb128 0xe
 913 0005 13       		.uleb128 0x13
 914 0006 0B       		.uleb128 0xb
 915 0007 03       		.uleb128 0x3
 916 0008 0E       		.uleb128 0xe
 917 0009 1B       		.uleb128 0x1b
 918 000a 0E       		.uleb128 0xe
 919 000b 55       		.uleb128 0x55
 920 000c 17       		.uleb128 0x17
 921 000d 11       		.uleb128 0x11
 922 000e 01       		.uleb128 0x1
 923 000f 10       		.uleb128 0x10
 924 0010 17       		.uleb128 0x17
 925 0011 00       		.byte	0
 926 0012 00       		.byte	0
 927 0013 02       		.uleb128 0x2
 928 0014 24       		.uleb128 0x24
 929 0015 00       		.byte	0
 930 0016 0B       		.uleb128 0xb
 931 0017 0B       		.uleb128 0xb
 932 0018 3E       		.uleb128 0x3e
 933 0019 0B       		.uleb128 0xb
 934 001a 03       		.uleb128 0x3
 935 001b 0E       		.uleb128 0xe
 936 001c 00       		.byte	0
 937 001d 00       		.byte	0
 938 001e 03       		.uleb128 0x3
 939 001f 16       		.uleb128 0x16
 940 0020 00       		.byte	0
 941 0021 03       		.uleb128 0x3
 942 0022 0E       		.uleb128 0xe
 943 0023 3A       		.uleb128 0x3a
 944 0024 0B       		.uleb128 0xb
 945 0025 3B       		.uleb128 0x3b
 946 0026 0B       		.uleb128 0xb
 947 0027 49       		.uleb128 0x49
 948 0028 13       		.uleb128 0x13
 949 0029 00       		.byte	0
ARM GAS  C:\Users\hsal869\AppData\Local\Temp\ccVaz49Z.s 			page 20


 950 002a 00       		.byte	0
 951 002b 04       		.uleb128 0x4
 952 002c 24       		.uleb128 0x24
 953 002d 00       		.byte	0
 954 002e 0B       		.uleb128 0xb
 955 002f 0B       		.uleb128 0xb
 956 0030 3E       		.uleb128 0x3e
 957 0031 0B       		.uleb128 0xb
 958 0032 03       		.uleb128 0x3
 959 0033 08       		.uleb128 0x8
 960 0034 00       		.byte	0
 961 0035 00       		.byte	0
 962 0036 05       		.uleb128 0x5
 963 0037 0F       		.uleb128 0xf
 964 0038 00       		.byte	0
 965 0039 0B       		.uleb128 0xb
 966 003a 0B       		.uleb128 0xb
 967 003b 49       		.uleb128 0x49
 968 003c 13       		.uleb128 0x13
 969 003d 00       		.byte	0
 970 003e 00       		.byte	0
 971 003f 06       		.uleb128 0x6
 972 0040 16       		.uleb128 0x16
 973 0041 00       		.byte	0
 974 0042 03       		.uleb128 0x3
 975 0043 0E       		.uleb128 0xe
 976 0044 3A       		.uleb128 0x3a
 977 0045 0B       		.uleb128 0xb
 978 0046 3B       		.uleb128 0x3b
 979 0047 05       		.uleb128 0x5
 980 0048 49       		.uleb128 0x49
 981 0049 13       		.uleb128 0x13
 982 004a 00       		.byte	0
 983 004b 00       		.byte	0
 984 004c 07       		.uleb128 0x7
 985 004d 13       		.uleb128 0x13
 986 004e 01       		.byte	0x1
 987 004f 03       		.uleb128 0x3
 988 0050 0E       		.uleb128 0xe
 989 0051 0B       		.uleb128 0xb
 990 0052 0B       		.uleb128 0xb
 991 0053 3A       		.uleb128 0x3a
 992 0054 0B       		.uleb128 0xb
 993 0055 3B       		.uleb128 0x3b
 994 0056 0B       		.uleb128 0xb
 995 0057 01       		.uleb128 0x1
 996 0058 13       		.uleb128 0x13
 997 0059 00       		.byte	0
 998 005a 00       		.byte	0
 999 005b 08       		.uleb128 0x8
 1000 005c 0D       		.uleb128 0xd
 1001 005d 00       		.byte	0
 1002 005e 03       		.uleb128 0x3
 1003 005f 0E       		.uleb128 0xe
 1004 0060 3A       		.uleb128 0x3a
 1005 0061 0B       		.uleb128 0xb
 1006 0062 3B       		.uleb128 0x3b
ARM GAS  C:\Users\hsal869\AppData\Local\Temp\ccVaz49Z.s 			page 21


 1007 0063 0B       		.uleb128 0xb
 1008 0064 49       		.uleb128 0x49
 1009 0065 13       		.uleb128 0x13
 1010 0066 38       		.uleb128 0x38
 1011 0067 0B       		.uleb128 0xb
 1012 0068 00       		.byte	0
 1013 0069 00       		.byte	0
 1014 006a 09       		.uleb128 0x9
 1015 006b 2E       		.uleb128 0x2e
 1016 006c 00       		.byte	0
 1017 006d 3F       		.uleb128 0x3f
 1018 006e 19       		.uleb128 0x19
 1019 006f 03       		.uleb128 0x3
 1020 0070 08       		.uleb128 0x8
 1021 0071 3A       		.uleb128 0x3a
 1022 0072 0B       		.uleb128 0xb
 1023 0073 3B       		.uleb128 0x3b
 1024 0074 0B       		.uleb128 0xb
 1025 0075 27       		.uleb128 0x27
 1026 0076 19       		.uleb128 0x19
 1027 0077 11       		.uleb128 0x11
 1028 0078 01       		.uleb128 0x1
 1029 0079 12       		.uleb128 0x12
 1030 007a 06       		.uleb128 0x6
 1031 007b 40       		.uleb128 0x40
 1032 007c 18       		.uleb128 0x18
 1033 007d 9742     		.uleb128 0x2117
 1034 007f 19       		.uleb128 0x19
 1035 0080 00       		.byte	0
 1036 0081 00       		.byte	0
 1037 0082 0A       		.uleb128 0xa
 1038 0083 2E       		.uleb128 0x2e
 1039 0084 01       		.byte	0x1
 1040 0085 3F       		.uleb128 0x3f
 1041 0086 19       		.uleb128 0x19
 1042 0087 03       		.uleb128 0x3
 1043 0088 0E       		.uleb128 0xe
 1044 0089 3A       		.uleb128 0x3a
 1045 008a 0B       		.uleb128 0xb
 1046 008b 3B       		.uleb128 0x3b
 1047 008c 0B       		.uleb128 0xb
 1048 008d 49       		.uleb128 0x49
 1049 008e 13       		.uleb128 0x13
 1050 008f 11       		.uleb128 0x11
 1051 0090 01       		.uleb128 0x1
 1052 0091 12       		.uleb128 0x12
 1053 0092 06       		.uleb128 0x6
 1054 0093 40       		.uleb128 0x40
 1055 0094 18       		.uleb128 0x18
 1056 0095 9642     		.uleb128 0x2116
 1057 0097 19       		.uleb128 0x19
 1058 0098 01       		.uleb128 0x1
 1059 0099 13       		.uleb128 0x13
 1060 009a 00       		.byte	0
 1061 009b 00       		.byte	0
 1062 009c 0B       		.uleb128 0xb
 1063 009d 0B       		.uleb128 0xb
ARM GAS  C:\Users\hsal869\AppData\Local\Temp\ccVaz49Z.s 			page 22


 1064 009e 01       		.byte	0x1
 1065 009f 11       		.uleb128 0x11
 1066 00a0 01       		.uleb128 0x1
 1067 00a1 12       		.uleb128 0x12
 1068 00a2 06       		.uleb128 0x6
 1069 00a3 00       		.byte	0
 1070 00a4 00       		.byte	0
 1071 00a5 0C       		.uleb128 0xc
 1072 00a6 34       		.uleb128 0x34
 1073 00a7 00       		.byte	0
 1074 00a8 03       		.uleb128 0x3
 1075 00a9 0E       		.uleb128 0xe
 1076 00aa 3A       		.uleb128 0x3a
 1077 00ab 0B       		.uleb128 0xb
 1078 00ac 3B       		.uleb128 0x3b
 1079 00ad 0B       		.uleb128 0xb
 1080 00ae 49       		.uleb128 0x49
 1081 00af 13       		.uleb128 0x13
 1082 00b0 02       		.uleb128 0x2
 1083 00b1 18       		.uleb128 0x18
 1084 00b2 00       		.byte	0
 1085 00b3 00       		.byte	0
 1086 00b4 0D       		.uleb128 0xd
 1087 00b5 34       		.uleb128 0x34
 1088 00b6 00       		.byte	0
 1089 00b7 03       		.uleb128 0x3
 1090 00b8 08       		.uleb128 0x8
 1091 00b9 3A       		.uleb128 0x3a
 1092 00ba 0B       		.uleb128 0xb
 1093 00bb 3B       		.uleb128 0x3b
 1094 00bc 0B       		.uleb128 0xb
 1095 00bd 49       		.uleb128 0x49
 1096 00be 13       		.uleb128 0x13
 1097 00bf 02       		.uleb128 0x2
 1098 00c0 18       		.uleb128 0x18
 1099 00c1 00       		.byte	0
 1100 00c2 00       		.byte	0
 1101 00c3 0E       		.uleb128 0xe
 1102 00c4 2E       		.uleb128 0x2e
 1103 00c5 01       		.byte	0x1
 1104 00c6 3F       		.uleb128 0x3f
 1105 00c7 19       		.uleb128 0x19
 1106 00c8 03       		.uleb128 0x3
 1107 00c9 0E       		.uleb128 0xe
 1108 00ca 3A       		.uleb128 0x3a
 1109 00cb 0B       		.uleb128 0xb
 1110 00cc 3B       		.uleb128 0x3b
 1111 00cd 0B       		.uleb128 0xb
 1112 00ce 27       		.uleb128 0x27
 1113 00cf 19       		.uleb128 0x19
 1114 00d0 11       		.uleb128 0x11
 1115 00d1 01       		.uleb128 0x1
 1116 00d2 12       		.uleb128 0x12
 1117 00d3 06       		.uleb128 0x6
 1118 00d4 40       		.uleb128 0x40
 1119 00d5 18       		.uleb128 0x18
 1120 00d6 9642     		.uleb128 0x2116
ARM GAS  C:\Users\hsal869\AppData\Local\Temp\ccVaz49Z.s 			page 23


 1121 00d8 19       		.uleb128 0x19
 1122 00d9 01       		.uleb128 0x1
 1123 00da 13       		.uleb128 0x13
 1124 00db 00       		.byte	0
 1125 00dc 00       		.byte	0
 1126 00dd 0F       		.uleb128 0xf
 1127 00de 05       		.uleb128 0x5
 1128 00df 00       		.byte	0
 1129 00e0 03       		.uleb128 0x3
 1130 00e1 08       		.uleb128 0x8
 1131 00e2 3A       		.uleb128 0x3a
 1132 00e3 0B       		.uleb128 0xb
 1133 00e4 3B       		.uleb128 0x3b
 1134 00e5 0B       		.uleb128 0xb
 1135 00e6 49       		.uleb128 0x49
 1136 00e7 13       		.uleb128 0x13
 1137 00e8 02       		.uleb128 0x2
 1138 00e9 18       		.uleb128 0x18
 1139 00ea 00       		.byte	0
 1140 00eb 00       		.byte	0
 1141 00ec 10       		.uleb128 0x10
 1142 00ed 34       		.uleb128 0x34
 1143 00ee 00       		.byte	0
 1144 00ef 03       		.uleb128 0x3
 1145 00f0 0E       		.uleb128 0xe
 1146 00f1 3A       		.uleb128 0x3a
 1147 00f2 0B       		.uleb128 0xb
 1148 00f3 3B       		.uleb128 0x3b
 1149 00f4 05       		.uleb128 0x5
 1150 00f5 49       		.uleb128 0x49
 1151 00f6 13       		.uleb128 0x13
 1152 00f7 3F       		.uleb128 0x3f
 1153 00f8 19       		.uleb128 0x19
 1154 00f9 3C       		.uleb128 0x3c
 1155 00fa 19       		.uleb128 0x19
 1156 00fb 00       		.byte	0
 1157 00fc 00       		.byte	0
 1158 00fd 11       		.uleb128 0x11
 1159 00fe 35       		.uleb128 0x35
 1160 00ff 00       		.byte	0
 1161 0100 49       		.uleb128 0x49
 1162 0101 13       		.uleb128 0x13
 1163 0102 00       		.byte	0
 1164 0103 00       		.byte	0
 1165 0104 12       		.uleb128 0x12
 1166 0105 34       		.uleb128 0x34
 1167 0106 00       		.byte	0
 1168 0107 03       		.uleb128 0x3
 1169 0108 08       		.uleb128 0x8
 1170 0109 3A       		.uleb128 0x3a
 1171 010a 0B       		.uleb128 0xb
 1172 010b 3B       		.uleb128 0x3b
 1173 010c 0B       		.uleb128 0xb
 1174 010d 49       		.uleb128 0x49
 1175 010e 13       		.uleb128 0x13
 1176 010f 3F       		.uleb128 0x3f
 1177 0110 19       		.uleb128 0x19
ARM GAS  C:\Users\hsal869\AppData\Local\Temp\ccVaz49Z.s 			page 24


 1178 0111 02       		.uleb128 0x2
 1179 0112 18       		.uleb128 0x18
 1180 0113 00       		.byte	0
 1181 0114 00       		.byte	0
 1182 0115 13       		.uleb128 0x13
 1183 0116 34       		.uleb128 0x34
 1184 0117 00       		.byte	0
 1185 0118 03       		.uleb128 0x3
 1186 0119 0E       		.uleb128 0xe
 1187 011a 3A       		.uleb128 0x3a
 1188 011b 0B       		.uleb128 0xb
 1189 011c 3B       		.uleb128 0x3b
 1190 011d 0B       		.uleb128 0xb
 1191 011e 49       		.uleb128 0x49
 1192 011f 13       		.uleb128 0x13
 1193 0120 3F       		.uleb128 0x3f
 1194 0121 19       		.uleb128 0x19
 1195 0122 02       		.uleb128 0x2
 1196 0123 18       		.uleb128 0x18
 1197 0124 00       		.byte	0
 1198 0125 00       		.byte	0
 1199 0126 14       		.uleb128 0x14
 1200 0127 01       		.uleb128 0x1
 1201 0128 01       		.byte	0x1
 1202 0129 49       		.uleb128 0x49
 1203 012a 13       		.uleb128 0x13
 1204 012b 01       		.uleb128 0x1
 1205 012c 13       		.uleb128 0x13
 1206 012d 00       		.byte	0
 1207 012e 00       		.byte	0
 1208 012f 15       		.uleb128 0x15
 1209 0130 21       		.uleb128 0x21
 1210 0131 00       		.byte	0
 1211 0132 49       		.uleb128 0x49
 1212 0133 13       		.uleb128 0x13
 1213 0134 2F       		.uleb128 0x2f
 1214 0135 0B       		.uleb128 0xb
 1215 0136 00       		.byte	0
 1216 0137 00       		.byte	0
 1217 0138 00       		.byte	0
 1218              		.section	.debug_aranges,"",%progbits
 1219 0000 34000000 		.4byte	0x34
 1220 0004 0200     		.2byte	0x2
 1221 0006 00000000 		.4byte	.Ldebug_info0
 1222 000a 04       		.byte	0x4
 1223 000b 00       		.byte	0
 1224 000c 0000     		.2byte	0
 1225 000e 0000     		.2byte	0
 1226 0010 00000000 		.4byte	.LFB64
 1227 0014 18000000 		.4byte	.LFE64-.LFB64
 1228 0018 00000000 		.4byte	.LFB65
 1229 001c AC000000 		.4byte	.LFE65-.LFB65
 1230 0020 00000000 		.4byte	.LFB66
 1231 0024 3E000000 		.4byte	.LFE66-.LFB66
 1232 0028 00000000 		.4byte	.LFB67
 1233 002c 26000000 		.4byte	.LFE67-.LFB67
 1234 0030 00000000 		.4byte	0
ARM GAS  C:\Users\hsal869\AppData\Local\Temp\ccVaz49Z.s 			page 25


 1235 0034 00000000 		.4byte	0
 1236              		.section	.debug_ranges,"",%progbits
 1237              	.Ldebug_ranges0:
 1238 0000 00000000 		.4byte	.LFB64
 1239 0004 18000000 		.4byte	.LFE64
 1240 0008 00000000 		.4byte	.LFB65
 1241 000c AC000000 		.4byte	.LFE65
 1242 0010 00000000 		.4byte	.LFB66
 1243 0014 3E000000 		.4byte	.LFE66
 1244 0018 00000000 		.4byte	.LFB67
 1245 001c 26000000 		.4byte	.LFE67
 1246 0020 00000000 		.4byte	0
 1247 0024 00000000 		.4byte	0
 1248              		.section	.debug_line,"",%progbits
 1249              	.Ldebug_line0:
 1250 0000 D5010000 		.section	.debug_str,"MS",%progbits,1
 1250      02005601 
 1250      00000201 
 1250      FB0E0D00 
 1250      01010101 
 1251              	.LASF40:
 1252 0000 75736250 		.ascii	"usbPutChar\000"
 1252      75744368 
 1252      617200
 1253              	.LASF61:
 1254 000b 72657375 		.ascii	"result\000"
 1254      6C7400
 1255              	.LASF42:
 1256 0012 74735F65 		.ascii	"ts_enc\000"
 1256      6E6300
 1257              	.LASF51:
 1258 0019 666C6167 		.ascii	"flag_packet\000"
 1258      5F706163 
 1258      6B657400 
 1259              	.LASF48:
 1260 0025 666C6167 		.ascii	"flag_ts_speed\000"
 1260      5F74735F 
 1260      73706565 
 1260      6400
 1261              	.LASF33:
 1262 0033 67325F78 		.ascii	"g2_xpos\000"
 1262      706F7300 
 1263              	.LASF2:
 1264 003b 73686F72 		.ascii	"short int\000"
 1264      7420696E 
 1264      7400
 1265              	.LASF59:
 1266 0045 73797374 		.ascii	"system_state\000"
 1266      656D5F73 
 1266      74617465 
 1266      00
 1267              	.LASF10:
 1268 0052 73697A65 		.ascii	"sizetype\000"
 1268      74797065 
 1268      00
 1269              	.LASF58:
 1270 005b 75736242 		.ascii	"usbBuffer\000"
ARM GAS  C:\Users\hsal869\AppData\Local\Temp\ccVaz49Z.s 			page 26


 1270      75666665 
 1270      7200
 1271              	.LASF63:
 1272 0065 474E5520 		.ascii	"GNU C11 5.4.1 20160609 (release) [ARM/embedded-5-br"
 1272      43313120 
 1272      352E342E 
 1272      31203230 
 1272      31363036 
 1273 0098 616E6368 		.ascii	"anch revision 237715] -mcpu=cortex-m3 -mthumb -g -O"
 1273      20726576 
 1273      6973696F 
 1273      6E203233 
 1273      37373135 
 1274 00cb 30202D66 		.ascii	"0 -ffunction-sections -ffat-lto-objects\000"
 1274      66756E63 
 1274      74696F6E 
 1274      2D736563 
 1274      74696F6E 
 1275              	.LASF38:
 1276 00f3 6D61696E 		.ascii	"main\000"
 1276      00
 1277              	.LASF65:
 1278 00f8 483A5C44 		.ascii	"H:\\Documents\\GitHub\\team14\\301_lab_tasks\\psoc "
 1278      6F63756D 
 1278      656E7473 
 1278      5C476974 
 1278      4875625C 
 1279 0126 73747564 		.ascii	"student pack\\psoc_code_base\\CS301_Class.cydsn\000"
 1279      656E7420 
 1279      7061636B 
 1279      5C70736F 
 1279      635F636F 
 1280              	.LASF15:
 1281 0154 75696E74 		.ascii	"uint16\000"
 1281      313600
 1282              	.LASF21:
 1283 015b 696E6465 		.ascii	"index\000"
 1283      7800
 1284              	.LASF17:
 1285 0161 696E7431 		.ascii	"int16\000"
 1285      3600
 1286              	.LASF14:
 1287 0167 75696E74 		.ascii	"uint8\000"
 1287      3800
 1288              	.LASF32:
 1289 016d 67315F64 		.ascii	"g1_direction\000"
 1289      69726563 
 1289      74696F6E 
 1289      00
 1290              	.LASF56:
 1291 017a 6C696E65 		.ascii	"line\000"
 1291      00
 1292              	.LASF18:
 1293 017f 666C6F61 		.ascii	"float\000"
 1293      7400
 1294              	.LASF6:
 1295 0185 6C6F6E67 		.ascii	"long long int\000"
ARM GAS  C:\Users\hsal869\AppData\Local\Temp\ccVaz49Z.s 			page 27


 1295      206C6F6E 
 1295      6720696E 
 1295      7400
 1296              	.LASF39:
 1297 0193 75736250 		.ascii	"usbPutString\000"
 1297      75745374 
 1297      72696E67 
 1297      00
 1298              	.LASF16:
 1299 01a0 696E7438 		.ascii	"int8\000"
 1299      00
 1300              	.LASF37:
 1301 01a5 68696768 		.ascii	"highCount\000"
 1301      436F756E 
 1301      7400
 1302              	.LASF47:
 1303 01af 666C6167 		.ascii	"flag_ts_update\000"
 1303      5F74735F 
 1303      75706461 
 1303      746500
 1304              	.LASF34:
 1305 01be 67325F79 		.ascii	"g2_ypos\000"
 1305      706F7300 
 1306              	.LASF28:
 1307 01c6 67305F64 		.ascii	"g0_direction\000"
 1307      69726563 
 1307      74696F6E 
 1307      00
 1308              	.LASF25:
 1309 01d3 67305F78 		.ascii	"g0_xpos\000"
 1309      706F7300 
 1310              	.LASF4:
 1311 01db 6C6F6E67 		.ascii	"long int\000"
 1311      20696E74 
 1311      00
 1312              	.LASF49:
 1313 01e4 666C6167 		.ascii	"flag_ts_display\000"
 1313      5F74735F 
 1313      64697370 
 1313      6C617900 
 1314              	.LASF50:
 1315 01f4 666C6167 		.ascii	"flag_rx\000"
 1315      5F727800 
 1316              	.LASF9:
 1317 01fc 6C6F6E67 		.ascii	"long double\000"
 1317      20646F75 
 1317      626C6500 
 1318              	.LASF57:
 1319 0208 656E7472 		.ascii	"entry\000"
 1319      7900
 1320              	.LASF1:
 1321 020e 756E7369 		.ascii	"unsigned char\000"
 1321      676E6564 
 1321      20636861 
 1321      7200
 1322              	.LASF27:
 1323 021c 67305F73 		.ascii	"g0_speed\000"
ARM GAS  C:\Users\hsal869\AppData\Local\Temp\ccVaz49Z.s 			page 28


 1323      70656564 
 1323      00
 1324              	.LASF53:
 1325 0225 64617461 		.ascii	"dataready_flag\000"
 1325      72656164 
 1325      795F666C 
 1325      616700
 1326              	.LASF0:
 1327 0234 7369676E 		.ascii	"signed char\000"
 1327      65642063 
 1327      68617200 
 1328              	.LASF7:
 1329 0240 6C6F6E67 		.ascii	"long long unsigned int\000"
 1329      206C6F6E 
 1329      6720756E 
 1329      7369676E 
 1329      65642069 
 1330              	.LASF8:
 1331 0257 756E7369 		.ascii	"unsigned int\000"
 1331      676E6564 
 1331      20696E74 
 1331      00
 1332              	.LASF52:
 1333 0264 666C6167 		.ascii	"flag_KB_string\000"
 1333      5F4B425F 
 1333      73747269 
 1333      6E6700
 1334              	.LASF35:
 1335 0273 67325F73 		.ascii	"g2_speed\000"
 1335      70656564 
 1335      00
 1336              	.LASF29:
 1337 027c 67315F78 		.ascii	"g1_xpos\000"
 1337      706F7300 
 1338              	.LASF3:
 1339 0284 73686F72 		.ascii	"short unsigned int\000"
 1339      7420756E 
 1339      7369676E 
 1339      65642069 
 1339      6E7400
 1340              	.LASF66:
 1341 0297 64617461 		.ascii	"data_main\000"
 1341      5F6D6169 
 1341      6E00
 1342              	.LASF11:
 1343 02a1 63686172 		.ascii	"char\000"
 1343      00
 1344              	.LASF22:
 1345 02a6 726F626F 		.ascii	"robot_xpos\000"
 1345      745F7870 
 1345      6F7300
 1346              	.LASF13:
 1347 02b1 696E7433 		.ascii	"int32_t\000"
 1347      325F7400 
 1348              	.LASF30:
 1349 02b9 67315F79 		.ascii	"g1_ypos\000"
 1349      706F7300 
ARM GAS  C:\Users\hsal869\AppData\Local\Temp\ccVaz49Z.s 			page 29


 1350              	.LASF36:
 1351 02c1 67325F64 		.ascii	"g2_direction\000"
 1351      69726563 
 1351      74696F6E 
 1351      00
 1352              	.LASF31:
 1353 02ce 67315F73 		.ascii	"g1_speed\000"
 1353      70656564 
 1353      00
 1354              	.LASF55:
 1355 02d7 64697370 		.ascii	"displaystring\000"
 1355      6C617973 
 1355      7472696E 
 1355      6700
 1356              	.LASF64:
 1357 02e5 6D61696E 		.ascii	"main.c\000"
 1357      2E6300
 1358              	.LASF5:
 1359 02ec 6C6F6E67 		.ascii	"long unsigned int\000"
 1359      20756E73 
 1359      69676E65 
 1359      6420696E 
 1359      7400
 1360              	.LASF19:
 1361 02fe 646F7562 		.ascii	"double\000"
 1361      6C6500
 1362              	.LASF60:
 1363 0305 666C6167 		.ascii	"flag\000"
 1363      00
 1364              	.LASF44:
 1365 030a 74735F73 		.ascii	"ts_speed\000"
 1365      70656564 
 1365      00
 1366              	.LASF62:
 1367 0313 636F756E 		.ascii	"count\000"
 1367      7400
 1368              	.LASF46:
 1369 0319 666C6167 		.ascii	"flag_ts_enc\000"
 1369      5F74735F 
 1369      656E6300 
 1370              	.LASF12:
 1371 0325 5F5F696E 		.ascii	"__int32_t\000"
 1371      7433325F 
 1371      7400
 1372              	.LASF26:
 1373 032f 67305F79 		.ascii	"g0_ypos\000"
 1373      706F7300 
 1374              	.LASF45:
 1375 0337 74735F64 		.ascii	"ts_display\000"
 1375      6973706C 
 1375      617900
 1376              	.LASF43:
 1377 0342 74735F75 		.ascii	"ts_update\000"
 1377      70646174 
 1377      6500
 1378              	.LASF54:
 1379 034c 666C6167 		.ascii	"flag_rf_transmission_active\000"
ARM GAS  C:\Users\hsal869\AppData\Local\Temp\ccVaz49Z.s 			page 30


 1379      5F72665F 
 1379      7472616E 
 1379      736D6973 
 1379      73696F6E 
 1380              	.LASF23:
 1381 0368 726F626F 		.ascii	"robot_ypos\000"
 1381      745F7970 
 1381      6F7300
 1382              	.LASF41:
 1383 0373 49544D5F 		.ascii	"ITM_RxBuffer\000"
 1383      52784275 
 1383      66666572 
 1383      00
 1384              	.LASF20:
 1385 0380 72737369 		.ascii	"rssi\000"
 1385      00
 1386              	.LASF24:
 1387 0385 726F626F 		.ascii	"robot_orientation\000"
 1387      745F6F72 
 1387      69656E74 
 1387      6174696F 
 1387      6E00
 1388              		.ident	"GCC: (GNU Tools for ARM Embedded Processors) 5.4.1 20160609 (release) [ARM/embedded-5-bran
