ARM GAS  C:\Users\lger522\AppData\Local\Temp\ccPMmxfw.s 			page 1


   1              		.syntax unified
   2              		.cpu cortex-m3
   3              		.fpu softvfp
   4              		.eabi_attribute 20, 1
   5              		.eabi_attribute 21, 1
   6              		.eabi_attribute 23, 3
   7              		.eabi_attribute 24, 1
   8              		.eabi_attribute 25, 1
   9              		.eabi_attribute 26, 1
  10              		.eabi_attribute 30, 6
  11              		.eabi_attribute 34, 1
  12              		.eabi_attribute 18, 4
  13              		.thumb
  14              		.syntax unified
  15              		.file	"motors.c"
  16              		.text
  17              	.Ltext0:
  18              		.cfi_sections	.debug_frame
  19              		.global	currentFLeftSpeed
  20              		.data
  21              		.align	2
  22              		.type	currentFLeftSpeed, %object
  23              		.size	currentFLeftSpeed, 4
  24              	currentFLeftSpeed:
  25 0000 AA000000 		.word	170
  26              		.global	currentFRightSpeed
  27              		.align	2
  28              		.type	currentFRightSpeed, %object
  29              		.size	currentFRightSpeed, 4
  30              	currentFRightSpeed:
  31 0004 AA000000 		.word	170
  32              		.section	.text.initMotors,"ax",%progbits
  33              		.align	2
  34              		.global	initMotors
  35              		.thumb
  36              		.thumb_func
  37              		.type	initMotors, %function
  38              	initMotors:
  39              	.LFB63:
  40              		.file 1 "motors.c"
   1:motors.c      **** /* ========================================
   2:motors.c      ****  *
   3:motors.c      ****  * Copyright YOUR COMPANY, THE YEAR
   4:motors.c      ****  * All Rights Reserved
   5:motors.c      ****  * UNPUBLISHED, LICENSED SOFTWARE.
   6:motors.c      ****  *
   7:motors.c      ****  * CONFIDENTIAL AND PROPRIETARY INFORMATION
   8:motors.c      ****  * WHICH IS THE PROPERTY OF your company.
   9:motors.c      ****  *
  10:motors.c      ****  * ========================================
  11:motors.c      **** */
  12:motors.c      **** 
  13:motors.c      **** #include <project.h>
  14:motors.c      **** #include "motors.h"
  15:motors.c      **** 
  16:motors.c      **** volatile int currentFLeftSpeed = 170;
  17:motors.c      **** volatile int currentFRightSpeed = 170;
ARM GAS  C:\Users\lger522\AppData\Local\Temp\ccPMmxfw.s 			page 2


  18:motors.c      **** 
  19:motors.c      **** 
  20:motors.c      **** void initMotors() {
  41              		.loc 1 20 0
  42              		.cfi_startproc
  43              		@ args = 0, pretend = 0, frame = 0
  44              		@ frame_needed = 1, uses_anonymous_args = 0
  45 0000 80B5     		push	{r7, lr}
  46              		.cfi_def_cfa_offset 8
  47              		.cfi_offset 7, -8
  48              		.cfi_offset 14, -4
  49 0002 00AF     		add	r7, sp, #0
  50              		.cfi_def_cfa_register 7
  21:motors.c      ****     PWM_1_WritePeriod(250);
  51              		.loc 1 21 0
  52 0004 FA20     		movs	r0, #250
  53 0006 FFF7FEFF 		bl	PWM_1_WritePeriod
  22:motors.c      ****     PWM_2_WritePeriod(250);
  54              		.loc 1 22 0
  55 000a FA20     		movs	r0, #250
  56 000c FFF7FEFF 		bl	PWM_2_WritePeriod
  23:motors.c      ****     PWM_1_Start();
  57              		.loc 1 23 0
  58 0010 FFF7FEFF 		bl	PWM_1_Start
  24:motors.c      ****     PWM_2_Start();
  59              		.loc 1 24 0
  60 0014 FFF7FEFF 		bl	PWM_2_Start
  25:motors.c      **** 
  26:motors.c      **** }
  61              		.loc 1 26 0
  62 0018 00BF     		nop
  63 001a 80BD     		pop	{r7, pc}
  64              		.cfi_endproc
  65              	.LFE63:
  66              		.size	initMotors, .-initMotors
  67              		.section	.text.getLeftPWM,"ax",%progbits
  68              		.align	2
  69              		.global	getLeftPWM
  70              		.thumb
  71              		.thumb_func
  72              		.type	getLeftPWM, %function
  73              	getLeftPWM:
  74              	.LFB64:
  27:motors.c      **** 
  28:motors.c      **** int getLeftPWM(void) {
  75              		.loc 1 28 0
  76              		.cfi_startproc
  77              		@ args = 0, pretend = 0, frame = 0
  78              		@ frame_needed = 1, uses_anonymous_args = 0
  79              		@ link register save eliminated.
  80 0000 80B4     		push	{r7}
  81              		.cfi_def_cfa_offset 4
  82              		.cfi_offset 7, -4
  83 0002 00AF     		add	r7, sp, #0
  84              		.cfi_def_cfa_register 7
  29:motors.c      ****     return currentFLeftSpeed;
  85              		.loc 1 29 0
ARM GAS  C:\Users\lger522\AppData\Local\Temp\ccPMmxfw.s 			page 3


  86 0004 024B     		ldr	r3, .L4
  87 0006 1B68     		ldr	r3, [r3]
  30:motors.c      **** }
  88              		.loc 1 30 0
  89 0008 1846     		mov	r0, r3
  90 000a BD46     		mov	sp, r7
  91              		.cfi_def_cfa_register 13
  92              		@ sp needed
  93 000c 80BC     		pop	{r7}
  94              		.cfi_restore 7
  95              		.cfi_def_cfa_offset 0
  96 000e 7047     		bx	lr
  97              	.L5:
  98              		.align	2
  99              	.L4:
 100 0010 00000000 		.word	currentFLeftSpeed
 101              		.cfi_endproc
 102              	.LFE64:
 103              		.size	getLeftPWM, .-getLeftPWM
 104              		.section	.text.getRightPWM,"ax",%progbits
 105              		.align	2
 106              		.global	getRightPWM
 107              		.thumb
 108              		.thumb_func
 109              		.type	getRightPWM, %function
 110              	getRightPWM:
 111              	.LFB65:
  31:motors.c      **** 
  32:motors.c      **** int getRightPWM(void) {
 112              		.loc 1 32 0
 113              		.cfi_startproc
 114              		@ args = 0, pretend = 0, frame = 0
 115              		@ frame_needed = 1, uses_anonymous_args = 0
 116              		@ link register save eliminated.
 117 0000 80B4     		push	{r7}
 118              		.cfi_def_cfa_offset 4
 119              		.cfi_offset 7, -4
 120 0002 00AF     		add	r7, sp, #0
 121              		.cfi_def_cfa_register 7
  33:motors.c      ****     return currentFRightSpeed;
 122              		.loc 1 33 0
 123 0004 024B     		ldr	r3, .L8
 124 0006 1B68     		ldr	r3, [r3]
  34:motors.c      **** }
 125              		.loc 1 34 0
 126 0008 1846     		mov	r0, r3
 127 000a BD46     		mov	sp, r7
 128              		.cfi_def_cfa_register 13
 129              		@ sp needed
 130 000c 80BC     		pop	{r7}
 131              		.cfi_restore 7
 132              		.cfi_def_cfa_offset 0
 133 000e 7047     		bx	lr
 134              	.L9:
 135              		.align	2
 136              	.L8:
 137 0010 00000000 		.word	currentFRightSpeed
ARM GAS  C:\Users\lger522\AppData\Local\Temp\ccPMmxfw.s 			page 4


 138              		.cfi_endproc
 139              	.LFE65:
 140              		.size	getRightPWM, .-getRightPWM
 141              		.global	__aeabi_i2d
 142              		.global	__aeabi_ddiv
 143              		.global	__aeabi_dsub
 144              		.global	__aeabi_dmul
 145              		.global	__aeabi_dadd
 146              		.global	__aeabi_d2iz
 147              		.section	.text.updateForwardSpeed,"ax",%progbits
 148              		.align	2
 149              		.global	updateForwardSpeed
 150              		.thumb
 151              		.thumb_func
 152              		.type	updateForwardSpeed, %function
 153              	updateForwardSpeed:
 154              	.LFB66:
  35:motors.c      **** 
  36:motors.c      **** void updateForwardSpeed(int speedL, int speedR, int targetSpeed) {
 155              		.loc 1 36 0
 156              		.cfi_startproc
 157              		@ args = 0, pretend = 0, frame = 16
 158              		@ frame_needed = 1, uses_anonymous_args = 0
 159 0000 2DE9B043 		push	{r4, r5, r7, r8, r9, lr}
 160              		.cfi_def_cfa_offset 24
 161              		.cfi_offset 4, -24
 162              		.cfi_offset 5, -20
 163              		.cfi_offset 7, -16
 164              		.cfi_offset 8, -12
 165              		.cfi_offset 9, -8
 166              		.cfi_offset 14, -4
 167 0004 84B0     		sub	sp, sp, #16
 168              		.cfi_def_cfa_offset 40
 169 0006 00AF     		add	r7, sp, #0
 170              		.cfi_def_cfa_register 7
 171 0008 F860     		str	r0, [r7, #12]
 172 000a B960     		str	r1, [r7, #8]
 173 000c 7A60     		str	r2, [r7, #4]
  37:motors.c      ****     if (speedL == 0 || speedR == 0) {
 174              		.loc 1 37 0
 175 000e FB68     		ldr	r3, [r7, #12]
 176 0010 002B     		cmp	r3, #0
 177 0012 73D0     		beq	.L11
 178              		.loc 1 37 0 is_stmt 0 discriminator 1
 179 0014 BB68     		ldr	r3, [r7, #8]
 180 0016 002B     		cmp	r3, #0
 181 0018 70D0     		beq	.L11
  38:motors.c      ****     }
  39:motors.c      ****     else if (speedL < targetSpeed) {
 182              		.loc 1 39 0 is_stmt 1
 183 001a FA68     		ldr	r2, [r7, #12]
 184 001c 7B68     		ldr	r3, [r7, #4]
 185 001e 9A42     		cmp	r2, r3
 186 0020 34DA     		bge	.L12
  40:motors.c      ****         currentFLeftSpeed = currentFLeftSpeed + 10 * ((double)1 - (speedL / (double)targetSpeed));
 187              		.loc 1 40 0
 188 0022 744B     		ldr	r3, .L16
ARM GAS  C:\Users\lger522\AppData\Local\Temp\ccPMmxfw.s 			page 5


 189 0024 1B68     		ldr	r3, [r3]
 190 0026 1846     		mov	r0, r3
 191 0028 FFF7FEFF 		bl	__aeabi_i2d
 192 002c 0446     		mov	r4, r0
 193 002e 0D46     		mov	r5, r1
 194 0030 F868     		ldr	r0, [r7, #12]
 195 0032 FFF7FEFF 		bl	__aeabi_i2d
 196 0036 8046     		mov	r8, r0
 197 0038 8946     		mov	r9, r1
 198 003a 7868     		ldr	r0, [r7, #4]
 199 003c FFF7FEFF 		bl	__aeabi_i2d
 200 0040 0246     		mov	r2, r0
 201 0042 0B46     		mov	r3, r1
 202 0044 4046     		mov	r0, r8
 203 0046 4946     		mov	r1, r9
 204 0048 FFF7FEFF 		bl	__aeabi_ddiv
 205 004c 0246     		mov	r2, r0
 206 004e 0B46     		mov	r3, r1
 207 0050 4FF00000 		mov	r0, #0
 208 0054 6849     		ldr	r1, .L16+4
 209 0056 FFF7FEFF 		bl	__aeabi_dsub
 210 005a 0246     		mov	r2, r0
 211 005c 0B46     		mov	r3, r1
 212 005e 1046     		mov	r0, r2
 213 0060 1946     		mov	r1, r3
 214 0062 4FF00002 		mov	r2, #0
 215 0066 654B     		ldr	r3, .L16+8
 216 0068 FFF7FEFF 		bl	__aeabi_dmul
 217 006c 0246     		mov	r2, r0
 218 006e 0B46     		mov	r3, r1
 219 0070 2046     		mov	r0, r4
 220 0072 2946     		mov	r1, r5
 221 0074 FFF7FEFF 		bl	__aeabi_dadd
 222 0078 0346     		mov	r3, r0
 223 007a 0C46     		mov	r4, r1
 224 007c 1846     		mov	r0, r3
 225 007e 2146     		mov	r1, r4
 226 0080 FFF7FEFF 		bl	__aeabi_d2iz
 227 0084 0246     		mov	r2, r0
 228 0086 5B4B     		ldr	r3, .L16
 229 0088 1A60     		str	r2, [r3]
 230 008a 37E0     		b	.L11
 231              	.L12:
  41:motors.c      ****         
  42:motors.c      ****     } else if (speedL > targetSpeed) {
 232              		.loc 1 42 0
 233 008c FA68     		ldr	r2, [r7, #12]
 234 008e 7B68     		ldr	r3, [r7, #4]
 235 0090 9A42     		cmp	r2, r3
 236 0092 33DD     		ble	.L11
  43:motors.c      ****         currentFLeftSpeed = currentFLeftSpeed - 10 * ((double)1 - (targetSpeed/(double)speedL));
 237              		.loc 1 43 0
 238 0094 574B     		ldr	r3, .L16
 239 0096 1B68     		ldr	r3, [r3]
 240 0098 1846     		mov	r0, r3
 241 009a FFF7FEFF 		bl	__aeabi_i2d
 242 009e 0446     		mov	r4, r0
ARM GAS  C:\Users\lger522\AppData\Local\Temp\ccPMmxfw.s 			page 6


 243 00a0 0D46     		mov	r5, r1
 244 00a2 7868     		ldr	r0, [r7, #4]
 245 00a4 FFF7FEFF 		bl	__aeabi_i2d
 246 00a8 8046     		mov	r8, r0
 247 00aa 8946     		mov	r9, r1
 248 00ac F868     		ldr	r0, [r7, #12]
 249 00ae FFF7FEFF 		bl	__aeabi_i2d
 250 00b2 0246     		mov	r2, r0
 251 00b4 0B46     		mov	r3, r1
 252 00b6 4046     		mov	r0, r8
 253 00b8 4946     		mov	r1, r9
 254 00ba FFF7FEFF 		bl	__aeabi_ddiv
 255 00be 0246     		mov	r2, r0
 256 00c0 0B46     		mov	r3, r1
 257 00c2 4FF00000 		mov	r0, #0
 258 00c6 4C49     		ldr	r1, .L16+4
 259 00c8 FFF7FEFF 		bl	__aeabi_dsub
 260 00cc 0246     		mov	r2, r0
 261 00ce 0B46     		mov	r3, r1
 262 00d0 1046     		mov	r0, r2
 263 00d2 1946     		mov	r1, r3
 264 00d4 4FF00002 		mov	r2, #0
 265 00d8 484B     		ldr	r3, .L16+8
 266 00da FFF7FEFF 		bl	__aeabi_dmul
 267 00de 0246     		mov	r2, r0
 268 00e0 0B46     		mov	r3, r1
 269 00e2 2046     		mov	r0, r4
 270 00e4 2946     		mov	r1, r5
 271 00e6 FFF7FEFF 		bl	__aeabi_dsub
 272 00ea 0346     		mov	r3, r0
 273 00ec 0C46     		mov	r4, r1
 274 00ee 1846     		mov	r0, r3
 275 00f0 2146     		mov	r1, r4
 276 00f2 FFF7FEFF 		bl	__aeabi_d2iz
 277 00f6 0246     		mov	r2, r0
 278 00f8 3E4B     		ldr	r3, .L16
 279 00fa 1A60     		str	r2, [r3]
 280              	.L11:
  44:motors.c      ****         
  45:motors.c      ****     } else {
  46:motors.c      ****         
  47:motors.c      ****     }
  48:motors.c      ****     
  49:motors.c      ****     if (speedL == 0 || speedR == 0) {
 281              		.loc 1 49 0
 282 00fc FB68     		ldr	r3, [r7, #12]
 283 00fe 002B     		cmp	r3, #0
 284 0100 73D0     		beq	.L15
 285              		.loc 1 49 0 is_stmt 0 discriminator 1
 286 0102 BB68     		ldr	r3, [r7, #8]
 287 0104 002B     		cmp	r3, #0
 288 0106 70D0     		beq	.L15
  50:motors.c      ****     }
  51:motors.c      ****     else if (speedR < targetSpeed) {
 289              		.loc 1 51 0 is_stmt 1
 290 0108 BA68     		ldr	r2, [r7, #8]
 291 010a 7B68     		ldr	r3, [r7, #4]
ARM GAS  C:\Users\lger522\AppData\Local\Temp\ccPMmxfw.s 			page 7


 292 010c 9A42     		cmp	r2, r3
 293 010e 34DA     		bge	.L14
  52:motors.c      ****         currentFRightSpeed = currentFRightSpeed + 10 * ((double)1 - (speedR / (double)targetSpeed))
 294              		.loc 1 52 0
 295 0110 3B4B     		ldr	r3, .L16+12
 296 0112 1B68     		ldr	r3, [r3]
 297 0114 1846     		mov	r0, r3
 298 0116 FFF7FEFF 		bl	__aeabi_i2d
 299 011a 0446     		mov	r4, r0
 300 011c 0D46     		mov	r5, r1
 301 011e B868     		ldr	r0, [r7, #8]
 302 0120 FFF7FEFF 		bl	__aeabi_i2d
 303 0124 8046     		mov	r8, r0
 304 0126 8946     		mov	r9, r1
 305 0128 7868     		ldr	r0, [r7, #4]
 306 012a FFF7FEFF 		bl	__aeabi_i2d
 307 012e 0246     		mov	r2, r0
 308 0130 0B46     		mov	r3, r1
 309 0132 4046     		mov	r0, r8
 310 0134 4946     		mov	r1, r9
 311 0136 FFF7FEFF 		bl	__aeabi_ddiv
 312 013a 0246     		mov	r2, r0
 313 013c 0B46     		mov	r3, r1
 314 013e 4FF00000 		mov	r0, #0
 315 0142 2D49     		ldr	r1, .L16+4
 316 0144 FFF7FEFF 		bl	__aeabi_dsub
 317 0148 0246     		mov	r2, r0
 318 014a 0B46     		mov	r3, r1
 319 014c 1046     		mov	r0, r2
 320 014e 1946     		mov	r1, r3
 321 0150 4FF00002 		mov	r2, #0
 322 0154 294B     		ldr	r3, .L16+8
 323 0156 FFF7FEFF 		bl	__aeabi_dmul
 324 015a 0246     		mov	r2, r0
 325 015c 0B46     		mov	r3, r1
 326 015e 2046     		mov	r0, r4
 327 0160 2946     		mov	r1, r5
 328 0162 FFF7FEFF 		bl	__aeabi_dadd
 329 0166 0346     		mov	r3, r0
 330 0168 0C46     		mov	r4, r1
 331 016a 1846     		mov	r0, r3
 332 016c 2146     		mov	r1, r4
 333 016e FFF7FEFF 		bl	__aeabi_d2iz
 334 0172 0246     		mov	r2, r0
 335 0174 224B     		ldr	r3, .L16+12
 336 0176 1A60     		str	r2, [r3]
  53:motors.c      ****     } else if (speedR > targetSpeed) {
  54:motors.c      ****         currentFRightSpeed = currentFRightSpeed - 10 * ((double)1 - (targetSpeed/(double)speedR));
  55:motors.c      ****     } else {
  56:motors.c      ****     }
  57:motors.c      **** }
 337              		.loc 1 57 0
 338 0178 37E0     		b	.L15
 339              	.L14:
  53:motors.c      ****     } else if (speedR > targetSpeed) {
 340              		.loc 1 53 0
 341 017a BA68     		ldr	r2, [r7, #8]
ARM GAS  C:\Users\lger522\AppData\Local\Temp\ccPMmxfw.s 			page 8


 342 017c 7B68     		ldr	r3, [r7, #4]
 343 017e 9A42     		cmp	r2, r3
 344 0180 33DD     		ble	.L15
  54:motors.c      ****     } else {
 345              		.loc 1 54 0
 346 0182 1F4B     		ldr	r3, .L16+12
 347 0184 1B68     		ldr	r3, [r3]
 348 0186 1846     		mov	r0, r3
 349 0188 FFF7FEFF 		bl	__aeabi_i2d
 350 018c 0446     		mov	r4, r0
 351 018e 0D46     		mov	r5, r1
 352 0190 7868     		ldr	r0, [r7, #4]
 353 0192 FFF7FEFF 		bl	__aeabi_i2d
 354 0196 8046     		mov	r8, r0
 355 0198 8946     		mov	r9, r1
 356 019a B868     		ldr	r0, [r7, #8]
 357 019c FFF7FEFF 		bl	__aeabi_i2d
 358 01a0 0246     		mov	r2, r0
 359 01a2 0B46     		mov	r3, r1
 360 01a4 4046     		mov	r0, r8
 361 01a6 4946     		mov	r1, r9
 362 01a8 FFF7FEFF 		bl	__aeabi_ddiv
 363 01ac 0246     		mov	r2, r0
 364 01ae 0B46     		mov	r3, r1
 365 01b0 4FF00000 		mov	r0, #0
 366 01b4 1049     		ldr	r1, .L16+4
 367 01b6 FFF7FEFF 		bl	__aeabi_dsub
 368 01ba 0246     		mov	r2, r0
 369 01bc 0B46     		mov	r3, r1
 370 01be 1046     		mov	r0, r2
 371 01c0 1946     		mov	r1, r3
 372 01c2 4FF00002 		mov	r2, #0
 373 01c6 0D4B     		ldr	r3, .L16+8
 374 01c8 FFF7FEFF 		bl	__aeabi_dmul
 375 01cc 0246     		mov	r2, r0
 376 01ce 0B46     		mov	r3, r1
 377 01d0 2046     		mov	r0, r4
 378 01d2 2946     		mov	r1, r5
 379 01d4 FFF7FEFF 		bl	__aeabi_dsub
 380 01d8 0346     		mov	r3, r0
 381 01da 0C46     		mov	r4, r1
 382 01dc 1846     		mov	r0, r3
 383 01de 2146     		mov	r1, r4
 384 01e0 FFF7FEFF 		bl	__aeabi_d2iz
 385 01e4 0246     		mov	r2, r0
 386 01e6 064B     		ldr	r3, .L16+12
 387 01e8 1A60     		str	r2, [r3]
 388              	.L15:
 389              		.loc 1 57 0
 390 01ea 00BF     		nop
 391 01ec 1037     		adds	r7, r7, #16
 392              		.cfi_def_cfa_offset 24
 393 01ee BD46     		mov	sp, r7
 394              		.cfi_def_cfa_register 13
 395              		@ sp needed
 396 01f0 BDE8B083 		pop	{r4, r5, r7, r8, r9, pc}
 397              	.L17:
ARM GAS  C:\Users\lger522\AppData\Local\Temp\ccPMmxfw.s 			page 9


 398              		.align	2
 399              	.L16:
 400 01f4 00000000 		.word	currentFLeftSpeed
 401 01f8 0000F03F 		.word	1072693248
 402 01fc 00002440 		.word	1076101120
 403 0200 00000000 		.word	currentFRightSpeed
 404              		.cfi_endproc
 405              	.LFE66:
 406              		.size	updateForwardSpeed, .-updateForwardSpeed
 407              		.section	.text.driveForward,"ax",%progbits
 408              		.align	2
 409              		.global	driveForward
 410              		.thumb
 411              		.thumb_func
 412              		.type	driveForward, %function
 413              	driveForward:
 414              	.LFB67:
  58:motors.c      **** 
  59:motors.c      **** void driveForward(int speedL, int speedR, int targetSpeed) {
 415              		.loc 1 59 0
 416              		.cfi_startproc
 417              		@ args = 0, pretend = 0, frame = 16
 418              		@ frame_needed = 1, uses_anonymous_args = 0
 419 0000 80B5     		push	{r7, lr}
 420              		.cfi_def_cfa_offset 8
 421              		.cfi_offset 7, -8
 422              		.cfi_offset 14, -4
 423 0002 84B0     		sub	sp, sp, #16
 424              		.cfi_def_cfa_offset 24
 425 0004 00AF     		add	r7, sp, #0
 426              		.cfi_def_cfa_register 7
 427 0006 F860     		str	r0, [r7, #12]
 428 0008 B960     		str	r1, [r7, #8]
 429 000a 7A60     		str	r2, [r7, #4]
  60:motors.c      ****     
  61:motors.c      ****     PWM_1_WriteCompare(currentFLeftSpeed); 
 430              		.loc 1 61 0
 431 000c 074B     		ldr	r3, .L19
 432 000e 1B68     		ldr	r3, [r3]
 433 0010 DBB2     		uxtb	r3, r3
 434 0012 1846     		mov	r0, r3
 435 0014 FFF7FEFF 		bl	PWM_1_WriteCompare
  62:motors.c      ****     PWM_2_WriteCompare(currentFRightSpeed);
 436              		.loc 1 62 0
 437 0018 054B     		ldr	r3, .L19+4
 438 001a 1B68     		ldr	r3, [r3]
 439 001c DBB2     		uxtb	r3, r3
 440 001e 1846     		mov	r0, r3
 441 0020 FFF7FEFF 		bl	PWM_2_WriteCompare
  63:motors.c      ****    
  64:motors.c      **** }
 442              		.loc 1 64 0
 443 0024 00BF     		nop
 444 0026 1037     		adds	r7, r7, #16
 445              		.cfi_def_cfa_offset 8
 446 0028 BD46     		mov	sp, r7
 447              		.cfi_def_cfa_register 13
ARM GAS  C:\Users\lger522\AppData\Local\Temp\ccPMmxfw.s 			page 10


 448              		@ sp needed
 449 002a 80BD     		pop	{r7, pc}
 450              	.L20:
 451              		.align	2
 452              	.L19:
 453 002c 00000000 		.word	currentFLeftSpeed
 454 0030 00000000 		.word	currentFRightSpeed
 455              		.cfi_endproc
 456              	.LFE67:
 457              		.size	driveForward, .-driveForward
 458              		.section	.text.stop,"ax",%progbits
 459              		.align	2
 460              		.global	stop
 461              		.thumb
 462              		.thumb_func
 463              		.type	stop, %function
 464              	stop:
 465              	.LFB68:
  65:motors.c      **** 
  66:motors.c      **** void stop() {
 466              		.loc 1 66 0
 467              		.cfi_startproc
 468              		@ args = 0, pretend = 0, frame = 0
 469              		@ frame_needed = 1, uses_anonymous_args = 0
 470 0000 80B5     		push	{r7, lr}
 471              		.cfi_def_cfa_offset 8
 472              		.cfi_offset 7, -8
 473              		.cfi_offset 14, -4
 474 0002 00AF     		add	r7, sp, #0
 475              		.cfi_def_cfa_register 7
  67:motors.c      ****     PWM_1_WriteCompare(125);
 476              		.loc 1 67 0
 477 0004 7D20     		movs	r0, #125
 478 0006 FFF7FEFF 		bl	PWM_1_WriteCompare
  68:motors.c      ****     PWM_2_WriteCompare(125);  
 479              		.loc 1 68 0
 480 000a 7D20     		movs	r0, #125
 481 000c FFF7FEFF 		bl	PWM_2_WriteCompare
  69:motors.c      **** }
 482              		.loc 1 69 0
 483 0010 00BF     		nop
 484 0012 80BD     		pop	{r7, pc}
 485              		.cfi_endproc
 486              	.LFE68:
 487              		.size	stop, .-stop
 488              		.section	.text.adjustLeft,"ax",%progbits
 489              		.align	2
 490              		.global	adjustLeft
 491              		.thumb
 492              		.thumb_func
 493              		.type	adjustLeft, %function
 494              	adjustLeft:
 495              	.LFB69:
  70:motors.c      **** 
  71:motors.c      **** void adjustLeft() {
 496              		.loc 1 71 0
 497              		.cfi_startproc
ARM GAS  C:\Users\lger522\AppData\Local\Temp\ccPMmxfw.s 			page 11


 498              		@ args = 0, pretend = 0, frame = 0
 499              		@ frame_needed = 1, uses_anonymous_args = 0
 500 0000 80B5     		push	{r7, lr}
 501              		.cfi_def_cfa_offset 8
 502              		.cfi_offset 7, -8
 503              		.cfi_offset 14, -4
 504 0002 00AF     		add	r7, sp, #0
 505              		.cfi_def_cfa_register 7
  72:motors.c      ****     PWM_1_WriteCompare(currentFLeftSpeed - 3);
 506              		.loc 1 72 0
 507 0004 084B     		ldr	r3, .L23
 508 0006 1B68     		ldr	r3, [r3]
 509 0008 DBB2     		uxtb	r3, r3
 510 000a 033B     		subs	r3, r3, #3
 511 000c DBB2     		uxtb	r3, r3
 512 000e 1846     		mov	r0, r3
 513 0010 FFF7FEFF 		bl	PWM_1_WriteCompare
  73:motors.c      ****     PWM_2_WriteCompare(currentFRightSpeed + 3);
 514              		.loc 1 73 0
 515 0014 054B     		ldr	r3, .L23+4
 516 0016 1B68     		ldr	r3, [r3]
 517 0018 DBB2     		uxtb	r3, r3
 518 001a 0333     		adds	r3, r3, #3
 519 001c DBB2     		uxtb	r3, r3
 520 001e 1846     		mov	r0, r3
 521 0020 FFF7FEFF 		bl	PWM_2_WriteCompare
  74:motors.c      **** }
 522              		.loc 1 74 0
 523 0024 00BF     		nop
 524 0026 80BD     		pop	{r7, pc}
 525              	.L24:
 526              		.align	2
 527              	.L23:
 528 0028 00000000 		.word	currentFLeftSpeed
 529 002c 00000000 		.word	currentFRightSpeed
 530              		.cfi_endproc
 531              	.LFE69:
 532              		.size	adjustLeft, .-adjustLeft
 533              		.section	.text.adjustRight,"ax",%progbits
 534              		.align	2
 535              		.global	adjustRight
 536              		.thumb
 537              		.thumb_func
 538              		.type	adjustRight, %function
 539              	adjustRight:
 540              	.LFB70:
  75:motors.c      **** 
  76:motors.c      **** void adjustRight() {
 541              		.loc 1 76 0
 542              		.cfi_startproc
 543              		@ args = 0, pretend = 0, frame = 0
 544              		@ frame_needed = 1, uses_anonymous_args = 0
 545 0000 80B5     		push	{r7, lr}
 546              		.cfi_def_cfa_offset 8
 547              		.cfi_offset 7, -8
 548              		.cfi_offset 14, -4
 549 0002 00AF     		add	r7, sp, #0
ARM GAS  C:\Users\lger522\AppData\Local\Temp\ccPMmxfw.s 			page 12


 550              		.cfi_def_cfa_register 7
  77:motors.c      ****     PWM_1_WriteCompare(currentFLeftSpeed + 3);
 551              		.loc 1 77 0
 552 0004 084B     		ldr	r3, .L26
 553 0006 1B68     		ldr	r3, [r3]
 554 0008 DBB2     		uxtb	r3, r3
 555 000a 0333     		adds	r3, r3, #3
 556 000c DBB2     		uxtb	r3, r3
 557 000e 1846     		mov	r0, r3
 558 0010 FFF7FEFF 		bl	PWM_1_WriteCompare
  78:motors.c      ****     PWM_2_WriteCompare(currentFRightSpeed - 3);
 559              		.loc 1 78 0
 560 0014 054B     		ldr	r3, .L26+4
 561 0016 1B68     		ldr	r3, [r3]
 562 0018 DBB2     		uxtb	r3, r3
 563 001a 033B     		subs	r3, r3, #3
 564 001c DBB2     		uxtb	r3, r3
 565 001e 1846     		mov	r0, r3
 566 0020 FFF7FEFF 		bl	PWM_2_WriteCompare
  79:motors.c      **** }
 567              		.loc 1 79 0
 568 0024 00BF     		nop
 569 0026 80BD     		pop	{r7, pc}
 570              	.L27:
 571              		.align	2
 572              	.L26:
 573 0028 00000000 		.word	currentFLeftSpeed
 574 002c 00000000 		.word	currentFRightSpeed
 575              		.cfi_endproc
 576              	.LFE70:
 577              		.size	adjustRight, .-adjustRight
 578              		.section	.text.restoreLeft,"ax",%progbits
 579              		.align	2
 580              		.global	restoreLeft
 581              		.thumb
 582              		.thumb_func
 583              		.type	restoreLeft, %function
 584              	restoreLeft:
 585              	.LFB71:
  80:motors.c      **** 
  81:motors.c      **** void restoreLeft() {
 586              		.loc 1 81 0
 587              		.cfi_startproc
 588              		@ args = 0, pretend = 0, frame = 0
 589              		@ frame_needed = 1, uses_anonymous_args = 0
 590 0000 80B5     		push	{r7, lr}
 591              		.cfi_def_cfa_offset 8
 592              		.cfi_offset 7, -8
 593              		.cfi_offset 14, -4
 594 0002 00AF     		add	r7, sp, #0
 595              		.cfi_def_cfa_register 7
  82:motors.c      ****     // 125 - currentFLeftSpeed - 125
  83:motors.c      ****     PWM_1_WriteCompare(125 - (currentFLeftSpeed - 125) - 1);
 596              		.loc 1 83 0
 597 0004 0A4B     		ldr	r3, .L29
 598 0006 1B68     		ldr	r3, [r3]
 599 0008 DAB2     		uxtb	r2, r3
ARM GAS  C:\Users\lger522\AppData\Local\Temp\ccPMmxfw.s 			page 13


 600 000a 6FF00603 		mvn	r3, #6
 601 000e 9B1A     		subs	r3, r3, r2
 602 0010 DBB2     		uxtb	r3, r3
 603 0012 1846     		mov	r0, r3
 604 0014 FFF7FEFF 		bl	PWM_1_WriteCompare
  84:motors.c      ****     PWM_2_WriteCompare(125 - (currentFLeftSpeed - 125) + 1);
 605              		.loc 1 84 0
 606 0018 054B     		ldr	r3, .L29
 607 001a 1B68     		ldr	r3, [r3]
 608 001c DAB2     		uxtb	r2, r3
 609 001e 6FF00403 		mvn	r3, #4
 610 0022 9B1A     		subs	r3, r3, r2
 611 0024 DBB2     		uxtb	r3, r3
 612 0026 1846     		mov	r0, r3
 613 0028 FFF7FEFF 		bl	PWM_2_WriteCompare
  85:motors.c      **** }
 614              		.loc 1 85 0
 615 002c 00BF     		nop
 616 002e 80BD     		pop	{r7, pc}
 617              	.L30:
 618              		.align	2
 619              	.L29:
 620 0030 00000000 		.word	currentFLeftSpeed
 621              		.cfi_endproc
 622              	.LFE71:
 623              		.size	restoreLeft, .-restoreLeft
 624              		.section	.text.restoreRight,"ax",%progbits
 625              		.align	2
 626              		.global	restoreRight
 627              		.thumb
 628              		.thumb_func
 629              		.type	restoreRight, %function
 630              	restoreRight:
 631              	.LFB72:
  86:motors.c      **** 
  87:motors.c      **** void restoreRight() {
 632              		.loc 1 87 0
 633              		.cfi_startproc
 634              		@ args = 0, pretend = 0, frame = 0
 635              		@ frame_needed = 1, uses_anonymous_args = 0
 636 0000 80B5     		push	{r7, lr}
 637              		.cfi_def_cfa_offset 8
 638              		.cfi_offset 7, -8
 639              		.cfi_offset 14, -4
 640 0002 00AF     		add	r7, sp, #0
 641              		.cfi_def_cfa_register 7
  88:motors.c      ****     PWM_1_WriteCompare(125 - (currentFLeftSpeed - 125) + 1);
 642              		.loc 1 88 0
 643 0004 0A4B     		ldr	r3, .L32
 644 0006 1B68     		ldr	r3, [r3]
 645 0008 DAB2     		uxtb	r2, r3
 646 000a 6FF00403 		mvn	r3, #4
 647 000e 9B1A     		subs	r3, r3, r2
 648 0010 DBB2     		uxtb	r3, r3
 649 0012 1846     		mov	r0, r3
 650 0014 FFF7FEFF 		bl	PWM_1_WriteCompare
  89:motors.c      ****     PWM_2_WriteCompare(125 - (currentFLeftSpeed - 125) - 1);
ARM GAS  C:\Users\lger522\AppData\Local\Temp\ccPMmxfw.s 			page 14


 651              		.loc 1 89 0
 652 0018 054B     		ldr	r3, .L32
 653 001a 1B68     		ldr	r3, [r3]
 654 001c DAB2     		uxtb	r2, r3
 655 001e 6FF00603 		mvn	r3, #6
 656 0022 9B1A     		subs	r3, r3, r2
 657 0024 DBB2     		uxtb	r3, r3
 658 0026 1846     		mov	r0, r3
 659 0028 FFF7FEFF 		bl	PWM_2_WriteCompare
  90:motors.c      **** }
 660              		.loc 1 90 0
 661 002c 00BF     		nop
 662 002e 80BD     		pop	{r7, pc}
 663              	.L33:
 664              		.align	2
 665              	.L32:
 666 0030 00000000 		.word	currentFLeftSpeed
 667              		.cfi_endproc
 668              	.LFE72:
 669              		.size	restoreRight, .-restoreRight
 670              		.section	.text.turnLeft,"ax",%progbits
 671              		.align	2
 672              		.global	turnLeft
 673              		.thumb
 674              		.thumb_func
 675              		.type	turnLeft, %function
 676              	turnLeft:
 677              	.LFB73:
  91:motors.c      **** 
  92:motors.c      **** void turnLeft() {
 678              		.loc 1 92 0
 679              		.cfi_startproc
 680              		@ args = 0, pretend = 0, frame = 0
 681              		@ frame_needed = 1, uses_anonymous_args = 0
 682 0000 80B5     		push	{r7, lr}
 683              		.cfi_def_cfa_offset 8
 684              		.cfi_offset 7, -8
 685              		.cfi_offset 14, -4
 686 0002 00AF     		add	r7, sp, #0
 687              		.cfi_def_cfa_register 7
  93:motors.c      ****     PWM_1_WriteCompare(85);
 688              		.loc 1 93 0
 689 0004 5520     		movs	r0, #85
 690 0006 FFF7FEFF 		bl	PWM_1_WriteCompare
  94:motors.c      ****     PWM_2_WriteCompare(165);
 691              		.loc 1 94 0
 692 000a A520     		movs	r0, #165
 693 000c FFF7FEFF 		bl	PWM_2_WriteCompare
  95:motors.c      ****     
  96:motors.c      **** }
 694              		.loc 1 96 0
 695 0010 00BF     		nop
 696 0012 80BD     		pop	{r7, pc}
 697              		.cfi_endproc
 698              	.LFE73:
 699              		.size	turnLeft, .-turnLeft
 700              		.section	.text.turnRight,"ax",%progbits
ARM GAS  C:\Users\lger522\AppData\Local\Temp\ccPMmxfw.s 			page 15


 701              		.align	2
 702              		.global	turnRight
 703              		.thumb
 704              		.thumb_func
 705              		.type	turnRight, %function
 706              	turnRight:
 707              	.LFB74:
  97:motors.c      **** 
  98:motors.c      **** void turnRight() {
 708              		.loc 1 98 0
 709              		.cfi_startproc
 710              		@ args = 0, pretend = 0, frame = 0
 711              		@ frame_needed = 1, uses_anonymous_args = 0
 712 0000 80B5     		push	{r7, lr}
 713              		.cfi_def_cfa_offset 8
 714              		.cfi_offset 7, -8
 715              		.cfi_offset 14, -4
 716 0002 00AF     		add	r7, sp, #0
 717              		.cfi_def_cfa_register 7
  99:motors.c      ****     PWM_1_WriteCompare(165); 
 718              		.loc 1 99 0
 719 0004 A520     		movs	r0, #165
 720 0006 FFF7FEFF 		bl	PWM_1_WriteCompare
 100:motors.c      ****     PWM_2_WriteCompare(85);
 721              		.loc 1 100 0
 722 000a 5520     		movs	r0, #85
 723 000c FFF7FEFF 		bl	PWM_2_WriteCompare
 101:motors.c      **** }
 724              		.loc 1 101 0
 725 0010 00BF     		nop
 726 0012 80BD     		pop	{r7, pc}
 727              		.cfi_endproc
 728              	.LFE74:
 729              		.size	turnRight, .-turnRight
 730              		.section	.text.reverse,"ax",%progbits
 731              		.align	2
 732              		.global	reverse
 733              		.thumb
 734              		.thumb_func
 735              		.type	reverse, %function
 736              	reverse:
 737              	.LFB75:
 102:motors.c      **** 
 103:motors.c      **** void reverse() {
 738              		.loc 1 103 0
 739              		.cfi_startproc
 740              		@ args = 0, pretend = 0, frame = 0
 741              		@ frame_needed = 1, uses_anonymous_args = 0
 742 0000 80B5     		push	{r7, lr}
 743              		.cfi_def_cfa_offset 8
 744              		.cfi_offset 7, -8
 745              		.cfi_offset 14, -4
 746 0002 00AF     		add	r7, sp, #0
 747              		.cfi_def_cfa_register 7
 104:motors.c      ****     PWM_1_WriteCompare(125);
 748              		.loc 1 104 0
 749 0004 7D20     		movs	r0, #125
ARM GAS  C:\Users\lger522\AppData\Local\Temp\ccPMmxfw.s 			page 16


 750 0006 FFF7FEFF 		bl	PWM_1_WriteCompare
 105:motors.c      ****     PWM_2_WriteCompare(125);
 751              		.loc 1 105 0
 752 000a 7D20     		movs	r0, #125
 753 000c FFF7FEFF 		bl	PWM_2_WriteCompare
 106:motors.c      ****     //PWM_1_WriteCompare(125 - (currentFLeftSpeed - 125));
 107:motors.c      ****     //PWM_2_WriteCompare(125 - (currentFRightSpeed - 125));
 108:motors.c      **** }
 754              		.loc 1 108 0
 755 0010 00BF     		nop
 756 0012 80BD     		pop	{r7, pc}
 757              		.cfi_endproc
 758              	.LFE75:
 759              		.size	reverse, .-reverse
 760              		.text
 761              	.Letext0:
 762              		.file 2 "c:\\program files (x86)\\cypress\\psoc creator\\4.2\\psoc creator\\import\\gnu\\arm\\5.4.
 763              		.file 3 "c:\\program files (x86)\\cypress\\psoc creator\\4.2\\psoc creator\\import\\gnu\\arm\\5.4.
 764              		.file 4 "Generated_Source\\PSoC5/core_cm3.h"
 765              		.section	.debug_info,"",%progbits
 766              	.Ldebug_info0:
 767 0000 1C020000 		.4byte	0x21c
 768 0004 0400     		.2byte	0x4
 769 0006 00000000 		.4byte	.Ldebug_abbrev0
 770 000a 04       		.byte	0x4
 771 000b 01       		.uleb128 0x1
 772 000c 0C000000 		.4byte	.LASF35
 773 0010 0C       		.byte	0xc
 774 0011 BE010000 		.4byte	.LASF36
 775 0015 B9000000 		.4byte	.LASF37
 776 0019 00000000 		.4byte	.Ldebug_ranges0+0
 777 001d 00000000 		.4byte	0
 778 0021 00000000 		.4byte	.Ldebug_line0
 779 0025 02       		.uleb128 0x2
 780 0026 01       		.byte	0x1
 781 0027 06       		.byte	0x6
 782 0028 75020000 		.4byte	.LASF0
 783 002c 02       		.uleb128 0x2
 784 002d 01       		.byte	0x1
 785 002e 08       		.byte	0x8
 786 002f 35010000 		.4byte	.LASF1
 787 0033 02       		.uleb128 0x2
 788 0034 02       		.byte	0x2
 789 0035 05       		.byte	0x5
 790 0036 56020000 		.4byte	.LASF2
 791 003a 02       		.uleb128 0x2
 792 003b 02       		.byte	0x2
 793 003c 07       		.byte	0x7
 794 003d 58010000 		.4byte	.LASF3
 795 0041 03       		.uleb128 0x3
 796 0042 14010000 		.4byte	.LASF9
 797 0046 02       		.byte	0x2
 798 0047 3F       		.byte	0x3f
 799 0048 4C000000 		.4byte	0x4c
 800 004c 02       		.uleb128 0x2
 801 004d 04       		.byte	0x4
 802 004e 05       		.byte	0x5
ARM GAS  C:\Users\lger522\AppData\Local\Temp\ccPMmxfw.s 			page 17


 803 004f 60020000 		.4byte	.LASF4
 804 0053 02       		.uleb128 0x2
 805 0054 04       		.byte	0x4
 806 0055 07       		.byte	0x7
 807 0056 96010000 		.4byte	.LASF5
 808 005a 02       		.uleb128 0x2
 809 005b 08       		.byte	0x8
 810 005c 05       		.byte	0x5
 811 005d 25020000 		.4byte	.LASF6
 812 0061 02       		.uleb128 0x2
 813 0062 08       		.byte	0x8
 814 0063 07       		.byte	0x7
 815 0064 D4010000 		.4byte	.LASF7
 816 0068 04       		.uleb128 0x4
 817 0069 04       		.byte	0x4
 818 006a 05       		.byte	0x5
 819 006b 696E7400 		.ascii	"int\000"
 820 006f 02       		.uleb128 0x2
 821 0070 04       		.byte	0x4
 822 0071 07       		.byte	0x7
 823 0072 C7010000 		.4byte	.LASF8
 824 0076 03       		.uleb128 0x3
 825 0077 14020000 		.4byte	.LASF10
 826 007b 03       		.byte	0x3
 827 007c 2C       		.byte	0x2c
 828 007d 41000000 		.4byte	0x41
 829 0081 02       		.uleb128 0x2
 830 0082 04       		.byte	0x4
 831 0083 04       		.byte	0x4
 832 0084 2F010000 		.4byte	.LASF11
 833 0088 02       		.uleb128 0x2
 834 0089 08       		.byte	0x8
 835 008a 04       		.byte	0x4
 836 008b 28010000 		.4byte	.LASF12
 837 008f 02       		.uleb128 0x2
 838 0090 01       		.byte	0x1
 839 0091 08       		.byte	0x8
 840 0092 33020000 		.4byte	.LASF13
 841 0096 02       		.uleb128 0x2
 842 0097 08       		.byte	0x8
 843 0098 04       		.byte	0x4
 844 0099 69020000 		.4byte	.LASF14
 845 009d 02       		.uleb128 0x2
 846 009e 04       		.byte	0x4
 847 009f 07       		.byte	0x7
 848 00a0 1C020000 		.4byte	.LASF15
 849 00a4 05       		.uleb128 0x5
 850 00a5 A8010000 		.4byte	.LASF23
 851 00a9 01       		.byte	0x1
 852 00aa 14       		.byte	0x14
 853 00ab 00000000 		.4byte	.LFB63
 854 00af 1C000000 		.4byte	.LFE63-.LFB63
 855 00b3 01       		.uleb128 0x1
 856 00b4 9C       		.byte	0x9c
 857 00b5 06       		.uleb128 0x6
 858 00b6 38020000 		.4byte	.LASF16
 859 00ba 01       		.byte	0x1
ARM GAS  C:\Users\lger522\AppData\Local\Temp\ccPMmxfw.s 			page 18


 860 00bb 1C       		.byte	0x1c
 861 00bc 68000000 		.4byte	0x68
 862 00c0 00000000 		.4byte	.LFB64
 863 00c4 14000000 		.4byte	.LFE64-.LFB64
 864 00c8 01       		.uleb128 0x1
 865 00c9 9C       		.byte	0x9c
 866 00ca 06       		.uleb128 0x6
 867 00cb 81020000 		.4byte	.LASF17
 868 00cf 01       		.byte	0x1
 869 00d0 20       		.byte	0x20
 870 00d1 68000000 		.4byte	0x68
 871 00d5 00000000 		.4byte	.LFB65
 872 00d9 14000000 		.4byte	.LFE65-.LFB65
 873 00dd 01       		.uleb128 0x1
 874 00de 9C       		.byte	0x9c
 875 00df 07       		.uleb128 0x7
 876 00e0 43020000 		.4byte	.LASF21
 877 00e4 01       		.byte	0x1
 878 00e5 24       		.byte	0x24
 879 00e6 00000000 		.4byte	.LFB66
 880 00ea 04020000 		.4byte	.LFE66-.LFB66
 881 00ee 01       		.uleb128 0x1
 882 00ef 9C       		.byte	0x9c
 883 00f0 1F010000 		.4byte	0x11f
 884 00f4 08       		.uleb128 0x8
 885 00f5 EB010000 		.4byte	.LASF18
 886 00f9 01       		.byte	0x1
 887 00fa 24       		.byte	0x24
 888 00fb 68000000 		.4byte	0x68
 889 00ff 02       		.uleb128 0x2
 890 0100 91       		.byte	0x91
 891 0101 64       		.sleb128 -28
 892 0102 08       		.uleb128 0x8
 893 0103 04020000 		.4byte	.LASF19
 894 0107 01       		.byte	0x1
 895 0108 24       		.byte	0x24
 896 0109 68000000 		.4byte	0x68
 897 010d 02       		.uleb128 0x2
 898 010e 91       		.byte	0x91
 899 010f 60       		.sleb128 -32
 900 0110 08       		.uleb128 0x8
 901 0111 6B010000 		.4byte	.LASF20
 902 0115 01       		.byte	0x1
 903 0116 24       		.byte	0x24
 904 0117 68000000 		.4byte	0x68
 905 011b 02       		.uleb128 0x2
 906 011c 91       		.byte	0x91
 907 011d 5C       		.sleb128 -36
 908 011e 00       		.byte	0
 909 011f 07       		.uleb128 0x7
 910 0120 77010000 		.4byte	.LASF22
 911 0124 01       		.byte	0x1
 912 0125 3B       		.byte	0x3b
 913 0126 00000000 		.4byte	.LFB67
 914 012a 34000000 		.4byte	.LFE67-.LFB67
 915 012e 01       		.uleb128 0x1
 916 012f 9C       		.byte	0x9c
ARM GAS  C:\Users\lger522\AppData\Local\Temp\ccPMmxfw.s 			page 19


 917 0130 5F010000 		.4byte	0x15f
 918 0134 08       		.uleb128 0x8
 919 0135 EB010000 		.4byte	.LASF18
 920 0139 01       		.byte	0x1
 921 013a 3B       		.byte	0x3b
 922 013b 68000000 		.4byte	0x68
 923 013f 02       		.uleb128 0x2
 924 0140 91       		.byte	0x91
 925 0141 74       		.sleb128 -12
 926 0142 08       		.uleb128 0x8
 927 0143 04020000 		.4byte	.LASF19
 928 0147 01       		.byte	0x1
 929 0148 3B       		.byte	0x3b
 930 0149 68000000 		.4byte	0x68
 931 014d 02       		.uleb128 0x2
 932 014e 91       		.byte	0x91
 933 014f 70       		.sleb128 -16
 934 0150 08       		.uleb128 0x8
 935 0151 6B010000 		.4byte	.LASF20
 936 0155 01       		.byte	0x1
 937 0156 3B       		.byte	0x3b
 938 0157 68000000 		.4byte	0x68
 939 015b 02       		.uleb128 0x2
 940 015c 91       		.byte	0x91
 941 015d 6C       		.sleb128 -20
 942 015e 00       		.byte	0
 943 015f 05       		.uleb128 0x5
 944 0160 84010000 		.4byte	.LASF24
 945 0164 01       		.byte	0x1
 946 0165 42       		.byte	0x42
 947 0166 00000000 		.4byte	.LFB68
 948 016a 14000000 		.4byte	.LFE68-.LFB68
 949 016e 01       		.uleb128 0x1
 950 016f 9C       		.byte	0x9c
 951 0170 05       		.uleb128 0x5
 952 0171 B3010000 		.4byte	.LASF25
 953 0175 01       		.byte	0x1
 954 0176 47       		.byte	0x47
 955 0177 00000000 		.4byte	.LFB69
 956 017b 30000000 		.4byte	.LFE69-.LFB69
 957 017f 01       		.uleb128 0x1
 958 0180 9C       		.byte	0x9c
 959 0181 05       		.uleb128 0x5
 960 0182 00000000 		.4byte	.LASF26
 961 0186 01       		.byte	0x1
 962 0187 4C       		.byte	0x4c
 963 0188 00000000 		.4byte	.LFB70
 964 018c 30000000 		.4byte	.LFE70-.LFB70
 965 0190 01       		.uleb128 0x1
 966 0191 9C       		.byte	0x9c
 967 0192 05       		.uleb128 0x5
 968 0193 AD000000 		.4byte	.LASF27
 969 0197 01       		.byte	0x1
 970 0198 51       		.byte	0x51
 971 0199 00000000 		.4byte	.LFB71
 972 019d 34000000 		.4byte	.LFE71-.LFB71
 973 01a1 01       		.uleb128 0x1
ARM GAS  C:\Users\lger522\AppData\Local\Temp\ccPMmxfw.s 			page 20


 974 01a2 9C       		.byte	0x9c
 975 01a3 05       		.uleb128 0x5
 976 01a4 4B010000 		.4byte	.LASF28
 977 01a8 01       		.byte	0x1
 978 01a9 57       		.byte	0x57
 979 01aa 00000000 		.4byte	.LFB72
 980 01ae 34000000 		.4byte	.LFE72-.LFB72
 981 01b2 01       		.uleb128 0x1
 982 01b3 9C       		.byte	0x9c
 983 01b4 05       		.uleb128 0x5
 984 01b5 0B020000 		.4byte	.LASF29
 985 01b9 01       		.byte	0x1
 986 01ba 5C       		.byte	0x5c
 987 01bb 00000000 		.4byte	.LFB73
 988 01bf 14000000 		.4byte	.LFE73-.LFB73
 989 01c3 01       		.uleb128 0x1
 990 01c4 9C       		.byte	0x9c
 991 01c5 05       		.uleb128 0x5
 992 01c6 1E010000 		.4byte	.LASF30
 993 01ca 01       		.byte	0x1
 994 01cb 62       		.byte	0x62
 995 01cc 00000000 		.4byte	.LFB74
 996 01d0 14000000 		.4byte	.LFE74-.LFB74
 997 01d4 01       		.uleb128 0x1
 998 01d5 9C       		.byte	0x9c
 999 01d6 05       		.uleb128 0x5
 1000 01d7 43010000 		.4byte	.LASF31
 1001 01db 01       		.byte	0x1
 1002 01dc 67       		.byte	0x67
 1003 01dd 00000000 		.4byte	.LFB75
 1004 01e1 14000000 		.4byte	.LFE75-.LFB75
 1005 01e5 01       		.uleb128 0x1
 1006 01e6 9C       		.byte	0x9c
 1007 01e7 09       		.uleb128 0x9
 1008 01e8 89010000 		.4byte	.LASF32
 1009 01ec 04       		.byte	0x4
 1010 01ed 1207     		.2byte	0x712
 1011 01ef F3010000 		.4byte	0x1f3
 1012 01f3 0A       		.uleb128 0xa
 1013 01f4 76000000 		.4byte	0x76
 1014 01f8 0B       		.uleb128 0xb
 1015 01f9 F2010000 		.4byte	.LASF33
 1016 01fd 01       		.byte	0x1
 1017 01fe 10       		.byte	0x10
 1018 01ff 09020000 		.4byte	0x209
 1019 0203 05       		.uleb128 0x5
 1020 0204 03       		.byte	0x3
 1021 0205 00000000 		.4byte	currentFLeftSpeed
 1022 0209 0A       		.uleb128 0xa
 1023 020a 68000000 		.4byte	0x68
 1024 020e 0B       		.uleb128 0xb
 1025 020f 9A000000 		.4byte	.LASF34
 1026 0213 01       		.byte	0x1
 1027 0214 11       		.byte	0x11
 1028 0215 09020000 		.4byte	0x209
 1029 0219 05       		.uleb128 0x5
 1030 021a 03       		.byte	0x3
ARM GAS  C:\Users\lger522\AppData\Local\Temp\ccPMmxfw.s 			page 21


 1031 021b 00000000 		.4byte	currentFRightSpeed
 1032 021f 00       		.byte	0
 1033              		.section	.debug_abbrev,"",%progbits
 1034              	.Ldebug_abbrev0:
 1035 0000 01       		.uleb128 0x1
 1036 0001 11       		.uleb128 0x11
 1037 0002 01       		.byte	0x1
 1038 0003 25       		.uleb128 0x25
 1039 0004 0E       		.uleb128 0xe
 1040 0005 13       		.uleb128 0x13
 1041 0006 0B       		.uleb128 0xb
 1042 0007 03       		.uleb128 0x3
 1043 0008 0E       		.uleb128 0xe
 1044 0009 1B       		.uleb128 0x1b
 1045 000a 0E       		.uleb128 0xe
 1046 000b 55       		.uleb128 0x55
 1047 000c 17       		.uleb128 0x17
 1048 000d 11       		.uleb128 0x11
 1049 000e 01       		.uleb128 0x1
 1050 000f 10       		.uleb128 0x10
 1051 0010 17       		.uleb128 0x17
 1052 0011 00       		.byte	0
 1053 0012 00       		.byte	0
 1054 0013 02       		.uleb128 0x2
 1055 0014 24       		.uleb128 0x24
 1056 0015 00       		.byte	0
 1057 0016 0B       		.uleb128 0xb
 1058 0017 0B       		.uleb128 0xb
 1059 0018 3E       		.uleb128 0x3e
 1060 0019 0B       		.uleb128 0xb
 1061 001a 03       		.uleb128 0x3
 1062 001b 0E       		.uleb128 0xe
 1063 001c 00       		.byte	0
 1064 001d 00       		.byte	0
 1065 001e 03       		.uleb128 0x3
 1066 001f 16       		.uleb128 0x16
 1067 0020 00       		.byte	0
 1068 0021 03       		.uleb128 0x3
 1069 0022 0E       		.uleb128 0xe
 1070 0023 3A       		.uleb128 0x3a
 1071 0024 0B       		.uleb128 0xb
 1072 0025 3B       		.uleb128 0x3b
 1073 0026 0B       		.uleb128 0xb
 1074 0027 49       		.uleb128 0x49
 1075 0028 13       		.uleb128 0x13
 1076 0029 00       		.byte	0
 1077 002a 00       		.byte	0
 1078 002b 04       		.uleb128 0x4
 1079 002c 24       		.uleb128 0x24
 1080 002d 00       		.byte	0
 1081 002e 0B       		.uleb128 0xb
 1082 002f 0B       		.uleb128 0xb
 1083 0030 3E       		.uleb128 0x3e
 1084 0031 0B       		.uleb128 0xb
 1085 0032 03       		.uleb128 0x3
 1086 0033 08       		.uleb128 0x8
 1087 0034 00       		.byte	0
ARM GAS  C:\Users\lger522\AppData\Local\Temp\ccPMmxfw.s 			page 22


 1088 0035 00       		.byte	0
 1089 0036 05       		.uleb128 0x5
 1090 0037 2E       		.uleb128 0x2e
 1091 0038 00       		.byte	0
 1092 0039 3F       		.uleb128 0x3f
 1093 003a 19       		.uleb128 0x19
 1094 003b 03       		.uleb128 0x3
 1095 003c 0E       		.uleb128 0xe
 1096 003d 3A       		.uleb128 0x3a
 1097 003e 0B       		.uleb128 0xb
 1098 003f 3B       		.uleb128 0x3b
 1099 0040 0B       		.uleb128 0xb
 1100 0041 11       		.uleb128 0x11
 1101 0042 01       		.uleb128 0x1
 1102 0043 12       		.uleb128 0x12
 1103 0044 06       		.uleb128 0x6
 1104 0045 40       		.uleb128 0x40
 1105 0046 18       		.uleb128 0x18
 1106 0047 9642     		.uleb128 0x2116
 1107 0049 19       		.uleb128 0x19
 1108 004a 00       		.byte	0
 1109 004b 00       		.byte	0
 1110 004c 06       		.uleb128 0x6
 1111 004d 2E       		.uleb128 0x2e
 1112 004e 00       		.byte	0
 1113 004f 3F       		.uleb128 0x3f
 1114 0050 19       		.uleb128 0x19
 1115 0051 03       		.uleb128 0x3
 1116 0052 0E       		.uleb128 0xe
 1117 0053 3A       		.uleb128 0x3a
 1118 0054 0B       		.uleb128 0xb
 1119 0055 3B       		.uleb128 0x3b
 1120 0056 0B       		.uleb128 0xb
 1121 0057 27       		.uleb128 0x27
 1122 0058 19       		.uleb128 0x19
 1123 0059 49       		.uleb128 0x49
 1124 005a 13       		.uleb128 0x13
 1125 005b 11       		.uleb128 0x11
 1126 005c 01       		.uleb128 0x1
 1127 005d 12       		.uleb128 0x12
 1128 005e 06       		.uleb128 0x6
 1129 005f 40       		.uleb128 0x40
 1130 0060 18       		.uleb128 0x18
 1131 0061 9742     		.uleb128 0x2117
 1132 0063 19       		.uleb128 0x19
 1133 0064 00       		.byte	0
 1134 0065 00       		.byte	0
 1135 0066 07       		.uleb128 0x7
 1136 0067 2E       		.uleb128 0x2e
 1137 0068 01       		.byte	0x1
 1138 0069 3F       		.uleb128 0x3f
 1139 006a 19       		.uleb128 0x19
 1140 006b 03       		.uleb128 0x3
 1141 006c 0E       		.uleb128 0xe
 1142 006d 3A       		.uleb128 0x3a
 1143 006e 0B       		.uleb128 0xb
 1144 006f 3B       		.uleb128 0x3b
ARM GAS  C:\Users\lger522\AppData\Local\Temp\ccPMmxfw.s 			page 23


 1145 0070 0B       		.uleb128 0xb
 1146 0071 27       		.uleb128 0x27
 1147 0072 19       		.uleb128 0x19
 1148 0073 11       		.uleb128 0x11
 1149 0074 01       		.uleb128 0x1
 1150 0075 12       		.uleb128 0x12
 1151 0076 06       		.uleb128 0x6
 1152 0077 40       		.uleb128 0x40
 1153 0078 18       		.uleb128 0x18
 1154 0079 9642     		.uleb128 0x2116
 1155 007b 19       		.uleb128 0x19
 1156 007c 01       		.uleb128 0x1
 1157 007d 13       		.uleb128 0x13
 1158 007e 00       		.byte	0
 1159 007f 00       		.byte	0
 1160 0080 08       		.uleb128 0x8
 1161 0081 05       		.uleb128 0x5
 1162 0082 00       		.byte	0
 1163 0083 03       		.uleb128 0x3
 1164 0084 0E       		.uleb128 0xe
 1165 0085 3A       		.uleb128 0x3a
 1166 0086 0B       		.uleb128 0xb
 1167 0087 3B       		.uleb128 0x3b
 1168 0088 0B       		.uleb128 0xb
 1169 0089 49       		.uleb128 0x49
 1170 008a 13       		.uleb128 0x13
 1171 008b 02       		.uleb128 0x2
 1172 008c 18       		.uleb128 0x18
 1173 008d 00       		.byte	0
 1174 008e 00       		.byte	0
 1175 008f 09       		.uleb128 0x9
 1176 0090 34       		.uleb128 0x34
 1177 0091 00       		.byte	0
 1178 0092 03       		.uleb128 0x3
 1179 0093 0E       		.uleb128 0xe
 1180 0094 3A       		.uleb128 0x3a
 1181 0095 0B       		.uleb128 0xb
 1182 0096 3B       		.uleb128 0x3b
 1183 0097 05       		.uleb128 0x5
 1184 0098 49       		.uleb128 0x49
 1185 0099 13       		.uleb128 0x13
 1186 009a 3F       		.uleb128 0x3f
 1187 009b 19       		.uleb128 0x19
 1188 009c 3C       		.uleb128 0x3c
 1189 009d 19       		.uleb128 0x19
 1190 009e 00       		.byte	0
 1191 009f 00       		.byte	0
 1192 00a0 0A       		.uleb128 0xa
 1193 00a1 35       		.uleb128 0x35
 1194 00a2 00       		.byte	0
 1195 00a3 49       		.uleb128 0x49
 1196 00a4 13       		.uleb128 0x13
 1197 00a5 00       		.byte	0
 1198 00a6 00       		.byte	0
 1199 00a7 0B       		.uleb128 0xb
 1200 00a8 34       		.uleb128 0x34
 1201 00a9 00       		.byte	0
ARM GAS  C:\Users\lger522\AppData\Local\Temp\ccPMmxfw.s 			page 24


 1202 00aa 03       		.uleb128 0x3
 1203 00ab 0E       		.uleb128 0xe
 1204 00ac 3A       		.uleb128 0x3a
 1205 00ad 0B       		.uleb128 0xb
 1206 00ae 3B       		.uleb128 0x3b
 1207 00af 0B       		.uleb128 0xb
 1208 00b0 49       		.uleb128 0x49
 1209 00b1 13       		.uleb128 0x13
 1210 00b2 3F       		.uleb128 0x3f
 1211 00b3 19       		.uleb128 0x19
 1212 00b4 02       		.uleb128 0x2
 1213 00b5 18       		.uleb128 0x18
 1214 00b6 00       		.byte	0
 1215 00b7 00       		.byte	0
 1216 00b8 00       		.byte	0
 1217              		.section	.debug_aranges,"",%progbits
 1218 0000 7C000000 		.4byte	0x7c
 1219 0004 0200     		.2byte	0x2
 1220 0006 00000000 		.4byte	.Ldebug_info0
 1221 000a 04       		.byte	0x4
 1222 000b 00       		.byte	0
 1223 000c 0000     		.2byte	0
 1224 000e 0000     		.2byte	0
 1225 0010 00000000 		.4byte	.LFB63
 1226 0014 1C000000 		.4byte	.LFE63-.LFB63
 1227 0018 00000000 		.4byte	.LFB64
 1228 001c 14000000 		.4byte	.LFE64-.LFB64
 1229 0020 00000000 		.4byte	.LFB65
 1230 0024 14000000 		.4byte	.LFE65-.LFB65
 1231 0028 00000000 		.4byte	.LFB66
 1232 002c 04020000 		.4byte	.LFE66-.LFB66
 1233 0030 00000000 		.4byte	.LFB67
 1234 0034 34000000 		.4byte	.LFE67-.LFB67
 1235 0038 00000000 		.4byte	.LFB68
 1236 003c 14000000 		.4byte	.LFE68-.LFB68
 1237 0040 00000000 		.4byte	.LFB69
 1238 0044 30000000 		.4byte	.LFE69-.LFB69
 1239 0048 00000000 		.4byte	.LFB70
 1240 004c 30000000 		.4byte	.LFE70-.LFB70
 1241 0050 00000000 		.4byte	.LFB71
 1242 0054 34000000 		.4byte	.LFE71-.LFB71
 1243 0058 00000000 		.4byte	.LFB72
 1244 005c 34000000 		.4byte	.LFE72-.LFB72
 1245 0060 00000000 		.4byte	.LFB73
 1246 0064 14000000 		.4byte	.LFE73-.LFB73
 1247 0068 00000000 		.4byte	.LFB74
 1248 006c 14000000 		.4byte	.LFE74-.LFB74
 1249 0070 00000000 		.4byte	.LFB75
 1250 0074 14000000 		.4byte	.LFE75-.LFB75
 1251 0078 00000000 		.4byte	0
 1252 007c 00000000 		.4byte	0
 1253              		.section	.debug_ranges,"",%progbits
 1254              	.Ldebug_ranges0:
 1255 0000 00000000 		.4byte	.LFB63
 1256 0004 1C000000 		.4byte	.LFE63
 1257 0008 00000000 		.4byte	.LFB64
 1258 000c 14000000 		.4byte	.LFE64
ARM GAS  C:\Users\lger522\AppData\Local\Temp\ccPMmxfw.s 			page 25


 1259 0010 00000000 		.4byte	.LFB65
 1260 0014 14000000 		.4byte	.LFE65
 1261 0018 00000000 		.4byte	.LFB66
 1262 001c 04020000 		.4byte	.LFE66
 1263 0020 00000000 		.4byte	.LFB67
 1264 0024 34000000 		.4byte	.LFE67
 1265 0028 00000000 		.4byte	.LFB68
 1266 002c 14000000 		.4byte	.LFE68
 1267 0030 00000000 		.4byte	.LFB69
 1268 0034 30000000 		.4byte	.LFE69
 1269 0038 00000000 		.4byte	.LFB70
 1270 003c 30000000 		.4byte	.LFE70
 1271 0040 00000000 		.4byte	.LFB71
 1272 0044 34000000 		.4byte	.LFE71
 1273 0048 00000000 		.4byte	.LFB72
 1274 004c 34000000 		.4byte	.LFE72
 1275 0050 00000000 		.4byte	.LFB73
 1276 0054 14000000 		.4byte	.LFE73
 1277 0058 00000000 		.4byte	.LFB74
 1278 005c 14000000 		.4byte	.LFE74
 1279 0060 00000000 		.4byte	.LFB75
 1280 0064 14000000 		.4byte	.LFE75
 1281 0068 00000000 		.4byte	0
 1282 006c 00000000 		.4byte	0
 1283              		.section	.debug_line,"",%progbits
 1284              	.Ldebug_line0:
 1285 0000 58020000 		.section	.debug_str,"MS",%progbits,1
 1285      02004101 
 1285      00000201 
 1285      FB0E0D00 
 1285      01010101 
 1286              	.LASF26:
 1287 0000 61646A75 		.ascii	"adjustRight\000"
 1287      73745269 
 1287      67687400 
 1288              	.LASF35:
 1289 000c 474E5520 		.ascii	"GNU C11 5.4.1 20160609 (release) [ARM/embedded-5-br"
 1289      43313120 
 1289      352E342E 
 1289      31203230 
 1289      31363036 
 1290 003f 616E6368 		.ascii	"anch revision 237715] -mcpu=cortex-m3 -mthumb -g -O"
 1290      20726576 
 1290      6973696F 
 1290      6E203233 
 1290      37373135 
 1291 0072 30202D66 		.ascii	"0 -ffunction-sections -ffat-lto-objects\000"
 1291      66756E63 
 1291      74696F6E 
 1291      2D736563 
 1291      74696F6E 
 1292              	.LASF34:
 1293 009a 63757272 		.ascii	"currentFRightSpeed\000"
 1293      656E7446 
 1293      52696768 
 1293      74537065 
 1293      656400
ARM GAS  C:\Users\lger522\AppData\Local\Temp\ccPMmxfw.s 			page 26


 1294              	.LASF27:
 1295 00ad 72657374 		.ascii	"restoreLeft\000"
 1295      6F72654C 
 1295      65667400 
 1296              	.LASF37:
 1297 00b9 483A5C44 		.ascii	"H:\\Desktop\\Team 14\\team14\\301_lab_tasks\\psoc s"
 1297      65736B74 
 1297      6F705C54 
 1297      65616D20 
 1297      31345C74 
 1298 00e7 74756465 		.ascii	"tudent pack\\psoc_code_base\\CS301_Class.cydsn\000"
 1298      6E742070 
 1298      61636B5C 
 1298      70736F63 
 1298      5F636F64 
 1299              	.LASF9:
 1300 0114 5F5F696E 		.ascii	"__int32_t\000"
 1300      7433325F 
 1300      7400
 1301              	.LASF30:
 1302 011e 7475726E 		.ascii	"turnRight\000"
 1302      52696768 
 1302      7400
 1303              	.LASF12:
 1304 0128 646F7562 		.ascii	"double\000"
 1304      6C6500
 1305              	.LASF11:
 1306 012f 666C6F61 		.ascii	"float\000"
 1306      7400
 1307              	.LASF1:
 1308 0135 756E7369 		.ascii	"unsigned char\000"
 1308      676E6564 
 1308      20636861 
 1308      7200
 1309              	.LASF31:
 1310 0143 72657665 		.ascii	"reverse\000"
 1310      72736500 
 1311              	.LASF28:
 1312 014b 72657374 		.ascii	"restoreRight\000"
 1312      6F726552 
 1312      69676874 
 1312      00
 1313              	.LASF3:
 1314 0158 73686F72 		.ascii	"short unsigned int\000"
 1314      7420756E 
 1314      7369676E 
 1314      65642069 
 1314      6E7400
 1315              	.LASF20:
 1316 016b 74617267 		.ascii	"targetSpeed\000"
 1316      65745370 
 1316      65656400 
 1317              	.LASF22:
 1318 0177 64726976 		.ascii	"driveForward\000"
 1318      65466F72 
 1318      77617264 
 1318      00
ARM GAS  C:\Users\lger522\AppData\Local\Temp\ccPMmxfw.s 			page 27


 1319              	.LASF24:
 1320 0184 73746F70 		.ascii	"stop\000"
 1320      00
 1321              	.LASF32:
 1322 0189 49544D5F 		.ascii	"ITM_RxBuffer\000"
 1322      52784275 
 1322      66666572 
 1322      00
 1323              	.LASF5:
 1324 0196 6C6F6E67 		.ascii	"long unsigned int\000"
 1324      20756E73 
 1324      69676E65 
 1324      6420696E 
 1324      7400
 1325              	.LASF23:
 1326 01a8 696E6974 		.ascii	"initMotors\000"
 1326      4D6F746F 
 1326      727300
 1327              	.LASF25:
 1328 01b3 61646A75 		.ascii	"adjustLeft\000"
 1328      73744C65 
 1328      667400
 1329              	.LASF36:
 1330 01be 6D6F746F 		.ascii	"motors.c\000"
 1330      72732E63 
 1330      00
 1331              	.LASF8:
 1332 01c7 756E7369 		.ascii	"unsigned int\000"
 1332      676E6564 
 1332      20696E74 
 1332      00
 1333              	.LASF7:
 1334 01d4 6C6F6E67 		.ascii	"long long unsigned int\000"
 1334      206C6F6E 
 1334      6720756E 
 1334      7369676E 
 1334      65642069 
 1335              	.LASF18:
 1336 01eb 73706565 		.ascii	"speedL\000"
 1336      644C00
 1337              	.LASF33:
 1338 01f2 63757272 		.ascii	"currentFLeftSpeed\000"
 1338      656E7446 
 1338      4C656674 
 1338      53706565 
 1338      6400
 1339              	.LASF19:
 1340 0204 73706565 		.ascii	"speedR\000"
 1340      645200
 1341              	.LASF29:
 1342 020b 7475726E 		.ascii	"turnLeft\000"
 1342      4C656674 
 1342      00
 1343              	.LASF10:
 1344 0214 696E7433 		.ascii	"int32_t\000"
 1344      325F7400 
 1345              	.LASF15:
ARM GAS  C:\Users\lger522\AppData\Local\Temp\ccPMmxfw.s 			page 28


 1346 021c 73697A65 		.ascii	"sizetype\000"
 1346      74797065 
 1346      00
 1347              	.LASF6:
 1348 0225 6C6F6E67 		.ascii	"long long int\000"
 1348      206C6F6E 
 1348      6720696E 
 1348      7400
 1349              	.LASF13:
 1350 0233 63686172 		.ascii	"char\000"
 1350      00
 1351              	.LASF16:
 1352 0238 6765744C 		.ascii	"getLeftPWM\000"
 1352      65667450 
 1352      574D00
 1353              	.LASF21:
 1354 0243 75706461 		.ascii	"updateForwardSpeed\000"
 1354      7465466F 
 1354      72776172 
 1354      64537065 
 1354      656400
 1355              	.LASF2:
 1356 0256 73686F72 		.ascii	"short int\000"
 1356      7420696E 
 1356      7400
 1357              	.LASF4:
 1358 0260 6C6F6E67 		.ascii	"long int\000"
 1358      20696E74 
 1358      00
 1359              	.LASF14:
 1360 0269 6C6F6E67 		.ascii	"long double\000"
 1360      20646F75 
 1360      626C6500 
 1361              	.LASF0:
 1362 0275 7369676E 		.ascii	"signed char\000"
 1362      65642063 
 1362      68617200 
 1363              	.LASF17:
 1364 0281 67657452 		.ascii	"getRightPWM\000"
 1364      69676874 
 1364      50574D00 
 1365              		.ident	"GCC: (GNU Tools for ARM Embedded Processors) 5.4.1 20160609 (release) [ARM/embedded-5-bran
