ARM GAS  C:\Users\hsal869\AppData\Local\Temp\cchfhx73.s 			page 1


   1              		.syntax unified
   2              		.cpu cortex-m3
   3              		.fpu softvfp
   4              		.eabi_attribute 20, 1
   5              		.eabi_attribute 21, 1
   6              		.eabi_attribute 23, 3
   7              		.eabi_attribute 24, 1
   8              		.eabi_attribute 25, 1
   9              		.eabi_attribute 26, 1
  10              		.eabi_attribute 30, 6
  11              		.eabi_attribute 34, 1
  12              		.eabi_attribute 18, 4
  13              		.thumb
  14              		.syntax unified
  15              		.file	"tacho.c"
  16              		.text
  17              	.Ltext0:
  18              		.cfi_sections	.debug_frame
  19              		.section	.text.get_position,"ax",%progbits
  20              		.align	2
  21              		.global	get_position
  22              		.thumb
  23              		.thumb_func
  24              		.type	get_position, %function
  25              	get_position:
  26              	.LFB63:
  27              		.file 1 "tacho.c"
   1:tacho.c       **** /* ========================================
   2:tacho.c       ****  *
   3:tacho.c       ****  * Copyright YOUR COMPANY, THE YEAR
   4:tacho.c       ****  * All Rights Reserved
   5:tacho.c       ****  * UNPUBLISHED, LICENSED SOFTWARE.
   6:tacho.c       ****  *
   7:tacho.c       ****  * CONFIDENTIAL AND PROPRIETARY INFORMATION
   8:tacho.c       ****  * WHICH IS THE PROPERTY OF your company.
   9:tacho.c       ****  *
  10:tacho.c       ****  * ========================================
  11:tacho.c       **** */
  12:tacho.c       **** 
  13:tacho.c       **** #include <project.h>
  14:tacho.c       **** #include "defines.h"
  15:tacho.c       **** 
  16:tacho.c       **** extern int16 speedL, speedR;
  17:tacho.c       **** extern int16 posL, posR;
  18:tacho.c       **** 
  19:tacho.c       **** 
  20:tacho.c       **** void get_position(void);
  21:tacho.c       **** void get_speed(void);
  22:tacho.c       **** 
  23:tacho.c       **** //------------------------------------------------------
  24:tacho.c       **** void get_position()
  25:tacho.c       **** {
  28              		.loc 1 25 0
  29              		.cfi_startproc
  30              		@ args = 0, pretend = 0, frame = 8
  31              		@ frame_needed = 1, uses_anonymous_args = 0
  32 0000 80B5     		push	{r7, lr}
ARM GAS  C:\Users\hsal869\AppData\Local\Temp\cchfhx73.s 			page 2


  33              		.cfi_def_cfa_offset 8
  34              		.cfi_offset 7, -8
  35              		.cfi_offset 14, -4
  36 0002 82B0     		sub	sp, sp, #8
  37              		.cfi_def_cfa_offset 16
  38 0004 00AF     		add	r7, sp, #0
  39              		.cfi_def_cfa_register 7
  26:tacho.c       ****     int pl, pr;
  27:tacho.c       **** 
  28:tacho.c       ****     pl = QuadDec_M1_GetCounter();
  40              		.loc 1 28 0
  41 0006 FFF7FEFF 		bl	QuadDec_M1_GetCounter
  42 000a 7860     		str	r0, [r7, #4]
  29:tacho.c       ****     pr = QuadDec_M2_GetCounter();
  43              		.loc 1 29 0
  44 000c FFF7FEFF 		bl	QuadDec_M2_GetCounter
  45 0010 3860     		str	r0, [r7]
  30:tacho.c       **** 
  31:tacho.c       ****     posL = pl;
  46              		.loc 1 31 0
  47 0012 7B68     		ldr	r3, [r7, #4]
  48 0014 1AB2     		sxth	r2, r3
  49 0016 054B     		ldr	r3, .L2
  50 0018 1A80     		strh	r2, [r3]	@ movhi
  32:tacho.c       ****     posR = pr;
  51              		.loc 1 32 0
  52 001a 3B68     		ldr	r3, [r7]
  53 001c 1AB2     		sxth	r2, r3
  54 001e 044B     		ldr	r3, .L2+4
  55 0020 1A80     		strh	r2, [r3]	@ movhi
  33:tacho.c       **** }
  56              		.loc 1 33 0
  57 0022 00BF     		nop
  58 0024 0837     		adds	r7, r7, #8
  59              		.cfi_def_cfa_offset 8
  60 0026 BD46     		mov	sp, r7
  61              		.cfi_def_cfa_register 13
  62              		@ sp needed
  63 0028 80BD     		pop	{r7, pc}
  64              	.L3:
  65 002a 00BF     		.align	2
  66              	.L2:
  67 002c 00000000 		.word	posL
  68 0030 00000000 		.word	posR
  69              		.cfi_endproc
  70              	.LFE63:
  71              		.size	get_position, .-get_position
  72              		.section	.text.get_speed,"ax",%progbits
  73              		.align	2
  74              		.global	get_speed
  75              		.thumb
  76              		.thumb_func
  77              		.type	get_speed, %function
  78              	get_speed:
  79              	.LFB64:
  34:tacho.c       **** //------------------------------------------------------
  35:tacho.c       **** void get_speed()
ARM GAS  C:\Users\hsal869\AppData\Local\Temp\cchfhx73.s 			page 3


  36:tacho.c       **** {
  80              		.loc 1 36 0
  81              		.cfi_startproc
  82              		@ args = 0, pretend = 0, frame = 8
  83              		@ frame_needed = 1, uses_anonymous_args = 0
  84 0000 80B5     		push	{r7, lr}
  85              		.cfi_def_cfa_offset 8
  86              		.cfi_offset 7, -8
  87              		.cfi_offset 14, -4
  88 0002 82B0     		sub	sp, sp, #8
  89              		.cfi_def_cfa_offset 16
  90 0004 00AF     		add	r7, sp, #0
  91              		.cfi_def_cfa_register 7
  37:tacho.c       ****     int16 pl, pr;
  38:tacho.c       ****     
  39:tacho.c       ****     // get current position.
  40:tacho.c       ****     pl = QuadDec_M1_GetCounter();
  92              		.loc 1 40 0
  93 0006 FFF7FEFF 		bl	QuadDec_M1_GetCounter
  94 000a 0346     		mov	r3, r0
  95 000c FB80     		strh	r3, [r7, #6]	@ movhi
  41:tacho.c       ****     pr = QuadDec_M2_GetCounter();
  96              		.loc 1 41 0
  97 000e FFF7FEFF 		bl	QuadDec_M2_GetCounter
  98 0012 0346     		mov	r3, r0
  99 0014 BB80     		strh	r3, [r7, #4]	@ movhi
  42:tacho.c       ****     
  43:tacho.c       ****     speedL = pl - posL;
 100              		.loc 1 43 0
 101 0016 FA88     		ldrh	r2, [r7, #6]
 102 0018 0E4B     		ldr	r3, .L5
 103 001a B3F90030 		ldrsh	r3, [r3]
 104 001e 9BB2     		uxth	r3, r3
 105 0020 D31A     		subs	r3, r2, r3
 106 0022 9BB2     		uxth	r3, r3
 107 0024 1AB2     		sxth	r2, r3
 108 0026 0C4B     		ldr	r3, .L5+4
 109 0028 1A80     		strh	r2, [r3]	@ movhi
  44:tacho.c       ****     speedR = pr - posR;
 110              		.loc 1 44 0
 111 002a BA88     		ldrh	r2, [r7, #4]
 112 002c 0B4B     		ldr	r3, .L5+8
 113 002e B3F90030 		ldrsh	r3, [r3]
 114 0032 9BB2     		uxth	r3, r3
 115 0034 D31A     		subs	r3, r2, r3
 116 0036 9BB2     		uxth	r3, r3
 117 0038 1AB2     		sxth	r2, r3
 118 003a 094B     		ldr	r3, .L5+12
 119 003c 1A80     		strh	r2, [r3]	@ movhi
  45:tacho.c       ****     posL = pl;
 120              		.loc 1 45 0
 121 003e 054A     		ldr	r2, .L5
 122 0040 FB88     		ldrh	r3, [r7, #6]	@ movhi
 123 0042 1380     		strh	r3, [r2]	@ movhi
  46:tacho.c       ****     posR = pr;
 124              		.loc 1 46 0
 125 0044 054A     		ldr	r2, .L5+8
ARM GAS  C:\Users\hsal869\AppData\Local\Temp\cchfhx73.s 			page 4


 126 0046 BB88     		ldrh	r3, [r7, #4]	@ movhi
 127 0048 1380     		strh	r3, [r2]	@ movhi
  47:tacho.c       ****     
  48:tacho.c       ****     
  49:tacho.c       **** //    // Speed of Motor 1
  50:tacho.c       **** //    state = QuadDec_M1_GetEvents();
  51:tacho.c       **** //    speed = pl - posL;
  52:tacho.c       **** //    if ((state & QuadDec_M1_COUNTER_OVERFLOW) != 0x00)
  53:tacho.c       **** //        speed += 32767;
  54:tacho.c       **** //    
  55:tacho.c       **** //    if ((state & QuadDec_M1_COUNTER_UNDERFLOW) != 0x00)
  56:tacho.c       **** //        speed += -32768;
  57:tacho.c       **** //    speedL = speed;
  58:tacho.c       **** //    posL = pl;
  59:tacho.c       **** //    
  60:tacho.c       **** //    // Speed of Motor 2
  61:tacho.c       **** //    state = QuadDec_M2_GetEvents();
  62:tacho.c       **** //    speed = pr - posR;
  63:tacho.c       **** //    if ((state & QuadDec_M2_COUNTER_OVERFLOW) != 0x00)
  64:tacho.c       **** //        speed += 32767;
  65:tacho.c       **** //    
  66:tacho.c       **** //    if ((state & QuadDec_M2_COUNTER_UNDERFLOW) != 0x00)
  67:tacho.c       **** //        speed += -32768;
  68:tacho.c       **** //    speedR = speed;    
  69:tacho.c       **** //    posR = pr;
  70:tacho.c       **** }
 128              		.loc 1 70 0
 129 004a 00BF     		nop
 130 004c 0837     		adds	r7, r7, #8
 131              		.cfi_def_cfa_offset 8
 132 004e BD46     		mov	sp, r7
 133              		.cfi_def_cfa_register 13
 134              		@ sp needed
 135 0050 80BD     		pop	{r7, pc}
 136              	.L6:
 137 0052 00BF     		.align	2
 138              	.L5:
 139 0054 00000000 		.word	posL
 140 0058 00000000 		.word	speedL
 141 005c 00000000 		.word	posR
 142 0060 00000000 		.word	speedR
 143              		.cfi_endproc
 144              	.LFE64:
 145              		.size	get_speed, .-get_speed
 146              		.text
 147              	.Letext0:
 148              		.file 2 "c:\\program files (x86)\\cypress\\psoc creator\\4.2\\psoc creator\\import\\gnu\\arm\\5.4.
 149              		.file 3 "c:\\program files (x86)\\cypress\\psoc creator\\4.2\\psoc creator\\import\\gnu\\arm\\5.4.
 150              		.file 4 "Generated_Source\\PSoC5/cytypes.h"
 151              		.file 5 "Generated_Source\\PSoC5/core_cm3.h"
 152              		.section	.debug_info,"",%progbits
 153              	.Ldebug_info0:
 154 0000 4A010000 		.4byte	0x14a
 155 0004 0400     		.2byte	0x4
 156 0006 00000000 		.4byte	.Ldebug_abbrev0
 157 000a 04       		.byte	0x4
 158 000b 01       		.uleb128 0x1
ARM GAS  C:\Users\hsal869\AppData\Local\Temp\cchfhx73.s 			page 5


 159 000c D8000000 		.4byte	.LASF24
 160 0010 0C       		.byte	0xc
 161 0011 66010000 		.4byte	.LASF25
 162 0015 2E000000 		.4byte	.LASF26
 163 0019 00000000 		.4byte	.Ldebug_ranges0+0
 164 001d 00000000 		.4byte	0
 165 0021 00000000 		.4byte	.Ldebug_line0
 166 0025 02       		.uleb128 0x2
 167 0026 01       		.byte	0x1
 168 0027 06       		.byte	0x6
 169 0028 A3010000 		.4byte	.LASF0
 170 002c 02       		.uleb128 0x2
 171 002d 01       		.byte	0x1
 172 002e 08       		.byte	0x8
 173 002f 6E010000 		.4byte	.LASF1
 174 0033 02       		.uleb128 0x2
 175 0034 02       		.byte	0x2
 176 0035 05       		.byte	0x5
 177 0036 D0010000 		.4byte	.LASF2
 178 003a 02       		.uleb128 0x2
 179 003b 02       		.byte	0x2
 180 003c 07       		.byte	0x7
 181 003d 0E000000 		.4byte	.LASF3
 182 0041 03       		.uleb128 0x3
 183 0042 BB010000 		.4byte	.LASF9
 184 0046 02       		.byte	0x2
 185 0047 3F       		.byte	0x3f
 186 0048 4C000000 		.4byte	0x4c
 187 004c 02       		.uleb128 0x2
 188 004d 04       		.byte	0x4
 189 004e 05       		.byte	0x5
 190 004f 81010000 		.4byte	.LASF4
 191 0053 02       		.uleb128 0x2
 192 0054 04       		.byte	0x4
 193 0055 07       		.byte	0x7
 194 0056 9E000000 		.4byte	.LASF5
 195 005a 02       		.uleb128 0x2
 196 005b 08       		.byte	0x8
 197 005c 05       		.byte	0x5
 198 005d 00000000 		.4byte	.LASF6
 199 0061 02       		.uleb128 0x2
 200 0062 08       		.byte	0x8
 201 0063 07       		.byte	0x7
 202 0064 B0000000 		.4byte	.LASF7
 203 0068 04       		.uleb128 0x4
 204 0069 04       		.byte	0x4
 205 006a 05       		.byte	0x5
 206 006b 696E7400 		.ascii	"int\000"
 207 006f 02       		.uleb128 0x2
 208 0070 04       		.byte	0x4
 209 0071 07       		.byte	0x7
 210 0072 21000000 		.4byte	.LASF8
 211 0076 03       		.uleb128 0x3
 212 0077 E0010000 		.4byte	.LASF10
 213 007b 03       		.byte	0x3
 214 007c 2C       		.byte	0x2c
 215 007d 41000000 		.4byte	0x41
ARM GAS  C:\Users\hsal869\AppData\Local\Temp\cchfhx73.s 			page 6


 216 0081 05       		.uleb128 0x5
 217 0082 DA010000 		.4byte	.LASF11
 218 0086 04       		.byte	0x4
 219 0087 EB01     		.2byte	0x1eb
 220 0089 33000000 		.4byte	0x33
 221 008d 02       		.uleb128 0x2
 222 008e 04       		.byte	0x4
 223 008f 04       		.byte	0x4
 224 0090 CA010000 		.4byte	.LASF12
 225 0094 02       		.uleb128 0x2
 226 0095 08       		.byte	0x8
 227 0096 04       		.byte	0x4
 228 0097 8A010000 		.4byte	.LASF13
 229 009b 02       		.uleb128 0x2
 230 009c 01       		.byte	0x1
 231 009d 08       		.byte	0x8
 232 009e 7C010000 		.4byte	.LASF14
 233 00a2 02       		.uleb128 0x2
 234 00a3 08       		.byte	0x8
 235 00a4 04       		.byte	0x4
 236 00a5 AF010000 		.4byte	.LASF15
 237 00a9 02       		.uleb128 0x2
 238 00aa 04       		.byte	0x4
 239 00ab 07       		.byte	0x7
 240 00ac E8010000 		.4byte	.LASF16
 241 00b0 06       		.uleb128 0x6
 242 00b1 8A000000 		.4byte	.LASF17
 243 00b5 01       		.byte	0x1
 244 00b6 18       		.byte	0x18
 245 00b7 00000000 		.4byte	.LFB63
 246 00bb 34000000 		.4byte	.LFE63-.LFB63
 247 00bf 01       		.uleb128 0x1
 248 00c0 9C       		.byte	0x9c
 249 00c1 E0000000 		.4byte	0xe0
 250 00c5 07       		.uleb128 0x7
 251 00c6 706C00   		.ascii	"pl\000"
 252 00c9 01       		.byte	0x1
 253 00ca 1A       		.byte	0x1a
 254 00cb 68000000 		.4byte	0x68
 255 00cf 02       		.uleb128 0x2
 256 00d0 91       		.byte	0x91
 257 00d1 74       		.sleb128 -12
 258 00d2 07       		.uleb128 0x7
 259 00d3 707200   		.ascii	"pr\000"
 260 00d6 01       		.byte	0x1
 261 00d7 1A       		.byte	0x1a
 262 00d8 68000000 		.4byte	0x68
 263 00dc 02       		.uleb128 0x2
 264 00dd 91       		.byte	0x91
 265 00de 70       		.sleb128 -16
 266 00df 00       		.byte	0
 267 00e0 06       		.uleb128 0x6
 268 00e1 C7000000 		.4byte	.LASF18
 269 00e5 01       		.byte	0x1
 270 00e6 23       		.byte	0x23
 271 00e7 00000000 		.4byte	.LFB64
 272 00eb 64000000 		.4byte	.LFE64-.LFB64
ARM GAS  C:\Users\hsal869\AppData\Local\Temp\cchfhx73.s 			page 7


 273 00ef 01       		.uleb128 0x1
 274 00f0 9C       		.byte	0x9c
 275 00f1 10010000 		.4byte	0x110
 276 00f5 07       		.uleb128 0x7
 277 00f6 706C00   		.ascii	"pl\000"
 278 00f9 01       		.byte	0x1
 279 00fa 25       		.byte	0x25
 280 00fb 81000000 		.4byte	0x81
 281 00ff 02       		.uleb128 0x2
 282 0100 91       		.byte	0x91
 283 0101 76       		.sleb128 -10
 284 0102 07       		.uleb128 0x7
 285 0103 707200   		.ascii	"pr\000"
 286 0106 01       		.byte	0x1
 287 0107 25       		.byte	0x25
 288 0108 81000000 		.4byte	0x81
 289 010c 02       		.uleb128 0x2
 290 010d 91       		.byte	0x91
 291 010e 74       		.sleb128 -12
 292 010f 00       		.byte	0
 293 0110 08       		.uleb128 0x8
 294 0111 96010000 		.4byte	.LASF19
 295 0115 05       		.byte	0x5
 296 0116 1207     		.2byte	0x712
 297 0118 1C010000 		.4byte	0x11c
 298 011c 09       		.uleb128 0x9
 299 011d 76000000 		.4byte	0x76
 300 0121 0A       		.uleb128 0xa
 301 0122 97000000 		.4byte	.LASF20
 302 0126 01       		.byte	0x1
 303 0127 10       		.byte	0x10
 304 0128 81000000 		.4byte	0x81
 305 012c 0A       		.uleb128 0xa
 306 012d D1000000 		.4byte	.LASF21
 307 0131 01       		.byte	0x1
 308 0132 10       		.byte	0x10
 309 0133 81000000 		.4byte	0x81
 310 0137 0A       		.uleb128 0xa
 311 0138 C5010000 		.4byte	.LASF22
 312 013c 01       		.byte	0x1
 313 013d 11       		.byte	0x11
 314 013e 81000000 		.4byte	0x81
 315 0142 0A       		.uleb128 0xa
 316 0143 91010000 		.4byte	.LASF23
 317 0147 01       		.byte	0x1
 318 0148 11       		.byte	0x11
 319 0149 81000000 		.4byte	0x81
 320 014d 00       		.byte	0
 321              		.section	.debug_abbrev,"",%progbits
 322              	.Ldebug_abbrev0:
 323 0000 01       		.uleb128 0x1
 324 0001 11       		.uleb128 0x11
 325 0002 01       		.byte	0x1
 326 0003 25       		.uleb128 0x25
 327 0004 0E       		.uleb128 0xe
 328 0005 13       		.uleb128 0x13
 329 0006 0B       		.uleb128 0xb
ARM GAS  C:\Users\hsal869\AppData\Local\Temp\cchfhx73.s 			page 8


 330 0007 03       		.uleb128 0x3
 331 0008 0E       		.uleb128 0xe
 332 0009 1B       		.uleb128 0x1b
 333 000a 0E       		.uleb128 0xe
 334 000b 55       		.uleb128 0x55
 335 000c 17       		.uleb128 0x17
 336 000d 11       		.uleb128 0x11
 337 000e 01       		.uleb128 0x1
 338 000f 10       		.uleb128 0x10
 339 0010 17       		.uleb128 0x17
 340 0011 00       		.byte	0
 341 0012 00       		.byte	0
 342 0013 02       		.uleb128 0x2
 343 0014 24       		.uleb128 0x24
 344 0015 00       		.byte	0
 345 0016 0B       		.uleb128 0xb
 346 0017 0B       		.uleb128 0xb
 347 0018 3E       		.uleb128 0x3e
 348 0019 0B       		.uleb128 0xb
 349 001a 03       		.uleb128 0x3
 350 001b 0E       		.uleb128 0xe
 351 001c 00       		.byte	0
 352 001d 00       		.byte	0
 353 001e 03       		.uleb128 0x3
 354 001f 16       		.uleb128 0x16
 355 0020 00       		.byte	0
 356 0021 03       		.uleb128 0x3
 357 0022 0E       		.uleb128 0xe
 358 0023 3A       		.uleb128 0x3a
 359 0024 0B       		.uleb128 0xb
 360 0025 3B       		.uleb128 0x3b
 361 0026 0B       		.uleb128 0xb
 362 0027 49       		.uleb128 0x49
 363 0028 13       		.uleb128 0x13
 364 0029 00       		.byte	0
 365 002a 00       		.byte	0
 366 002b 04       		.uleb128 0x4
 367 002c 24       		.uleb128 0x24
 368 002d 00       		.byte	0
 369 002e 0B       		.uleb128 0xb
 370 002f 0B       		.uleb128 0xb
 371 0030 3E       		.uleb128 0x3e
 372 0031 0B       		.uleb128 0xb
 373 0032 03       		.uleb128 0x3
 374 0033 08       		.uleb128 0x8
 375 0034 00       		.byte	0
 376 0035 00       		.byte	0
 377 0036 05       		.uleb128 0x5
 378 0037 16       		.uleb128 0x16
 379 0038 00       		.byte	0
 380 0039 03       		.uleb128 0x3
 381 003a 0E       		.uleb128 0xe
 382 003b 3A       		.uleb128 0x3a
 383 003c 0B       		.uleb128 0xb
 384 003d 3B       		.uleb128 0x3b
 385 003e 05       		.uleb128 0x5
 386 003f 49       		.uleb128 0x49
ARM GAS  C:\Users\hsal869\AppData\Local\Temp\cchfhx73.s 			page 9


 387 0040 13       		.uleb128 0x13
 388 0041 00       		.byte	0
 389 0042 00       		.byte	0
 390 0043 06       		.uleb128 0x6
 391 0044 2E       		.uleb128 0x2e
 392 0045 01       		.byte	0x1
 393 0046 3F       		.uleb128 0x3f
 394 0047 19       		.uleb128 0x19
 395 0048 03       		.uleb128 0x3
 396 0049 0E       		.uleb128 0xe
 397 004a 3A       		.uleb128 0x3a
 398 004b 0B       		.uleb128 0xb
 399 004c 3B       		.uleb128 0x3b
 400 004d 0B       		.uleb128 0xb
 401 004e 27       		.uleb128 0x27
 402 004f 19       		.uleb128 0x19
 403 0050 11       		.uleb128 0x11
 404 0051 01       		.uleb128 0x1
 405 0052 12       		.uleb128 0x12
 406 0053 06       		.uleb128 0x6
 407 0054 40       		.uleb128 0x40
 408 0055 18       		.uleb128 0x18
 409 0056 9642     		.uleb128 0x2116
 410 0058 19       		.uleb128 0x19
 411 0059 01       		.uleb128 0x1
 412 005a 13       		.uleb128 0x13
 413 005b 00       		.byte	0
 414 005c 00       		.byte	0
 415 005d 07       		.uleb128 0x7
 416 005e 34       		.uleb128 0x34
 417 005f 00       		.byte	0
 418 0060 03       		.uleb128 0x3
 419 0061 08       		.uleb128 0x8
 420 0062 3A       		.uleb128 0x3a
 421 0063 0B       		.uleb128 0xb
 422 0064 3B       		.uleb128 0x3b
 423 0065 0B       		.uleb128 0xb
 424 0066 49       		.uleb128 0x49
 425 0067 13       		.uleb128 0x13
 426 0068 02       		.uleb128 0x2
 427 0069 18       		.uleb128 0x18
 428 006a 00       		.byte	0
 429 006b 00       		.byte	0
 430 006c 08       		.uleb128 0x8
 431 006d 34       		.uleb128 0x34
 432 006e 00       		.byte	0
 433 006f 03       		.uleb128 0x3
 434 0070 0E       		.uleb128 0xe
 435 0071 3A       		.uleb128 0x3a
 436 0072 0B       		.uleb128 0xb
 437 0073 3B       		.uleb128 0x3b
 438 0074 05       		.uleb128 0x5
 439 0075 49       		.uleb128 0x49
 440 0076 13       		.uleb128 0x13
 441 0077 3F       		.uleb128 0x3f
 442 0078 19       		.uleb128 0x19
 443 0079 3C       		.uleb128 0x3c
ARM GAS  C:\Users\hsal869\AppData\Local\Temp\cchfhx73.s 			page 10


 444 007a 19       		.uleb128 0x19
 445 007b 00       		.byte	0
 446 007c 00       		.byte	0
 447 007d 09       		.uleb128 0x9
 448 007e 35       		.uleb128 0x35
 449 007f 00       		.byte	0
 450 0080 49       		.uleb128 0x49
 451 0081 13       		.uleb128 0x13
 452 0082 00       		.byte	0
 453 0083 00       		.byte	0
 454 0084 0A       		.uleb128 0xa
 455 0085 34       		.uleb128 0x34
 456 0086 00       		.byte	0
 457 0087 03       		.uleb128 0x3
 458 0088 0E       		.uleb128 0xe
 459 0089 3A       		.uleb128 0x3a
 460 008a 0B       		.uleb128 0xb
 461 008b 3B       		.uleb128 0x3b
 462 008c 0B       		.uleb128 0xb
 463 008d 49       		.uleb128 0x49
 464 008e 13       		.uleb128 0x13
 465 008f 3F       		.uleb128 0x3f
 466 0090 19       		.uleb128 0x19
 467 0091 3C       		.uleb128 0x3c
 468 0092 19       		.uleb128 0x19
 469 0093 00       		.byte	0
 470 0094 00       		.byte	0
 471 0095 00       		.byte	0
 472              		.section	.debug_aranges,"",%progbits
 473 0000 24000000 		.4byte	0x24
 474 0004 0200     		.2byte	0x2
 475 0006 00000000 		.4byte	.Ldebug_info0
 476 000a 04       		.byte	0x4
 477 000b 00       		.byte	0
 478 000c 0000     		.2byte	0
 479 000e 0000     		.2byte	0
 480 0010 00000000 		.4byte	.LFB63
 481 0014 34000000 		.4byte	.LFE63-.LFB63
 482 0018 00000000 		.4byte	.LFB64
 483 001c 64000000 		.4byte	.LFE64-.LFB64
 484 0020 00000000 		.4byte	0
 485 0024 00000000 		.4byte	0
 486              		.section	.debug_ranges,"",%progbits
 487              	.Ldebug_ranges0:
 488 0000 00000000 		.4byte	.LFB63
 489 0004 34000000 		.4byte	.LFE63
 490 0008 00000000 		.4byte	.LFB64
 491 000c 64000000 		.4byte	.LFE64
 492 0010 00000000 		.4byte	0
 493 0014 00000000 		.4byte	0
 494              		.section	.debug_line,"",%progbits
 495              	.Ldebug_line0:
 496 0000 7F010000 		.section	.debug_str,"MS",%progbits,1
 496      02004D01 
 496      00000201 
 496      FB0E0D00 
 496      01010101 
ARM GAS  C:\Users\hsal869\AppData\Local\Temp\cchfhx73.s 			page 11


 497              	.LASF6:
 498 0000 6C6F6E67 		.ascii	"long long int\000"
 498      206C6F6E 
 498      6720696E 
 498      7400
 499              	.LASF3:
 500 000e 73686F72 		.ascii	"short unsigned int\000"
 500      7420756E 
 500      7369676E 
 500      65642069 
 500      6E7400
 501              	.LASF8:
 502 0021 756E7369 		.ascii	"unsigned int\000"
 502      676E6564 
 502      20696E74 
 502      00
 503              	.LASF26:
 504 002e 483A5C44 		.ascii	"H:\\Documents\\GitHub\\team14\\301_lab_tasks\\psoc "
 504      6F63756D 
 504      656E7473 
 504      5C476974 
 504      4875625C 
 505 005c 73747564 		.ascii	"student pack\\psoc_code_base\\CS301_Class.cydsn\000"
 505      656E7420 
 505      7061636B 
 505      5C70736F 
 505      635F636F 
 506              	.LASF17:
 507 008a 6765745F 		.ascii	"get_position\000"
 507      706F7369 
 507      74696F6E 
 507      00
 508              	.LASF20:
 509 0097 73706565 		.ascii	"speedL\000"
 509      644C00
 510              	.LASF5:
 511 009e 6C6F6E67 		.ascii	"long unsigned int\000"
 511      20756E73 
 511      69676E65 
 511      6420696E 
 511      7400
 512              	.LASF7:
 513 00b0 6C6F6E67 		.ascii	"long long unsigned int\000"
 513      206C6F6E 
 513      6720756E 
 513      7369676E 
 513      65642069 
 514              	.LASF18:
 515 00c7 6765745F 		.ascii	"get_speed\000"
 515      73706565 
 515      6400
 516              	.LASF21:
 517 00d1 73706565 		.ascii	"speedR\000"
 517      645200
 518              	.LASF24:
 519 00d8 474E5520 		.ascii	"GNU C11 5.4.1 20160609 (release) [ARM/embedded-5-br"
 519      43313120 
ARM GAS  C:\Users\hsal869\AppData\Local\Temp\cchfhx73.s 			page 12


 519      352E342E 
 519      31203230 
 519      31363036 
 520 010b 616E6368 		.ascii	"anch revision 237715] -mcpu=cortex-m3 -mthumb -g -O"
 520      20726576 
 520      6973696F 
 520      6E203233 
 520      37373135 
 521 013e 30202D66 		.ascii	"0 -ffunction-sections -ffat-lto-objects\000"
 521      66756E63 
 521      74696F6E 
 521      2D736563 
 521      74696F6E 
 522              	.LASF25:
 523 0166 74616368 		.ascii	"tacho.c\000"
 523      6F2E6300 
 524              	.LASF1:
 525 016e 756E7369 		.ascii	"unsigned char\000"
 525      676E6564 
 525      20636861 
 525      7200
 526              	.LASF14:
 527 017c 63686172 		.ascii	"char\000"
 527      00
 528              	.LASF4:
 529 0181 6C6F6E67 		.ascii	"long int\000"
 529      20696E74 
 529      00
 530              	.LASF13:
 531 018a 646F7562 		.ascii	"double\000"
 531      6C6500
 532              	.LASF23:
 533 0191 706F7352 		.ascii	"posR\000"
 533      00
 534              	.LASF19:
 535 0196 49544D5F 		.ascii	"ITM_RxBuffer\000"
 535      52784275 
 535      66666572 
 535      00
 536              	.LASF0:
 537 01a3 7369676E 		.ascii	"signed char\000"
 537      65642063 
 537      68617200 
 538              	.LASF15:
 539 01af 6C6F6E67 		.ascii	"long double\000"
 539      20646F75 
 539      626C6500 
 540              	.LASF9:
 541 01bb 5F5F696E 		.ascii	"__int32_t\000"
 541      7433325F 
 541      7400
 542              	.LASF22:
 543 01c5 706F734C 		.ascii	"posL\000"
 543      00
 544              	.LASF12:
 545 01ca 666C6F61 		.ascii	"float\000"
 545      7400
ARM GAS  C:\Users\hsal869\AppData\Local\Temp\cchfhx73.s 			page 13


 546              	.LASF2:
 547 01d0 73686F72 		.ascii	"short int\000"
 547      7420696E 
 547      7400
 548              	.LASF11:
 549 01da 696E7431 		.ascii	"int16\000"
 549      3600
 550              	.LASF10:
 551 01e0 696E7433 		.ascii	"int32_t\000"
 551      325F7400 
 552              	.LASF16:
 553 01e8 73697A65 		.ascii	"sizetype\000"
 553      74797065 
 553      00
 554              		.ident	"GCC: (GNU Tools for ARM Embedded Processors) 5.4.1 20160609 (release) [ARM/embedded-5-bran
