--------------- Build Started: 10/11/2023 19:18:43 Project: CS301_Class, Configuration: ARM GCC 5.4-2016-q2-update Debug ---------------
cydsfit.exe -.appdatapath "C:\Users\lpar105\AppData\Local\Cypress Semiconductor\PSoC Creator\4.2" -.fdsnotice -.fdswarpdepfile=warp_dependencies.txt -.fdselabdepfile=elab_dependencies.txt -.fdsbldfile=generated_files.txt -.fdsreffile=referenced_files.txt -p "H:\Documents\301\Post-Benchmark\team14\301_lab_tasks\psoc student pack\psoc_code_base\CS301_Class.cydsn\CS301_Class.cyprj" -d CY8C5888LTI-LP097 -s "H:\Documents\301\Post-Benchmark\team14\301_lab_tasks\psoc student pack\psoc_code_base\CS301_Class.cydsn\Generated_Source\PSoC5" -- -yv2 -q10 -ygs -o2 -v3 -.fftcfgtype=LE
Elaborating Design...
ADD: sdb.M0065: information: Analog terminal "vdac_ref" on ADC_SAR_SEQ_v2_10 is unconnected.
 * C:\Program Files (x86)\Cypress\PSoC Creator\4.2\PSoC Creator\psoc\content\CyComponentLibrary\CyComponentLibrary.cylib\ADC_SAR_SEQ_v2_10\PSoC5\ADC_SAR_SEQ_v2_10.cysch (Signal: vdac_ref)
 * C:\Program Files (x86)\Cypress\PSoC Creator\4.2\PSoC Creator\psoc\content\CyComponentLibrary\CyComponentLibrary.cylib\ADC_SAR_SEQ_v2_10\PSoC5\ADC_SAR_SEQ_v2_10.cysch (Shape_798)
 * C:\Program Files (x86)\Cypress\PSoC Creator\4.2\PSoC Creator\psoc\content\CyComponentLibrary\CyComponentLibrary.cylib\ADC_SAR_SEQ_v2_10\PSoC5\ADC_SAR_SEQ_v2_10.cysch (Shape_885)
HDL Generation...
Synthesis...
Tech Mapping...
Analog Placement...
Info: apr.M0002: Analog signal "Net_4680" is connected to one terminal only. (App=cydsfit)
Info: apr.M0002: Analog signal "Net_4682" is connected to one terminal only. (App=cydsfit)
Info: apr.M0002: Analog signal "Net_4684" is connected to one terminal only. (App=cydsfit)
Info: apr.M0002: Analog signal "Net_4685" is connected to one terminal only. (App=cydsfit)
Info: apr.M0002: Analog signal "Net_4687" is connected to one terminal only. (App=cydsfit)
Info: apr.M0002: Analog signal "Net_4689" is connected to one terminal only. (App=cydsfit)
Info: apr.M0002: Analog signal "Net_4690" is connected to one terminal only. (App=cydsfit)
Info: apr.M0002: Analog signal "Net_4692" is connected to one terminal only. (App=cydsfit)
Info: apr.M0002: Analog signal "Net_4694" is connected to one terminal only. (App=cydsfit)
Info: apr.M0002: Analog signal "Net_4695" is connected to one terminal only. (App=cydsfit)
Info: apr.M0002: Analog signal "Net_4697" is connected to one terminal only. (App=cydsfit)
Info: apr.M0002: Analog signal "Net_4699" is connected to one terminal only. (App=cydsfit)
Info: apr.M0002: Analog signal "Net_4700" is connected to one terminal only. (App=cydsfit)
Info: apr.M0002: Analog signal "Net_4702" is connected to one terminal only. (App=cydsfit)
Info: apr.M0002: Analog signal "Net_4704" is connected to one terminal only. (App=cydsfit)
Info: apr.M0002: Analog signal "Net_4705" is connected to one terminal only. (App=cydsfit)
Info: apr.M0002: Analog signal "Net_4707" is connected to one terminal only. (App=cydsfit)
Info: apr.M0002: Analog signal "Net_4709" is connected to one terminal only. (App=cydsfit)
Info: apr.M0002: Analog signal "Net_4710" is connected to one terminal only. (App=cydsfit)
Info: apr.M0002: Analog signal "Net_4712" is connected to one terminal only. (App=cydsfit)
Info: apr.M0002: Analog signal "Net_4714" is connected to one terminal only. (App=cydsfit)
Info: apr.M0002: Analog signal "Net_4715" is connected to one terminal only. (App=cydsfit)
Info: apr.M0002: Analog signal "Net_4717" is connected to one terminal only. (App=cydsfit)
Info: apr.M0002: Analog signal "Net_4719" is connected to one terminal only. (App=cydsfit)
Info: apr.M0002: Analog signal "Net_4720" is connected to one terminal only. (App=cydsfit)
Info: apr.M0002: Analog signal "Net_4722" is connected to one terminal only. (App=cydsfit)
Info: apr.M0002: Analog signal "Net_4724" is connected to one terminal only. (App=cydsfit)
Info: apr.M0002: Analog signal "Net_4725" is connected to one terminal only. (App=cydsfit)
Info: apr.M0002: Analog signal "Net_4727" is connected to one terminal only. (App=cydsfit)
Info: apr.M0002: Analog signal "Net_4729" is connected to one terminal only. (App=cydsfit)
Info: apr.M0002: Analog signal "Net_4730" is connected to one terminal only. (App=cydsfit)
Info: apr.M0002: Analog signal "Net_4732" is connected to one terminal only. (App=cydsfit)
Info: apr.M0002: Analog signal "Net_4734" is connected to one terminal only. (App=cydsfit)
Info: apr.M0002: Analog signal "Net_4735" is connected to one terminal only. (App=cydsfit)
Info: apr.M0002: Analog signal "Net_4737" is connected to one terminal only. (App=cydsfit)
Info: apr.M0002: Analog signal "Net_4739" is connected to one terminal only. (App=cydsfit)
Info: apr.M0002: Analog signal "Net_4740" is connected to one terminal only. (App=cydsfit)
Info: apr.M0002: Analog signal "Net_4742" is connected to one terminal only. (App=cydsfit)
Info: apr.M0002: Analog signal "Net_4744" is connected to one terminal only. (App=cydsfit)
Info: apr.M0002: Analog signal "Net_4745" is connected to one terminal only. (App=cydsfit)
Info: apr.M0002: Analog signal "Net_4747" is connected to one terminal only. (App=cydsfit)
Info: apr.M0002: Analog signal "Net_4749" is connected to one terminal only. (App=cydsfit)
Info: apr.M0002: Analog signal "Net_4750" is connected to one terminal only. (App=cydsfit)
Info: apr.M0002: Analog signal "Net_4751" is connected to one terminal only. (App=cydsfit)
Info: apr.M0002: Analog signal "Net_4752" is connected to one terminal only. (App=cydsfit)
Info: apr.M0002: Analog signal "Net_4753" is connected to one terminal only. (App=cydsfit)
Info: apr.M0002: Analog signal "Net_4754" is connected to one terminal only. (App=cydsfit)
Info: apr.M0002: Analog signal "Net_4755" is connected to one terminal only. (App=cydsfit)
Info: apr.M0002: Analog signal "Net_4756" is connected to one terminal only. (App=cydsfit)
Info: apr.M0002: Analog signal "Net_4757" is connected to one terminal only. (App=cydsfit)
Info: apr.M0002: Analog signal "Net_4758" is connected to one terminal only. (App=cydsfit)
Info: apr.M0002: Analog signal "Net_4759" is connected to one terminal only. (App=cydsfit)
Info: apr.M0002: Analog signal "Net_4760" is connected to one terminal only. (App=cydsfit)
Info: apr.M0002: Analog signal "Net_4761" is connected to one terminal only. (App=cydsfit)
Info: apr.M0002: Analog signal "Net_4762" is connected to one terminal only. (App=cydsfit)
Info: apr.M0002: Analog signal "Net_4763" is connected to one terminal only. (App=cydsfit)
Info: apr.M0002: Analog signal "Net_4764" is connected to one terminal only. (App=cydsfit)
Info: apr.M0002: Analog signal "Net_4765" is connected to one terminal only. (App=cydsfit)
Log: apr.M0058: The analog placement iterative improvement is 37% done. (App=cydsfit)
Log: apr.M0058: The analog placement iterative improvement is 83% done. (App=cydsfit)
Analog Routing...
Analog Code Generation...
Digital Placement...
Digital Routing...
Bitstream Generation...
Bitstream Verification...
Static timing analysis...
API Generation...
Dependency Generation...
Cleanup...
arm-none-eabi-gcc.exe -mcpu=cortex-m3 -mthumb -I. -IGenerated_Source\PSoC5 -Wa,-alh=.\CortexM3\ARM_GCC_541\Debug/main.lst -g -D DEBUG -Wall -ffunction-sections -ffat-lto-objects -O0 -c main.c -o .\CortexM3\ARM_GCC_541\Debug\main.o
arm-none-eabi-gcc.exe -mcpu=cortex-m3 -mthumb -I. -IGenerated_Source\PSoC5 -Wa,-alh=.\CortexM3\ARM_GCC_541\Debug/motors.lst -g -D DEBUG -Wall -ffunction-sections -ffat-lto-objects -O0 -c motors.c -o .\CortexM3\ARM_GCC_541\Debug\motors.o
arm-none-eabi-gcc.exe -mcpu=cortex-m3 -mthumb -I. -IGenerated_Source\PSoC5 -Wa,-alh=.\CortexM3\ARM_GCC_541\Debug/pathfind.lst -g -D DEBUG -Wall -ffunction-sections -ffat-lto-objects -O0 -c pathfind.c -o .\CortexM3\ARM_GCC_541\Debug\pathfind.o
arm-none-eabi-ar.exe -rs .\CortexM3\ARM_GCC_541\Debug\CS301_Class.a .\CortexM3\ARM_GCC_541\Debug\ADC.o .\CortexM3\ARM_GCC_541\Debug\ADC_PM.o .\CortexM3\ARM_GCC_541\Debug\ADC_INT.o .\CortexM3\ARM_GCC_541\Debug\isr_TS.o .\CortexM3\ARM_GCC_541\Debug\Timer_TS.o .\CortexM3\ARM_GCC_541\Debug\Timer_TS_PM.o .\CortexM3\ARM_GCC_541\Debug\USBUART.o .\CortexM3\ARM_GCC_541\Debug\USBUART_audio.o .\CortexM3\ARM_GCC_541\Debug\USBUART_boot.o .\CortexM3\ARM_GCC_541\Debug\USBUART_cdc.o .\CortexM3\ARM_GCC_541\Debug\USBUART_cls.o .\CortexM3\ARM_GCC_541\Debug\USBUART_descr.o .\CortexM3\ARM_GCC_541\Debug\USBUART_drv.o .\CortexM3\ARM_GCC_541\Debug\USBUART_episr.o .\CortexM3\ARM_GCC_541\Debug\USBUART_hid.o .\CortexM3\ARM_GCC_541\Debug\USBUART_pm.o .\CortexM3\ARM_GCC_541\Debug\USBUART_std.o .\CortexM3\ARM_GCC_541\Debug\USBUART_vnd.o .\CortexM3\ARM_GCC_541\Debug\USBUART_midi.o .\CortexM3\ARM_GCC_541\Debug\USBUART_msc.o .\CortexM3\ARM_GCC_541\Debug\Clock2.o .\CortexM3\ARM_GCC_541\Debug\ADC_SAR.o .\CortexM3\ARM_GCC_541\Debug\ADC_SAR_INT.o .\CortexM3\ARM_GCC_541\Debug\ADC_SAR_PM.o .\CortexM3\ARM_GCC_541\Debug\ADC_IntClock.o .\CortexM3\ARM_GCC_541\Debug\ADC_TempBuf_dma.o .\CortexM3\ARM_GCC_541\Debug\ADC_FinalBuf_dma.o .\CortexM3\ARM_GCC_541\Debug\ADC_IRQ.o .\CortexM3\ARM_GCC_541\Debug\USBUART_Dm.o .\CortexM3\ARM_GCC_541\Debug\USBUART_Dp.o .\CortexM3\ARM_GCC_541\Debug\CyDmac.o .\CortexM3\ARM_GCC_541\Debug\CyFlash.o .\CortexM3\ARM_GCC_541\Debug\CyLib.o .\CortexM3\ARM_GCC_541\Debug\cyPm.o .\CortexM3\ARM_GCC_541\Debug\CySpc.o .\CortexM3\ARM_GCC_541\Debug\cyutils.o .\CortexM3\ARM_GCC_541\Debug\PWM_1.o .\CortexM3\ARM_GCC_541\Debug\PWM_1_PM.o .\CortexM3\ARM_GCC_541\Debug\Clock_PWM.o .\CortexM3\ARM_GCC_541\Debug\Clock_QENC.o .\CortexM3\ARM_GCC_541\Debug\M1_IN1.o .\CortexM3\ARM_GCC_541\Debug\M1_IN2.o .\CortexM3\ARM_GCC_541\Debug\M2_IN1.o .\CortexM3\ARM_GCC_541\Debug\M2_IN2.o .\CortexM3\ARM_GCC_541\Debug\M1_QA.o .\CortexM3\ARM_GCC_541\Debug\M1_QB.o .\CortexM3\ARM_GCC_541\Debug\M2_QA.o .\CortexM3\ARM_GCC_541\Debug\M2_QB.o .\CortexM3\ARM_GCC_541\Debug\PWM_2.o .\CortexM3\ARM_GCC_541\Debug\PWM_2_PM.o .\CortexM3\ARM_GCC_541\Debug\QuadDec_M1.o .\CortexM3\ARM_GCC_541\Debug\QuadDec_M1_PM.o .\CortexM3\ARM_GCC_541\Debug\QuadDec_M2.o .\CortexM3\ARM_GCC_541\Debug\QuadDec_M2_PM.o .\CortexM3\ARM_GCC_541\Debug\QuadDec_M1_Cnt16.o .\CortexM3\ARM_GCC_541\Debug\QuadDec_M1_Cnt16_PM.o .\CortexM3\ARM_GCC_541\Debug\QuadDec_M2_Cnt16.o .\CortexM3\ARM_GCC_541\Debug\QuadDec_M2_Cnt16_PM.o .\CortexM3\ARM_GCC_541\Debug\DB0.o .\CortexM3\ARM_GCC_541\Debug\DB1.o .\CortexM3\ARM_GCC_541\Debug\DB2.o .\CortexM3\ARM_GCC_541\Debug\UART.o .\CortexM3\ARM_GCC_541\Debug\UART_PM.o .\CortexM3\ARM_GCC_541\Debug\UART_INT.o .\CortexM3\ARM_GCC_541\Debug\UART_BOOT.o .\CortexM3\ARM_GCC_541\Debug\UART_IntClock.o .\CortexM3\ARM_GCC_541\Debug\RF_BT_SELECT.o .\CortexM3\ARM_GCC_541\Debug\RF_BT_SELECT_PM.o .\CortexM3\ARM_GCC_541\Debug\cy_em_eeprom.o .\CortexM3\ARM_GCC_541\Debug\eoc.o .\CortexM3\ARM_GCC_541\Debug\LED_PIN_2.o .\CortexM3\ARM_GCC_541\Debug\leftIntersectionSensor.o .\CortexM3\ARM_GCC_541\Debug\leftLineSensor.o .\CortexM3\ARM_GCC_541\Debug\LED_PIN_3.o .\CortexM3\ARM_GCC_541\Debug\middleLineSensor.o .\CortexM3\ARM_GCC_541\Debug\turnCompleteSensor.o .\CortexM3\ARM_GCC_541\Debug\rightLineSensor.o .\CortexM3\ARM_GCC_541\Debug\rightIntersectionSensor.o .\CortexM3\ARM_GCC_541\Debug\LED_PIN_4.o .\CortexM3\ARM_GCC_541\Debug\LED_PIN_1.o .\CortexM3\ARM_GCC_541\Debug\LED_PIN_5.o .\CortexM3\ARM_GCC_541\Debug\LED_PIN_6.o .\CortexM3\ARM_GCC_541\Debug\CyBootAsmGnu.o
arm-none-eabi-ar.exe: creating .\CortexM3\ARM_GCC_541\Debug\CS301_Class.a
arm-none-eabi-gcc.exe -Wl,--start-group -o "H:\Documents\301\Post-Benchmark\team14\301_lab_tasks\psoc student pack\psoc_code_base\CS301_Class.cydsn\CortexM3\ARM_GCC_541\Debug\CS301_Class.elf" .\CortexM3\ARM_GCC_541\Debug\main.o .\CortexM3\ARM_GCC_541\Debug\tacho.o .\CortexM3\ARM_GCC_541\Debug\motors.o .\CortexM3\ARM_GCC_541\Debug\pathfind.o .\CortexM3\ARM_GCC_541\Debug\cyfitter_cfg.o .\CortexM3\ARM_GCC_541\Debug\cymetadata.o .\CortexM3\ARM_GCC_541\Debug\Cm3Start.o .\CortexM3\ARM_GCC_541\Debug\CS301_Class.a "C:\Program Files (x86)\Cypress\PSoC Creator\4.2\PSoC Creator\psoc\content\cycomponentlibrary\CyComponentLibrary.cylib\CortexM3\ARM_GCC_541\Debug\CyComponentLibrary.a" -mcpu=cortex-m3 -mthumb -L Generated_Source\PSoC5 -Wl,-Map,.\CortexM3\ARM_GCC_541\Debug/CS301_Class.map -T Generated_Source\PSoC5\cm3gcc.ld -specs=nano.specs -Wl,--gc-sections -g -ffunction-sections -O0 -ffat-lto-objects -Wl,--end-group
cyelftool.exe -C "H:\Documents\301\Post-Benchmark\team14\301_lab_tasks\psoc student pack\psoc_code_base\CS301_Class.cydsn\CortexM3\ARM_GCC_541\Debug\CS301_Class.elf" --flash_row_size 256 --flash_size 262144 --flash_offset 0x00000000
No ELF section .cychecksum found, creating one
Application checksum calculated and stored in ELF section .cychecksum
Checksum calculated and stored in ELF section .cymeta
cyelftool.exe -S "H:\Documents\301\Post-Benchmark\team14\301_lab_tasks\psoc student pack\psoc_code_base\CS301_Class.cydsn\CortexM3\ARM_GCC_541\Debug\CS301_Class.elf"
Flash used: 27256 of 262144 bytes (10.4%).
SRAM used: 27621 of 65536 bytes (42.1%). Stack: 2048 bytes. Heap: 128 bytes.
--------------- Build Succeeded: 10/11/2023 19:20:57 ---------------
