--------------- Rebuild Started: 09/18/2023 11:44:41 Project: CS301_Class, Configuration: ARM GCC 5.4-2016-q2-update Debug ---------------
Deleting file ".\CortexM3\ARM_GCC_541\Debug\main.o"
Deleting file ".\CortexM3\ARM_GCC_541\Debug\tacho.o"
Deleting file ".\CortexM3\ARM_GCC_541\Debug\motors.o"
Deleting file ".\CortexM3\ARM_GCC_541\Debug\cyfitter_cfg.o"
Deleting file ".\CortexM3\ARM_GCC_541\Debug\cymetadata.o"
Deleting file ".\CortexM3\ARM_GCC_541\Debug\ADC.o"
Deleting file ".\CortexM3\ARM_GCC_541\Debug\ADC_PM.o"
Deleting file ".\CortexM3\ARM_GCC_541\Debug\ADC_INT.o"
Deleting file ".\CortexM3\ARM_GCC_541\Debug\isr_TS.o"
Deleting file ".\CortexM3\ARM_GCC_541\Debug\Timer_TS.o"
Deleting file ".\CortexM3\ARM_GCC_541\Debug\Timer_TS_PM.o"
Deleting file ".\CortexM3\ARM_GCC_541\Debug\USBUART.o"
Deleting file ".\CortexM3\ARM_GCC_541\Debug\USBUART_audio.o"
Deleting file ".\CortexM3\ARM_GCC_541\Debug\USBUART_boot.o"
Deleting file ".\CortexM3\ARM_GCC_541\Debug\USBUART_cdc.o"
Deleting file ".\CortexM3\ARM_GCC_541\Debug\USBUART_cls.o"
Deleting file ".\CortexM3\ARM_GCC_541\Debug\USBUART_descr.o"
Deleting file ".\CortexM3\ARM_GCC_541\Debug\USBUART_drv.o"
Deleting file ".\CortexM3\ARM_GCC_541\Debug\USBUART_episr.o"
Deleting file ".\CortexM3\ARM_GCC_541\Debug\USBUART_hid.o"
Deleting file ".\CortexM3\ARM_GCC_541\Debug\USBUART_pm.o"
Deleting file ".\CortexM3\ARM_GCC_541\Debug\USBUART_std.o"
Deleting file ".\CortexM3\ARM_GCC_541\Debug\USBUART_vnd.o"
Deleting file ".\CortexM3\ARM_GCC_541\Debug\USBUART_midi.o"
Deleting file ".\CortexM3\ARM_GCC_541\Debug\USBUART_msc.o"
Deleting file ".\CortexM3\ARM_GCC_541\Debug\Clock2.o"
Deleting file ".\CortexM3\ARM_GCC_541\Debug\ADC_SAR.o"
Deleting file ".\CortexM3\ARM_GCC_541\Debug\ADC_SAR_INT.o"
Deleting file ".\CortexM3\ARM_GCC_541\Debug\ADC_SAR_PM.o"
Deleting file ".\CortexM3\ARM_GCC_541\Debug\ADC_IntClock.o"
Deleting file ".\CortexM3\ARM_GCC_541\Debug\ADC_TempBuf_dma.o"
Deleting file ".\CortexM3\ARM_GCC_541\Debug\ADC_FinalBuf_dma.o"
Deleting file ".\CortexM3\ARM_GCC_541\Debug\ADC_IRQ.o"
Deleting file ".\CortexM3\ARM_GCC_541\Debug\USBUART_Dm.o"
Deleting file ".\CortexM3\ARM_GCC_541\Debug\USBUART_Dp.o"
Deleting file ".\CortexM3\ARM_GCC_541\Debug\Cm3Start.o"
Deleting file ".\CortexM3\ARM_GCC_541\Debug\CyBootAsmGnu.o"
Deleting file ".\CortexM3\ARM_GCC_541\Debug\CyDmac.o"
Deleting file ".\CortexM3\ARM_GCC_541\Debug\CyFlash.o"
Deleting file ".\CortexM3\ARM_GCC_541\Debug\CyLib.o"
Deleting file ".\CortexM3\ARM_GCC_541\Debug\cyPm.o"
Deleting file ".\CortexM3\ARM_GCC_541\Debug\CySpc.o"
Deleting file ".\CortexM3\ARM_GCC_541\Debug\cyutils.o"
Deleting file ".\CortexM3\ARM_GCC_541\Debug\PWM_1.o"
Deleting file ".\CortexM3\ARM_GCC_541\Debug\PWM_1_PM.o"
Deleting file ".\CortexM3\ARM_GCC_541\Debug\Clock_PWM.o"
Deleting file ".\CortexM3\ARM_GCC_541\Debug\Clock_QENC.o"
Deleting file ".\CortexM3\ARM_GCC_541\Debug\M1_IN1.o"
Deleting file ".\CortexM3\ARM_GCC_541\Debug\M1_IN2.o"
Deleting file ".\CortexM3\ARM_GCC_541\Debug\M2_IN1.o"
Deleting file ".\CortexM3\ARM_GCC_541\Debug\M2_IN2.o"
Deleting file ".\CortexM3\ARM_GCC_541\Debug\M1_QA.o"
Deleting file ".\CortexM3\ARM_GCC_541\Debug\M1_QB.o"
Deleting file ".\CortexM3\ARM_GCC_541\Debug\M2_QA.o"
Deleting file ".\CortexM3\ARM_GCC_541\Debug\M2_QB.o"
Deleting file ".\CortexM3\ARM_GCC_541\Debug\PWM_2.o"
Deleting file ".\CortexM3\ARM_GCC_541\Debug\PWM_2_PM.o"
Deleting file ".\CortexM3\ARM_GCC_541\Debug\QuadDec_M1.o"
Deleting file ".\CortexM3\ARM_GCC_541\Debug\QuadDec_M1_PM.o"
Deleting file ".\CortexM3\ARM_GCC_541\Debug\QuadDec_M2.o"
Deleting file ".\CortexM3\ARM_GCC_541\Debug\QuadDec_M2_PM.o"
Deleting file ".\CortexM3\ARM_GCC_541\Debug\QuadDec_M1_Cnt16.o"
Deleting file ".\CortexM3\ARM_GCC_541\Debug\QuadDec_M1_Cnt16_PM.o"
Deleting file ".\CortexM3\ARM_GCC_541\Debug\QuadDec_M2_Cnt16.o"
Deleting file ".\CortexM3\ARM_GCC_541\Debug\QuadDec_M2_Cnt16_PM.o"
Deleting file ".\CortexM3\ARM_GCC_541\Debug\DB0.o"
Deleting file ".\CortexM3\ARM_GCC_541\Debug\DB1.o"
Deleting file ".\CortexM3\ARM_GCC_541\Debug\DB2.o"
Deleting file ".\CortexM3\ARM_GCC_541\Debug\UART.o"
Deleting file ".\CortexM3\ARM_GCC_541\Debug\UART_PM.o"
Deleting file ".\CortexM3\ARM_GCC_541\Debug\UART_INT.o"
Deleting file ".\CortexM3\ARM_GCC_541\Debug\UART_BOOT.o"
Deleting file ".\CortexM3\ARM_GCC_541\Debug\UART_IntClock.o"
Deleting file ".\CortexM3\ARM_GCC_541\Debug\RF_BT_SELECT.o"
Deleting file ".\CortexM3\ARM_GCC_541\Debug\RF_BT_SELECT_PM.o"
Deleting file ".\CortexM3\ARM_GCC_541\Debug\cy_em_eeprom.o"
Deleting file ".\CortexM3\ARM_GCC_541\Debug\eoc.o"
Deleting file ".\CortexM3\ARM_GCC_541\Debug\LED_PIN_2.o"
Deleting file ".\CortexM3\ARM_GCC_541\Debug\leftIntersectionSensor.o"
Deleting file ".\CortexM3\ARM_GCC_541\Debug\leftLineSensor.o"
Deleting file ".\CortexM3\ARM_GCC_541\Debug\LED_PIN_3.o"
Deleting file ".\CortexM3\ARM_GCC_541\Debug\middleLineSensor.o"
Deleting file ".\CortexM3\ARM_GCC_541\Debug\turnCompleteSensor.o"
Deleting file ".\CortexM3\ARM_GCC_541\Debug\rightLineSensor.o"
Deleting file ".\CortexM3\ARM_GCC_541\Debug\rightIntersectionSensor.o"
Deleting file ".\CortexM3\ARM_GCC_541\Debug\LED_PIN_4.o"
Deleting file ".\CortexM3\ARM_GCC_541\Debug\LED_PIN_1.o"
Deleting file ".\CortexM3\ARM_GCC_541\Debug\LED_PIN_5.o"
Deleting file ".\CortexM3\ARM_GCC_541\Debug\LED_PIN_6.o"
Deleting file ".\CortexM3\ARM_GCC_541\Debug\CS301_Class.hex"
Deleting file ".\CortexM3\ARM_GCC_541\Debug\CS301_Class.map"
Deleting file ".\CS301_Class.cycdx"
Deleting file ".\CS301_Class.svd"
Deleting file ".\CS301_Class.rpt"
Deleting file ".\CS301_Class_timing.html"
Deleting file ".\CortexM3\ARM_GCC_541\Debug\.deps\SOURCE_C__ARM_GCC_GENERIC.P"
Deleting file ".\CortexM3\ARM_GCC_541\Debug\.deps\SOURCE_ASM__ARM_GCC_GENERIC.P"
cydsfit.exe -.appdatapath "C:\Users\lger522\AppData\Local\Cypress Semiconductor\PSoC Creator\4.2" -.fdsnotice -.fdswarpdepfile=warp_dependencies.txt -.fdselabdepfile=elab_dependencies.txt -.fdsbldfile=generated_files.txt -.fdsreffile=referenced_files.txt -p "H:\Desktop\301 Team 14\team14\301_lab_tasks\psoc student pack\psoc_code_base\CS301_Class.cydsn\CS301_Class.cyprj" -d CY8C5888LTI-LP097 -s "H:\Desktop\301 Team 14\team14\301_lab_tasks\psoc student pack\psoc_code_base\CS301_Class.cydsn\Generated_Source\PSoC5" -- -yv2 -q10 -ygs -o2 -v3 -.fftcfgtype=LE
Elaborating Design...
ADD: sdb.M0065: information: Analog terminal "vdac_ref" on ADC_SAR_SEQ_v2_10 is unconnected.
 * C:\Program Files (x86)\Cypress\PSoC Creator\4.2\PSoC Creator\psoc\content\CyComponentLibrary\CyComponentLibrary.cylib\ADC_SAR_SEQ_v2_10\PSoC5\ADC_SAR_SEQ_v2_10.cysch (Signal: vdac_ref)
 * C:\Program Files (x86)\Cypress\PSoC Creator\4.2\PSoC Creator\psoc\content\CyComponentLibrary\CyComponentLibrary.cylib\ADC_SAR_SEQ_v2_10\PSoC5\ADC_SAR_SEQ_v2_10.cysch (Shape_798)
 * C:\Program Files (x86)\Cypress\PSoC Creator\4.2\PSoC Creator\psoc\content\CyComponentLibrary\CyComponentLibrary.cylib\ADC_SAR_SEQ_v2_10\PSoC5\ADC_SAR_SEQ_v2_10.cysch (Shape_885)
HDL Generation...
Synthesis...
Tech Mapping...
ADD: pft.M0040: information: The following 5 pin(s) will be assigned a location by the fitter: M1_QA(0), M1_QB(0), M2_QA(0), M2_QB(0), Rx_1(0)
Analog Placement...
Info: apr.M0002: Analog signal "Net_4680" is connected to one terminal only. (App=cydsfit)
Info: apr.M0002: Analog signal "Net_4682" is connected to one terminal only. (App=cydsfit)
Info: apr.M0002: Analog signal "Net_4684" is connected to one terminal only. (App=cydsfit)
Info: apr.M0002: Analog signal "Net_4685" is connected to one terminal only. (App=cydsfit)
Info: apr.M0002: Analog signal "Net_4687" is connected to one terminal only. (App=cydsfit)
Info: apr.M0002: Analog signal "Net_4689" is connected to one terminal only. (App=cydsfit)
Info: apr.M0002: Analog signal "Net_4690" is connected to one terminal only. (App=cydsfit)
Info: apr.M0002: Analog signal "Net_4692" is connected to one terminal only. (App=cydsfit)
Info: apr.M0002: Analog signal "Net_4694" is connected to one terminal only. (App=cydsfit)
Info: apr.M0002: Analog signal "Net_4695" is connected to one terminal only. (App=cydsfit)
Info: apr.M0002: Analog signal "Net_4697" is connected to one terminal only. (App=cydsfit)
Info: apr.M0002: Analog signal "Net_4699" is connected to one terminal only. (App=cydsfit)
Info: apr.M0002: Analog signal "Net_4700" is connected to one terminal only. (App=cydsfit)
Info: apr.M0002: Analog signal "Net_4702" is connected to one terminal only. (App=cydsfit)
Info: apr.M0002: Analog signal "Net_4704" is connected to one terminal only. (App=cydsfit)
Info: apr.M0002: Analog signal "Net_4705" is connected to one terminal only. (App=cydsfit)
Info: apr.M0002: Analog signal "Net_4707" is connected to one terminal only. (App=cydsfit)
Info: apr.M0002: Analog signal "Net_4709" is connected to one terminal only. (App=cydsfit)
Info: apr.M0002: Analog signal "Net_4710" is connected to one terminal only. (App=cydsfit)
Info: apr.M0002: Analog signal "Net_4712" is connected to one terminal only. (App=cydsfit)
Info: apr.M0002: Analog signal "Net_4714" is connected to one terminal only. (App=cydsfit)
Info: apr.M0002: Analog signal "Net_4715" is connected to one terminal only. (App=cydsfit)
Info: apr.M0002: Analog signal "Net_4717" is connected to one terminal only. (App=cydsfit)
Info: apr.M0002: Analog signal "Net_4719" is connected to one terminal only. (App=cydsfit)
Info: apr.M0002: Analog signal "Net_4720" is connected to one terminal only. (App=cydsfit)
Info: apr.M0002: Analog signal "Net_4722" is connected to one terminal only. (App=cydsfit)
Info: apr.M0002: Analog signal "Net_4724" is connected to one terminal only. (App=cydsfit)
Info: apr.M0002: Analog signal "Net_4725" is connected to one terminal only. (App=cydsfit)
Info: apr.M0002: Analog signal "Net_4727" is connected to one terminal only. (App=cydsfit)
Info: apr.M0002: Analog signal "Net_4729" is connected to one terminal only. (App=cydsfit)
Info: apr.M0002: Analog signal "Net_4730" is connected to one terminal only. (App=cydsfit)
Info: apr.M0002: Analog signal "Net_4732" is connected to one terminal only. (App=cydsfit)
Info: apr.M0002: Analog signal "Net_4734" is connected to one terminal only. (App=cydsfit)
Info: apr.M0002: Analog signal "Net_4735" is connected to one terminal only. (App=cydsfit)
Info: apr.M0002: Analog signal "Net_4737" is connected to one terminal only. (App=cydsfit)
Info: apr.M0002: Analog signal "Net_4739" is connected to one terminal only. (App=cydsfit)
Info: apr.M0002: Analog signal "Net_4740" is connected to one terminal only. (App=cydsfit)
Info: apr.M0002: Analog signal "Net_4742" is connected to one terminal only. (App=cydsfit)
Info: apr.M0002: Analog signal "Net_4744" is connected to one terminal only. (App=cydsfit)
Info: apr.M0002: Analog signal "Net_4745" is connected to one terminal only. (App=cydsfit)
Info: apr.M0002: Analog signal "Net_4747" is connected to one terminal only. (App=cydsfit)
Info: apr.M0002: Analog signal "Net_4749" is connected to one terminal only. (App=cydsfit)
Info: apr.M0002: Analog signal "Net_4750" is connected to one terminal only. (App=cydsfit)
Info: apr.M0002: Analog signal "Net_4751" is connected to one terminal only. (App=cydsfit)
Info: apr.M0002: Analog signal "Net_4752" is connected to one terminal only. (App=cydsfit)
Info: apr.M0002: Analog signal "Net_4753" is connected to one terminal only. (App=cydsfit)
Info: apr.M0002: Analog signal "Net_4754" is connected to one terminal only. (App=cydsfit)
Info: apr.M0002: Analog signal "Net_4755" is connected to one terminal only. (App=cydsfit)
Info: apr.M0002: Analog signal "Net_4756" is connected to one terminal only. (App=cydsfit)
Info: apr.M0002: Analog signal "Net_4757" is connected to one terminal only. (App=cydsfit)
Info: apr.M0002: Analog signal "Net_4758" is connected to one terminal only. (App=cydsfit)
Info: apr.M0002: Analog signal "Net_4759" is connected to one terminal only. (App=cydsfit)
Info: apr.M0002: Analog signal "Net_4760" is connected to one terminal only. (App=cydsfit)
Info: apr.M0002: Analog signal "Net_4761" is connected to one terminal only. (App=cydsfit)
Info: apr.M0002: Analog signal "Net_4762" is connected to one terminal only. (App=cydsfit)
Info: apr.M0002: Analog signal "Net_4763" is connected to one terminal only. (App=cydsfit)
Info: apr.M0002: Analog signal "Net_4764" is connected to one terminal only. (App=cydsfit)
Info: apr.M0002: Analog signal "Net_4765" is connected to one terminal only. (App=cydsfit)
Log: apr.M0058: The analog placement iterative improvement is 31% done. (App=cydsfit)
Log: apr.M0058: The analog placement iterative improvement is 81% done. (App=cydsfit)
Analog Routing...
Analog Code Generation...
Digital Placement...
Digital Routing...
Bitstream Generation...
Bitstream Verification...
Static timing analysis...
API Generation...
Dependency Generation...
Cleanup...
arm-none-eabi-gcc.exe -mcpu=cortex-m3 -mthumb -I. -IGenerated_Source\PSoC5 -Wa,-alh=.\CortexM3\ARM_GCC_541\Debug/main.lst -g -D DEBUG -Wall -ffunction-sections -ffat-lto-objects -O0 -c main.c -o .\CortexM3\ARM_GCC_541\Debug\main.o
arm-none-eabi-gcc.exe -mcpu=cortex-m3 -mthumb -I. -IGenerated_Source\PSoC5 -Wa,-alh=.\CortexM3\ARM_GCC_541\Debug/tacho.lst -g -D DEBUG -Wall -ffunction-sections -ffat-lto-objects -O0 -c tacho.c -o .\CortexM3\ARM_GCC_541\Debug\tacho.o
arm-none-eabi-gcc.exe -mcpu=cortex-m3 -mthumb -I. -IGenerated_Source\PSoC5 -Wa,-alh=.\CortexM3\ARM_GCC_541\Debug/motors.lst -g -D DEBUG -Wall -ffunction-sections -ffat-lto-objects -O0 -c motors.c -o .\CortexM3\ARM_GCC_541\Debug\motors.o
arm-none-eabi-gcc.exe -mcpu=cortex-m3 -mthumb -I. -IGenerated_Source\PSoC5 -Wa,-alh=.\CortexM3\ARM_GCC_541\Debug/cyfitter_cfg.lst -g -D DEBUG -Wall -ffunction-sections -ffat-lto-objects -O0 -c Generated_Source\PSoC5\cyfitter_cfg.c -o .\CortexM3\ARM_GCC_541\Debug\cyfitter_cfg.o
arm-none-eabi-gcc.exe -mcpu=cortex-m3 -mthumb -I. -IGenerated_Source\PSoC5 -Wa,-alh=.\CortexM3\ARM_GCC_541\Debug/cymetadata.lst -g -D DEBUG -Wall -ffunction-sections -ffat-lto-objects -O0 -c Generated_Source\PSoC5\cymetadata.c -o .\CortexM3\ARM_GCC_541\Debug\cymetadata.o
arm-none-eabi-gcc.exe -mcpu=cortex-m3 -mthumb -I. -IGenerated_Source\PSoC5 -Wa,-alh=.\CortexM3\ARM_GCC_541\Debug/ADC.lst -g -D DEBUG -Wall -ffunction-sections -ffat-lto-objects -O0 -c Generated_Source\PSoC5\ADC.c -o .\CortexM3\ARM_GCC_541\Debug\ADC.o
arm-none-eabi-gcc.exe -mcpu=cortex-m3 -mthumb -I. -IGenerated_Source\PSoC5 -Wa,-alh=.\CortexM3\ARM_GCC_541\Debug/ADC_PM.lst -g -D DEBUG -Wall -ffunction-sections -ffat-lto-objects -O0 -c Generated_Source\PSoC5\ADC_PM.c -o .\CortexM3\ARM_GCC_541\Debug\ADC_PM.o
arm-none-eabi-gcc.exe -mcpu=cortex-m3 -mthumb -I. -IGenerated_Source\PSoC5 -Wa,-alh=.\CortexM3\ARM_GCC_541\Debug/ADC_INT.lst -g -D DEBUG -Wall -ffunction-sections -ffat-lto-objects -O0 -c Generated_Source\PSoC5\ADC_INT.c -o .\CortexM3\ARM_GCC_541\Debug\ADC_INT.o
arm-none-eabi-gcc.exe -mcpu=cortex-m3 -mthumb -I. -IGenerated_Source\PSoC5 -Wa,-alh=.\CortexM3\ARM_GCC_541\Debug/isr_TS.lst -g -D DEBUG -Wall -ffunction-sections -ffat-lto-objects -O0 -c Generated_Source\PSoC5\isr_TS.c -o .\CortexM3\ARM_GCC_541\Debug\isr_TS.o
arm-none-eabi-gcc.exe -mcpu=cortex-m3 -mthumb -I. -IGenerated_Source\PSoC5 -Wa,-alh=.\CortexM3\ARM_GCC_541\Debug/Timer_TS.lst -g -D DEBUG -Wall -ffunction-sections -ffat-lto-objects -O0 -c Generated_Source\PSoC5\Timer_TS.c -o .\CortexM3\ARM_GCC_541\Debug\Timer_TS.o
arm-none-eabi-gcc.exe -mcpu=cortex-m3 -mthumb -I. -IGenerated_Source\PSoC5 -Wa,-alh=.\CortexM3\ARM_GCC_541\Debug/Timer_TS_PM.lst -g -D DEBUG -Wall -ffunction-sections -ffat-lto-objects -O0 -c Generated_Source\PSoC5\Timer_TS_PM.c -o .\CortexM3\ARM_GCC_541\Debug\Timer_TS_PM.o
arm-none-eabi-gcc.exe -mcpu=cortex-m3 -mthumb -I. -IGenerated_Source\PSoC5 -Wa,-alh=.\CortexM3\ARM_GCC_541\Debug/USBUART.lst -g -D DEBUG -Wall -ffunction-sections -ffat-lto-objects -O0 -c Generated_Source\PSoC5\USBUART.c -o .\CortexM3\ARM_GCC_541\Debug\USBUART.o
arm-none-eabi-gcc.exe -mcpu=cortex-m3 -mthumb -I. -IGenerated_Source\PSoC5 -Wa,-alh=.\CortexM3\ARM_GCC_541\Debug/USBUART_audio.lst -g -D DEBUG -Wall -ffunction-sections -ffat-lto-objects -O0 -c Generated_Source\PSoC5\USBUART_audio.c -o .\CortexM3\ARM_GCC_541\Debug\USBUART_audio.o
arm-none-eabi-gcc.exe -mcpu=cortex-m3 -mthumb -I. -IGenerated_Source\PSoC5 -Wa,-alh=.\CortexM3\ARM_GCC_541\Debug/USBUART_boot.lst -g -D DEBUG -Wall -ffunction-sections -ffat-lto-objects -O0 -c Generated_Source\PSoC5\USBUART_boot.c -o .\CortexM3\ARM_GCC_541\Debug\USBUART_boot.o
arm-none-eabi-gcc.exe -mcpu=cortex-m3 -mthumb -I. -IGenerated_Source\PSoC5 -Wa,-alh=.\CortexM3\ARM_GCC_541\Debug/USBUART_cdc.lst -g -D DEBUG -Wall -ffunction-sections -ffat-lto-objects -O0 -c Generated_Source\PSoC5\USBUART_cdc.c -o .\CortexM3\ARM_GCC_541\Debug\USBUART_cdc.o
arm-none-eabi-gcc.exe -mcpu=cortex-m3 -mthumb -I. -IGenerated_Source\PSoC5 -Wa,-alh=.\CortexM3\ARM_GCC_541\Debug/USBUART_cls.lst -g -D DEBUG -Wall -ffunction-sections -ffat-lto-objects -O0 -c Generated_Source\PSoC5\USBUART_cls.c -o .\CortexM3\ARM_GCC_541\Debug\USBUART_cls.o
arm-none-eabi-gcc.exe -mcpu=cortex-m3 -mthumb -I. -IGenerated_Source\PSoC5 -Wa,-alh=.\CortexM3\ARM_GCC_541\Debug/USBUART_descr.lst -g -D DEBUG -Wall -ffunction-sections -ffat-lto-objects -O0 -c Generated_Source\PSoC5\USBUART_descr.c -o .\CortexM3\ARM_GCC_541\Debug\USBUART_descr.o
arm-none-eabi-gcc.exe -mcpu=cortex-m3 -mthumb -I. -IGenerated_Source\PSoC5 -Wa,-alh=.\CortexM3\ARM_GCC_541\Debug/USBUART_drv.lst -g -D DEBUG -Wall -ffunction-sections -ffat-lto-objects -O0 -c Generated_Source\PSoC5\USBUART_drv.c -o .\CortexM3\ARM_GCC_541\Debug\USBUART_drv.o
arm-none-eabi-gcc.exe -mcpu=cortex-m3 -mthumb -I. -IGenerated_Source\PSoC5 -Wa,-alh=.\CortexM3\ARM_GCC_541\Debug/USBUART_episr.lst -g -D DEBUG -Wall -ffunction-sections -ffat-lto-objects -O0 -c Generated_Source\PSoC5\USBUART_episr.c -o .\CortexM3\ARM_GCC_541\Debug\USBUART_episr.o
arm-none-eabi-gcc.exe -mcpu=cortex-m3 -mthumb -I. -IGenerated_Source\PSoC5 -Wa,-alh=.\CortexM3\ARM_GCC_541\Debug/USBUART_hid.lst -g -D DEBUG -Wall -ffunction-sections -ffat-lto-objects -O0 -c Generated_Source\PSoC5\USBUART_hid.c -o .\CortexM3\ARM_GCC_541\Debug\USBUART_hid.o
arm-none-eabi-gcc.exe -mcpu=cortex-m3 -mthumb -I. -IGenerated_Source\PSoC5 -Wa,-alh=.\CortexM3\ARM_GCC_541\Debug/USBUART_pm.lst -g -D DEBUG -Wall -ffunction-sections -ffat-lto-objects -O0 -c Generated_Source\PSoC5\USBUART_pm.c -o .\CortexM3\ARM_GCC_541\Debug\USBUART_pm.o
arm-none-eabi-gcc.exe -mcpu=cortex-m3 -mthumb -I. -IGenerated_Source\PSoC5 -Wa,-alh=.\CortexM3\ARM_GCC_541\Debug/USBUART_std.lst -g -D DEBUG -Wall -ffunction-sections -ffat-lto-objects -O0 -c Generated_Source\PSoC5\USBUART_std.c -o .\CortexM3\ARM_GCC_541\Debug\USBUART_std.o
arm-none-eabi-gcc.exe -mcpu=cortex-m3 -mthumb -I. -IGenerated_Source\PSoC5 -Wa,-alh=.\CortexM3\ARM_GCC_541\Debug/USBUART_vnd.lst -g -D DEBUG -Wall -ffunction-sections -ffat-lto-objects -O0 -c Generated_Source\PSoC5\USBUART_vnd.c -o .\CortexM3\ARM_GCC_541\Debug\USBUART_vnd.o
arm-none-eabi-gcc.exe -mcpu=cortex-m3 -mthumb -I. -IGenerated_Source\PSoC5 -Wa,-alh=.\CortexM3\ARM_GCC_541\Debug/USBUART_midi.lst -g -D DEBUG -Wall -ffunction-sections -ffat-lto-objects -O0 -c Generated_Source\PSoC5\USBUART_midi.c -o .\CortexM3\ARM_GCC_541\Debug\USBUART_midi.o
arm-none-eabi-gcc.exe -mcpu=cortex-m3 -mthumb -I. -IGenerated_Source\PSoC5 -Wa,-alh=.\CortexM3\ARM_GCC_541\Debug/USBUART_msc.lst -g -D DEBUG -Wall -ffunction-sections -ffat-lto-objects -O0 -c Generated_Source\PSoC5\USBUART_msc.c -o .\CortexM3\ARM_GCC_541\Debug\USBUART_msc.o
arm-none-eabi-gcc.exe -mcpu=cortex-m3 -mthumb -I. -IGenerated_Source\PSoC5 -Wa,-alh=.\CortexM3\ARM_GCC_541\Debug/Clock2.lst -g -D DEBUG -Wall -ffunction-sections -ffat-lto-objects -O0 -c Generated_Source\PSoC5\Clock2.c -o .\CortexM3\ARM_GCC_541\Debug\Clock2.o
arm-none-eabi-gcc.exe -mcpu=cortex-m3 -mthumb -I. -IGenerated_Source\PSoC5 -Wa,-alh=.\CortexM3\ARM_GCC_541\Debug/ADC_SAR.lst -g -D DEBUG -Wall -ffunction-sections -ffat-lto-objects -O0 -c Generated_Source\PSoC5\ADC_SAR.c -o .\CortexM3\ARM_GCC_541\Debug\ADC_SAR.o
arm-none-eabi-gcc.exe -mcpu=cortex-m3 -mthumb -I. -IGenerated_Source\PSoC5 -Wa,-alh=.\CortexM3\ARM_GCC_541\Debug/ADC_SAR_INT.lst -g -D DEBUG -Wall -ffunction-sections -ffat-lto-objects -O0 -c Generated_Source\PSoC5\ADC_SAR_INT.c -o .\CortexM3\ARM_GCC_541\Debug\ADC_SAR_INT.o
arm-none-eabi-gcc.exe -mcpu=cortex-m3 -mthumb -I. -IGenerated_Source\PSoC5 -Wa,-alh=.\CortexM3\ARM_GCC_541\Debug/ADC_SAR_PM.lst -g -D DEBUG -Wall -ffunction-sections -ffat-lto-objects -O0 -c Generated_Source\PSoC5\ADC_SAR_PM.c -o .\CortexM3\ARM_GCC_541\Debug\ADC_SAR_PM.o
arm-none-eabi-gcc.exe -mcpu=cortex-m3 -mthumb -I. -IGenerated_Source\PSoC5 -Wa,-alh=.\CortexM3\ARM_GCC_541\Debug/ADC_IntClock.lst -g -D DEBUG -Wall -ffunction-sections -ffat-lto-objects -O0 -c Generated_Source\PSoC5\ADC_IntClock.c -o .\CortexM3\ARM_GCC_541\Debug\ADC_IntClock.o
arm-none-eabi-gcc.exe -mcpu=cortex-m3 -mthumb -I. -IGenerated_Source\PSoC5 -Wa,-alh=.\CortexM3\ARM_GCC_541\Debug/ADC_TempBuf_dma.lst -g -D DEBUG -Wall -ffunction-sections -ffat-lto-objects -O0 -c Generated_Source\PSoC5\ADC_TempBuf_dma.c -o .\CortexM3\ARM_GCC_541\Debug\ADC_TempBuf_dma.o
arm-none-eabi-gcc.exe -mcpu=cortex-m3 -mthumb -I. -IGenerated_Source\PSoC5 -Wa,-alh=.\CortexM3\ARM_GCC_541\Debug/ADC_FinalBuf_dma.lst -g -D DEBUG -Wall -ffunction-sections -ffat-lto-objects -O0 -c Generated_Source\PSoC5\ADC_FinalBuf_dma.c -o .\CortexM3\ARM_GCC_541\Debug\ADC_FinalBuf_dma.o
arm-none-eabi-gcc.exe -mcpu=cortex-m3 -mthumb -I. -IGenerated_Source\PSoC5 -Wa,-alh=.\CortexM3\ARM_GCC_541\Debug/ADC_IRQ.lst -g -D DEBUG -Wall -ffunction-sections -ffat-lto-objects -O0 -c Generated_Source\PSoC5\ADC_IRQ.c -o .\CortexM3\ARM_GCC_541\Debug\ADC_IRQ.o
arm-none-eabi-gcc.exe -mcpu=cortex-m3 -mthumb -I. -IGenerated_Source\PSoC5 -Wa,-alh=.\CortexM3\ARM_GCC_541\Debug/USBUART_Dm.lst -g -D DEBUG -Wall -ffunction-sections -ffat-lto-objects -O0 -c Generated_Source\PSoC5\USBUART_Dm.c -o .\CortexM3\ARM_GCC_541\Debug\USBUART_Dm.o
arm-none-eabi-gcc.exe -mcpu=cortex-m3 -mthumb -I. -IGenerated_Source\PSoC5 -Wa,-alh=.\CortexM3\ARM_GCC_541\Debug/USBUART_Dp.lst -g -D DEBUG -Wall -ffunction-sections -ffat-lto-objects -O0 -c Generated_Source\PSoC5\USBUART_Dp.c -o .\CortexM3\ARM_GCC_541\Debug\USBUART_Dp.o
arm-none-eabi-gcc.exe -mcpu=cortex-m3 -mthumb -I. -IGenerated_Source\PSoC5 -Wa,-alh=.\CortexM3\ARM_GCC_541\Debug/Cm3Start.lst -g -D DEBUG -Wall -ffunction-sections -ffat-lto-objects -O0 -c Generated_Source\PSoC5\Cm3Start.c -o .\CortexM3\ARM_GCC_541\Debug\Cm3Start.o
arm-none-eabi-gcc.exe -mcpu=cortex-m3 -mthumb -I. -IGenerated_Source\PSoC5 -Wa,-alh=.\CortexM3\ARM_GCC_541\Debug/CyDmac.lst -g -D DEBUG -Wall -ffunction-sections -ffat-lto-objects -O0 -c Generated_Source\PSoC5\CyDmac.c -o .\CortexM3\ARM_GCC_541\Debug\CyDmac.o
arm-none-eabi-gcc.exe -mcpu=cortex-m3 -mthumb -I. -IGenerated_Source\PSoC5 -Wa,-alh=.\CortexM3\ARM_GCC_541\Debug/CyFlash.lst -g -D DEBUG -Wall -ffunction-sections -ffat-lto-objects -O0 -c Generated_Source\PSoC5\CyFlash.c -o .\CortexM3\ARM_GCC_541\Debug\CyFlash.o
arm-none-eabi-gcc.exe -mcpu=cortex-m3 -mthumb -I. -IGenerated_Source\PSoC5 -Wa,-alh=.\CortexM3\ARM_GCC_541\Debug/CyLib.lst -g -D DEBUG -Wall -ffunction-sections -ffat-lto-objects -O0 -c Generated_Source\PSoC5\CyLib.c -o .\CortexM3\ARM_GCC_541\Debug\CyLib.o
arm-none-eabi-gcc.exe -mcpu=cortex-m3 -mthumb -I. -IGenerated_Source\PSoC5 -Wa,-alh=.\CortexM3\ARM_GCC_541\Debug/cyPm.lst -g -D DEBUG -Wall -ffunction-sections -ffat-lto-objects -O0 -c Generated_Source\PSoC5\cyPm.c -o .\CortexM3\ARM_GCC_541\Debug\cyPm.o
arm-none-eabi-gcc.exe -mcpu=cortex-m3 -mthumb -I. -IGenerated_Source\PSoC5 -Wa,-alh=.\CortexM3\ARM_GCC_541\Debug/CySpc.lst -g -D DEBUG -Wall -ffunction-sections -ffat-lto-objects -O0 -c Generated_Source\PSoC5\CySpc.c -o .\CortexM3\ARM_GCC_541\Debug\CySpc.o
arm-none-eabi-gcc.exe -mcpu=cortex-m3 -mthumb -I. -IGenerated_Source\PSoC5 -Wa,-alh=.\CortexM3\ARM_GCC_541\Debug/cyutils.lst -g -D DEBUG -Wall -ffunction-sections -ffat-lto-objects -O0 -c Generated_Source\PSoC5\cyutils.c -o .\CortexM3\ARM_GCC_541\Debug\cyutils.o
arm-none-eabi-gcc.exe -mcpu=cortex-m3 -mthumb -I. -IGenerated_Source\PSoC5 -Wa,-alh=.\CortexM3\ARM_GCC_541\Debug/PWM_1.lst -g -D DEBUG -Wall -ffunction-sections -ffat-lto-objects -O0 -c Generated_Source\PSoC5\PWM_1.c -o .\CortexM3\ARM_GCC_541\Debug\PWM_1.o
arm-none-eabi-gcc.exe -mcpu=cortex-m3 -mthumb -I. -IGenerated_Source\PSoC5 -Wa,-alh=.\CortexM3\ARM_GCC_541\Debug/PWM_1_PM.lst -g -D DEBUG -Wall -ffunction-sections -ffat-lto-objects -O0 -c Generated_Source\PSoC5\PWM_1_PM.c -o .\CortexM3\ARM_GCC_541\Debug\PWM_1_PM.o
arm-none-eabi-gcc.exe -mcpu=cortex-m3 -mthumb -I. -IGenerated_Source\PSoC5 -Wa,-alh=.\CortexM3\ARM_GCC_541\Debug/Clock_PWM.lst -g -D DEBUG -Wall -ffunction-sections -ffat-lto-objects -O0 -c Generated_Source\PSoC5\Clock_PWM.c -o .\CortexM3\ARM_GCC_541\Debug\Clock_PWM.o
arm-none-eabi-gcc.exe -mcpu=cortex-m3 -mthumb -I. -IGenerated_Source\PSoC5 -Wa,-alh=.\CortexM3\ARM_GCC_541\Debug/Clock_QENC.lst -g -D DEBUG -Wall -ffunction-sections -ffat-lto-objects -O0 -c Generated_Source\PSoC5\Clock_QENC.c -o .\CortexM3\ARM_GCC_541\Debug\Clock_QENC.o
arm-none-eabi-gcc.exe -mcpu=cortex-m3 -mthumb -I. -IGenerated_Source\PSoC5 -Wa,-alh=.\CortexM3\ARM_GCC_541\Debug/M1_IN1.lst -g -D DEBUG -Wall -ffunction-sections -ffat-lto-objects -O0 -c Generated_Source\PSoC5\M1_IN1.c -o .\CortexM3\ARM_GCC_541\Debug\M1_IN1.o
arm-none-eabi-gcc.exe -mcpu=cortex-m3 -mthumb -I. -IGenerated_Source\PSoC5 -Wa,-alh=.\CortexM3\ARM_GCC_541\Debug/M1_IN2.lst -g -D DEBUG -Wall -ffunction-sections -ffat-lto-objects -O0 -c Generated_Source\PSoC5\M1_IN2.c -o .\CortexM3\ARM_GCC_541\Debug\M1_IN2.o
arm-none-eabi-gcc.exe -mcpu=cortex-m3 -mthumb -I. -IGenerated_Source\PSoC5 -Wa,-alh=.\CortexM3\ARM_GCC_541\Debug/M2_IN1.lst -g -D DEBUG -Wall -ffunction-sections -ffat-lto-objects -O0 -c Generated_Source\PSoC5\M2_IN1.c -o .\CortexM3\ARM_GCC_541\Debug\M2_IN1.o
arm-none-eabi-gcc.exe -mcpu=cortex-m3 -mthumb -I. -IGenerated_Source\PSoC5 -Wa,-alh=.\CortexM3\ARM_GCC_541\Debug/M2_IN2.lst -g -D DEBUG -Wall -ffunction-sections -ffat-lto-objects -O0 -c Generated_Source\PSoC5\M2_IN2.c -o .\CortexM3\ARM_GCC_541\Debug\M2_IN2.o
arm-none-eabi-gcc.exe -mcpu=cortex-m3 -mthumb -I. -IGenerated_Source\PSoC5 -Wa,-alh=.\CortexM3\ARM_GCC_541\Debug/M1_QA.lst -g -D DEBUG -Wall -ffunction-sections -ffat-lto-objects -O0 -c Generated_Source\PSoC5\M1_QA.c -o .\CortexM3\ARM_GCC_541\Debug\M1_QA.o
arm-none-eabi-gcc.exe -mcpu=cortex-m3 -mthumb -I. -IGenerated_Source\PSoC5 -Wa,-alh=.\CortexM3\ARM_GCC_541\Debug/M1_QB.lst -g -D DEBUG -Wall -ffunction-sections -ffat-lto-objects -O0 -c Generated_Source\PSoC5\M1_QB.c -o .\CortexM3\ARM_GCC_541\Debug\M1_QB.o
arm-none-eabi-gcc.exe -mcpu=cortex-m3 -mthumb -I. -IGenerated_Source\PSoC5 -Wa,-alh=.\CortexM3\ARM_GCC_541\Debug/M2_QA.lst -g -D DEBUG -Wall -ffunction-sections -ffat-lto-objects -O0 -c Generated_Source\PSoC5\M2_QA.c -o .\CortexM3\ARM_GCC_541\Debug\M2_QA.o
arm-none-eabi-gcc.exe -mcpu=cortex-m3 -mthumb -I. -IGenerated_Source\PSoC5 -Wa,-alh=.\CortexM3\ARM_GCC_541\Debug/M2_QB.lst -g -D DEBUG -Wall -ffunction-sections -ffat-lto-objects -O0 -c Generated_Source\PSoC5\M2_QB.c -o .\CortexM3\ARM_GCC_541\Debug\M2_QB.o
arm-none-eabi-gcc.exe -mcpu=cortex-m3 -mthumb -I. -IGenerated_Source\PSoC5 -Wa,-alh=.\CortexM3\ARM_GCC_541\Debug/PWM_2.lst -g -D DEBUG -Wall -ffunction-sections -ffat-lto-objects -O0 -c Generated_Source\PSoC5\PWM_2.c -o .\CortexM3\ARM_GCC_541\Debug\PWM_2.o
arm-none-eabi-gcc.exe -mcpu=cortex-m3 -mthumb -I. -IGenerated_Source\PSoC5 -Wa,-alh=.\CortexM3\ARM_GCC_541\Debug/PWM_2_PM.lst -g -D DEBUG -Wall -ffunction-sections -ffat-lto-objects -O0 -c Generated_Source\PSoC5\PWM_2_PM.c -o .\CortexM3\ARM_GCC_541\Debug\PWM_2_PM.o
arm-none-eabi-gcc.exe -mcpu=cortex-m3 -mthumb -I. -IGenerated_Source\PSoC5 -Wa,-alh=.\CortexM3\ARM_GCC_541\Debug/QuadDec_M1.lst -g -D DEBUG -Wall -ffunction-sections -ffat-lto-objects -O0 -c Generated_Source\PSoC5\QuadDec_M1.c -o .\CortexM3\ARM_GCC_541\Debug\QuadDec_M1.o
arm-none-eabi-gcc.exe -mcpu=cortex-m3 -mthumb -I. -IGenerated_Source\PSoC5 -Wa,-alh=.\CortexM3\ARM_GCC_541\Debug/QuadDec_M1_PM.lst -g -D DEBUG -Wall -ffunction-sections -ffat-lto-objects -O0 -c Generated_Source\PSoC5\QuadDec_M1_PM.c -o .\CortexM3\ARM_GCC_541\Debug\QuadDec_M1_PM.o
arm-none-eabi-gcc.exe -mcpu=cortex-m3 -mthumb -I. -IGenerated_Source\PSoC5 -Wa,-alh=.\CortexM3\ARM_GCC_541\Debug/QuadDec_M2.lst -g -D DEBUG -Wall -ffunction-sections -ffat-lto-objects -O0 -c Generated_Source\PSoC5\QuadDec_M2.c -o .\CortexM3\ARM_GCC_541\Debug\QuadDec_M2.o
arm-none-eabi-gcc.exe -mcpu=cortex-m3 -mthumb -I. -IGenerated_Source\PSoC5 -Wa,-alh=.\CortexM3\ARM_GCC_541\Debug/QuadDec_M2_PM.lst -g -D DEBUG -Wall -ffunction-sections -ffat-lto-objects -O0 -c Generated_Source\PSoC5\QuadDec_M2_PM.c -o .\CortexM3\ARM_GCC_541\Debug\QuadDec_M2_PM.o
arm-none-eabi-gcc.exe -mcpu=cortex-m3 -mthumb -I. -IGenerated_Source\PSoC5 -Wa,-alh=.\CortexM3\ARM_GCC_541\Debug/QuadDec_M1_Cnt16.lst -g -D DEBUG -Wall -ffunction-sections -ffat-lto-objects -O0 -c Generated_Source\PSoC5\QuadDec_M1_Cnt16.c -o .\CortexM3\ARM_GCC_541\Debug\QuadDec_M1_Cnt16.o
arm-none-eabi-gcc.exe -mcpu=cortex-m3 -mthumb -I. -IGenerated_Source\PSoC5 -Wa,-alh=.\CortexM3\ARM_GCC_541\Debug/QuadDec_M1_Cnt16_PM.lst -g -D DEBUG -Wall -ffunction-sections -ffat-lto-objects -O0 -c Generated_Source\PSoC5\QuadDec_M1_Cnt16_PM.c -o .\CortexM3\ARM_GCC_541\Debug\QuadDec_M1_Cnt16_PM.o
arm-none-eabi-gcc.exe -mcpu=cortex-m3 -mthumb -I. -IGenerated_Source\PSoC5 -Wa,-alh=.\CortexM3\ARM_GCC_541\Debug/QuadDec_M2_Cnt16.lst -g -D DEBUG -Wall -ffunction-sections -ffat-lto-objects -O0 -c Generated_Source\PSoC5\QuadDec_M2_Cnt16.c -o .\CortexM3\ARM_GCC_541\Debug\QuadDec_M2_Cnt16.o
arm-none-eabi-gcc.exe -mcpu=cortex-m3 -mthumb -I. -IGenerated_Source\PSoC5 -Wa,-alh=.\CortexM3\ARM_GCC_541\Debug/QuadDec_M2_Cnt16_PM.lst -g -D DEBUG -Wall -ffunction-sections -ffat-lto-objects -O0 -c Generated_Source\PSoC5\QuadDec_M2_Cnt16_PM.c -o .\CortexM3\ARM_GCC_541\Debug\QuadDec_M2_Cnt16_PM.o
arm-none-eabi-gcc.exe -mcpu=cortex-m3 -mthumb -I. -IGenerated_Source\PSoC5 -Wa,-alh=.\CortexM3\ARM_GCC_541\Debug/DB0.lst -g -D DEBUG -Wall -ffunction-sections -ffat-lto-objects -O0 -c Generated_Source\PSoC5\DB0.c -o .\CortexM3\ARM_GCC_541\Debug\DB0.o
arm-none-eabi-gcc.exe -mcpu=cortex-m3 -mthumb -I. -IGenerated_Source\PSoC5 -Wa,-alh=.\CortexM3\ARM_GCC_541\Debug/DB1.lst -g -D DEBUG -Wall -ffunction-sections -ffat-lto-objects -O0 -c Generated_Source\PSoC5\DB1.c -o .\CortexM3\ARM_GCC_541\Debug\DB1.o
arm-none-eabi-gcc.exe -mcpu=cortex-m3 -mthumb -I. -IGenerated_Source\PSoC5 -Wa,-alh=.\CortexM3\ARM_GCC_541\Debug/DB2.lst -g -D DEBUG -Wall -ffunction-sections -ffat-lto-objects -O0 -c Generated_Source\PSoC5\DB2.c -o .\CortexM3\ARM_GCC_541\Debug\DB2.o
arm-none-eabi-gcc.exe -mcpu=cortex-m3 -mthumb -I. -IGenerated_Source\PSoC5 -Wa,-alh=.\CortexM3\ARM_GCC_541\Debug/UART.lst -g -D DEBUG -Wall -ffunction-sections -ffat-lto-objects -O0 -c Generated_Source\PSoC5\UART.c -o .\CortexM3\ARM_GCC_541\Debug\UART.o
arm-none-eabi-gcc.exe -mcpu=cortex-m3 -mthumb -I. -IGenerated_Source\PSoC5 -Wa,-alh=.\CortexM3\ARM_GCC_541\Debug/UART_PM.lst -g -D DEBUG -Wall -ffunction-sections -ffat-lto-objects -O0 -c Generated_Source\PSoC5\UART_PM.c -o .\CortexM3\ARM_GCC_541\Debug\UART_PM.o
arm-none-eabi-gcc.exe -mcpu=cortex-m3 -mthumb -I. -IGenerated_Source\PSoC5 -Wa,-alh=.\CortexM3\ARM_GCC_541\Debug/UART_INT.lst -g -D DEBUG -Wall -ffunction-sections -ffat-lto-objects -O0 -c Generated_Source\PSoC5\UART_INT.c -o .\CortexM3\ARM_GCC_541\Debug\UART_INT.o
arm-none-eabi-gcc.exe -mcpu=cortex-m3 -mthumb -I. -IGenerated_Source\PSoC5 -Wa,-alh=.\CortexM3\ARM_GCC_541\Debug/UART_BOOT.lst -g -D DEBUG -Wall -ffunction-sections -ffat-lto-objects -O0 -c Generated_Source\PSoC5\UART_BOOT.c -o .\CortexM3\ARM_GCC_541\Debug\UART_BOOT.o
arm-none-eabi-gcc.exe -mcpu=cortex-m3 -mthumb -I. -IGenerated_Source\PSoC5 -Wa,-alh=.\CortexM3\ARM_GCC_541\Debug/UART_IntClock.lst -g -D DEBUG -Wall -ffunction-sections -ffat-lto-objects -O0 -c Generated_Source\PSoC5\UART_IntClock.c -o .\CortexM3\ARM_GCC_541\Debug\UART_IntClock.o
arm-none-eabi-gcc.exe -mcpu=cortex-m3 -mthumb -I. -IGenerated_Source\PSoC5 -Wa,-alh=.\CortexM3\ARM_GCC_541\Debug/RF_BT_SELECT.lst -g -D DEBUG -Wall -ffunction-sections -ffat-lto-objects -O0 -c Generated_Source\PSoC5\RF_BT_SELECT.c -o .\CortexM3\ARM_GCC_541\Debug\RF_BT_SELECT.o
arm-none-eabi-gcc.exe -mcpu=cortex-m3 -mthumb -I. -IGenerated_Source\PSoC5 -Wa,-alh=.\CortexM3\ARM_GCC_541\Debug/RF_BT_SELECT_PM.lst -g -D DEBUG -Wall -ffunction-sections -ffat-lto-objects -O0 -c Generated_Source\PSoC5\RF_BT_SELECT_PM.c -o .\CortexM3\ARM_GCC_541\Debug\RF_BT_SELECT_PM.o
arm-none-eabi-gcc.exe -mcpu=cortex-m3 -mthumb -I. -IGenerated_Source\PSoC5 -Wa,-alh=.\CortexM3\ARM_GCC_541\Debug/cy_em_eeprom.lst -g -D DEBUG -Wall -ffunction-sections -ffat-lto-objects -O0 -c Generated_Source\PSoC5\cy_em_eeprom.c -o .\CortexM3\ARM_GCC_541\Debug\cy_em_eeprom.o
arm-none-eabi-gcc.exe -mcpu=cortex-m3 -mthumb -I. -IGenerated_Source\PSoC5 -Wa,-alh=.\CortexM3\ARM_GCC_541\Debug/eoc.lst -g -D DEBUG -Wall -ffunction-sections -ffat-lto-objects -O0 -c Generated_Source\PSoC5\eoc.c -o .\CortexM3\ARM_GCC_541\Debug\eoc.o
arm-none-eabi-gcc.exe -mcpu=cortex-m3 -mthumb -I. -IGenerated_Source\PSoC5 -Wa,-alh=.\CortexM3\ARM_GCC_541\Debug/LED_PIN_2.lst -g -D DEBUG -Wall -ffunction-sections -ffat-lto-objects -O0 -c Generated_Source\PSoC5\LED_PIN_2.c -o .\CortexM3\ARM_GCC_541\Debug\LED_PIN_2.o
arm-none-eabi-gcc.exe -mcpu=cortex-m3 -mthumb -I. -IGenerated_Source\PSoC5 -Wa,-alh=.\CortexM3\ARM_GCC_541\Debug/leftIntersectionSensor.lst -g -D DEBUG -Wall -ffunction-sections -ffat-lto-objects -O0 -c Generated_Source\PSoC5\leftIntersectionSensor.c -o .\CortexM3\ARM_GCC_541\Debug\leftIntersectionSensor.o
arm-none-eabi-gcc.exe -mcpu=cortex-m3 -mthumb -I. -IGenerated_Source\PSoC5 -Wa,-alh=.\CortexM3\ARM_GCC_541\Debug/leftLineSensor.lst -g -D DEBUG -Wall -ffunction-sections -ffat-lto-objects -O0 -c Generated_Source\PSoC5\leftLineSensor.c -o .\CortexM3\ARM_GCC_541\Debug\leftLineSensor.o
arm-none-eabi-gcc.exe -mcpu=cortex-m3 -mthumb -I. -IGenerated_Source\PSoC5 -Wa,-alh=.\CortexM3\ARM_GCC_541\Debug/LED_PIN_3.lst -g -D DEBUG -Wall -ffunction-sections -ffat-lto-objects -O0 -c Generated_Source\PSoC5\LED_PIN_3.c -o .\CortexM3\ARM_GCC_541\Debug\LED_PIN_3.o
arm-none-eabi-gcc.exe -mcpu=cortex-m3 -mthumb -I. -IGenerated_Source\PSoC5 -Wa,-alh=.\CortexM3\ARM_GCC_541\Debug/middleLineSensor.lst -g -D DEBUG -Wall -ffunction-sections -ffat-lto-objects -O0 -c Generated_Source\PSoC5\middleLineSensor.c -o .\CortexM3\ARM_GCC_541\Debug\middleLineSensor.o
arm-none-eabi-gcc.exe -mcpu=cortex-m3 -mthumb -I. -IGenerated_Source\PSoC5 -Wa,-alh=.\CortexM3\ARM_GCC_541\Debug/turnCompleteSensor.lst -g -D DEBUG -Wall -ffunction-sections -ffat-lto-objects -O0 -c Generated_Source\PSoC5\turnCompleteSensor.c -o .\CortexM3\ARM_GCC_541\Debug\turnCompleteSensor.o
arm-none-eabi-gcc.exe -mcpu=cortex-m3 -mthumb -I. -IGenerated_Source\PSoC5 -Wa,-alh=.\CortexM3\ARM_GCC_541\Debug/rightLineSensor.lst -g -D DEBUG -Wall -ffunction-sections -ffat-lto-objects -O0 -c Generated_Source\PSoC5\rightLineSensor.c -o .\CortexM3\ARM_GCC_541\Debug\rightLineSensor.o
arm-none-eabi-gcc.exe -mcpu=cortex-m3 -mthumb -I. -IGenerated_Source\PSoC5 -Wa,-alh=.\CortexM3\ARM_GCC_541\Debug/rightIntersectionSensor.lst -g -D DEBUG -Wall -ffunction-sections -ffat-lto-objects -O0 -c Generated_Source\PSoC5\rightIntersectionSensor.c -o .\CortexM3\ARM_GCC_541\Debug\rightIntersectionSensor.o
arm-none-eabi-gcc.exe -mcpu=cortex-m3 -mthumb -I. -IGenerated_Source\PSoC5 -Wa,-alh=.\CortexM3\ARM_GCC_541\Debug/LED_PIN_4.lst -g -D DEBUG -Wall -ffunction-sections -ffat-lto-objects -O0 -c Generated_Source\PSoC5\LED_PIN_4.c -o .\CortexM3\ARM_GCC_541\Debug\LED_PIN_4.o
arm-none-eabi-gcc.exe -mcpu=cortex-m3 -mthumb -I. -IGenerated_Source\PSoC5 -Wa,-alh=.\CortexM3\ARM_GCC_541\Debug/LED_PIN_1.lst -g -D DEBUG -Wall -ffunction-sections -ffat-lto-objects -O0 -c Generated_Source\PSoC5\LED_PIN_1.c -o .\CortexM3\ARM_GCC_541\Debug\LED_PIN_1.o
arm-none-eabi-gcc.exe -mcpu=cortex-m3 -mthumb -I. -IGenerated_Source\PSoC5 -Wa,-alh=.\CortexM3\ARM_GCC_541\Debug/LED_PIN_5.lst -g -D DEBUG -Wall -ffunction-sections -ffat-lto-objects -O0 -c Generated_Source\PSoC5\LED_PIN_5.c -o .\CortexM3\ARM_GCC_541\Debug\LED_PIN_5.o
arm-none-eabi-gcc.exe -mcpu=cortex-m3 -mthumb -I. -IGenerated_Source\PSoC5 -Wa,-alh=.\CortexM3\ARM_GCC_541\Debug/LED_PIN_6.lst -g -D DEBUG -Wall -ffunction-sections -ffat-lto-objects -O0 -c Generated_Source\PSoC5\LED_PIN_6.c -o .\CortexM3\ARM_GCC_541\Debug\LED_PIN_6.o
arm-none-eabi-as.exe -mcpu=cortex-m3 -mthumb -I. -IGenerated_Source\PSoC5 -alh=.\CortexM3\ARM_GCC_541\Debug/CyBootAsmGnu.lst -g -W -o .\CortexM3\ARM_GCC_541\Debug\CyBootAsmGnu.o Generated_Source\PSoC5\CyBootAsmGnu.s
arm-none-eabi-ar.exe -rs .\CortexM3\ARM_GCC_541\Debug\CS301_Class.a .\CortexM3\ARM_GCC_541\Debug\ADC.o .\CortexM3\ARM_GCC_541\Debug\ADC_PM.o .\CortexM3\ARM_GCC_541\Debug\ADC_INT.o .\CortexM3\ARM_GCC_541\Debug\isr_TS.o .\CortexM3\ARM_GCC_541\Debug\Timer_TS.o .\CortexM3\ARM_GCC_541\Debug\Timer_TS_PM.o .\CortexM3\ARM_GCC_541\Debug\USBUART.o .\CortexM3\ARM_GCC_541\Debug\USBUART_audio.o .\CortexM3\ARM_GCC_541\Debug\USBUART_boot.o .\CortexM3\ARM_GCC_541\Debug\USBUART_cdc.o .\CortexM3\ARM_GCC_541\Debug\USBUART_cls.o .\CortexM3\ARM_GCC_541\Debug\USBUART_descr.o .\CortexM3\ARM_GCC_541\Debug\USBUART_drv.o .\CortexM3\ARM_GCC_541\Debug\USBUART_episr.o .\CortexM3\ARM_GCC_541\Debug\USBUART_hid.o .\CortexM3\ARM_GCC_541\Debug\USBUART_pm.o .\CortexM3\ARM_GCC_541\Debug\USBUART_std.o .\CortexM3\ARM_GCC_541\Debug\USBUART_vnd.o .\CortexM3\ARM_GCC_541\Debug\USBUART_midi.o .\CortexM3\ARM_GCC_541\Debug\USBUART_msc.o .\CortexM3\ARM_GCC_541\Debug\Clock2.o .\CortexM3\ARM_GCC_541\Debug\ADC_SAR.o .\CortexM3\ARM_GCC_541\Debug\ADC_SAR_INT.o .\CortexM3\ARM_GCC_541\Debug\ADC_SAR_PM.o .\CortexM3\ARM_GCC_541\Debug\ADC_IntClock.o .\CortexM3\ARM_GCC_541\Debug\ADC_TempBuf_dma.o .\CortexM3\ARM_GCC_541\Debug\ADC_FinalBuf_dma.o .\CortexM3\ARM_GCC_541\Debug\ADC_IRQ.o .\CortexM3\ARM_GCC_541\Debug\USBUART_Dm.o .\CortexM3\ARM_GCC_541\Debug\USBUART_Dp.o .\CortexM3\ARM_GCC_541\Debug\CyDmac.o .\CortexM3\ARM_GCC_541\Debug\CyFlash.o .\CortexM3\ARM_GCC_541\Debug\CyLib.o .\CortexM3\ARM_GCC_541\Debug\cyPm.o .\CortexM3\ARM_GCC_541\Debug\CySpc.o .\CortexM3\ARM_GCC_541\Debug\cyutils.o .\CortexM3\ARM_GCC_541\Debug\PWM_1.o .\CortexM3\ARM_GCC_541\Debug\PWM_1_PM.o .\CortexM3\ARM_GCC_541\Debug\Clock_PWM.o .\CortexM3\ARM_GCC_541\Debug\Clock_QENC.o .\CortexM3\ARM_GCC_541\Debug\M1_IN1.o .\CortexM3\ARM_GCC_541\Debug\M1_IN2.o .\CortexM3\ARM_GCC_541\Debug\M2_IN1.o .\CortexM3\ARM_GCC_541\Debug\M2_IN2.o .\CortexM3\ARM_GCC_541\Debug\M1_QA.o .\CortexM3\ARM_GCC_541\Debug\M1_QB.o .\CortexM3\ARM_GCC_541\Debug\M2_QA.o .\CortexM3\ARM_GCC_541\Debug\M2_QB.o .\CortexM3\ARM_GCC_541\Debug\PWM_2.o .\CortexM3\ARM_GCC_541\Debug\PWM_2_PM.o .\CortexM3\ARM_GCC_541\Debug\QuadDec_M1.o .\CortexM3\ARM_GCC_541\Debug\QuadDec_M1_PM.o .\CortexM3\ARM_GCC_541\Debug\QuadDec_M2.o .\CortexM3\ARM_GCC_541\Debug\QuadDec_M2_PM.o .\CortexM3\ARM_GCC_541\Debug\QuadDec_M1_Cnt16.o .\CortexM3\ARM_GCC_541\Debug\QuadDec_M1_Cnt16_PM.o .\CortexM3\ARM_GCC_541\Debug\QuadDec_M2_Cnt16.o .\CortexM3\ARM_GCC_541\Debug\QuadDec_M2_Cnt16_PM.o .\CortexM3\ARM_GCC_541\Debug\DB0.o .\CortexM3\ARM_GCC_541\Debug\DB1.o .\CortexM3\ARM_GCC_541\Debug\DB2.o .\CortexM3\ARM_GCC_541\Debug\UART.o .\CortexM3\ARM_GCC_541\Debug\UART_PM.o .\CortexM3\ARM_GCC_541\Debug\UART_INT.o .\CortexM3\ARM_GCC_541\Debug\UART_BOOT.o .\CortexM3\ARM_GCC_541\Debug\UART_IntClock.o .\CortexM3\ARM_GCC_541\Debug\RF_BT_SELECT.o .\CortexM3\ARM_GCC_541\Debug\RF_BT_SELECT_PM.o .\CortexM3\ARM_GCC_541\Debug\cy_em_eeprom.o .\CortexM3\ARM_GCC_541\Debug\eoc.o .\CortexM3\ARM_GCC_541\Debug\LED_PIN_2.o .\CortexM3\ARM_GCC_541\Debug\leftIntersectionSensor.o .\CortexM3\ARM_GCC_541\Debug\leftLineSensor.o .\CortexM3\ARM_GCC_541\Debug\LED_PIN_3.o .\CortexM3\ARM_GCC_541\Debug\middleLineSensor.o .\CortexM3\ARM_GCC_541\Debug\turnCompleteSensor.o .\CortexM3\ARM_GCC_541\Debug\rightLineSensor.o .\CortexM3\ARM_GCC_541\Debug\rightIntersectionSensor.o .\CortexM3\ARM_GCC_541\Debug\LED_PIN_4.o .\CortexM3\ARM_GCC_541\Debug\LED_PIN_1.o .\CortexM3\ARM_GCC_541\Debug\LED_PIN_5.o .\CortexM3\ARM_GCC_541\Debug\LED_PIN_6.o .\CortexM3\ARM_GCC_541\Debug\CyBootAsmGnu.o
arm-none-eabi-ar.exe: creating .\CortexM3\ARM_GCC_541\Debug\CS301_Class.a
arm-none-eabi-gcc.exe -Wl,--start-group -o "H:\Desktop\301 Team 14\team14\301_lab_tasks\psoc student pack\psoc_code_base\CS301_Class.cydsn\CortexM3\ARM_GCC_541\Debug\CS301_Class.elf" .\CortexM3\ARM_GCC_541\Debug\main.o .\CortexM3\ARM_GCC_541\Debug\tacho.o .\CortexM3\ARM_GCC_541\Debug\motors.o .\CortexM3\ARM_GCC_541\Debug\cyfitter_cfg.o .\CortexM3\ARM_GCC_541\Debug\cymetadata.o .\CortexM3\ARM_GCC_541\Debug\Cm3Start.o .\CortexM3\ARM_GCC_541\Debug\CS301_Class.a "C:\Program Files (x86)\Cypress\PSoC Creator\4.2\PSoC Creator\psoc\content\cycomponentlibrary\CyComponentLibrary.cylib\CortexM3\ARM_GCC_541\Debug\CyComponentLibrary.a" -mcpu=cortex-m3 -mthumb -L Generated_Source\PSoC5 -Wl,-Map,.\CortexM3\ARM_GCC_541\Debug/CS301_Class.map -T Generated_Source\PSoC5\cm3gcc.ld -specs=nano.specs -Wl,--gc-sections -g -ffunction-sections -O0 -ffat-lto-objects -Wl,--end-group
cyelftool.exe -C "H:\Desktop\301 Team 14\team14\301_lab_tasks\psoc student pack\psoc_code_base\CS301_Class.cydsn\CortexM3\ARM_GCC_541\Debug\CS301_Class.elf" --flash_row_size 256 --flash_size 262144 --flash_offset 0x00000000
No ELF section .cychecksum found, creating one
Application checksum calculated and stored in ELF section .cychecksum
Checksum calculated and stored in ELF section .cymeta
cyelftool.exe -S "H:\Desktop\301 Team 14\team14\301_lab_tasks\psoc student pack\psoc_code_base\CS301_Class.cydsn\CortexM3\ARM_GCC_541\Debug\CS301_Class.elf"
Flash used: 14590 of 262144 bytes (5.6%).
SRAM used: 51157 of 65536 bytes (78.1%). Stack: 2048 bytes. Heap: 128 bytes.
--------------- Rebuild Succeeded: 09/18/2023 11:47:05 ---------------
