ARM GAS  C:\Users\hsal869\AppData\Local\Temp\cchNb25f.s 			page 1


   1              		.syntax unified
   2              		.cpu cortex-m3
   3              		.fpu softvfp
   4              		.eabi_attribute 20, 1
   5              		.eabi_attribute 21, 1
   6              		.eabi_attribute 23, 3
   7              		.eabi_attribute 24, 1
   8              		.eabi_attribute 25, 1
   9              		.eabi_attribute 26, 1
  10              		.eabi_attribute 30, 1
  11              		.eabi_attribute 34, 1
  12              		.eabi_attribute 18, 4
  13              		.thumb
  14              		.syntax unified
  15              		.file	"main.c"
  16              		.text
  17              	.Ltext0:
  18              		.cfi_sections	.debug_frame
  19              		.section	.text.MyISR,"ax",%progbits
  20              		.align	2
  21              		.global	MyISR
  22              		.thumb
  23              		.thumb_func
  24              		.type	MyISR, %function
  25              	MyISR:
  26              	.LFB63:
  27              		.file 1 "main.c"
   1:main.c        **** 
   2:main.c        **** /* ========================================
   3:main.c        ****  * Laboratory Exercise 3
   4:main.c        ****  *
   5:main.c        ****  * Program timer to flash LED at 1Hz, use interrupts
   6:main.c        ****  *
   7:main.c        ****  * Copyright Univ of Auckland, 2016
   8:main.c        ****  * All Rights Reserved
   9:main.c        ****  * UNPUBLISHED, LICENSED SOFTWARE.
  10:main.c        ****  *
  11:main.c        ****  * CONFIDENTIAL AND PROPRIETARY INFORMATION
  12:main.c        ****  * WHICH IS THE PROPERTY OF Univ of Auckland.
  13:main.c        ****  *
  14:main.c        ****  * ========================================
  15:main.c        **** */
  16:main.c        **** #include <project.h>
  17:main.c        **** 
  18:main.c        **** CY_ISR(MyISR)
  19:main.c        **** {
  28              		.loc 1 19 0
  29              		.cfi_startproc
  30              		@ args = 0, pretend = 0, frame = 0
  31              		@ frame_needed = 0, uses_anonymous_args = 0
  32 0000 08B5     		push	{r3, lr}
  33              		.cfi_def_cfa_offset 8
  34              		.cfi_offset 3, -8
  35              		.cfi_offset 14, -4
  20:main.c        ****     /* ISR Code here */
  21:main.c        ****     LED_Write(!LED_Read());
  36              		.loc 1 21 0
ARM GAS  C:\Users\hsal869\AppData\Local\Temp\cchNb25f.s 			page 2


  37 0002 FFF7FEFF 		bl	LED_Read
  38              	.LVL0:
  39 0006 B0FA80F0 		clz	r0, r0
  40 000a 4009     		lsrs	r0, r0, #5
  41 000c FFF7FEFF 		bl	LED_Write
  42              	.LVL1:
  22:main.c        ****     Timer_1_ReadStatusRegister();
  43              		.loc 1 22 0
  44 0010 FFF7FEFF 		bl	Timer_1_ReadStatusRegister
  45              	.LVL2:
  46 0014 08BD     		pop	{r3, pc}
  47              		.cfi_endproc
  48              	.LFE63:
  49              		.size	MyISR, .-MyISR
  50 0016 00BF     		.section	.text.main,"ax",%progbits
  51              		.align	2
  52              		.global	main
  53              		.thumb
  54              		.thumb_func
  55              		.type	main, %function
  56              	main:
  57              	.LFB64:
  23:main.c        ****     
  24:main.c        ****     
  25:main.c        ****     
  26:main.c        **** }
  27:main.c        **** 
  28:main.c        **** int main()
  29:main.c        **** {
  58              		.loc 1 29 0
  59              		.cfi_startproc
  60              		@ Volatile: function does not return.
  61              		@ args = 0, pretend = 0, frame = 0
  62              		@ frame_needed = 0, uses_anonymous_args = 0
  63 0000 08B5     		push	{r3, lr}
  64              		.cfi_def_cfa_offset 8
  65              		.cfi_offset 3, -8
  66              		.cfi_offset 14, -4
  30:main.c        ****     CyGlobalIntEnable; /* Enable global interrupts. */
  67              		.loc 1 30 0
  68              		.syntax unified
  69              	@ 30 "main.c" 1
  70 0002 62B6     		CPSIE   i
  71              	@ 0 "" 2
  31:main.c        **** 
  32:main.c        ****     /* Place your initialization/startup code here (e.g. MyInst_Start()) */
  33:main.c        ****     
  34:main.c        ****     Timer_1_Start();
  72              		.loc 1 34 0
  73              		.thumb
  74              		.syntax unified
  75 0004 FFF7FEFF 		bl	Timer_1_Start
  76              	.LVL3:
  35:main.c        ****     //Timer_1_WritePeriod(2000);
  36:main.c        ****    
  37:main.c        ****     isr_TC_StartEx(MyISR);
  77              		.loc 1 37 0
ARM GAS  C:\Users\hsal869\AppData\Local\Temp\cchNb25f.s 			page 3


  78 0008 0148     		ldr	r0, .L6
  79 000a FFF7FEFF 		bl	isr_TC_StartEx
  80              	.LVL4:
  81              	.L4:
  82 000e FEE7     		b	.L4
  83              	.L7:
  84              		.align	2
  85              	.L6:
  86 0010 00000000 		.word	MyISR
  87              		.cfi_endproc
  88              	.LFE64:
  89              		.size	main, .-main
  90              		.text
  91              	.Letext0:
  92              		.file 2 "c:\\program files (x86)\\cypress\\psoc creator\\4.2\\psoc creator\\import\\gnu\\arm\\5.4.
  93              		.file 3 "c:\\program files (x86)\\cypress\\psoc creator\\4.2\\psoc creator\\import\\gnu\\arm\\5.4.
  94              		.file 4 "Generated_Source\\PSoC5/LED.h"
  95              		.file 5 "Generated_Source\\PSoC5/Timer_1.h"
  96              		.file 6 "Generated_Source\\PSoC5/isr_TC.h"
  97              		.file 7 "Generated_Source\\PSoC5/core_cm3.h"
  98              		.section	.debug_info,"",%progbits
  99              	.Ldebug_info0:
 100 0000 50010000 		.4byte	0x150
 101 0004 0400     		.2byte	0x4
 102 0006 00000000 		.4byte	.Ldebug_abbrev0
 103 000a 04       		.byte	0x4
 104 000b 01       		.uleb128 0x1
 105 000c 5A000000 		.4byte	.LASF21
 106 0010 0C       		.byte	0xc
 107 0011 45000000 		.4byte	.LASF22
 108 0015 5E010000 		.4byte	.LASF23
 109 0019 00000000 		.4byte	.Ldebug_ranges0+0
 110 001d 00000000 		.4byte	0
 111 0021 00000000 		.4byte	.Ldebug_line0
 112 0025 02       		.uleb128 0x2
 113 0026 01       		.byte	0x1
 114 0027 06       		.byte	0x6
 115 0028 BE010000 		.4byte	.LASF0
 116 002c 02       		.uleb128 0x2
 117 002d 01       		.byte	0x1
 118 002e 08       		.byte	0x8
 119 002f 42010000 		.4byte	.LASF1
 120 0033 02       		.uleb128 0x2
 121 0034 02       		.byte	0x2
 122 0035 05       		.byte	0x5
 123 0036 E6010000 		.4byte	.LASF2
 124 003a 02       		.uleb128 0x2
 125 003b 02       		.byte	0x2
 126 003c 07       		.byte	0x7
 127 003d 1B010000 		.4byte	.LASF3
 128 0041 03       		.uleb128 0x3
 129 0042 D6010000 		.4byte	.LASF9
 130 0046 02       		.byte	0x2
 131 0047 3F       		.byte	0x3f
 132 0048 4C000000 		.4byte	0x4c
 133 004c 02       		.uleb128 0x2
 134 004d 04       		.byte	0x4
ARM GAS  C:\Users\hsal869\AppData\Local\Temp\cchNb25f.s 			page 4


 135 004e 05       		.byte	0x5
 136 004f 55010000 		.4byte	.LASF4
 137 0053 02       		.uleb128 0x2
 138 0054 04       		.byte	0x4
 139 0055 07       		.byte	0x7
 140 0056 F2000000 		.4byte	.LASF5
 141 005a 02       		.uleb128 0x2
 142 005b 08       		.byte	0x8
 143 005c 05       		.byte	0x5
 144 005d 00000000 		.4byte	.LASF6
 145 0061 02       		.uleb128 0x2
 146 0062 08       		.byte	0x8
 147 0063 07       		.byte	0x7
 148 0064 04010000 		.4byte	.LASF7
 149 0068 04       		.uleb128 0x4
 150 0069 04       		.byte	0x4
 151 006a 05       		.byte	0x5
 152 006b 696E7400 		.ascii	"int\000"
 153 006f 02       		.uleb128 0x2
 154 0070 04       		.byte	0x4
 155 0071 07       		.byte	0x7
 156 0072 29000000 		.4byte	.LASF8
 157 0076 03       		.uleb128 0x3
 158 0077 F0010000 		.4byte	.LASF10
 159 007b 03       		.byte	0x3
 160 007c 2C       		.byte	0x2c
 161 007d 41000000 		.4byte	0x41
 162 0081 02       		.uleb128 0x2
 163 0082 04       		.byte	0x4
 164 0083 04       		.byte	0x4
 165 0084 E0010000 		.4byte	.LASF11
 166 0088 02       		.uleb128 0x2
 167 0089 08       		.byte	0x8
 168 008a 04       		.byte	0x4
 169 008b AA010000 		.4byte	.LASF12
 170 008f 02       		.uleb128 0x2
 171 0090 01       		.byte	0x1
 172 0091 08       		.byte	0x8
 173 0092 50010000 		.4byte	.LASF13
 174 0096 02       		.uleb128 0x2
 175 0097 08       		.byte	0x8
 176 0098 04       		.byte	0x4
 177 0099 CA010000 		.4byte	.LASF14
 178 009d 02       		.uleb128 0x2
 179 009e 04       		.byte	0x4
 180 009f 07       		.byte	0x7
 181 00a0 F8010000 		.4byte	.LASF15
 182 00a4 05       		.uleb128 0x5
 183 00a5 2E010000 		.4byte	.LASF24
 184 00a9 01       		.byte	0x1
 185 00aa 12       		.byte	0x12
 186 00ab 00000000 		.4byte	.LFB63
 187 00af 16000000 		.4byte	.LFE63-.LFB63
 188 00b3 01       		.uleb128 0x1
 189 00b4 9C       		.byte	0x9c
 190 00b5 D5000000 		.4byte	0xd5
 191 00b9 06       		.uleb128 0x6
ARM GAS  C:\Users\hsal869\AppData\Local\Temp\cchNb25f.s 			page 5


 192 00ba 06000000 		.4byte	.LVL0
 193 00be 1C010000 		.4byte	0x11c
 194 00c2 06       		.uleb128 0x6
 195 00c3 10000000 		.4byte	.LVL1
 196 00c7 27010000 		.4byte	0x127
 197 00cb 06       		.uleb128 0x6
 198 00cc 14000000 		.4byte	.LVL2
 199 00d0 32010000 		.4byte	0x132
 200 00d4 00       		.byte	0
 201 00d5 07       		.uleb128 0x7
 202 00d6 4C000000 		.4byte	.LASF25
 203 00da 01       		.byte	0x1
 204 00db 1C       		.byte	0x1c
 205 00dc 68000000 		.4byte	0x68
 206 00e0 00000000 		.4byte	.LFB64
 207 00e4 14000000 		.4byte	.LFE64-.LFB64
 208 00e8 01       		.uleb128 0x1
 209 00e9 9C       		.byte	0x9c
 210 00ea 0B010000 		.4byte	0x10b
 211 00ee 06       		.uleb128 0x6
 212 00ef 08000000 		.4byte	.LVL3
 213 00f3 3D010000 		.4byte	0x13d
 214 00f7 08       		.uleb128 0x8
 215 00f8 0E000000 		.4byte	.LVL4
 216 00fc 48010000 		.4byte	0x148
 217 0100 09       		.uleb128 0x9
 218 0101 01       		.uleb128 0x1
 219 0102 50       		.byte	0x50
 220 0103 05       		.uleb128 0x5
 221 0104 03       		.byte	0x3
 222 0105 00000000 		.4byte	MyISR
 223 0109 00       		.byte	0
 224 010a 00       		.byte	0
 225 010b 0A       		.uleb128 0xa
 226 010c B1010000 		.4byte	.LASF26
 227 0110 07       		.byte	0x7
 228 0111 1207     		.2byte	0x712
 229 0113 17010000 		.4byte	0x117
 230 0117 0B       		.uleb128 0xb
 231 0118 76000000 		.4byte	0x76
 232 011c 0C       		.uleb128 0xc
 233 011d 51000000 		.4byte	.LASF16
 234 0121 51000000 		.4byte	.LASF16
 235 0125 04       		.byte	0x4
 236 0126 29       		.byte	0x29
 237 0127 0C       		.uleb128 0xc
 238 0128 E8000000 		.4byte	.LASF17
 239 012c E8000000 		.4byte	.LASF17
 240 0130 04       		.byte	0x4
 241 0131 26       		.byte	0x26
 242 0132 0C       		.uleb128 0xc
 243 0133 0E000000 		.4byte	.LASF18
 244 0137 0E000000 		.4byte	.LASF18
 245 013b 05       		.byte	0x5
 246 013c 5E       		.byte	0x5e
 247 013d 0C       		.uleb128 0xc
 248 013e 34010000 		.4byte	.LASF19
ARM GAS  C:\Users\hsal869\AppData\Local\Temp\cchNb25f.s 			page 6


 249 0142 34010000 		.4byte	.LASF19
 250 0146 05       		.byte	0x5
 251 0147 5A       		.byte	0x5a
 252 0148 0C       		.uleb128 0xc
 253 0149 36000000 		.4byte	.LASF20
 254 014d 36000000 		.4byte	.LASF20
 255 0151 06       		.byte	0x6
 256 0152 18       		.byte	0x18
 257 0153 00       		.byte	0
 258              		.section	.debug_abbrev,"",%progbits
 259              	.Ldebug_abbrev0:
 260 0000 01       		.uleb128 0x1
 261 0001 11       		.uleb128 0x11
 262 0002 01       		.byte	0x1
 263 0003 25       		.uleb128 0x25
 264 0004 0E       		.uleb128 0xe
 265 0005 13       		.uleb128 0x13
 266 0006 0B       		.uleb128 0xb
 267 0007 03       		.uleb128 0x3
 268 0008 0E       		.uleb128 0xe
 269 0009 1B       		.uleb128 0x1b
 270 000a 0E       		.uleb128 0xe
 271 000b 55       		.uleb128 0x55
 272 000c 17       		.uleb128 0x17
 273 000d 11       		.uleb128 0x11
 274 000e 01       		.uleb128 0x1
 275 000f 10       		.uleb128 0x10
 276 0010 17       		.uleb128 0x17
 277 0011 00       		.byte	0
 278 0012 00       		.byte	0
 279 0013 02       		.uleb128 0x2
 280 0014 24       		.uleb128 0x24
 281 0015 00       		.byte	0
 282 0016 0B       		.uleb128 0xb
 283 0017 0B       		.uleb128 0xb
 284 0018 3E       		.uleb128 0x3e
 285 0019 0B       		.uleb128 0xb
 286 001a 03       		.uleb128 0x3
 287 001b 0E       		.uleb128 0xe
 288 001c 00       		.byte	0
 289 001d 00       		.byte	0
 290 001e 03       		.uleb128 0x3
 291 001f 16       		.uleb128 0x16
 292 0020 00       		.byte	0
 293 0021 03       		.uleb128 0x3
 294 0022 0E       		.uleb128 0xe
 295 0023 3A       		.uleb128 0x3a
 296 0024 0B       		.uleb128 0xb
 297 0025 3B       		.uleb128 0x3b
 298 0026 0B       		.uleb128 0xb
 299 0027 49       		.uleb128 0x49
 300 0028 13       		.uleb128 0x13
 301 0029 00       		.byte	0
 302 002a 00       		.byte	0
 303 002b 04       		.uleb128 0x4
 304 002c 24       		.uleb128 0x24
 305 002d 00       		.byte	0
ARM GAS  C:\Users\hsal869\AppData\Local\Temp\cchNb25f.s 			page 7


 306 002e 0B       		.uleb128 0xb
 307 002f 0B       		.uleb128 0xb
 308 0030 3E       		.uleb128 0x3e
 309 0031 0B       		.uleb128 0xb
 310 0032 03       		.uleb128 0x3
 311 0033 08       		.uleb128 0x8
 312 0034 00       		.byte	0
 313 0035 00       		.byte	0
 314 0036 05       		.uleb128 0x5
 315 0037 2E       		.uleb128 0x2e
 316 0038 01       		.byte	0x1
 317 0039 3F       		.uleb128 0x3f
 318 003a 19       		.uleb128 0x19
 319 003b 03       		.uleb128 0x3
 320 003c 0E       		.uleb128 0xe
 321 003d 3A       		.uleb128 0x3a
 322 003e 0B       		.uleb128 0xb
 323 003f 3B       		.uleb128 0x3b
 324 0040 0B       		.uleb128 0xb
 325 0041 27       		.uleb128 0x27
 326 0042 19       		.uleb128 0x19
 327 0043 11       		.uleb128 0x11
 328 0044 01       		.uleb128 0x1
 329 0045 12       		.uleb128 0x12
 330 0046 06       		.uleb128 0x6
 331 0047 40       		.uleb128 0x40
 332 0048 18       		.uleb128 0x18
 333 0049 9742     		.uleb128 0x2117
 334 004b 19       		.uleb128 0x19
 335 004c 01       		.uleb128 0x1
 336 004d 13       		.uleb128 0x13
 337 004e 00       		.byte	0
 338 004f 00       		.byte	0
 339 0050 06       		.uleb128 0x6
 340 0051 898201   		.uleb128 0x4109
 341 0054 00       		.byte	0
 342 0055 11       		.uleb128 0x11
 343 0056 01       		.uleb128 0x1
 344 0057 31       		.uleb128 0x31
 345 0058 13       		.uleb128 0x13
 346 0059 00       		.byte	0
 347 005a 00       		.byte	0
 348 005b 07       		.uleb128 0x7
 349 005c 2E       		.uleb128 0x2e
 350 005d 01       		.byte	0x1
 351 005e 3F       		.uleb128 0x3f
 352 005f 19       		.uleb128 0x19
 353 0060 03       		.uleb128 0x3
 354 0061 0E       		.uleb128 0xe
 355 0062 3A       		.uleb128 0x3a
 356 0063 0B       		.uleb128 0xb
 357 0064 3B       		.uleb128 0x3b
 358 0065 0B       		.uleb128 0xb
 359 0066 49       		.uleb128 0x49
 360 0067 13       		.uleb128 0x13
 361 0068 8701     		.uleb128 0x87
 362 006a 19       		.uleb128 0x19
ARM GAS  C:\Users\hsal869\AppData\Local\Temp\cchNb25f.s 			page 8


 363 006b 11       		.uleb128 0x11
 364 006c 01       		.uleb128 0x1
 365 006d 12       		.uleb128 0x12
 366 006e 06       		.uleb128 0x6
 367 006f 40       		.uleb128 0x40
 368 0070 18       		.uleb128 0x18
 369 0071 9742     		.uleb128 0x2117
 370 0073 19       		.uleb128 0x19
 371 0074 01       		.uleb128 0x1
 372 0075 13       		.uleb128 0x13
 373 0076 00       		.byte	0
 374 0077 00       		.byte	0
 375 0078 08       		.uleb128 0x8
 376 0079 898201   		.uleb128 0x4109
 377 007c 01       		.byte	0x1
 378 007d 11       		.uleb128 0x11
 379 007e 01       		.uleb128 0x1
 380 007f 31       		.uleb128 0x31
 381 0080 13       		.uleb128 0x13
 382 0081 00       		.byte	0
 383 0082 00       		.byte	0
 384 0083 09       		.uleb128 0x9
 385 0084 8A8201   		.uleb128 0x410a
 386 0087 00       		.byte	0
 387 0088 02       		.uleb128 0x2
 388 0089 18       		.uleb128 0x18
 389 008a 9142     		.uleb128 0x2111
 390 008c 18       		.uleb128 0x18
 391 008d 00       		.byte	0
 392 008e 00       		.byte	0
 393 008f 0A       		.uleb128 0xa
 394 0090 34       		.uleb128 0x34
 395 0091 00       		.byte	0
 396 0092 03       		.uleb128 0x3
 397 0093 0E       		.uleb128 0xe
 398 0094 3A       		.uleb128 0x3a
 399 0095 0B       		.uleb128 0xb
 400 0096 3B       		.uleb128 0x3b
 401 0097 05       		.uleb128 0x5
 402 0098 49       		.uleb128 0x49
 403 0099 13       		.uleb128 0x13
 404 009a 3F       		.uleb128 0x3f
 405 009b 19       		.uleb128 0x19
 406 009c 3C       		.uleb128 0x3c
 407 009d 19       		.uleb128 0x19
 408 009e 00       		.byte	0
 409 009f 00       		.byte	0
 410 00a0 0B       		.uleb128 0xb
 411 00a1 35       		.uleb128 0x35
 412 00a2 00       		.byte	0
 413 00a3 49       		.uleb128 0x49
 414 00a4 13       		.uleb128 0x13
 415 00a5 00       		.byte	0
 416 00a6 00       		.byte	0
 417 00a7 0C       		.uleb128 0xc
 418 00a8 2E       		.uleb128 0x2e
 419 00a9 00       		.byte	0
ARM GAS  C:\Users\hsal869\AppData\Local\Temp\cchNb25f.s 			page 9


 420 00aa 3F       		.uleb128 0x3f
 421 00ab 19       		.uleb128 0x19
 422 00ac 3C       		.uleb128 0x3c
 423 00ad 19       		.uleb128 0x19
 424 00ae 6E       		.uleb128 0x6e
 425 00af 0E       		.uleb128 0xe
 426 00b0 03       		.uleb128 0x3
 427 00b1 0E       		.uleb128 0xe
 428 00b2 3A       		.uleb128 0x3a
 429 00b3 0B       		.uleb128 0xb
 430 00b4 3B       		.uleb128 0x3b
 431 00b5 0B       		.uleb128 0xb
 432 00b6 00       		.byte	0
 433 00b7 00       		.byte	0
 434 00b8 00       		.byte	0
 435              		.section	.debug_aranges,"",%progbits
 436 0000 24000000 		.4byte	0x24
 437 0004 0200     		.2byte	0x2
 438 0006 00000000 		.4byte	.Ldebug_info0
 439 000a 04       		.byte	0x4
 440 000b 00       		.byte	0
 441 000c 0000     		.2byte	0
 442 000e 0000     		.2byte	0
 443 0010 00000000 		.4byte	.LFB63
 444 0014 16000000 		.4byte	.LFE63-.LFB63
 445 0018 00000000 		.4byte	.LFB64
 446 001c 14000000 		.4byte	.LFE64-.LFB64
 447 0020 00000000 		.4byte	0
 448 0024 00000000 		.4byte	0
 449              		.section	.debug_ranges,"",%progbits
 450              	.Ldebug_ranges0:
 451 0000 00000000 		.4byte	.LFB63
 452 0004 16000000 		.4byte	.LFE63
 453 0008 00000000 		.4byte	.LFB64
 454 000c 14000000 		.4byte	.LFE64
 455 0010 00000000 		.4byte	0
 456 0014 00000000 		.4byte	0
 457              		.section	.debug_line,"",%progbits
 458              	.Ldebug_line0:
 459 0000 8A010000 		.section	.debug_str,"MS",%progbits,1
 459      02006101 
 459      00000201 
 459      FB0E0D00 
 459      01010101 
 460              	.LASF6:
 461 0000 6C6F6E67 		.ascii	"long long int\000"
 461      206C6F6E 
 461      6720696E 
 461      7400
 462              	.LASF18:
 463 000e 54696D65 		.ascii	"Timer_1_ReadStatusRegister\000"
 463      725F315F 
 463      52656164 
 463      53746174 
 463      75735265 
 464              	.LASF8:
 465 0029 756E7369 		.ascii	"unsigned int\000"
ARM GAS  C:\Users\hsal869\AppData\Local\Temp\cchNb25f.s 			page 10


 465      676E6564 
 465      20696E74 
 465      00
 466              	.LASF20:
 467 0036 6973725F 		.ascii	"isr_TC_StartEx\000"
 467      54435F53 
 467      74617274 
 467      457800
 468              	.LASF22:
 469 0045 6D61696E 		.ascii	"main.c\000"
 469      2E6300
 470              	.LASF25:
 471 004c 6D61696E 		.ascii	"main\000"
 471      00
 472              	.LASF16:
 473 0051 4C45445F 		.ascii	"LED_Read\000"
 473      52656164 
 473      00
 474              	.LASF21:
 475 005a 474E5520 		.ascii	"GNU C11 5.4.1 20160609 (release) [ARM/embedded-5-br"
 475      43313120 
 475      352E342E 
 475      31203230 
 475      31363036 
 476 008d 616E6368 		.ascii	"anch revision 237715] -mcpu=cortex-m3 -mthumb -g -O"
 476      20726576 
 476      6973696F 
 476      6E203233 
 476      37373135 
 477 00c0 67202D66 		.ascii	"g -ffunction-sections -ffat-lto-objects\000"
 477      66756E63 
 477      74696F6E 
 477      2D736563 
 477      74696F6E 
 478              	.LASF17:
 479 00e8 4C45445F 		.ascii	"LED_Write\000"
 479      57726974 
 479      6500
 480              	.LASF5:
 481 00f2 6C6F6E67 		.ascii	"long unsigned int\000"
 481      20756E73 
 481      69676E65 
 481      6420696E 
 481      7400
 482              	.LASF7:
 483 0104 6C6F6E67 		.ascii	"long long unsigned int\000"
 483      206C6F6E 
 483      6720756E 
 483      7369676E 
 483      65642069 
 484              	.LASF3:
 485 011b 73686F72 		.ascii	"short unsigned int\000"
 485      7420756E 
 485      7369676E 
 485      65642069 
 485      6E7400
 486              	.LASF24:
ARM GAS  C:\Users\hsal869\AppData\Local\Temp\cchNb25f.s 			page 11


 487 012e 4D794953 		.ascii	"MyISR\000"
 487      5200
 488              	.LASF19:
 489 0134 54696D65 		.ascii	"Timer_1_Start\000"
 489      725F315F 
 489      53746172 
 489      7400
 490              	.LASF1:
 491 0142 756E7369 		.ascii	"unsigned char\000"
 491      676E6564 
 491      20636861 
 491      7200
 492              	.LASF13:
 493 0150 63686172 		.ascii	"char\000"
 493      00
 494              	.LASF4:
 495 0155 6C6F6E67 		.ascii	"long int\000"
 495      20696E74 
 495      00
 496              	.LASF23:
 497 015e 483A5C44 		.ascii	"H:\\Documents\\301folder\\psoc student pack\\lab ex"
 497      6F63756D 
 497      656E7473 
 497      5C333031 
 497      666F6C64 
 498 018d 65726369 		.ascii	"ercise\\psoc_intro\\lab3.cydsn\000"
 498      73655C70 
 498      736F635F 
 498      696E7472 
 498      6F5C6C61 
 499              	.LASF12:
 500 01aa 646F7562 		.ascii	"double\000"
 500      6C6500
 501              	.LASF26:
 502 01b1 49544D5F 		.ascii	"ITM_RxBuffer\000"
 502      52784275 
 502      66666572 
 502      00
 503              	.LASF0:
 504 01be 7369676E 		.ascii	"signed char\000"
 504      65642063 
 504      68617200 
 505              	.LASF14:
 506 01ca 6C6F6E67 		.ascii	"long double\000"
 506      20646F75 
 506      626C6500 
 507              	.LASF9:
 508 01d6 5F5F696E 		.ascii	"__int32_t\000"
 508      7433325F 
 508      7400
 509              	.LASF11:
 510 01e0 666C6F61 		.ascii	"float\000"
 510      7400
 511              	.LASF2:
 512 01e6 73686F72 		.ascii	"short int\000"
 512      7420696E 
 512      7400
ARM GAS  C:\Users\hsal869\AppData\Local\Temp\cchNb25f.s 			page 12


 513              	.LASF10:
 514 01f0 696E7433 		.ascii	"int32_t\000"
 514      325F7400 
 515              	.LASF15:
 516 01f8 73697A65 		.ascii	"sizetype\000"
 516      74797065 
 516      00
 517              		.ident	"GCC: (GNU Tools for ARM Embedded Processors) 5.4.1 20160609 (release) [ARM/embedded-5-bran
