ARM GAS  C:\Users\hsal869\AppData\Local\Temp\ccWM4lMz.s 			page 1


   1              		.syntax unified
   2              		.cpu cortex-m3
   3              		.fpu softvfp
   4              		.eabi_attribute 20, 1
   5              		.eabi_attribute 21, 1
   6              		.eabi_attribute 23, 3
   7              		.eabi_attribute 24, 1
   8              		.eabi_attribute 25, 1
   9              		.eabi_attribute 26, 1
  10              		.eabi_attribute 30, 1
  11              		.eabi_attribute 34, 1
  12              		.eabi_attribute 18, 4
  13              		.thumb
  14              		.syntax unified
  15              		.file	"main.c"
  16              		.text
  17              	.Ltext0:
  18              		.cfi_sections	.debug_frame
  19              		.section	.text.main,"ax",%progbits
  20              		.align	2
  21              		.global	main
  22              		.thumb
  23              		.thumb_func
  24              		.type	main, %function
  25              	main:
  26              	.LFB63:
  27              		.file 1 "main.c"
   1:main.c        **** 
   2:main.c        **** /* ========================================
   3:main.c        ****  * Laboratory Exercise 1
   4:main.c        ****  *
   5:main.c        ****  * Build and download project
   6:main.c        ****  * Push SW1 to light led
   7:main.c        ****  * 
   8:main.c        ****  * Copyright Univ of Auckland, 2016
   9:main.c        ****  * All Rights Reserved
  10:main.c        ****  * UNPUBLISHED, LICENSED SOFTWARE.
  11:main.c        ****  *
  12:main.c        ****  * CONFIDENTIAL AND PROPRIETARY INFORMATION
  13:main.c        ****  * WHICH IS THE PROPERTY OF Univ of Auckland.
  14:main.c        ****  *
  15:main.c        ****  * ========================================
  16:main.c        **** */
  17:main.c        **** 
  18:main.c        **** #include <project.h>
  19:main.c        **** 
  20:main.c        **** int main()
  21:main.c        **** {
  28              		.loc 1 21 0
  29              		.cfi_startproc
  30              		@ Volatile: function does not return.
  31              		@ args = 0, pretend = 0, frame = 0
  32              		@ frame_needed = 0, uses_anonymous_args = 0
  33 0000 08B5     		push	{r3, lr}
  34              		.cfi_def_cfa_offset 8
  35              		.cfi_offset 3, -8
  36              		.cfi_offset 14, -4
ARM GAS  C:\Users\hsal869\AppData\Local\Temp\ccWM4lMz.s 			page 2


  22:main.c        ****     CyGlobalIntEnable; /* Enable global interrupts. */
  37              		.loc 1 22 0
  38              		.syntax unified
  39              	@ 22 "main.c" 1
  40 0002 62B6     		CPSIE   i
  41              	@ 0 "" 2
  23:main.c        **** 
  24:main.c        ****     /* Place your initialization/startup code here (e.g. MyInst_Start()) */
  25:main.c        ****     
  26:main.c        ****     LED_Write(1);
  42              		.loc 1 26 0
  43              		.thumb
  44              		.syntax unified
  45 0004 0120     		movs	r0, #1
  46 0006 FFF7FEFF 		bl	LED_Write
  47              	.LVL0:
  48              	.L2:
  49 000a FEE7     		b	.L2
  50              		.cfi_endproc
  51              	.LFE63:
  52              		.size	main, .-main
  53              		.text
  54              	.Letext0:
  55              		.file 2 "c:\\program files (x86)\\cypress\\psoc creator\\4.2\\psoc creator\\import\\gnu\\arm\\5.4.
  56              		.file 3 "c:\\program files (x86)\\cypress\\psoc creator\\4.2\\psoc creator\\import\\gnu\\arm\\5.4.
  57              		.file 4 "Generated_Source\\PSoC5/core_cm3.h"
  58              		.section	.debug_info,"",%progbits
  59              	.Ldebug_info0:
  60 0000 F7000000 		.4byte	0xf7
  61 0004 0400     		.2byte	0x4
  62 0006 00000000 		.4byte	.Ldebug_abbrev0
  63 000a 04       		.byte	0x4
  64 000b 01       		.uleb128 0x1
  65 000c 3A000000 		.4byte	.LASF16
  66 0010 0C       		.byte	0xc
  67 0011 2E000000 		.4byte	.LASF17
  68 0015 1E010000 		.4byte	.LASF18
  69 0019 00000000 		.4byte	.Ldebug_ranges0+0
  70 001d 00000000 		.4byte	0
  71 0021 00000000 		.4byte	.Ldebug_line0
  72 0025 02       		.uleb128 0x2
  73 0026 01       		.byte	0x1
  74 0027 06       		.byte	0x6
  75 0028 8E010000 		.4byte	.LASF0
  76 002c 02       		.uleb128 0x2
  77 002d 01       		.byte	0x1
  78 002e 08       		.byte	0x8
  79 002f FB000000 		.4byte	.LASF1
  80 0033 02       		.uleb128 0x2
  81 0034 02       		.byte	0x2
  82 0035 05       		.byte	0x5
  83 0036 B6010000 		.4byte	.LASF2
  84 003a 02       		.uleb128 0x2
  85 003b 02       		.byte	0x2
  86 003c 07       		.byte	0x7
  87 003d 0E000000 		.4byte	.LASF3
  88 0041 03       		.uleb128 0x3
ARM GAS  C:\Users\hsal869\AppData\Local\Temp\ccWM4lMz.s 			page 3


  89 0042 A6010000 		.4byte	.LASF9
  90 0046 02       		.byte	0x2
  91 0047 3F       		.byte	0x3f
  92 0048 4C000000 		.4byte	0x4c
  93 004c 02       		.uleb128 0x2
  94 004d 04       		.byte	0x4
  95 004e 05       		.byte	0x5
  96 004f 0E010000 		.4byte	.LASF4
  97 0053 02       		.uleb128 0x2
  98 0054 04       		.byte	0x4
  99 0055 07       		.byte	0x7
 100 0056 D2000000 		.4byte	.LASF5
 101 005a 02       		.uleb128 0x2
 102 005b 08       		.byte	0x8
 103 005c 05       		.byte	0x5
 104 005d 00000000 		.4byte	.LASF6
 105 0061 02       		.uleb128 0x2
 106 0062 08       		.byte	0x8
 107 0063 07       		.byte	0x7
 108 0064 E4000000 		.4byte	.LASF7
 109 0068 04       		.uleb128 0x4
 110 0069 04       		.byte	0x4
 111 006a 05       		.byte	0x5
 112 006b 696E7400 		.ascii	"int\000"
 113 006f 02       		.uleb128 0x2
 114 0070 04       		.byte	0x4
 115 0071 07       		.byte	0x7
 116 0072 21000000 		.4byte	.LASF8
 117 0076 03       		.uleb128 0x3
 118 0077 C0010000 		.4byte	.LASF10
 119 007b 03       		.byte	0x3
 120 007c 2C       		.byte	0x2c
 121 007d 41000000 		.4byte	0x41
 122 0081 02       		.uleb128 0x2
 123 0082 04       		.byte	0x4
 124 0083 04       		.byte	0x4
 125 0084 B0010000 		.4byte	.LASF11
 126 0088 02       		.uleb128 0x2
 127 0089 08       		.byte	0x8
 128 008a 04       		.byte	0x4
 129 008b 17010000 		.4byte	.LASF12
 130 008f 02       		.uleb128 0x2
 131 0090 01       		.byte	0x1
 132 0091 08       		.byte	0x8
 133 0092 09010000 		.4byte	.LASF13
 134 0096 02       		.uleb128 0x2
 135 0097 08       		.byte	0x8
 136 0098 04       		.byte	0x4
 137 0099 9A010000 		.4byte	.LASF14
 138 009d 02       		.uleb128 0x2
 139 009e 04       		.byte	0x4
 140 009f 07       		.byte	0x7
 141 00a0 C8010000 		.4byte	.LASF15
 142 00a4 05       		.uleb128 0x5
 143 00a5 35000000 		.4byte	.LASF19
 144 00a9 01       		.byte	0x1
 145 00aa 14       		.byte	0x14
ARM GAS  C:\Users\hsal869\AppData\Local\Temp\ccWM4lMz.s 			page 4


 146 00ab 68000000 		.4byte	0x68
 147 00af 00000000 		.4byte	.LFB63
 148 00b3 0C000000 		.4byte	.LFE63-.LFB63
 149 00b7 01       		.uleb128 0x1
 150 00b8 9C       		.byte	0x9c
 151 00b9 DE000000 		.4byte	0xde
 152 00bd 06       		.uleb128 0x6
 153 00be C8000000 		.4byte	.LASF20
 154 00c2 01       		.byte	0x1
 155 00c3 1A       		.byte	0x1a
 156 00c4 68000000 		.4byte	0x68
 157 00c8 CE000000 		.4byte	0xce
 158 00cc 07       		.uleb128 0x7
 159 00cd 00       		.byte	0
 160 00ce 08       		.uleb128 0x8
 161 00cf 0A000000 		.4byte	.LVL0
 162 00d3 EF000000 		.4byte	0xef
 163 00d7 09       		.uleb128 0x9
 164 00d8 01       		.uleb128 0x1
 165 00d9 50       		.byte	0x50
 166 00da 01       		.uleb128 0x1
 167 00db 31       		.byte	0x31
 168 00dc 00       		.byte	0
 169 00dd 00       		.byte	0
 170 00de 0A       		.uleb128 0xa
 171 00df 81010000 		.4byte	.LASF21
 172 00e3 04       		.byte	0x4
 173 00e4 1207     		.2byte	0x712
 174 00e6 EA000000 		.4byte	0xea
 175 00ea 0B       		.uleb128 0xb
 176 00eb 76000000 		.4byte	0x76
 177 00ef 0C       		.uleb128 0xc
 178 00f0 C8000000 		.4byte	.LASF20
 179 00f4 C8000000 		.4byte	.LASF20
 180 00f8 01       		.byte	0x1
 181 00f9 1A       		.byte	0x1a
 182 00fa 00       		.byte	0
 183              		.section	.debug_abbrev,"",%progbits
 184              	.Ldebug_abbrev0:
 185 0000 01       		.uleb128 0x1
 186 0001 11       		.uleb128 0x11
 187 0002 01       		.byte	0x1
 188 0003 25       		.uleb128 0x25
 189 0004 0E       		.uleb128 0xe
 190 0005 13       		.uleb128 0x13
 191 0006 0B       		.uleb128 0xb
 192 0007 03       		.uleb128 0x3
 193 0008 0E       		.uleb128 0xe
 194 0009 1B       		.uleb128 0x1b
 195 000a 0E       		.uleb128 0xe
 196 000b 55       		.uleb128 0x55
 197 000c 17       		.uleb128 0x17
 198 000d 11       		.uleb128 0x11
 199 000e 01       		.uleb128 0x1
 200 000f 10       		.uleb128 0x10
 201 0010 17       		.uleb128 0x17
 202 0011 00       		.byte	0
ARM GAS  C:\Users\hsal869\AppData\Local\Temp\ccWM4lMz.s 			page 5


 203 0012 00       		.byte	0
 204 0013 02       		.uleb128 0x2
 205 0014 24       		.uleb128 0x24
 206 0015 00       		.byte	0
 207 0016 0B       		.uleb128 0xb
 208 0017 0B       		.uleb128 0xb
 209 0018 3E       		.uleb128 0x3e
 210 0019 0B       		.uleb128 0xb
 211 001a 03       		.uleb128 0x3
 212 001b 0E       		.uleb128 0xe
 213 001c 00       		.byte	0
 214 001d 00       		.byte	0
 215 001e 03       		.uleb128 0x3
 216 001f 16       		.uleb128 0x16
 217 0020 00       		.byte	0
 218 0021 03       		.uleb128 0x3
 219 0022 0E       		.uleb128 0xe
 220 0023 3A       		.uleb128 0x3a
 221 0024 0B       		.uleb128 0xb
 222 0025 3B       		.uleb128 0x3b
 223 0026 0B       		.uleb128 0xb
 224 0027 49       		.uleb128 0x49
 225 0028 13       		.uleb128 0x13
 226 0029 00       		.byte	0
 227 002a 00       		.byte	0
 228 002b 04       		.uleb128 0x4
 229 002c 24       		.uleb128 0x24
 230 002d 00       		.byte	0
 231 002e 0B       		.uleb128 0xb
 232 002f 0B       		.uleb128 0xb
 233 0030 3E       		.uleb128 0x3e
 234 0031 0B       		.uleb128 0xb
 235 0032 03       		.uleb128 0x3
 236 0033 08       		.uleb128 0x8
 237 0034 00       		.byte	0
 238 0035 00       		.byte	0
 239 0036 05       		.uleb128 0x5
 240 0037 2E       		.uleb128 0x2e
 241 0038 01       		.byte	0x1
 242 0039 3F       		.uleb128 0x3f
 243 003a 19       		.uleb128 0x19
 244 003b 03       		.uleb128 0x3
 245 003c 0E       		.uleb128 0xe
 246 003d 3A       		.uleb128 0x3a
 247 003e 0B       		.uleb128 0xb
 248 003f 3B       		.uleb128 0x3b
 249 0040 0B       		.uleb128 0xb
 250 0041 49       		.uleb128 0x49
 251 0042 13       		.uleb128 0x13
 252 0043 8701     		.uleb128 0x87
 253 0045 19       		.uleb128 0x19
 254 0046 11       		.uleb128 0x11
 255 0047 01       		.uleb128 0x1
 256 0048 12       		.uleb128 0x12
 257 0049 06       		.uleb128 0x6
 258 004a 40       		.uleb128 0x40
 259 004b 18       		.uleb128 0x18
ARM GAS  C:\Users\hsal869\AppData\Local\Temp\ccWM4lMz.s 			page 6


 260 004c 9742     		.uleb128 0x2117
 261 004e 19       		.uleb128 0x19
 262 004f 01       		.uleb128 0x1
 263 0050 13       		.uleb128 0x13
 264 0051 00       		.byte	0
 265 0052 00       		.byte	0
 266 0053 06       		.uleb128 0x6
 267 0054 2E       		.uleb128 0x2e
 268 0055 01       		.byte	0x1
 269 0056 3F       		.uleb128 0x3f
 270 0057 19       		.uleb128 0x19
 271 0058 03       		.uleb128 0x3
 272 0059 0E       		.uleb128 0xe
 273 005a 3A       		.uleb128 0x3a
 274 005b 0B       		.uleb128 0xb
 275 005c 3B       		.uleb128 0x3b
 276 005d 0B       		.uleb128 0xb
 277 005e 49       		.uleb128 0x49
 278 005f 13       		.uleb128 0x13
 279 0060 3C       		.uleb128 0x3c
 280 0061 19       		.uleb128 0x19
 281 0062 01       		.uleb128 0x1
 282 0063 13       		.uleb128 0x13
 283 0064 00       		.byte	0
 284 0065 00       		.byte	0
 285 0066 07       		.uleb128 0x7
 286 0067 18       		.uleb128 0x18
 287 0068 00       		.byte	0
 288 0069 00       		.byte	0
 289 006a 00       		.byte	0
 290 006b 08       		.uleb128 0x8
 291 006c 898201   		.uleb128 0x4109
 292 006f 01       		.byte	0x1
 293 0070 11       		.uleb128 0x11
 294 0071 01       		.uleb128 0x1
 295 0072 31       		.uleb128 0x31
 296 0073 13       		.uleb128 0x13
 297 0074 00       		.byte	0
 298 0075 00       		.byte	0
 299 0076 09       		.uleb128 0x9
 300 0077 8A8201   		.uleb128 0x410a
 301 007a 00       		.byte	0
 302 007b 02       		.uleb128 0x2
 303 007c 18       		.uleb128 0x18
 304 007d 9142     		.uleb128 0x2111
 305 007f 18       		.uleb128 0x18
 306 0080 00       		.byte	0
 307 0081 00       		.byte	0
 308 0082 0A       		.uleb128 0xa
 309 0083 34       		.uleb128 0x34
 310 0084 00       		.byte	0
 311 0085 03       		.uleb128 0x3
 312 0086 0E       		.uleb128 0xe
 313 0087 3A       		.uleb128 0x3a
 314 0088 0B       		.uleb128 0xb
 315 0089 3B       		.uleb128 0x3b
 316 008a 05       		.uleb128 0x5
ARM GAS  C:\Users\hsal869\AppData\Local\Temp\ccWM4lMz.s 			page 7


 317 008b 49       		.uleb128 0x49
 318 008c 13       		.uleb128 0x13
 319 008d 3F       		.uleb128 0x3f
 320 008e 19       		.uleb128 0x19
 321 008f 3C       		.uleb128 0x3c
 322 0090 19       		.uleb128 0x19
 323 0091 00       		.byte	0
 324 0092 00       		.byte	0
 325 0093 0B       		.uleb128 0xb
 326 0094 35       		.uleb128 0x35
 327 0095 00       		.byte	0
 328 0096 49       		.uleb128 0x49
 329 0097 13       		.uleb128 0x13
 330 0098 00       		.byte	0
 331 0099 00       		.byte	0
 332 009a 0C       		.uleb128 0xc
 333 009b 2E       		.uleb128 0x2e
 334 009c 00       		.byte	0
 335 009d 3F       		.uleb128 0x3f
 336 009e 19       		.uleb128 0x19
 337 009f 3C       		.uleb128 0x3c
 338 00a0 19       		.uleb128 0x19
 339 00a1 6E       		.uleb128 0x6e
 340 00a2 0E       		.uleb128 0xe
 341 00a3 03       		.uleb128 0x3
 342 00a4 0E       		.uleb128 0xe
 343 00a5 3A       		.uleb128 0x3a
 344 00a6 0B       		.uleb128 0xb
 345 00a7 3B       		.uleb128 0x3b
 346 00a8 0B       		.uleb128 0xb
 347 00a9 00       		.byte	0
 348 00aa 00       		.byte	0
 349 00ab 00       		.byte	0
 350              		.section	.debug_aranges,"",%progbits
 351 0000 1C000000 		.4byte	0x1c
 352 0004 0200     		.2byte	0x2
 353 0006 00000000 		.4byte	.Ldebug_info0
 354 000a 04       		.byte	0x4
 355 000b 00       		.byte	0
 356 000c 0000     		.2byte	0
 357 000e 0000     		.2byte	0
 358 0010 00000000 		.4byte	.LFB63
 359 0014 0C000000 		.4byte	.LFE63-.LFB63
 360 0018 00000000 		.4byte	0
 361 001c 00000000 		.4byte	0
 362              		.section	.debug_ranges,"",%progbits
 363              	.Ldebug_ranges0:
 364 0000 00000000 		.4byte	.LFB63
 365 0004 0C000000 		.4byte	.LFE63
 366 0008 00000000 		.4byte	0
 367 000c 00000000 		.4byte	0
 368              		.section	.debug_line,"",%progbits
 369              	.Ldebug_line0:
 370 0000 56010000 		.section	.debug_str,"MS",%progbits,1
 370      02003F01 
 370      00000201 
 370      FB0E0D00 
ARM GAS  C:\Users\hsal869\AppData\Local\Temp\ccWM4lMz.s 			page 8


 370      01010101 
 371              	.LASF6:
 372 0000 6C6F6E67 		.ascii	"long long int\000"
 372      206C6F6E 
 372      6720696E 
 372      7400
 373              	.LASF3:
 374 000e 73686F72 		.ascii	"short unsigned int\000"
 374      7420756E 
 374      7369676E 
 374      65642069 
 374      6E7400
 375              	.LASF8:
 376 0021 756E7369 		.ascii	"unsigned int\000"
 376      676E6564 
 376      20696E74 
 376      00
 377              	.LASF17:
 378 002e 6D61696E 		.ascii	"main.c\000"
 378      2E6300
 379              	.LASF19:
 380 0035 6D61696E 		.ascii	"main\000"
 380      00
 381              	.LASF16:
 382 003a 474E5520 		.ascii	"GNU C11 5.4.1 20160609 (release) [ARM/embedded-5-br"
 382      43313120 
 382      352E342E 
 382      31203230 
 382      31363036 
 383 006d 616E6368 		.ascii	"anch revision 237715] -mcpu=cortex-m3 -mthumb -g -O"
 383      20726576 
 383      6973696F 
 383      6E203233 
 383      37373135 
 384 00a0 67202D66 		.ascii	"g -ffunction-sections -ffat-lto-objects\000"
 384      66756E63 
 384      74696F6E 
 384      2D736563 
 384      74696F6E 
 385              	.LASF20:
 386 00c8 4C45445F 		.ascii	"LED_Write\000"
 386      57726974 
 386      6500
 387              	.LASF5:
 388 00d2 6C6F6E67 		.ascii	"long unsigned int\000"
 388      20756E73 
 388      69676E65 
 388      6420696E 
 388      7400
 389              	.LASF7:
 390 00e4 6C6F6E67 		.ascii	"long long unsigned int\000"
 390      206C6F6E 
 390      6720756E 
 390      7369676E 
 390      65642069 
 391              	.LASF1:
 392 00fb 756E7369 		.ascii	"unsigned char\000"
ARM GAS  C:\Users\hsal869\AppData\Local\Temp\ccWM4lMz.s 			page 9


 392      676E6564 
 392      20636861 
 392      7200
 393              	.LASF13:
 394 0109 63686172 		.ascii	"char\000"
 394      00
 395              	.LASF4:
 396 010e 6C6F6E67 		.ascii	"long int\000"
 396      20696E74 
 396      00
 397              	.LASF12:
 398 0117 646F7562 		.ascii	"double\000"
 398      6C6500
 399              	.LASF18:
 400 011e 483A5C44 		.ascii	"H:\\Documents\\GitHub\\team14\\301folder-hiralabs\\"
 400      6F63756D 
 400      656E7473 
 400      5C476974 
 400      4875625C 
 401 014c 70736F63 		.ascii	"psoc student pack\\lab exercise\\psoc_intro\\lab1.c"
 401      20737475 
 401      64656E74 
 401      20706163 
 401      6B5C6C61 
 402 017c 7964736E 		.ascii	"ydsn\000"
 402      00
 403              	.LASF21:
 404 0181 49544D5F 		.ascii	"ITM_RxBuffer\000"
 404      52784275 
 404      66666572 
 404      00
 405              	.LASF0:
 406 018e 7369676E 		.ascii	"signed char\000"
 406      65642063 
 406      68617200 
 407              	.LASF14:
 408 019a 6C6F6E67 		.ascii	"long double\000"
 408      20646F75 
 408      626C6500 
 409              	.LASF9:
 410 01a6 5F5F696E 		.ascii	"__int32_t\000"
 410      7433325F 
 410      7400
 411              	.LASF11:
 412 01b0 666C6F61 		.ascii	"float\000"
 412      7400
 413              	.LASF2:
 414 01b6 73686F72 		.ascii	"short int\000"
 414      7420696E 
 414      7400
 415              	.LASF10:
 416 01c0 696E7433 		.ascii	"int32_t\000"
 416      325F7400 
 417              	.LASF15:
 418 01c8 73697A65 		.ascii	"sizetype\000"
 418      74797065 
 418      00
ARM GAS  C:\Users\hsal869\AppData\Local\Temp\ccWM4lMz.s 			page 10


 419              		.ident	"GCC: (GNU Tools for ARM Embedded Processors) 5.4.1 20160609 (release) [ARM/embedded-5-bran
