--------------- Build Started: 08/04/2023 15:37:15 Project: lab3, Configuration: ARM GCC 5.4-2016-q2-update Debug ---------------
cydsfit.exe -.appdatapath "C:\Users\hsal869\AppData\Local\Cypress Semiconductor\PSoC Creator\4.2" -.fdsnotice -.fdswarpdepfile=warp_dependencies.txt -.fdselabdepfile=elab_dependencies.txt -.fdsbldfile=generated_files.txt -.fdsreffile=referenced_files.txt -p "H:\Documents\GitHub\team14\301folder-hiralabs\psoc student pack\lab exercise\psoc_intro\lab3.cydsn\lab3.cyprj" -d CY8C5888LTI-LP097 -s "H:\Documents\GitHub\team14\301folder-hiralabs\psoc student pack\lab exercise\psoc_intro\lab3.cydsn\Generated_Source\PSoC5" -- -yv2 -q10 -ygs -o2 -v3 -.fftcfgtype=LE
Elaborating Design...
HDL Generation...
Synthesis...
Tech Mapping...
Analog Placement...
Analog Routing...
Analog Code Generation...
Digital Placement...
Digital Routing...
Bitstream Generation...
Bitstream Verification...
Static timing analysis...
API Generation...
Dependency Generation...
Cleanup...
The compile step is up to date, no work needs to be done.
The link step is up to date, no work needs to be done.
--------------- Build Succeeded: 08/04/2023 15:37:28 ---------------
