ARM GAS  C:\Users\hsal869\AppData\Local\Temp\ccfohUXI.s 			page 1


   1              		.syntax unified
   2              		.cpu cortex-m3
   3              		.fpu softvfp
   4              		.eabi_attribute 20, 1
   5              		.eabi_attribute 21, 1
   6              		.eabi_attribute 23, 3
   7              		.eabi_attribute 24, 1
   8              		.eabi_attribute 25, 1
   9              		.eabi_attribute 26, 1
  10              		.eabi_attribute 30, 1
  11              		.eabi_attribute 34, 1
  12              		.eabi_attribute 18, 4
  13              		.thumb
  14              		.syntax unified
  15              		.file	"cymetadata.c"
  16              		.text
  17              	.Ltext0:
  18              		.cfi_sections	.debug_frame
  19              		.global	cy_metadata
  20              		.global	cy_meta_flashprotect
  21              		.global	cy_meta_wonvl
  22              		.global	cy_meta_custnvl
  23              		.global	cy_meta_configecc
  24              		.section	.cyconfigecc,"a",%progbits
  25              		.align	2
  26              		.type	cy_meta_configecc, %object
  27              		.size	cy_meta_configecc, 268
  28              	cy_meta_configecc:
  29 0000 01       		.byte	1
  30 0001 45       		.byte	69
  31 0002 00       		.byte	0
  32 0003 40       		.byte	64
  33 0004 02       		.byte	2
  34 0005 4F       		.byte	79
  35 0006 00       		.byte	0
  36 0007 40       		.byte	64
  37 0008 01       		.byte	1
  38 0009 52       		.byte	82
  39 000a 00       		.byte	0
  40 000b 40       		.byte	64
  41 000c 01       		.byte	1
  42 000d 01       		.byte	1
  43 000e 01       		.byte	1
  44 000f 40       		.byte	64
  45 0010 01       		.byte	1
  46 0011 03       		.byte	3
  47 0012 01       		.byte	1
  48 0013 40       		.byte	64
  49 0014 01       		.byte	1
  50 0015 05       		.byte	5
  51 0016 01       		.byte	1
  52 0017 40       		.byte	64
  53 0018 01       		.byte	1
  54 0019 07       		.byte	7
  55 001a 01       		.byte	1
  56 001b 40       		.byte	64
  57 001c 02       		.byte	2
ARM GAS  C:\Users\hsal869\AppData\Local\Temp\ccfohUXI.s 			page 2


  58 001d 09       		.byte	9
  59 001e 01       		.byte	1
  60 001f 40       		.byte	64
  61 0020 04       		.byte	4
  62 0021 0A       		.byte	10
  63 0022 01       		.byte	1
  64 0023 40       		.byte	64
  65 0024 02       		.byte	2
  66 0025 0B       		.byte	11
  67 0026 01       		.byte	1
  68 0027 40       		.byte	64
  69 0028 01       		.byte	1
  70 0029 0D       		.byte	13
  71 002a 01       		.byte	1
  72 002b 40       		.byte	64
  73 002c 01       		.byte	1
  74 002d 0F       		.byte	15
  75 002e 01       		.byte	1
  76 002f 40       		.byte	64
  77 0030 01       		.byte	1
  78 0031 17       		.byte	23
  79 0032 01       		.byte	1
  80 0033 40       		.byte	64
  81 0034 01       		.byte	1
  82 0035 19       		.byte	25
  83 0036 01       		.byte	1
  84 0037 40       		.byte	64
  85 0038 09       		.byte	9
  86 0039 40       		.byte	64
  87 003a 01       		.byte	1
  88 003b 40       		.byte	64
  89 003c 06       		.byte	6
  90 003d 41       		.byte	65
  91 003e 01       		.byte	1
  92 003f 40       		.byte	64
  93 0040 06       		.byte	6
  94 0041 42       		.byte	66
  95 0042 01       		.byte	1
  96 0043 40       		.byte	64
  97 0044 04       		.byte	4
  98 0045 43       		.byte	67
  99 0046 01       		.byte	1
 100 0047 40       		.byte	64
 101 0048 01       		.byte	1
 102 0049 44       		.byte	68
 103 004a 01       		.byte	1
 104 004b 40       		.byte	64
 105 004c 02       		.byte	2
 106 004d 45       		.byte	69
 107 004e 01       		.byte	1
 108 004f 40       		.byte	64
 109 0050 07       		.byte	7
 110 0051 46       		.byte	70
 111 0052 01       		.byte	1
 112 0053 40       		.byte	64
 113 0054 07       		.byte	7
 114 0055 47       		.byte	71
ARM GAS  C:\Users\hsal869\AppData\Local\Temp\ccfohUXI.s 			page 3


 115 0056 01       		.byte	1
 116 0057 40       		.byte	64
 117 0058 02       		.byte	2
 118 0059 48       		.byte	72
 119 005a 01       		.byte	1
 120 005b 40       		.byte	64
 121 005c 01       		.byte	1
 122 005d 4C       		.byte	76
 123 005e 01       		.byte	1
 124 005f 40       		.byte	64
 125 0060 02       		.byte	2
 126 0061 51       		.byte	81
 127 0062 01       		.byte	1
 128 0063 40       		.byte	64
 129 0064 7E       		.byte	126
 130 0065 02       		.byte	2
 131 0066 01       		.byte	1
 132 0067 80       		.byte	-128
 133 0068 0A       		.byte	10
 134 0069 4B       		.byte	75
 135 006a 7C       		.byte	124
 136 006b 40       		.byte	64
 137 006c E2       		.byte	-30
 138 006d 04       		.byte	4
 139 006e E6       		.byte	-26
 140 006f 02       		.byte	2
 141 0070 E2       		.byte	-30
 142 0071 40       		.byte	64
 143 0072 EE       		.byte	-18
 144 0073 0C       		.byte	12
 145 0074 AF       		.byte	-81
 146 0075 20       		.byte	32
 147 0076 EE       		.byte	-18
 148 0077 04       		.byte	4
 149 0078 B8       		.byte	-72
 150 0079 20       		.byte	32
 151 007a BE       		.byte	-66
 152 007b 10       		.byte	16
 153 007c D8       		.byte	-40
 154 007d 04       		.byte	4
 155 007e DF       		.byte	-33
 156 007f 01       		.byte	1
 157 0080 1F       		.byte	31
 158 0081 20       		.byte	32
 159 0082 E2       		.byte	-30
 160 0083 40       		.byte	64
 161 0084 E6       		.byte	-26
 162 0085 02       		.byte	2
 163 0086 E2       		.byte	-30
 164 0087 04       		.byte	4
 165 0088 EE       		.byte	-18
 166 0089 02       		.byte	2
 167 008a EE       		.byte	-18
 168 008b 02       		.byte	2
 169 008c 30       		.byte	48
 170 008d 02       		.byte	2
 171 008e 33       		.byte	51
ARM GAS  C:\Users\hsal869\AppData\Local\Temp\ccfohUXI.s 			page 4


 172 008f 20       		.byte	32
 173 0090 34       		.byte	52
 174 0091 02       		.byte	2
 175 0092 36       		.byte	54
 176 0093 40       		.byte	64
 177 0094 38       		.byte	56
 178 0095 40       		.byte	64
 179 0096 80       		.byte	-128
 180 0097 02       		.byte	2
 181 0098 CC       		.byte	-52
 182 0099 F0       		.byte	-16
 183 009a CE       		.byte	-50
 184 009b 10       		.byte	16
 185 009c E2       		.byte	-30
 186 009d 20       		.byte	32
 187 009e 84       		.byte	-124
 188 009f 02       		.byte	2
 189 00a0 94       		.byte	-108
 190 00a1 40       		.byte	64
 191 00a2 9C       		.byte	-100
 192 00a3 02       		.byte	2
 193 00a4 A6       		.byte	-90
 194 00a5 40       		.byte	64
 195 00a6 A7       		.byte	-89
 196 00a7 20       		.byte	32
 197 00a8 E6       		.byte	-26
 198 00a9 40       		.byte	64
 199 00aa 63       		.byte	99
 200 00ab 02       		.byte	2
 201 00ac 8C       		.byte	-116
 202 00ad 40       		.byte	64
 203 00ae 94       		.byte	-108
 204 00af 40       		.byte	64
 205 00b0 A6       		.byte	-90
 206 00b1 40       		.byte	64
 207 00b2 A7       		.byte	-89
 208 00b3 20       		.byte	32
 209 00b4 D6       		.byte	-42
 210 00b5 40       		.byte	64
 211 00b6 A6       		.byte	-90
 212 00b7 40       		.byte	64
 213 00b8 AB       		.byte	-85
 214 00b9 20       		.byte	32
 215 00ba AF       		.byte	-81
 216 00bb 01       		.byte	1
 217 00bc EE       		.byte	-18
 218 00bd 30       		.byte	48
 219 00be 82       		.byte	-126
 220 00bf 40       		.byte	64
 221 00c0 84       		.byte	-124
 222 00c1 80       		.byte	-128
 223 00c2 96       		.byte	-106
 224 00c3 40       		.byte	64
 225 00c4 1A       		.byte	26
 226 00c5 20       		.byte	32
 227 00c6 1B       		.byte	27
 228 00c7 04       		.byte	4
ARM GAS  C:\Users\hsal869\AppData\Local\Temp\ccfohUXI.s 			page 5


 229 00c8 8E       		.byte	-114
 230 00c9 10       		.byte	16
 231 00ca 96       		.byte	-106
 232 00cb 40       		.byte	64
 233 00cc 9C       		.byte	-100
 234 00cd 80       		.byte	-128
 235 00ce C6       		.byte	-58
 236 00cf 08       		.byte	8
 237 00d0 E2       		.byte	-30
 238 00d1 02       		.byte	2
 239 00d2 08       		.byte	8
 240 00d3 80       		.byte	-128
 241 00d4 0B       		.byte	11
 242 00d5 40       		.byte	64
 243 00d6 0E       		.byte	14
 244 00d7 40       		.byte	64
 245 00d8 96       		.byte	-106
 246 00d9 40       		.byte	64
 247 00da 9C       		.byte	-100
 248 00db 80       		.byte	-128
 249 00dc AB       		.byte	-85
 250 00dd 04       		.byte	4
 251 00de C2       		.byte	-62
 252 00df 0E       		.byte	14
 253 00e0 AE       		.byte	-82
 254 00e1 40       		.byte	64
 255 00e2 EE       		.byte	-18
 256 00e3 40       		.byte	64
 257 00e4 AF       		.byte	-81
 258 00e5 40       		.byte	64
 259 00e6 00       		.byte	0
 260 00e7 AB       		.byte	-85
 261 00e8 01       		.byte	1
 262 00e9 03       		.byte	3
 263 00ea 00       		.byte	0
 264 00eb 00       		.byte	0
 265 00ec 00       		.byte	0
 266 00ed 00       		.byte	0
 267 00ee 00       		.byte	0
 268 00ef 00       		.byte	0
 269 00f0 00       		.byte	0
 270 00f1 00       		.byte	0
 271 00f2 10       		.byte	16
 272 00f3 00       		.byte	0
 273 00f4 40       		.byte	64
 274 00f5 00       		.byte	0
 275 00f6 00       		.byte	0
 276 00f7 00       		.byte	0
 277 00f8 00       		.byte	0
 278 00f9 00       		.byte	0
 279 00fa 00       		.byte	0
 280 00fb 00       		.byte	0
 281 00fc C0       		.byte	-64
 282 00fd 00       		.byte	0
 283 00fe 00       		.byte	0
 284 00ff 00       		.byte	0
 285 0100 00       		.byte	0
ARM GAS  C:\Users\hsal869\AppData\Local\Temp\ccfohUXI.s 			page 6


 286 0101 0B       		.byte	11
 287 0102 0B       		.byte	11
 288 0103 00       		.byte	0
 289 0104 00       		.byte	0
 290 0105 00       		.byte	0
 291 0106 40       		.byte	64
 292 0107 00       		.byte	0
 293 0108 2F       		.byte	47
 294 0109 00       		.byte	0
 295 010a 18       		.byte	24
 296 010b 01       		.byte	1
 297              		.section	.cywolatch,"a",%progbits
 298              		.align	2
 299              		.type	cy_meta_wonvl, %object
 300              		.size	cy_meta_wonvl, 4
 301              	cy_meta_wonvl:
 302 0000 BC       		.byte	-68
 303 0001 90       		.byte	-112
 304 0002 AC       		.byte	-84
 305 0003 AF       		.byte	-81
 306              		.section	.cycustnvl,"a",%progbits
 307              		.align	2
 308              		.type	cy_meta_custnvl, %object
 309              		.size	cy_meta_custnvl, 4
 310              	cy_meta_custnvl:
 311 0000 00       		.byte	0
 312 0001 00       		.byte	0
 313 0002 40       		.byte	64
 314 0003 05       		.byte	5
 315              		.section	.cymeta,"a",%progbits
 316              		.align	2
 317              		.type	cy_metadata, %object
 318              		.size	cy_metadata, 12
 319              	cy_metadata:
 320 0000 00       		.byte	0
 321 0001 01       		.byte	1
 322 0002 2E       		.byte	46
 323 0003 16       		.byte	22
 324 0004 10       		.byte	16
 325 0005 69       		.byte	105
 326 0006 00       		.byte	0
 327 0007 01       		.byte	1
 328 0008 00       		.byte	0
 329 0009 00       		.byte	0
 330 000a 00       		.byte	0
 331 000b 00       		.byte	0
 332              		.section	.cyflashprotect,"a",%progbits
 333              		.align	2
 334              		.type	cy_meta_flashprotect, %object
 335              		.size	cy_meta_flashprotect, 256
 336              	cy_meta_flashprotect:
 337 0000 00000000 		.space	256
 337      00000000 
 337      00000000 
 337      00000000 
 337      00000000 
 338              		.text
ARM GAS  C:\Users\hsal869\AppData\Local\Temp\ccfohUXI.s 			page 7


 339              	.Letext0:
 340              		.file 1 "c:\\program files (x86)\\cypress\\psoc creator\\4.2\\psoc creator\\import\\gnu\\arm\\5.4.
 341              		.file 2 "c:\\program files (x86)\\cypress\\psoc creator\\4.2\\psoc creator\\import\\gnu\\arm\\5.4.
 342              		.file 3 "Generated_Source\\PSoC5\\cymetadata.c"
 343              		.section	.debug_info,"",%progbits
 344              	.Ldebug_info0:
 345 0000 31010000 		.4byte	0x131
 346 0004 0400     		.2byte	0x4
 347 0006 00000000 		.4byte	.Ldebug_abbrev0
 348 000a 04       		.byte	0x4
 349 000b 01       		.uleb128 0x1
 350 000c 24000000 		.4byte	.LASF17
 351 0010 0C       		.byte	0xc
 352 0011 EA010000 		.4byte	.LASF18
 353 0015 25010000 		.4byte	.LASF19
 354 0019 00000000 		.4byte	.Ldebug_line0
 355 001d 02       		.uleb128 0x2
 356 001e 01       		.byte	0x1
 357 001f 06       		.byte	0x6
 358 0020 DE010000 		.4byte	.LASF0
 359 0024 03       		.uleb128 0x3
 360 0025 00000000 		.4byte	.LASF9
 361 0029 01       		.byte	0x1
 362 002a 1D       		.byte	0x1d
 363 002b 2F000000 		.4byte	0x2f
 364 002f 02       		.uleb128 0x2
 365 0030 01       		.byte	0x1
 366 0031 08       		.byte	0x8
 367 0032 16000000 		.4byte	.LASF1
 368 0036 02       		.uleb128 0x2
 369 0037 02       		.byte	0x2
 370 0038 05       		.byte	0x5
 371 0039 CB010000 		.4byte	.LASF2
 372 003d 02       		.uleb128 0x2
 373 003e 02       		.byte	0x2
 374 003f 07       		.byte	0x7
 375 0040 C4000000 		.4byte	.LASF3
 376 0044 02       		.uleb128 0x2
 377 0045 04       		.byte	0x4
 378 0046 05       		.byte	0x5
 379 0047 D5010000 		.4byte	.LASF4
 380 004b 02       		.uleb128 0x2
 381 004c 04       		.byte	0x4
 382 004d 07       		.byte	0x7
 383 004e B2000000 		.4byte	.LASF5
 384 0052 02       		.uleb128 0x2
 385 0053 08       		.byte	0x8
 386 0054 05       		.byte	0x5
 387 0055 BD010000 		.4byte	.LASF6
 388 0059 02       		.uleb128 0x2
 389 005a 08       		.byte	0x8
 390 005b 07       		.byte	0x7
 391 005c 06010000 		.4byte	.LASF7
 392 0060 04       		.uleb128 0x4
 393 0061 04       		.byte	0x4
 394 0062 05       		.byte	0x5
 395 0063 696E7400 		.ascii	"int\000"
ARM GAS  C:\Users\hsal869\AppData\Local\Temp\ccfohUXI.s 			page 8


 396 0067 02       		.uleb128 0x2
 397 0068 04       		.byte	0x4
 398 0069 07       		.byte	0x7
 399 006a F9000000 		.4byte	.LASF8
 400 006e 03       		.uleb128 0x3
 401 006f 1D010000 		.4byte	.LASF10
 402 0073 02       		.byte	0x2
 403 0074 18       		.byte	0x18
 404 0075 24000000 		.4byte	0x24
 405 0079 05       		.uleb128 0x5
 406 007a 91000000 		.4byte	0x91
 407 007e 8A000000 		.4byte	0x8a
 408 0082 06       		.uleb128 0x6
 409 0083 8A000000 		.4byte	0x8a
 410 0087 0B01     		.2byte	0x10b
 411 0089 00       		.byte	0
 412 008a 02       		.uleb128 0x2
 413 008b 04       		.byte	0x4
 414 008c 07       		.byte	0x7
 415 008d B4010000 		.4byte	.LASF11
 416 0091 07       		.uleb128 0x7
 417 0092 6E000000 		.4byte	0x6e
 418 0096 08       		.uleb128 0x8
 419 0097 E7000000 		.4byte	.LASF12
 420 009b 03       		.byte	0x3
 421 009c 1F       		.byte	0x1f
 422 009d A7000000 		.4byte	0xa7
 423 00a1 05       		.uleb128 0x5
 424 00a2 03       		.byte	0x3
 425 00a3 00000000 		.4byte	cy_meta_configecc
 426 00a7 07       		.uleb128 0x7
 427 00a8 79000000 		.4byte	0x79
 428 00ac 05       		.uleb128 0x5
 429 00ad 91000000 		.4byte	0x91
 430 00b1 BC000000 		.4byte	0xbc
 431 00b5 09       		.uleb128 0x9
 432 00b6 8A000000 		.4byte	0x8a
 433 00ba 03       		.byte	0x3
 434 00bb 00       		.byte	0
 435 00bc 08       		.uleb128 0x8
 436 00bd D7000000 		.4byte	.LASF13
 437 00c1 03       		.byte	0x3
 438 00c2 4E       		.byte	0x4e
 439 00c3 CD000000 		.4byte	0xcd
 440 00c7 05       		.uleb128 0x5
 441 00c8 03       		.byte	0x3
 442 00c9 00000000 		.4byte	cy_meta_custnvl
 443 00cd 07       		.uleb128 0x7
 444 00ce AC000000 		.4byte	0xac
 445 00d2 08       		.uleb128 0x8
 446 00d3 A6010000 		.4byte	.LASF14
 447 00d7 03       		.byte	0x3
 448 00d8 5C       		.byte	0x5c
 449 00d9 E3000000 		.4byte	0xe3
 450 00dd 05       		.uleb128 0x5
 451 00de 03       		.byte	0x3
 452 00df 00000000 		.4byte	cy_meta_wonvl
ARM GAS  C:\Users\hsal869\AppData\Local\Temp\ccfohUXI.s 			page 9


 453 00e3 07       		.uleb128 0x7
 454 00e4 AC000000 		.4byte	0xac
 455 00e8 05       		.uleb128 0x5
 456 00e9 91000000 		.4byte	0x91
 457 00ed F8000000 		.4byte	0xf8
 458 00f1 09       		.uleb128 0x9
 459 00f2 8A000000 		.4byte	0x8a
 460 00f6 FF       		.byte	0xff
 461 00f7 00       		.byte	0
 462 00f8 08       		.uleb128 0x8
 463 00f9 91010000 		.4byte	.LASF15
 464 00fd 03       		.byte	0x3
 465 00fe 6A       		.byte	0x6a
 466 00ff 09010000 		.4byte	0x109
 467 0103 05       		.uleb128 0x5
 468 0104 03       		.byte	0x3
 469 0105 00000000 		.4byte	cy_meta_flashprotect
 470 0109 07       		.uleb128 0x7
 471 010a E8000000 		.4byte	0xe8
 472 010e 05       		.uleb128 0x5
 473 010f 91000000 		.4byte	0x91
 474 0113 1E010000 		.4byte	0x11e
 475 0117 09       		.uleb128 0x9
 476 0118 8A000000 		.4byte	0x8a
 477 011c 0B       		.byte	0xb
 478 011d 00       		.byte	0
 479 011e 08       		.uleb128 0x8
 480 011f 0A000000 		.4byte	.LASF16
 481 0123 03       		.byte	0x3
 482 0124 97       		.byte	0x97
 483 0125 2F010000 		.4byte	0x12f
 484 0129 05       		.uleb128 0x5
 485 012a 03       		.byte	0x3
 486 012b 00000000 		.4byte	cy_metadata
 487 012f 07       		.uleb128 0x7
 488 0130 0E010000 		.4byte	0x10e
 489 0134 00       		.byte	0
 490              		.section	.debug_abbrev,"",%progbits
 491              	.Ldebug_abbrev0:
 492 0000 01       		.uleb128 0x1
 493 0001 11       		.uleb128 0x11
 494 0002 01       		.byte	0x1
 495 0003 25       		.uleb128 0x25
 496 0004 0E       		.uleb128 0xe
 497 0005 13       		.uleb128 0x13
 498 0006 0B       		.uleb128 0xb
 499 0007 03       		.uleb128 0x3
 500 0008 0E       		.uleb128 0xe
 501 0009 1B       		.uleb128 0x1b
 502 000a 0E       		.uleb128 0xe
 503 000b 10       		.uleb128 0x10
 504 000c 17       		.uleb128 0x17
 505 000d 00       		.byte	0
 506 000e 00       		.byte	0
 507 000f 02       		.uleb128 0x2
 508 0010 24       		.uleb128 0x24
 509 0011 00       		.byte	0
ARM GAS  C:\Users\hsal869\AppData\Local\Temp\ccfohUXI.s 			page 10


 510 0012 0B       		.uleb128 0xb
 511 0013 0B       		.uleb128 0xb
 512 0014 3E       		.uleb128 0x3e
 513 0015 0B       		.uleb128 0xb
 514 0016 03       		.uleb128 0x3
 515 0017 0E       		.uleb128 0xe
 516 0018 00       		.byte	0
 517 0019 00       		.byte	0
 518 001a 03       		.uleb128 0x3
 519 001b 16       		.uleb128 0x16
 520 001c 00       		.byte	0
 521 001d 03       		.uleb128 0x3
 522 001e 0E       		.uleb128 0xe
 523 001f 3A       		.uleb128 0x3a
 524 0020 0B       		.uleb128 0xb
 525 0021 3B       		.uleb128 0x3b
 526 0022 0B       		.uleb128 0xb
 527 0023 49       		.uleb128 0x49
 528 0024 13       		.uleb128 0x13
 529 0025 00       		.byte	0
 530 0026 00       		.byte	0
 531 0027 04       		.uleb128 0x4
 532 0028 24       		.uleb128 0x24
 533 0029 00       		.byte	0
 534 002a 0B       		.uleb128 0xb
 535 002b 0B       		.uleb128 0xb
 536 002c 3E       		.uleb128 0x3e
 537 002d 0B       		.uleb128 0xb
 538 002e 03       		.uleb128 0x3
 539 002f 08       		.uleb128 0x8
 540 0030 00       		.byte	0
 541 0031 00       		.byte	0
 542 0032 05       		.uleb128 0x5
 543 0033 01       		.uleb128 0x1
 544 0034 01       		.byte	0x1
 545 0035 49       		.uleb128 0x49
 546 0036 13       		.uleb128 0x13
 547 0037 01       		.uleb128 0x1
 548 0038 13       		.uleb128 0x13
 549 0039 00       		.byte	0
 550 003a 00       		.byte	0
 551 003b 06       		.uleb128 0x6
 552 003c 21       		.uleb128 0x21
 553 003d 00       		.byte	0
 554 003e 49       		.uleb128 0x49
 555 003f 13       		.uleb128 0x13
 556 0040 2F       		.uleb128 0x2f
 557 0041 05       		.uleb128 0x5
 558 0042 00       		.byte	0
 559 0043 00       		.byte	0
 560 0044 07       		.uleb128 0x7
 561 0045 26       		.uleb128 0x26
 562 0046 00       		.byte	0
 563 0047 49       		.uleb128 0x49
 564 0048 13       		.uleb128 0x13
 565 0049 00       		.byte	0
 566 004a 00       		.byte	0
ARM GAS  C:\Users\hsal869\AppData\Local\Temp\ccfohUXI.s 			page 11


 567 004b 08       		.uleb128 0x8
 568 004c 34       		.uleb128 0x34
 569 004d 00       		.byte	0
 570 004e 03       		.uleb128 0x3
 571 004f 0E       		.uleb128 0xe
 572 0050 3A       		.uleb128 0x3a
 573 0051 0B       		.uleb128 0xb
 574 0052 3B       		.uleb128 0x3b
 575 0053 0B       		.uleb128 0xb
 576 0054 49       		.uleb128 0x49
 577 0055 13       		.uleb128 0x13
 578 0056 3F       		.uleb128 0x3f
 579 0057 19       		.uleb128 0x19
 580 0058 02       		.uleb128 0x2
 581 0059 18       		.uleb128 0x18
 582 005a 00       		.byte	0
 583 005b 00       		.byte	0
 584 005c 09       		.uleb128 0x9
 585 005d 21       		.uleb128 0x21
 586 005e 00       		.byte	0
 587 005f 49       		.uleb128 0x49
 588 0060 13       		.uleb128 0x13
 589 0061 2F       		.uleb128 0x2f
 590 0062 0B       		.uleb128 0xb
 591 0063 00       		.byte	0
 592 0064 00       		.byte	0
 593 0065 00       		.byte	0
 594              		.section	.debug_aranges,"",%progbits
 595 0000 14000000 		.4byte	0x14
 596 0004 0200     		.2byte	0x2
 597 0006 00000000 		.4byte	.Ldebug_info0
 598 000a 04       		.byte	0x4
 599 000b 00       		.byte	0
 600 000c 0000     		.2byte	0
 601 000e 0000     		.2byte	0
 602 0010 00000000 		.4byte	0
 603 0014 00000000 		.4byte	0
 604              		.section	.debug_line,"",%progbits
 605              	.Ldebug_line0:
 606 0000 3D010000 		.section	.debug_str,"MS",%progbits,1
 606      02003701 
 606      00000201 
 606      FB0E0D00 
 606      01010101 
 607              	.LASF9:
 608 0000 5F5F7569 		.ascii	"__uint8_t\000"
 608      6E74385F 
 608      7400
 609              	.LASF16:
 610 000a 63795F6D 		.ascii	"cy_metadata\000"
 610      65746164 
 610      61746100 
 611              	.LASF1:
 612 0016 756E7369 		.ascii	"unsigned char\000"
 612      676E6564 
 612      20636861 
 612      7200
ARM GAS  C:\Users\hsal869\AppData\Local\Temp\ccfohUXI.s 			page 12


 613              	.LASF17:
 614 0024 474E5520 		.ascii	"GNU C11 5.4.1 20160609 (release) [ARM/embedded-5-br"
 614      43313120 
 614      352E342E 
 614      31203230 
 614      31363036 
 615 0057 616E6368 		.ascii	"anch revision 237715] -mcpu=cortex-m3 -mthumb -g -O"
 615      20726576 
 615      6973696F 
 615      6E203233 
 615      37373135 
 616 008a 67202D66 		.ascii	"g -ffunction-sections -ffat-lto-objects\000"
 616      66756E63 
 616      74696F6E 
 616      2D736563 
 616      74696F6E 
 617              	.LASF5:
 618 00b2 6C6F6E67 		.ascii	"long unsigned int\000"
 618      20756E73 
 618      69676E65 
 618      6420696E 
 618      7400
 619              	.LASF3:
 620 00c4 73686F72 		.ascii	"short unsigned int\000"
 620      7420756E 
 620      7369676E 
 620      65642069 
 620      6E7400
 621              	.LASF13:
 622 00d7 63795F6D 		.ascii	"cy_meta_custnvl\000"
 622      6574615F 
 622      63757374 
 622      6E766C00 
 623              	.LASF12:
 624 00e7 63795F6D 		.ascii	"cy_meta_configecc\000"
 624      6574615F 
 624      636F6E66 
 624      69676563 
 624      6300
 625              	.LASF8:
 626 00f9 756E7369 		.ascii	"unsigned int\000"
 626      676E6564 
 626      20696E74 
 626      00
 627              	.LASF7:
 628 0106 6C6F6E67 		.ascii	"long long unsigned int\000"
 628      206C6F6E 
 628      6720756E 
 628      7369676E 
 628      65642069 
 629              	.LASF10:
 630 011d 75696E74 		.ascii	"uint8_t\000"
 630      385F7400 
 631              	.LASF19:
 632 0125 483A5C44 		.ascii	"H:\\Documents\\GitHub\\team14\\301folder-hiralabs\\"
 632      6F63756D 
 632      656E7473 
ARM GAS  C:\Users\hsal869\AppData\Local\Temp\ccfohUXI.s 			page 13


 632      5C476974 
 632      4875625C 
 633 0153 70736F63 		.ascii	"psoc student pack\\lab exercise\\psoc_intro\\hardwa"
 633      20737475 
 633      64656E74 
 633      20706163 
 633      6B5C6C61 
 634 0183 72657461 		.ascii	"retask1.cydsn\000"
 634      736B312E 
 634      63796473 
 634      6E00
 635              	.LASF15:
 636 0191 63795F6D 		.ascii	"cy_meta_flashprotect\000"
 636      6574615F 
 636      666C6173 
 636      6870726F 
 636      74656374 
 637              	.LASF14:
 638 01a6 63795F6D 		.ascii	"cy_meta_wonvl\000"
 638      6574615F 
 638      776F6E76 
 638      6C00
 639              	.LASF11:
 640 01b4 73697A65 		.ascii	"sizetype\000"
 640      74797065 
 640      00
 641              	.LASF6:
 642 01bd 6C6F6E67 		.ascii	"long long int\000"
 642      206C6F6E 
 642      6720696E 
 642      7400
 643              	.LASF2:
 644 01cb 73686F72 		.ascii	"short int\000"
 644      7420696E 
 644      7400
 645              	.LASF4:
 646 01d5 6C6F6E67 		.ascii	"long int\000"
 646      20696E74 
 646      00
 647              	.LASF0:
 648 01de 7369676E 		.ascii	"signed char\000"
 648      65642063 
 648      68617200 
 649              	.LASF18:
 650 01ea 47656E65 		.ascii	"Generated_Source\\PSoC5\\cymetadata.c\000"
 650      72617465 
 650      645F536F 
 650      75726365 
 650      5C50536F 
 651              		.ident	"GCC: (GNU Tools for ARM Embedded Processors) 5.4.1 20160609 (release) [ARM/embedded-5-bran
