ARM GAS  C:\Users\hsal869\AppData\Local\Temp\ccwfOyq2.s 			page 1


   1              		.syntax unified
   2              		.cpu cortex-m3
   3              		.fpu softvfp
   4              		.eabi_attribute 20, 1
   5              		.eabi_attribute 21, 1
   6              		.eabi_attribute 23, 3
   7              		.eabi_attribute 24, 1
   8              		.eabi_attribute 25, 1
   9              		.eabi_attribute 26, 1
  10              		.eabi_attribute 30, 1
  11              		.eabi_attribute 34, 1
  12              		.eabi_attribute 18, 4
  13              		.thumb
  14              		.syntax unified
  15              		.file	"main.c"
  16              		.text
  17              	.Ltext0:
  18              		.cfi_sections	.debug_frame
  19              		.section	.text.eoc,"ax",%progbits
  20              		.align	2
  21              		.global	eoc
  22              		.thumb
  23              		.thumb_func
  24              		.type	eoc, %function
  25              	eoc:
  26              	.LFB64:
  27              		.file 1 "main.c"
   1:main.c        **** /* ========================================
   2:main.c        ****  * Fully working code: 
   3:main.c        ****  * PWM      : 
   4:main.c        ****  * Encoder  : 
   5:main.c        ****  * ADC      :
   6:main.c        ****  * USB      : port displays speed and position.
   7:main.c        ****  * CMD: "PW xx"
   8:main.c        ****  * Copyright Univ of Auckland, 2016
   9:main.c        ****  * All Rights Reserved
  10:main.c        ****  * UNPUBLISHED, LICENSED SOFTWARE.
  11:main.c        ****  *
  12:main.c        ****  * CONFIDENTIAL AND PROPRIETARY INFORMATION
  13:main.c        ****  * WHICH IS THE PROPERTY OF Univ of Auckland.
  14:main.c        ****  *
  15:main.c        ****  * ========================================
  16:main.c        **** */
  17:main.c        **** #include <stdio.h>
  18:main.c        **** #include <string.h>
  19:main.c        **** #include <stdlib.h>
  20:main.c        **** #include <project.h>
  21:main.c        **** //* ========================================
  22:main.c        **** #include "defines.h"
  23:main.c        **** #include "vars.h"
  24:main.c        **** //* ========================================
  25:main.c        **** void usbPutString(char *s);
  26:main.c        **** void usbPutChar(char c);
  27:main.c        **** //* ========================================
  28:main.c        **** 
  29:main.c        **** volatile int flag = 0;
  30:main.c        **** char result[1000][8]; // Character array
ARM GAS  C:\Users\hsal869\AppData\Local\Temp\ccwfOyq2.s 			page 2


  31:main.c        **** volatile int count = 0;
  32:main.c        **** 
  33:main.c        **** 
  34:main.c        **** CY_ISR(eoc) {
  28              		.loc 1 34 0
  29              		.cfi_startproc
  30              		@ args = 0, pretend = 0, frame = 0
  31              		@ frame_needed = 0, uses_anonymous_args = 0
  32              		@ link register save eliminated.
  35:main.c        ****     // Some Logic
  36:main.c        ****     flag = 1;
  33              		.loc 1 36 0
  34 0000 0122     		movs	r2, #1
  35 0002 014B     		ldr	r3, .L2
  36 0004 1A60     		str	r2, [r3]
  37 0006 7047     		bx	lr
  38              	.L3:
  39              		.align	2
  40              	.L2:
  41 0008 00000000 		.word	.LANCHOR0
  42              		.cfi_endproc
  43              	.LFE64:
  44              		.size	eoc, .-eoc
  45              		.section	.text.usbPutString,"ax",%progbits
  46              		.align	2
  47              		.global	usbPutString
  48              		.thumb
  49              		.thumb_func
  50              		.type	usbPutString, %function
  51              	usbPutString:
  52              	.LFB66:
  37:main.c        **** }
  38:main.c        **** 
  39:main.c        **** int main()
  40:main.c        **** {
  41:main.c        ****     
  42:main.c        **** 
  43:main.c        **** // --------------------------------    
  44:main.c        **** // ----- INITIALIZATIONS ----------
  45:main.c        ****     CYGlobalIntEnable;
  46:main.c        **** 
  47:main.c        **** // ------USB SETUP ----------------    
  48:main.c        ****   
  49:main.c        ****     USBUART_Start(0,USBUART_5V_OPERATION);     
  50:main.c        ****         
  51:main.c        ****     //RF_BT_SELECT_Write(0);
  52:main.c        ****     ADC_SAR_1_Start();
  53:main.c        ****     ADC_SAR_1_StartConvert();
  54:main.c        ****     isr_1_StartEx(eoc);
  55:main.c        **** 
  56:main.c        ****     for(;;)
  57:main.c        ****     {   
  58:main.c        ****         
  59:main.c        ****         if (flag == 1) {
  60:main.c        ****             // goal: store 100 values into an array then display ALL together to solve frequency ti
  61:main.c        ****             ADC_SAR_1_IRQ_Disable();
  62:main.c        ****             int num = ADC_SAR_1_GetResult8();
ARM GAS  C:\Users\hsal869\AppData\Local\Temp\ccwfOyq2.s 			page 3


  63:main.c        ****             
  64:main.c        ****             if (num < 0) {
  65:main.c        ****                 num = num +255;
  66:main.c        ****             }
  67:main.c        ****             utoa(num, result[count], 10);
  68:main.c        ****             count++;
  69:main.c        ****             if (count == 1000){
  70:main.c        ****                 count = 0;
  71:main.c        ****                 
  72:main.c        ****                 for (int i = 0; i < 1000; i++){
  73:main.c        ****                 usbPutString(result[i]);
  74:main.c        ****                 usbPutString("\r\n");
  75:main.c        ****                 /* Place your application code here. */
  76:main.c        ****                 
  77:main.c        ****                 
  78:main.c        ****                 
  79:main.c        ****             }
  80:main.c        ****                 
  81:main.c        ****             }
  82:main.c        ****             
  83:main.c        ****             flag = 0;
  84:main.c        ****             
  85:main.c        ****             ADC_SAR_1_IRQ_Enable();
  86:main.c        ****         }
  87:main.c        ****         
  88:main.c        ****         
  89:main.c        ****         
  90:main.c        ****        
  91:main.c        ****     }   
  92:main.c        **** }
  93:main.c        **** //* ========================================
  94:main.c        **** void usbPutString(char *s)
  95:main.c        **** {
  53              		.loc 1 95 0
  54              		.cfi_startproc
  55              		@ args = 0, pretend = 0, frame = 0
  56              		@ frame_needed = 0, uses_anonymous_args = 0
  57              	.LVL0:
  58 0000 10B5     		push	{r4, lr}
  59              		.cfi_def_cfa_offset 8
  60              		.cfi_offset 4, -8
  61              		.cfi_offset 14, -4
  62 0002 0446     		mov	r4, r0
  63              	.LVL1:
  64              	.L5:
  96:main.c        **** // !! Assumes that *s is a string with allocated space >=64 chars     
  97:main.c        **** //  Since USB implementation retricts data packets to 64 chars, this function truncates the
  98:main.c        **** //  length to 62 char (63rd char is a '!')
  99:main.c        **** 
 100:main.c        **** #ifdef USE_USB     
 101:main.c        ****     while (USBUART_CDCIsReady() == 0);
  65              		.loc 1 101 0 discriminator 1
  66 0004 FFF7FEFF 		bl	USBUART_CDCIsReady
  67              	.LVL2:
  68 0008 0028     		cmp	r0, #0
  69 000a FBD0     		beq	.L5
 102:main.c        ****     s[63]='\0';
ARM GAS  C:\Users\hsal869\AppData\Local\Temp\ccwfOyq2.s 			page 4


  70              		.loc 1 102 0
  71 000c 0023     		movs	r3, #0
  72 000e 84F83F30 		strb	r3, [r4, #63]
 103:main.c        ****     s[62]='!';
  73              		.loc 1 103 0
  74 0012 2123     		movs	r3, #33
  75 0014 84F83E30 		strb	r3, [r4, #62]
 104:main.c        ****     USBUART_PutData((uint8*)s,strlen(s));
  76              		.loc 1 104 0
  77 0018 2046     		mov	r0, r4
  78 001a FFF7FEFF 		bl	strlen
  79              	.LVL3:
  80 001e 81B2     		uxth	r1, r0
  81 0020 2046     		mov	r0, r4
  82 0022 FFF7FEFF 		bl	USBUART_PutData
  83              	.LVL4:
  84 0026 10BD     		pop	{r4, pc}
  85              		.cfi_endproc
  86              	.LFE66:
  87              		.size	usbPutString, .-usbPutString
  88              		.section	.text.main,"ax",%progbits
  89              		.align	2
  90              		.global	main
  91              		.thumb
  92              		.thumb_func
  93              		.type	main, %function
  94              	main:
  95              	.LFB65:
  40:main.c        ****     
  96              		.loc 1 40 0
  97              		.cfi_startproc
  98              		@ args = 0, pretend = 0, frame = 0
  99              		@ frame_needed = 0, uses_anonymous_args = 0
 100 0000 10B5     		push	{r4, lr}
 101              		.cfi_def_cfa_offset 8
 102              		.cfi_offset 4, -8
 103              		.cfi_offset 14, -4
  45:main.c        **** 
 104              		.loc 1 45 0
 105              		.syntax unified
 106              	@ 45 "main.c" 1
 107 0002 62B6     		CPSIE   i
 108              	@ 0 "" 2
  49:main.c        ****         
 109              		.loc 1 49 0
 110              		.thumb
 111              		.syntax unified
 112 0004 0121     		movs	r1, #1
 113 0006 0020     		movs	r0, #0
 114 0008 FFF7FEFF 		bl	USBUART_Start
 115              	.LVL5:
  52:main.c        ****     ADC_SAR_1_StartConvert();
 116              		.loc 1 52 0
 117 000c FFF7FEFF 		bl	ADC_SAR_1_Start
 118              	.LVL6:
  53:main.c        ****     isr_1_StartEx(eoc);
 119              		.loc 1 53 0
ARM GAS  C:\Users\hsal869\AppData\Local\Temp\ccwfOyq2.s 			page 5


 120 0010 FFF7FEFF 		bl	ADC_SAR_1_StartConvert
 121              	.LVL7:
  54:main.c        **** 
 122              		.loc 1 54 0
 123 0014 1948     		ldr	r0, .L15
 124 0016 FFF7FEFF 		bl	isr_1_StartEx
 125              	.LVL8:
 126              	.L8:
  59:main.c        ****             // goal: store 100 values into an array then display ALL together to solve frequency ti
 127              		.loc 1 59 0
 128 001a 194B     		ldr	r3, .L15+4
 129 001c 1B68     		ldr	r3, [r3]
 130 001e 012B     		cmp	r3, #1
 131 0020 FBD1     		bne	.L8
 132              	.LBB2:
  61:main.c        ****             int num = ADC_SAR_1_GetResult8();
 133              		.loc 1 61 0
 134 0022 FFF7FEFF 		bl	ADC_SAR_1_IRQ_Disable
 135              	.LVL9:
  62:main.c        ****             
 136              		.loc 1 62 0
 137 0026 FFF7FEFF 		bl	ADC_SAR_1_GetResult8
 138              	.LVL10:
  64:main.c        ****                 num = num +255;
 139              		.loc 1 64 0
 140 002a 0028     		cmp	r0, #0
 141 002c 00DA     		bge	.L9
  65:main.c        ****             }
 142              		.loc 1 65 0
 143 002e FF30     		adds	r0, r0, #255
 144              	.LVL11:
 145              	.L9:
  67:main.c        ****             count++;
 146              		.loc 1 67 0
 147 0030 134C     		ldr	r4, .L15+4
 148 0032 6168     		ldr	r1, [r4, #4]
 149 0034 0A22     		movs	r2, #10
 150 0036 134B     		ldr	r3, .L15+8
 151 0038 03EBC101 		add	r1, r3, r1, lsl #3
 152 003c FFF7FEFF 		bl	utoa
 153              	.LVL12:
  68:main.c        ****             if (count == 1000){
 154              		.loc 1 68 0
 155 0040 6368     		ldr	r3, [r4, #4]
 156 0042 0133     		adds	r3, r3, #1
 157 0044 6360     		str	r3, [r4, #4]
  69:main.c        ****                 count = 0;
 158              		.loc 1 69 0
 159 0046 6368     		ldr	r3, [r4, #4]
 160 0048 B3F57A7F 		cmp	r3, #1000
 161 004c 0FD1     		bne	.L10
  70:main.c        ****                 
 162              		.loc 1 70 0
 163 004e 0024     		movs	r4, #0
 164 0050 0B4B     		ldr	r3, .L15+4
 165 0052 5C60     		str	r4, [r3, #4]
 166              	.LVL13:
ARM GAS  C:\Users\hsal869\AppData\Local\Temp\ccwfOyq2.s 			page 6


 167              	.LBB3:
  72:main.c        ****                 usbPutString(result[i]);
 168              		.loc 1 72 0
 169 0054 08E0     		b	.L11
 170              	.LVL14:
 171              	.L12:
  73:main.c        ****                 usbPutString("\r\n");
 172              		.loc 1 73 0 discriminator 3
 173 0056 0B48     		ldr	r0, .L15+8
 174 0058 00EBC400 		add	r0, r0, r4, lsl #3
 175 005c FFF7FEFF 		bl	usbPutString
 176              	.LVL15:
  74:main.c        ****                 /* Place your application code here. */
 177              		.loc 1 74 0 discriminator 3
 178 0060 0948     		ldr	r0, .L15+12
 179 0062 FFF7FEFF 		bl	usbPutString
 180              	.LVL16:
  72:main.c        ****                 usbPutString(result[i]);
 181              		.loc 1 72 0 discriminator 3
 182 0066 0134     		adds	r4, r4, #1
 183              	.LVL17:
 184              	.L11:
  72:main.c        ****                 usbPutString(result[i]);
 185              		.loc 1 72 0 is_stmt 0 discriminator 1
 186 0068 B4F57A7F 		cmp	r4, #1000
 187 006c F3DB     		blt	.L12
 188              	.LVL18:
 189              	.L10:
 190              	.LBE3:
  83:main.c        ****             
 191              		.loc 1 83 0 is_stmt 1
 192 006e 0022     		movs	r2, #0
 193 0070 034B     		ldr	r3, .L15+4
 194 0072 1A60     		str	r2, [r3]
  85:main.c        ****         }
 195              		.loc 1 85 0
 196 0074 FFF7FEFF 		bl	ADC_SAR_1_IRQ_Enable
 197              	.LVL19:
 198 0078 CFE7     		b	.L8
 199              	.L16:
 200 007a 00BF     		.align	2
 201              	.L15:
 202 007c 00000000 		.word	eoc
 203 0080 00000000 		.word	.LANCHOR0
 204 0084 00000000 		.word	result
 205 0088 00000000 		.word	.LC0
 206              	.LBE2:
 207              		.cfi_endproc
 208              	.LFE65:
 209              		.size	main, .-main
 210              		.section	.text.usbPutChar,"ax",%progbits
 211              		.align	2
 212              		.global	usbPutChar
 213              		.thumb
 214              		.thumb_func
 215              		.type	usbPutChar, %function
 216              	usbPutChar:
ARM GAS  C:\Users\hsal869\AppData\Local\Temp\ccwfOyq2.s 			page 7


 217              	.LFB67:
 105:main.c        **** #endif
 106:main.c        **** }
 107:main.c        **** //* ========================================
 108:main.c        **** void usbPutChar(char c)
 109:main.c        **** {
 218              		.loc 1 109 0
 219              		.cfi_startproc
 220              		@ args = 0, pretend = 0, frame = 0
 221              		@ frame_needed = 0, uses_anonymous_args = 0
 222              	.LVL20:
 223 0000 10B5     		push	{r4, lr}
 224              		.cfi_def_cfa_offset 8
 225              		.cfi_offset 4, -8
 226              		.cfi_offset 14, -4
 227 0002 0446     		mov	r4, r0
 228              	.LVL21:
 229              	.L18:
 110:main.c        **** #ifdef USE_USB     
 111:main.c        ****     while (USBUART_CDCIsReady() == 0);
 230              		.loc 1 111 0 discriminator 1
 231 0004 FFF7FEFF 		bl	USBUART_CDCIsReady
 232              	.LVL22:
 233 0008 0028     		cmp	r0, #0
 234 000a FBD0     		beq	.L18
 112:main.c        ****     USBUART_PutChar(c);
 235              		.loc 1 112 0
 236 000c 2046     		mov	r0, r4
 237 000e FFF7FEFF 		bl	USBUART_PutChar
 238              	.LVL23:
 239 0012 10BD     		pop	{r4, pc}
 240              		.cfi_endproc
 241              	.LFE67:
 242              		.size	usbPutChar, .-usbPutChar
 243              		.global	count
 244              		.comm	result,8000,4
 245              		.global	flag
 246              		.comm	system_state,32,4
 247              		.comm	usbBuffer,64,4
 248              		.comm	entry,64,4
 249              		.comm	line,64,4
 250              		.global	displaystring
 251              		.global	flag_rf_transmission_active
 252              		.global	dataready_flag
 253              		.global	flag_KB_string
 254              		.global	flag_packet
 255              		.global	flag_rx
 256              		.global	flag_ts_display
 257              		.global	flag_ts_speed
 258              		.global	flag_ts_update
 259              		.global	flag_ts_enc
 260              		.global	ts_display
 261              		.global	ts_speed
 262              		.global	ts_update
 263              		.global	ts_enc
 264              		.global	ts
 265              		.data
ARM GAS  C:\Users\hsal869\AppData\Local\Temp\ccwfOyq2.s 			page 8


 266              		.align	2
 267              		.type	displaystring, %object
 268              		.size	displaystring, 64
 269              	displaystring:
 270 0000 43533330 		.ascii	"CS301 2016\012\000"
 270      31203230 
 270      31360A00 
 271 000c 00000000 		.space	52
 271      00000000 
 271      00000000 
 271      00000000 
 271      00000000 
 272              		.type	flag_rf_transmission_active, %object
 273              		.size	flag_rf_transmission_active, 1
 274              	flag_rf_transmission_active:
 275 0040 0A       		.byte	10
 276              		.section	.rodata.str1.4,"aMS",%progbits,1
 277              		.align	2
 278              	.LC0:
 279 0000 0D0A00   		.ascii	"\015\012\000"
 280              		.bss
 281              		.align	2
 282              		.set	.LANCHOR0,. + 0
 283              		.type	flag, %object
 284              		.size	flag, 4
 285              	flag:
 286 0000 00000000 		.space	4
 287              		.type	count, %object
 288              		.size	count, 4
 289              	count:
 290 0004 00000000 		.space	4
 291              		.type	dataready_flag, %object
 292              		.size	dataready_flag, 1
 293              	dataready_flag:
 294 0008 00       		.space	1
 295              		.type	flag_KB_string, %object
 296              		.size	flag_KB_string, 1
 297              	flag_KB_string:
 298 0009 00       		.space	1
 299              		.type	flag_packet, %object
 300              		.size	flag_packet, 1
 301              	flag_packet:
 302 000a 00       		.space	1
 303              		.type	flag_rx, %object
 304              		.size	flag_rx, 1
 305              	flag_rx:
 306 000b 00       		.space	1
 307              		.type	flag_ts_display, %object
 308              		.size	flag_ts_display, 1
 309              	flag_ts_display:
 310 000c 00       		.space	1
 311              		.type	flag_ts_speed, %object
 312              		.size	flag_ts_speed, 1
 313              	flag_ts_speed:
 314 000d 00       		.space	1
 315              		.type	flag_ts_update, %object
 316              		.size	flag_ts_update, 1
ARM GAS  C:\Users\hsal869\AppData\Local\Temp\ccwfOyq2.s 			page 9


 317              	flag_ts_update:
 318 000e 00       		.space	1
 319              		.type	flag_ts_enc, %object
 320              		.size	flag_ts_enc, 1
 321              	flag_ts_enc:
 322 000f 00       		.space	1
 323              		.type	ts_display, %object
 324              		.size	ts_display, 2
 325              	ts_display:
 326 0010 0000     		.space	2
 327              		.type	ts_speed, %object
 328              		.size	ts_speed, 2
 329              	ts_speed:
 330 0012 0000     		.space	2
 331              		.type	ts_update, %object
 332              		.size	ts_update, 2
 333              	ts_update:
 334 0014 0000     		.space	2
 335              		.type	ts_enc, %object
 336              		.size	ts_enc, 2
 337              	ts_enc:
 338 0016 0000     		.space	2
 339              		.type	ts, %object
 340              		.size	ts, 1
 341              	ts:
 342 0018 00       		.space	1
 343              		.text
 344              	.Letext0:
 345              		.file 2 "c:\\program files (x86)\\cypress\\psoc creator\\4.2\\psoc creator\\import\\gnu\\arm\\5.4.
 346              		.file 3 "c:\\program files (x86)\\cypress\\psoc creator\\4.2\\psoc creator\\import\\gnu\\arm\\5.4.
 347              		.file 4 "Generated_Source\\PSoC5/cytypes.h"
 348              		.file 5 "vars.h"
 349              		.file 6 "Generated_Source\\PSoC5/core_cm3.h"
 350              		.file 7 "Generated_Source\\PSoC5/USBUART_cdc.h"
 351              		.file 8 "c:\\program files (x86)\\cypress\\psoc creator\\4.2\\psoc creator\\import\\gnu\\arm\\5.4.
 352              		.file 9 "Generated_Source\\PSoC5/ADC_SAR_1_IRQ.h"
 353              		.file 10 "Generated_Source\\PSoC5/ADC_SAR_1.h"
 354              		.file 11 "c:\\program files (x86)\\cypress\\psoc creator\\4.2\\psoc creator\\import\\gnu\\arm\\5.4
 355              		.file 12 "Generated_Source\\PSoC5/USBUART.h"
 356              		.file 13 "Generated_Source\\PSoC5/isr_1.h"
 357              		.section	.debug_info,"",%progbits
 358              	.Ldebug_info0:
 359 0000 80050000 		.4byte	0x580
 360 0004 0400     		.2byte	0x4
 361 0006 00000000 		.4byte	.Ldebug_abbrev0
 362 000a 04       		.byte	0x4
 363 000b 01       		.uleb128 0x1
 364 000c BA030000 		.4byte	.LASF73
 365 0010 0C       		.byte	0xc
 366 0011 9C020000 		.4byte	.LASF74
 367 0015 F6020000 		.4byte	.LASF75
 368 0019 00000000 		.4byte	.Ldebug_ranges0+0
 369 001d 00000000 		.4byte	0
 370 0021 00000000 		.4byte	.Ldebug_line0
 371 0025 02       		.uleb128 0x2
 372 0026 01       		.byte	0x1
 373 0027 06       		.byte	0x6
ARM GAS  C:\Users\hsal869\AppData\Local\Temp\ccwfOyq2.s 			page 10


 374 0028 AA010000 		.4byte	.LASF0
 375 002c 02       		.uleb128 0x2
 376 002d 01       		.byte	0x1
 377 002e 08       		.byte	0x8
 378 002f 84010000 		.4byte	.LASF1
 379 0033 02       		.uleb128 0x2
 380 0034 02       		.byte	0x2
 381 0035 05       		.byte	0x5
 382 0036 59000000 		.4byte	.LASF2
 383 003a 02       		.uleb128 0x2
 384 003b 02       		.byte	0x2
 385 003c 07       		.byte	0x7
 386 003d FA010000 		.4byte	.LASF3
 387 0041 03       		.uleb128 0x3
 388 0042 EC020000 		.4byte	.LASF12
 389 0046 02       		.byte	0x2
 390 0047 3F       		.byte	0x3f
 391 0048 4C000000 		.4byte	0x4c
 392 004c 02       		.uleb128 0x2
 393 004d 04       		.byte	0x4
 394 004e 05       		.byte	0x5
 395 004f 2E010000 		.4byte	.LASF4
 396 0053 02       		.uleb128 0x2
 397 0054 04       		.byte	0x4
 398 0055 07       		.byte	0x7
 399 0056 A3020000 		.4byte	.LASF5
 400 005a 02       		.uleb128 0x2
 401 005b 08       		.byte	0x8
 402 005c 05       		.byte	0x5
 403 005d E2000000 		.4byte	.LASF6
 404 0061 02       		.uleb128 0x2
 405 0062 08       		.byte	0x8
 406 0063 07       		.byte	0x7
 407 0064 B6010000 		.4byte	.LASF7
 408 0068 04       		.uleb128 0x4
 409 0069 04       		.byte	0x4
 410 006a 05       		.byte	0x5
 411 006b 696E7400 		.ascii	"int\000"
 412 006f 02       		.uleb128 0x2
 413 0070 04       		.byte	0x4
 414 0071 07       		.byte	0x7
 415 0072 CD010000 		.4byte	.LASF8
 416 0076 02       		.uleb128 0x2
 417 0077 08       		.byte	0x8
 418 0078 04       		.byte	0x4
 419 0079 72010000 		.4byte	.LASF9
 420 007d 02       		.uleb128 0x2
 421 007e 04       		.byte	0x4
 422 007f 07       		.byte	0x7
 423 0080 7F000000 		.4byte	.LASF10
 424 0084 05       		.uleb128 0x5
 425 0085 04       		.byte	0x4
 426 0086 8A000000 		.4byte	0x8a
 427 008a 02       		.uleb128 0x2
 428 008b 01       		.byte	0x1
 429 008c 08       		.byte	0x8
 430 008d 17020000 		.4byte	.LASF11
ARM GAS  C:\Users\hsal869\AppData\Local\Temp\ccwfOyq2.s 			page 11


 431 0091 03       		.uleb128 0x3
 432 0092 3A020000 		.4byte	.LASF13
 433 0096 03       		.byte	0x3
 434 0097 2C       		.byte	0x2c
 435 0098 41000000 		.4byte	0x41
 436 009c 06       		.uleb128 0x6
 437 009d AE000000 		.4byte	.LASF14
 438 00a1 04       		.byte	0x4
 439 00a2 E701     		.2byte	0x1e7
 440 00a4 2C000000 		.4byte	0x2c
 441 00a8 06       		.uleb128 0x6
 442 00a9 9B000000 		.4byte	.LASF15
 443 00ad 04       		.byte	0x4
 444 00ae E801     		.2byte	0x1e8
 445 00b0 3A000000 		.4byte	0x3a
 446 00b4 06       		.uleb128 0x6
 447 00b5 FD000000 		.4byte	.LASF16
 448 00b9 04       		.byte	0x4
 449 00ba EA01     		.2byte	0x1ea
 450 00bc 25000000 		.4byte	0x25
 451 00c0 06       		.uleb128 0x6
 452 00c1 A8000000 		.4byte	.LASF17
 453 00c5 04       		.byte	0x4
 454 00c6 EB01     		.2byte	0x1eb
 455 00c8 33000000 		.4byte	0x33
 456 00cc 02       		.uleb128 0x2
 457 00cd 04       		.byte	0x4
 458 00ce 04       		.byte	0x4
 459 00cf DC000000 		.4byte	.LASF18
 460 00d3 02       		.uleb128 0x2
 461 00d4 08       		.byte	0x8
 462 00d5 04       		.byte	0x4
 463 00d6 C5020000 		.4byte	.LASF19
 464 00da 07       		.uleb128 0x7
 465 00db 0D020000 		.4byte	.LASF76
 466 00df 20       		.byte	0x20
 467 00e0 05       		.byte	0x5
 468 00e1 29       		.byte	0x29
 469 00e2 B3010000 		.4byte	0x1b3
 470 00e6 08       		.uleb128 0x8
 471 00e7 48040000 		.4byte	.LASF20
 472 00eb 05       		.byte	0x5
 473 00ec 2A       		.byte	0x2a
 474 00ed B4000000 		.4byte	0xb4
 475 00f1 00       		.byte	0
 476 00f2 08       		.uleb128 0x8
 477 00f3 A2000000 		.4byte	.LASF21
 478 00f7 05       		.byte	0x5
 479 00f8 2B       		.byte	0x2b
 480 00f9 9C000000 		.4byte	0x9c
 481 00fd 01       		.byte	0x1
 482 00fe 08       		.uleb128 0x8
 483 00ff 91020000 		.4byte	.LASF22
 484 0103 05       		.byte	0x5
 485 0104 2C       		.byte	0x2c
 486 0105 C0000000 		.4byte	0xc0
 487 0109 02       		.byte	0x2
ARM GAS  C:\Users\hsal869\AppData\Local\Temp\ccwfOyq2.s 			page 12


 488 010a 08       		.uleb128 0x8
 489 010b A2030000 		.4byte	.LASF23
 490 010f 05       		.byte	0x5
 491 0110 2D       		.byte	0x2d
 492 0111 C0000000 		.4byte	0xc0
 493 0115 04       		.byte	0x4
 494 0116 08       		.uleb128 0x8
 495 0117 4D040000 		.4byte	.LASF24
 496 011b 05       		.byte	0x5
 497 011c 2E       		.byte	0x2e
 498 011d C0000000 		.4byte	0xc0
 499 0121 06       		.byte	0x6
 500 0122 08       		.uleb128 0x8
 501 0123 26010000 		.4byte	.LASF25
 502 0127 05       		.byte	0x5
 503 0128 2F       		.byte	0x2f
 504 0129 C0000000 		.4byte	0xc0
 505 012d 08       		.byte	0x8
 506 012e 08       		.uleb128 0x8
 507 012f 62030000 		.4byte	.LASF26
 508 0133 05       		.byte	0x5
 509 0134 30       		.byte	0x30
 510 0135 C0000000 		.4byte	0xc0
 511 0139 0A       		.byte	0xa
 512 013a 08       		.uleb128 0x8
 513 013b 92010000 		.4byte	.LASF27
 514 013f 05       		.byte	0x5
 515 0140 31       		.byte	0x31
 516 0141 C0000000 		.4byte	0xc0
 517 0145 0C       		.byte	0xc
 518 0146 08       		.uleb128 0x8
 519 0147 19010000 		.4byte	.LASF28
 520 014b 05       		.byte	0x5
 521 014c 32       		.byte	0x32
 522 014d C0000000 		.4byte	0xc0
 523 0151 0E       		.byte	0xe
 524 0152 08       		.uleb128 0x8
 525 0153 F2010000 		.4byte	.LASF29
 526 0157 05       		.byte	0x5
 527 0158 33       		.byte	0x33
 528 0159 C0000000 		.4byte	0xc0
 529 015d 10       		.byte	0x10
 530 015e 08       		.uleb128 0x8
 531 015f 42020000 		.4byte	.LASF30
 532 0163 05       		.byte	0x5
 533 0164 34       		.byte	0x34
 534 0165 C0000000 		.4byte	0xc0
 535 0169 12       		.byte	0x12
 536 016a 08       		.uleb128 0x8
 537 016b 6A020000 		.4byte	.LASF31
 538 016f 05       		.byte	0x5
 539 0170 35       		.byte	0x35
 540 0171 C0000000 		.4byte	0xc0
 541 0175 14       		.byte	0x14
 542 0176 08       		.uleb128 0x8
 543 0177 B4000000 		.4byte	.LASF32
 544 017b 05       		.byte	0x5
ARM GAS  C:\Users\hsal869\AppData\Local\Temp\ccwfOyq2.s 			page 13


 545 017c 36       		.byte	0x36
 546 017d C0000000 		.4byte	0xc0
 547 0181 16       		.byte	0x16
 548 0182 08       		.uleb128 0x8
 549 0183 51000000 		.4byte	.LASF33
 550 0187 05       		.byte	0x5
 551 0188 37       		.byte	0x37
 552 0189 C0000000 		.4byte	0xc0
 553 018d 18       		.byte	0x18
 554 018e 08       		.uleb128 0x8
 555 018f 11010000 		.4byte	.LASF34
 556 0193 05       		.byte	0x5
 557 0194 38       		.byte	0x38
 558 0195 C0000000 		.4byte	0xc0
 559 0199 1A       		.byte	0x1a
 560 019a 08       		.uleb128 0x8
 561 019b E9010000 		.4byte	.LASF35
 562 019f 05       		.byte	0x5
 563 01a0 39       		.byte	0x39
 564 01a1 C0000000 		.4byte	0xc0
 565 01a5 1C       		.byte	0x1c
 566 01a6 08       		.uleb128 0x8
 567 01a7 4A020000 		.4byte	.LASF36
 568 01ab 05       		.byte	0x5
 569 01ac 3A       		.byte	0x3a
 570 01ad C0000000 		.4byte	0xc0
 571 01b1 1E       		.byte	0x1e
 572 01b2 00       		.byte	0
 573 01b3 09       		.uleb128 0x9
 574 01b4 656F6300 		.ascii	"eoc\000"
 575 01b8 01       		.byte	0x1
 576 01b9 22       		.byte	0x22
 577 01ba 00000000 		.4byte	.LFB64
 578 01be 0C000000 		.4byte	.LFE64-.LFB64
 579 01c2 01       		.uleb128 0x1
 580 01c3 9C       		.byte	0x9c
 581 01c4 0A       		.uleb128 0xa
 582 01c5 F0000000 		.4byte	.LASF37
 583 01c9 01       		.byte	0x1
 584 01ca 5E       		.byte	0x5e
 585 01cb 00000000 		.4byte	.LFB66
 586 01cf 28000000 		.4byte	.LFE66-.LFB66
 587 01d3 01       		.uleb128 0x1
 588 01d4 9C       		.byte	0x9c
 589 01d5 14020000 		.4byte	0x214
 590 01d9 0B       		.uleb128 0xb
 591 01da 7300     		.ascii	"s\000"
 592 01dc 01       		.byte	0x1
 593 01dd 5E       		.byte	0x5e
 594 01de 84000000 		.4byte	0x84
 595 01e2 00000000 		.4byte	.LLST0
 596 01e6 0C       		.uleb128 0xc
 597 01e7 08000000 		.4byte	.LVL2
 598 01eb FE040000 		.4byte	0x4fe
 599 01ef 0D       		.uleb128 0xd
 600 01f0 1E000000 		.4byte	.LVL3
 601 01f4 09050000 		.4byte	0x509
ARM GAS  C:\Users\hsal869\AppData\Local\Temp\ccwfOyq2.s 			page 14


 602 01f8 03020000 		.4byte	0x203
 603 01fc 0E       		.uleb128 0xe
 604 01fd 01       		.uleb128 0x1
 605 01fe 50       		.byte	0x50
 606 01ff 02       		.uleb128 0x2
 607 0200 74       		.byte	0x74
 608 0201 00       		.sleb128 0
 609 0202 00       		.byte	0
 610 0203 0F       		.uleb128 0xf
 611 0204 26000000 		.4byte	.LVL4
 612 0208 14050000 		.4byte	0x514
 613 020c 0E       		.uleb128 0xe
 614 020d 01       		.uleb128 0x1
 615 020e 50       		.byte	0x50
 616 020f 02       		.uleb128 0x2
 617 0210 74       		.byte	0x74
 618 0211 00       		.sleb128 0
 619 0212 00       		.byte	0
 620 0213 00       		.byte	0
 621 0214 10       		.uleb128 0x10
 622 0215 88000000 		.4byte	.LASF77
 623 0219 01       		.byte	0x1
 624 021a 27       		.byte	0x27
 625 021b 68000000 		.4byte	0x68
 626 021f 00000000 		.4byte	.LFB65
 627 0223 8C000000 		.4byte	.LFE65-.LFB65
 628 0227 01       		.uleb128 0x1
 629 0228 9C       		.byte	0x9c
 630 0229 00030000 		.4byte	0x300
 631 022d 11       		.uleb128 0x11
 632 022e 22000000 		.4byte	.LBB2
 633 0232 6A000000 		.4byte	.LBE2-.LBB2
 634 0236 C2020000 		.4byte	0x2c2
 635 023a 12       		.uleb128 0x12
 636 023b 6E756D00 		.ascii	"num\000"
 637 023f 01       		.byte	0x1
 638 0240 3E       		.byte	0x3e
 639 0241 68000000 		.4byte	0x68
 640 0245 1E000000 		.4byte	.LLST1
 641 0249 11       		.uleb128 0x11
 642 024a 54000000 		.4byte	.LBB3
 643 024e 1A000000 		.4byte	.LBE3-.LBB3
 644 0252 93020000 		.4byte	0x293
 645 0256 12       		.uleb128 0x12
 646 0257 6900     		.ascii	"i\000"
 647 0259 01       		.byte	0x1
 648 025a 48       		.byte	0x48
 649 025b 68000000 		.4byte	0x68
 650 025f 31000000 		.4byte	.LLST2
 651 0263 0D       		.uleb128 0xd
 652 0264 60000000 		.4byte	.LVL15
 653 0268 C4010000 		.4byte	0x1c4
 654 026c 7F020000 		.4byte	0x27f
 655 0270 0E       		.uleb128 0xe
 656 0271 01       		.uleb128 0x1
 657 0272 50       		.byte	0x50
 658 0273 0A       		.uleb128 0xa
ARM GAS  C:\Users\hsal869\AppData\Local\Temp\ccwfOyq2.s 			page 15


 659 0274 74       		.byte	0x74
 660 0275 00       		.sleb128 0
 661 0276 33       		.byte	0x33
 662 0277 24       		.byte	0x24
 663 0278 03       		.byte	0x3
 664 0279 00000000 		.4byte	result
 665 027d 22       		.byte	0x22
 666 027e 00       		.byte	0
 667 027f 0F       		.uleb128 0xf
 668 0280 66000000 		.4byte	.LVL16
 669 0284 C4010000 		.4byte	0x1c4
 670 0288 0E       		.uleb128 0xe
 671 0289 01       		.uleb128 0x1
 672 028a 50       		.byte	0x50
 673 028b 05       		.uleb128 0x5
 674 028c 03       		.byte	0x3
 675 028d 00000000 		.4byte	.LC0
 676 0291 00       		.byte	0
 677 0292 00       		.byte	0
 678 0293 0C       		.uleb128 0xc
 679 0294 26000000 		.4byte	.LVL9
 680 0298 1F050000 		.4byte	0x51f
 681 029c 0C       		.uleb128 0xc
 682 029d 2A000000 		.4byte	.LVL10
 683 02a1 2A050000 		.4byte	0x52a
 684 02a5 0D       		.uleb128 0xd
 685 02a6 40000000 		.4byte	.LVL12
 686 02aa 35050000 		.4byte	0x535
 687 02ae B8020000 		.4byte	0x2b8
 688 02b2 0E       		.uleb128 0xe
 689 02b3 01       		.uleb128 0x1
 690 02b4 52       		.byte	0x52
 691 02b5 01       		.uleb128 0x1
 692 02b6 3A       		.byte	0x3a
 693 02b7 00       		.byte	0
 694 02b8 0C       		.uleb128 0xc
 695 02b9 78000000 		.4byte	.LVL19
 696 02bd 40050000 		.4byte	0x540
 697 02c1 00       		.byte	0
 698 02c2 0D       		.uleb128 0xd
 699 02c3 0C000000 		.4byte	.LVL5
 700 02c7 4B050000 		.4byte	0x54b
 701 02cb DA020000 		.4byte	0x2da
 702 02cf 0E       		.uleb128 0xe
 703 02d0 01       		.uleb128 0x1
 704 02d1 50       		.byte	0x50
 705 02d2 01       		.uleb128 0x1
 706 02d3 30       		.byte	0x30
 707 02d4 0E       		.uleb128 0xe
 708 02d5 01       		.uleb128 0x1
 709 02d6 51       		.byte	0x51
 710 02d7 01       		.uleb128 0x1
 711 02d8 31       		.byte	0x31
 712 02d9 00       		.byte	0
 713 02da 0C       		.uleb128 0xc
 714 02db 10000000 		.4byte	.LVL6
 715 02df 57050000 		.4byte	0x557
ARM GAS  C:\Users\hsal869\AppData\Local\Temp\ccwfOyq2.s 			page 16


 716 02e3 0C       		.uleb128 0xc
 717 02e4 14000000 		.4byte	.LVL7
 718 02e8 62050000 		.4byte	0x562
 719 02ec 0F       		.uleb128 0xf
 720 02ed 1A000000 		.4byte	.LVL8
 721 02f1 6D050000 		.4byte	0x56d
 722 02f5 0E       		.uleb128 0xe
 723 02f6 01       		.uleb128 0x1
 724 02f7 50       		.byte	0x50
 725 02f8 05       		.uleb128 0x5
 726 02f9 03       		.byte	0x3
 727 02fa 00000000 		.4byte	eoc
 728 02fe 00       		.byte	0
 729 02ff 00       		.byte	0
 730 0300 0A       		.uleb128 0xa
 731 0301 38000000 		.4byte	.LASF38
 732 0305 01       		.byte	0x1
 733 0306 6C       		.byte	0x6c
 734 0307 00000000 		.4byte	.LFB67
 735 030b 14000000 		.4byte	.LFE67-.LFB67
 736 030f 01       		.uleb128 0x1
 737 0310 9C       		.byte	0x9c
 738 0311 3C030000 		.4byte	0x33c
 739 0315 0B       		.uleb128 0xb
 740 0316 6300     		.ascii	"c\000"
 741 0318 01       		.byte	0x1
 742 0319 6C       		.byte	0x6c
 743 031a 8A000000 		.4byte	0x8a
 744 031e 50000000 		.4byte	.LLST3
 745 0322 0C       		.uleb128 0xc
 746 0323 08000000 		.4byte	.LVL22
 747 0327 FE040000 		.4byte	0x4fe
 748 032b 0F       		.uleb128 0xf
 749 032c 12000000 		.4byte	.LVL23
 750 0330 78050000 		.4byte	0x578
 751 0334 0E       		.uleb128 0xe
 752 0335 01       		.uleb128 0x1
 753 0336 50       		.byte	0x50
 754 0337 02       		.uleb128 0x2
 755 0338 74       		.byte	0x74
 756 0339 00       		.sleb128 0
 757 033a 00       		.byte	0
 758 033b 00       		.byte	0
 759 033c 13       		.uleb128 0x13
 760 033d AD030000 		.4byte	.LASF39
 761 0341 06       		.byte	0x6
 762 0342 1207     		.2byte	0x712
 763 0344 48030000 		.4byte	0x348
 764 0348 14       		.uleb128 0x14
 765 0349 91000000 		.4byte	0x91
 766 034d 15       		.uleb128 0x15
 767 034e 747300   		.ascii	"ts\000"
 768 0351 05       		.byte	0x5
 769 0352 10       		.byte	0x10
 770 0353 9C000000 		.4byte	0x9c
 771 0357 05       		.uleb128 0x5
 772 0358 03       		.byte	0x3
ARM GAS  C:\Users\hsal869\AppData\Local\Temp\ccwfOyq2.s 			page 17


 773 0359 00000000 		.4byte	ts
 774 035d 16       		.uleb128 0x16
 775 035e 75030000 		.4byte	.LASF40
 776 0362 05       		.byte	0x5
 777 0363 11       		.byte	0x11
 778 0364 A8000000 		.4byte	0xa8
 779 0368 05       		.uleb128 0x5
 780 0369 03       		.byte	0x3
 781 036a 00000000 		.4byte	ts_enc
 782 036e 16       		.uleb128 0x16
 783 036f 7C030000 		.4byte	.LASF41
 784 0373 05       		.byte	0x5
 785 0374 12       		.byte	0x12
 786 0375 A8000000 		.4byte	0xa8
 787 0379 05       		.uleb128 0x5
 788 037a 03       		.byte	0x3
 789 037b 00000000 		.4byte	ts_update
 790 037f 16       		.uleb128 0x16
 791 0380 D1020000 		.4byte	.LASF42
 792 0384 05       		.byte	0x5
 793 0385 13       		.byte	0x13
 794 0386 A8000000 		.4byte	0xa8
 795 038a 05       		.uleb128 0x5
 796 038b 03       		.byte	0x3
 797 038c 00000000 		.4byte	ts_speed
 798 0390 16       		.uleb128 0x16
 799 0391 6A030000 		.4byte	.LASF43
 800 0395 05       		.byte	0x5
 801 0396 14       		.byte	0x14
 802 0397 A8000000 		.4byte	0xa8
 803 039b 05       		.uleb128 0x5
 804 039c 03       		.byte	0x3
 805 039d 00000000 		.4byte	ts_display
 806 03a1 16       		.uleb128 0x16
 807 03a2 E0020000 		.4byte	.LASF44
 808 03a6 05       		.byte	0x5
 809 03a7 16       		.byte	0x16
 810 03a8 9C000000 		.4byte	0x9c
 811 03ac 05       		.uleb128 0x5
 812 03ad 03       		.byte	0x3
 813 03ae 00000000 		.4byte	flag_ts_enc
 814 03b2 16       		.uleb128 0x16
 815 03b3 02010000 		.4byte	.LASF45
 816 03b7 05       		.byte	0x5
 817 03b8 17       		.byte	0x17
 818 03b9 9C000000 		.4byte	0x9c
 819 03bd 05       		.uleb128 0x5
 820 03be 03       		.byte	0x3
 821 03bf 00000000 		.4byte	flag_ts_update
 822 03c3 16       		.uleb128 0x16
 823 03c4 43000000 		.4byte	.LASF46
 824 03c8 05       		.byte	0x5
 825 03c9 18       		.byte	0x18
 826 03ca 9C000000 		.4byte	0x9c
 827 03ce 05       		.uleb128 0x5
 828 03cf 03       		.byte	0x3
 829 03d0 00000000 		.4byte	flag_ts_speed
ARM GAS  C:\Users\hsal869\AppData\Local\Temp\ccwfOyq2.s 			page 18


 830 03d4 16       		.uleb128 0x16
 831 03d5 5A010000 		.4byte	.LASF47
 832 03d9 05       		.byte	0x5
 833 03da 19       		.byte	0x19
 834 03db 9C000000 		.4byte	0x9c
 835 03df 05       		.uleb128 0x5
 836 03e0 03       		.byte	0x3
 837 03e1 00000000 		.4byte	flag_ts_display
 838 03e5 16       		.uleb128 0x16
 839 03e6 6A010000 		.4byte	.LASF48
 840 03ea 05       		.byte	0x5
 841 03eb 1C       		.byte	0x1c
 842 03ec 9C000000 		.4byte	0x9c
 843 03f0 05       		.uleb128 0x5
 844 03f1 03       		.byte	0x3
 845 03f2 00000000 		.4byte	flag_rx
 846 03f6 16       		.uleb128 0x16
 847 03f7 2C000000 		.4byte	.LASF49
 848 03fb 05       		.byte	0x5
 849 03fc 1D       		.byte	0x1d
 850 03fd 9C000000 		.4byte	0x9c
 851 0401 05       		.uleb128 0x5
 852 0402 03       		.byte	0x3
 853 0403 00000000 		.4byte	flag_packet
 854 0407 16       		.uleb128 0x16
 855 0408 DA010000 		.4byte	.LASF50
 856 040c 05       		.byte	0x5
 857 040d 1E       		.byte	0x1e
 858 040e 9C000000 		.4byte	0x9c
 859 0412 05       		.uleb128 0x5
 860 0413 03       		.byte	0x3
 861 0414 00000000 		.4byte	flag_KB_string
 862 0418 16       		.uleb128 0x16
 863 0419 9B010000 		.4byte	.LASF51
 864 041d 05       		.byte	0x5
 865 041e 20       		.byte	0x20
 866 041f 9C000000 		.4byte	0x9c
 867 0423 05       		.uleb128 0x5
 868 0424 03       		.byte	0x3
 869 0425 00000000 		.4byte	dataready_flag
 870 0429 16       		.uleb128 0x16
 871 042a 86030000 		.4byte	.LASF52
 872 042e 05       		.byte	0x5
 873 042f 22       		.byte	0x22
 874 0430 9C000000 		.4byte	0x9c
 875 0434 05       		.uleb128 0x5
 876 0435 03       		.byte	0x3
 877 0436 00000000 		.4byte	flag_rf_transmission_active
 878 043a 17       		.uleb128 0x17
 879 043b 8A000000 		.4byte	0x8a
 880 043f 4A040000 		.4byte	0x44a
 881 0443 18       		.uleb128 0x18
 882 0444 7D000000 		.4byte	0x7d
 883 0448 3F       		.byte	0x3f
 884 0449 00       		.byte	0
 885 044a 16       		.uleb128 0x16
 886 044b 83020000 		.4byte	.LASF53
ARM GAS  C:\Users\hsal869\AppData\Local\Temp\ccwfOyq2.s 			page 19


 887 044f 05       		.byte	0x5
 888 0450 25       		.byte	0x25
 889 0451 3A040000 		.4byte	0x43a
 890 0455 05       		.uleb128 0x5
 891 0456 03       		.byte	0x3
 892 0457 00000000 		.4byte	displaystring
 893 045b 16       		.uleb128 0x16
 894 045c C1000000 		.4byte	.LASF54
 895 0460 05       		.byte	0x5
 896 0461 26       		.byte	0x26
 897 0462 3A040000 		.4byte	0x43a
 898 0466 05       		.uleb128 0x5
 899 0467 03       		.byte	0x3
 900 0468 00000000 		.4byte	line
 901 046c 16       		.uleb128 0x16
 902 046d 7E010000 		.4byte	.LASF55
 903 0471 05       		.byte	0x5
 904 0472 26       		.byte	0x26
 905 0473 3A040000 		.4byte	0x43a
 906 0477 05       		.uleb128 0x5
 907 0478 03       		.byte	0x3
 908 0479 00000000 		.4byte	entry
 909 047d 17       		.uleb128 0x17
 910 047e 9C000000 		.4byte	0x9c
 911 0482 8D040000 		.4byte	0x48d
 912 0486 18       		.uleb128 0x18
 913 0487 7D000000 		.4byte	0x7d
 914 048b 3F       		.byte	0x3f
 915 048c 00       		.byte	0
 916 048d 16       		.uleb128 0x16
 917 048e 75000000 		.4byte	.LASF56
 918 0492 05       		.byte	0x5
 919 0493 27       		.byte	0x27
 920 0494 7D040000 		.4byte	0x47d
 921 0498 05       		.uleb128 0x5
 922 0499 03       		.byte	0x3
 923 049a 00000000 		.4byte	usbBuffer
 924 049e 16       		.uleb128 0x16
 925 049f 63000000 		.4byte	.LASF57
 926 04a3 05       		.byte	0x5
 927 04a4 3C       		.byte	0x3c
 928 04a5 DA000000 		.4byte	0xda
 929 04a9 05       		.uleb128 0x5
 930 04aa 03       		.byte	0x3
 931 04ab 00000000 		.4byte	system_state
 932 04af 16       		.uleb128 0x16
 933 04b0 CC020000 		.4byte	.LASF58
 934 04b4 01       		.byte	0x1
 935 04b5 1D       		.byte	0x1d
 936 04b6 C0040000 		.4byte	0x4c0
 937 04ba 05       		.uleb128 0x5
 938 04bb 03       		.byte	0x3
 939 04bc 00000000 		.4byte	flag
 940 04c0 14       		.uleb128 0x14
 941 04c1 68000000 		.4byte	0x68
 942 04c5 17       		.uleb128 0x17
 943 04c6 8A000000 		.4byte	0x8a
ARM GAS  C:\Users\hsal869\AppData\Local\Temp\ccwfOyq2.s 			page 20


 944 04ca DC040000 		.4byte	0x4dc
 945 04ce 19       		.uleb128 0x19
 946 04cf 7D000000 		.4byte	0x7d
 947 04d3 E703     		.2byte	0x3e7
 948 04d5 18       		.uleb128 0x18
 949 04d6 7D000000 		.4byte	0x7d
 950 04da 07       		.byte	0x7
 951 04db 00       		.byte	0
 952 04dc 16       		.uleb128 0x16
 953 04dd 15000000 		.4byte	.LASF59
 954 04e1 01       		.byte	0x1
 955 04e2 1E       		.byte	0x1e
 956 04e3 C5040000 		.4byte	0x4c5
 957 04e7 05       		.uleb128 0x5
 958 04e8 03       		.byte	0x3
 959 04e9 00000000 		.4byte	result
 960 04ed 16       		.uleb128 0x16
 961 04ee DA020000 		.4byte	.LASF60
 962 04f2 01       		.byte	0x1
 963 04f3 1F       		.byte	0x1f
 964 04f4 C0040000 		.4byte	0x4c0
 965 04f8 05       		.uleb128 0x5
 966 04f9 03       		.byte	0x3
 967 04fa 00000000 		.4byte	count
 968 04fe 1A       		.uleb128 0x1a
 969 04ff 57020000 		.4byte	.LASF61
 970 0503 57020000 		.4byte	.LASF61
 971 0507 07       		.byte	0x7
 972 0508 28       		.byte	0x28
 973 0509 1A       		.uleb128 0x1a
 974 050a 33020000 		.4byte	.LASF62
 975 050e 33020000 		.4byte	.LASF62
 976 0512 08       		.byte	0x8
 977 0513 21       		.byte	0x21
 978 0514 1A       		.uleb128 0x1a
 979 0515 B5020000 		.4byte	.LASF63
 980 0519 B5020000 		.4byte	.LASF63
 981 051d 07       		.byte	0x7
 982 051e 23       		.byte	0x23
 983 051f 1A       		.uleb128 0x1a
 984 0520 C6000000 		.4byte	.LASF64
 985 0524 C6000000 		.4byte	.LASF64
 986 0528 09       		.byte	0x9
 987 0529 25       		.byte	0x25
 988 052a 1A       		.uleb128 0x1a
 989 052b 37010000 		.4byte	.LASF65
 990 052f 37010000 		.4byte	.LASF65
 991 0533 0A       		.byte	0xa
 992 0534 3A       		.byte	0x3a
 993 0535 1A       		.uleb128 0x1a
 994 0536 70000000 		.4byte	.LASF66
 995 053a 70000000 		.4byte	.LASF66
 996 053e 0B       		.byte	0xb
 997 053f CC       		.byte	0xcc
 998 0540 1A       		.uleb128 0x1a
 999 0541 00000000 		.4byte	.LASF67
 1000 0545 00000000 		.4byte	.LASF67
ARM GAS  C:\Users\hsal869\AppData\Local\Temp\ccwfOyq2.s 			page 21


 1001 0549 09       		.byte	0x9
 1002 054a 23       		.byte	0x23
 1003 054b 1B       		.uleb128 0x1b
 1004 054c 8D000000 		.4byte	.LASF68
 1005 0550 8D000000 		.4byte	.LASF68
 1006 0554 0C       		.byte	0xc
 1007 0555 2A01     		.2byte	0x12a
 1008 0557 1A       		.uleb128 0x1a
 1009 0558 1C000000 		.4byte	.LASF69
 1010 055c 1C000000 		.4byte	.LASF69
 1011 0560 0A       		.byte	0xa
 1012 0561 34       		.byte	0x34
 1013 0562 1A       		.uleb128 0x1a
 1014 0563 1C020000 		.4byte	.LASF70
 1015 0567 1C020000 		.4byte	.LASF70
 1016 056b 0A       		.byte	0xa
 1017 056c D1       		.byte	0xd1
 1018 056d 1A       		.uleb128 0x1a
 1019 056e 4C010000 		.4byte	.LASF71
 1020 0572 4C010000 		.4byte	.LASF71
 1021 0576 0D       		.byte	0xd
 1022 0577 18       		.byte	0x18
 1023 0578 1A       		.uleb128 0x1a
 1024 0579 73020000 		.4byte	.LASF72
 1025 057d 73020000 		.4byte	.LASF72
 1026 0581 07       		.byte	0x7
 1027 0582 25       		.byte	0x25
 1028 0583 00       		.byte	0
 1029              		.section	.debug_abbrev,"",%progbits
 1030              	.Ldebug_abbrev0:
 1031 0000 01       		.uleb128 0x1
 1032 0001 11       		.uleb128 0x11
 1033 0002 01       		.byte	0x1
 1034 0003 25       		.uleb128 0x25
 1035 0004 0E       		.uleb128 0xe
 1036 0005 13       		.uleb128 0x13
 1037 0006 0B       		.uleb128 0xb
 1038 0007 03       		.uleb128 0x3
 1039 0008 0E       		.uleb128 0xe
 1040 0009 1B       		.uleb128 0x1b
 1041 000a 0E       		.uleb128 0xe
 1042 000b 55       		.uleb128 0x55
 1043 000c 17       		.uleb128 0x17
 1044 000d 11       		.uleb128 0x11
 1045 000e 01       		.uleb128 0x1
 1046 000f 10       		.uleb128 0x10
 1047 0010 17       		.uleb128 0x17
 1048 0011 00       		.byte	0
 1049 0012 00       		.byte	0
 1050 0013 02       		.uleb128 0x2
 1051 0014 24       		.uleb128 0x24
 1052 0015 00       		.byte	0
 1053 0016 0B       		.uleb128 0xb
 1054 0017 0B       		.uleb128 0xb
 1055 0018 3E       		.uleb128 0x3e
 1056 0019 0B       		.uleb128 0xb
 1057 001a 03       		.uleb128 0x3
ARM GAS  C:\Users\hsal869\AppData\Local\Temp\ccwfOyq2.s 			page 22


 1058 001b 0E       		.uleb128 0xe
 1059 001c 00       		.byte	0
 1060 001d 00       		.byte	0
 1061 001e 03       		.uleb128 0x3
 1062 001f 16       		.uleb128 0x16
 1063 0020 00       		.byte	0
 1064 0021 03       		.uleb128 0x3
 1065 0022 0E       		.uleb128 0xe
 1066 0023 3A       		.uleb128 0x3a
 1067 0024 0B       		.uleb128 0xb
 1068 0025 3B       		.uleb128 0x3b
 1069 0026 0B       		.uleb128 0xb
 1070 0027 49       		.uleb128 0x49
 1071 0028 13       		.uleb128 0x13
 1072 0029 00       		.byte	0
 1073 002a 00       		.byte	0
 1074 002b 04       		.uleb128 0x4
 1075 002c 24       		.uleb128 0x24
 1076 002d 00       		.byte	0
 1077 002e 0B       		.uleb128 0xb
 1078 002f 0B       		.uleb128 0xb
 1079 0030 3E       		.uleb128 0x3e
 1080 0031 0B       		.uleb128 0xb
 1081 0032 03       		.uleb128 0x3
 1082 0033 08       		.uleb128 0x8
 1083 0034 00       		.byte	0
 1084 0035 00       		.byte	0
 1085 0036 05       		.uleb128 0x5
 1086 0037 0F       		.uleb128 0xf
 1087 0038 00       		.byte	0
 1088 0039 0B       		.uleb128 0xb
 1089 003a 0B       		.uleb128 0xb
 1090 003b 49       		.uleb128 0x49
 1091 003c 13       		.uleb128 0x13
 1092 003d 00       		.byte	0
 1093 003e 00       		.byte	0
 1094 003f 06       		.uleb128 0x6
 1095 0040 16       		.uleb128 0x16
 1096 0041 00       		.byte	0
 1097 0042 03       		.uleb128 0x3
 1098 0043 0E       		.uleb128 0xe
 1099 0044 3A       		.uleb128 0x3a
 1100 0045 0B       		.uleb128 0xb
 1101 0046 3B       		.uleb128 0x3b
 1102 0047 05       		.uleb128 0x5
 1103 0048 49       		.uleb128 0x49
 1104 0049 13       		.uleb128 0x13
 1105 004a 00       		.byte	0
 1106 004b 00       		.byte	0
 1107 004c 07       		.uleb128 0x7
 1108 004d 13       		.uleb128 0x13
 1109 004e 01       		.byte	0x1
 1110 004f 03       		.uleb128 0x3
 1111 0050 0E       		.uleb128 0xe
 1112 0051 0B       		.uleb128 0xb
 1113 0052 0B       		.uleb128 0xb
 1114 0053 3A       		.uleb128 0x3a
ARM GAS  C:\Users\hsal869\AppData\Local\Temp\ccwfOyq2.s 			page 23


 1115 0054 0B       		.uleb128 0xb
 1116 0055 3B       		.uleb128 0x3b
 1117 0056 0B       		.uleb128 0xb
 1118 0057 01       		.uleb128 0x1
 1119 0058 13       		.uleb128 0x13
 1120 0059 00       		.byte	0
 1121 005a 00       		.byte	0
 1122 005b 08       		.uleb128 0x8
 1123 005c 0D       		.uleb128 0xd
 1124 005d 00       		.byte	0
 1125 005e 03       		.uleb128 0x3
 1126 005f 0E       		.uleb128 0xe
 1127 0060 3A       		.uleb128 0x3a
 1128 0061 0B       		.uleb128 0xb
 1129 0062 3B       		.uleb128 0x3b
 1130 0063 0B       		.uleb128 0xb
 1131 0064 49       		.uleb128 0x49
 1132 0065 13       		.uleb128 0x13
 1133 0066 38       		.uleb128 0x38
 1134 0067 0B       		.uleb128 0xb
 1135 0068 00       		.byte	0
 1136 0069 00       		.byte	0
 1137 006a 09       		.uleb128 0x9
 1138 006b 2E       		.uleb128 0x2e
 1139 006c 00       		.byte	0
 1140 006d 3F       		.uleb128 0x3f
 1141 006e 19       		.uleb128 0x19
 1142 006f 03       		.uleb128 0x3
 1143 0070 08       		.uleb128 0x8
 1144 0071 3A       		.uleb128 0x3a
 1145 0072 0B       		.uleb128 0xb
 1146 0073 3B       		.uleb128 0x3b
 1147 0074 0B       		.uleb128 0xb
 1148 0075 27       		.uleb128 0x27
 1149 0076 19       		.uleb128 0x19
 1150 0077 11       		.uleb128 0x11
 1151 0078 01       		.uleb128 0x1
 1152 0079 12       		.uleb128 0x12
 1153 007a 06       		.uleb128 0x6
 1154 007b 40       		.uleb128 0x40
 1155 007c 18       		.uleb128 0x18
 1156 007d 9742     		.uleb128 0x2117
 1157 007f 19       		.uleb128 0x19
 1158 0080 00       		.byte	0
 1159 0081 00       		.byte	0
 1160 0082 0A       		.uleb128 0xa
 1161 0083 2E       		.uleb128 0x2e
 1162 0084 01       		.byte	0x1
 1163 0085 3F       		.uleb128 0x3f
 1164 0086 19       		.uleb128 0x19
 1165 0087 03       		.uleb128 0x3
 1166 0088 0E       		.uleb128 0xe
 1167 0089 3A       		.uleb128 0x3a
 1168 008a 0B       		.uleb128 0xb
 1169 008b 3B       		.uleb128 0x3b
 1170 008c 0B       		.uleb128 0xb
 1171 008d 27       		.uleb128 0x27
ARM GAS  C:\Users\hsal869\AppData\Local\Temp\ccwfOyq2.s 			page 24


 1172 008e 19       		.uleb128 0x19
 1173 008f 11       		.uleb128 0x11
 1174 0090 01       		.uleb128 0x1
 1175 0091 12       		.uleb128 0x12
 1176 0092 06       		.uleb128 0x6
 1177 0093 40       		.uleb128 0x40
 1178 0094 18       		.uleb128 0x18
 1179 0095 9742     		.uleb128 0x2117
 1180 0097 19       		.uleb128 0x19
 1181 0098 01       		.uleb128 0x1
 1182 0099 13       		.uleb128 0x13
 1183 009a 00       		.byte	0
 1184 009b 00       		.byte	0
 1185 009c 0B       		.uleb128 0xb
 1186 009d 05       		.uleb128 0x5
 1187 009e 00       		.byte	0
 1188 009f 03       		.uleb128 0x3
 1189 00a0 08       		.uleb128 0x8
 1190 00a1 3A       		.uleb128 0x3a
 1191 00a2 0B       		.uleb128 0xb
 1192 00a3 3B       		.uleb128 0x3b
 1193 00a4 0B       		.uleb128 0xb
 1194 00a5 49       		.uleb128 0x49
 1195 00a6 13       		.uleb128 0x13
 1196 00a7 02       		.uleb128 0x2
 1197 00a8 17       		.uleb128 0x17
 1198 00a9 00       		.byte	0
 1199 00aa 00       		.byte	0
 1200 00ab 0C       		.uleb128 0xc
 1201 00ac 898201   		.uleb128 0x4109
 1202 00af 00       		.byte	0
 1203 00b0 11       		.uleb128 0x11
 1204 00b1 01       		.uleb128 0x1
 1205 00b2 31       		.uleb128 0x31
 1206 00b3 13       		.uleb128 0x13
 1207 00b4 00       		.byte	0
 1208 00b5 00       		.byte	0
 1209 00b6 0D       		.uleb128 0xd
 1210 00b7 898201   		.uleb128 0x4109
 1211 00ba 01       		.byte	0x1
 1212 00bb 11       		.uleb128 0x11
 1213 00bc 01       		.uleb128 0x1
 1214 00bd 31       		.uleb128 0x31
 1215 00be 13       		.uleb128 0x13
 1216 00bf 01       		.uleb128 0x1
 1217 00c0 13       		.uleb128 0x13
 1218 00c1 00       		.byte	0
 1219 00c2 00       		.byte	0
 1220 00c3 0E       		.uleb128 0xe
 1221 00c4 8A8201   		.uleb128 0x410a
 1222 00c7 00       		.byte	0
 1223 00c8 02       		.uleb128 0x2
 1224 00c9 18       		.uleb128 0x18
 1225 00ca 9142     		.uleb128 0x2111
 1226 00cc 18       		.uleb128 0x18
 1227 00cd 00       		.byte	0
 1228 00ce 00       		.byte	0
ARM GAS  C:\Users\hsal869\AppData\Local\Temp\ccwfOyq2.s 			page 25


 1229 00cf 0F       		.uleb128 0xf
 1230 00d0 898201   		.uleb128 0x4109
 1231 00d3 01       		.byte	0x1
 1232 00d4 11       		.uleb128 0x11
 1233 00d5 01       		.uleb128 0x1
 1234 00d6 31       		.uleb128 0x31
 1235 00d7 13       		.uleb128 0x13
 1236 00d8 00       		.byte	0
 1237 00d9 00       		.byte	0
 1238 00da 10       		.uleb128 0x10
 1239 00db 2E       		.uleb128 0x2e
 1240 00dc 01       		.byte	0x1
 1241 00dd 3F       		.uleb128 0x3f
 1242 00de 19       		.uleb128 0x19
 1243 00df 03       		.uleb128 0x3
 1244 00e0 0E       		.uleb128 0xe
 1245 00e1 3A       		.uleb128 0x3a
 1246 00e2 0B       		.uleb128 0xb
 1247 00e3 3B       		.uleb128 0x3b
 1248 00e4 0B       		.uleb128 0xb
 1249 00e5 49       		.uleb128 0x49
 1250 00e6 13       		.uleb128 0x13
 1251 00e7 8701     		.uleb128 0x87
 1252 00e9 19       		.uleb128 0x19
 1253 00ea 11       		.uleb128 0x11
 1254 00eb 01       		.uleb128 0x1
 1255 00ec 12       		.uleb128 0x12
 1256 00ed 06       		.uleb128 0x6
 1257 00ee 40       		.uleb128 0x40
 1258 00ef 18       		.uleb128 0x18
 1259 00f0 9742     		.uleb128 0x2117
 1260 00f2 19       		.uleb128 0x19
 1261 00f3 01       		.uleb128 0x1
 1262 00f4 13       		.uleb128 0x13
 1263 00f5 00       		.byte	0
 1264 00f6 00       		.byte	0
 1265 00f7 11       		.uleb128 0x11
 1266 00f8 0B       		.uleb128 0xb
 1267 00f9 01       		.byte	0x1
 1268 00fa 11       		.uleb128 0x11
 1269 00fb 01       		.uleb128 0x1
 1270 00fc 12       		.uleb128 0x12
 1271 00fd 06       		.uleb128 0x6
 1272 00fe 01       		.uleb128 0x1
 1273 00ff 13       		.uleb128 0x13
 1274 0100 00       		.byte	0
 1275 0101 00       		.byte	0
 1276 0102 12       		.uleb128 0x12
 1277 0103 34       		.uleb128 0x34
 1278 0104 00       		.byte	0
 1279 0105 03       		.uleb128 0x3
 1280 0106 08       		.uleb128 0x8
 1281 0107 3A       		.uleb128 0x3a
 1282 0108 0B       		.uleb128 0xb
 1283 0109 3B       		.uleb128 0x3b
 1284 010a 0B       		.uleb128 0xb
 1285 010b 49       		.uleb128 0x49
ARM GAS  C:\Users\hsal869\AppData\Local\Temp\ccwfOyq2.s 			page 26


 1286 010c 13       		.uleb128 0x13
 1287 010d 02       		.uleb128 0x2
 1288 010e 17       		.uleb128 0x17
 1289 010f 00       		.byte	0
 1290 0110 00       		.byte	0
 1291 0111 13       		.uleb128 0x13
 1292 0112 34       		.uleb128 0x34
 1293 0113 00       		.byte	0
 1294 0114 03       		.uleb128 0x3
 1295 0115 0E       		.uleb128 0xe
 1296 0116 3A       		.uleb128 0x3a
 1297 0117 0B       		.uleb128 0xb
 1298 0118 3B       		.uleb128 0x3b
 1299 0119 05       		.uleb128 0x5
 1300 011a 49       		.uleb128 0x49
 1301 011b 13       		.uleb128 0x13
 1302 011c 3F       		.uleb128 0x3f
 1303 011d 19       		.uleb128 0x19
 1304 011e 3C       		.uleb128 0x3c
 1305 011f 19       		.uleb128 0x19
 1306 0120 00       		.byte	0
 1307 0121 00       		.byte	0
 1308 0122 14       		.uleb128 0x14
 1309 0123 35       		.uleb128 0x35
 1310 0124 00       		.byte	0
 1311 0125 49       		.uleb128 0x49
 1312 0126 13       		.uleb128 0x13
 1313 0127 00       		.byte	0
 1314 0128 00       		.byte	0
 1315 0129 15       		.uleb128 0x15
 1316 012a 34       		.uleb128 0x34
 1317 012b 00       		.byte	0
 1318 012c 03       		.uleb128 0x3
 1319 012d 08       		.uleb128 0x8
 1320 012e 3A       		.uleb128 0x3a
 1321 012f 0B       		.uleb128 0xb
 1322 0130 3B       		.uleb128 0x3b
 1323 0131 0B       		.uleb128 0xb
 1324 0132 49       		.uleb128 0x49
 1325 0133 13       		.uleb128 0x13
 1326 0134 3F       		.uleb128 0x3f
 1327 0135 19       		.uleb128 0x19
 1328 0136 02       		.uleb128 0x2
 1329 0137 18       		.uleb128 0x18
 1330 0138 00       		.byte	0
 1331 0139 00       		.byte	0
 1332 013a 16       		.uleb128 0x16
 1333 013b 34       		.uleb128 0x34
 1334 013c 00       		.byte	0
 1335 013d 03       		.uleb128 0x3
 1336 013e 0E       		.uleb128 0xe
 1337 013f 3A       		.uleb128 0x3a
 1338 0140 0B       		.uleb128 0xb
 1339 0141 3B       		.uleb128 0x3b
 1340 0142 0B       		.uleb128 0xb
 1341 0143 49       		.uleb128 0x49
 1342 0144 13       		.uleb128 0x13
ARM GAS  C:\Users\hsal869\AppData\Local\Temp\ccwfOyq2.s 			page 27


 1343 0145 3F       		.uleb128 0x3f
 1344 0146 19       		.uleb128 0x19
 1345 0147 02       		.uleb128 0x2
 1346 0148 18       		.uleb128 0x18
 1347 0149 00       		.byte	0
 1348 014a 00       		.byte	0
 1349 014b 17       		.uleb128 0x17
 1350 014c 01       		.uleb128 0x1
 1351 014d 01       		.byte	0x1
 1352 014e 49       		.uleb128 0x49
 1353 014f 13       		.uleb128 0x13
 1354 0150 01       		.uleb128 0x1
 1355 0151 13       		.uleb128 0x13
 1356 0152 00       		.byte	0
 1357 0153 00       		.byte	0
 1358 0154 18       		.uleb128 0x18
 1359 0155 21       		.uleb128 0x21
 1360 0156 00       		.byte	0
 1361 0157 49       		.uleb128 0x49
 1362 0158 13       		.uleb128 0x13
 1363 0159 2F       		.uleb128 0x2f
 1364 015a 0B       		.uleb128 0xb
 1365 015b 00       		.byte	0
 1366 015c 00       		.byte	0
 1367 015d 19       		.uleb128 0x19
 1368 015e 21       		.uleb128 0x21
 1369 015f 00       		.byte	0
 1370 0160 49       		.uleb128 0x49
 1371 0161 13       		.uleb128 0x13
 1372 0162 2F       		.uleb128 0x2f
 1373 0163 05       		.uleb128 0x5
 1374 0164 00       		.byte	0
 1375 0165 00       		.byte	0
 1376 0166 1A       		.uleb128 0x1a
 1377 0167 2E       		.uleb128 0x2e
 1378 0168 00       		.byte	0
 1379 0169 3F       		.uleb128 0x3f
 1380 016a 19       		.uleb128 0x19
 1381 016b 3C       		.uleb128 0x3c
 1382 016c 19       		.uleb128 0x19
 1383 016d 6E       		.uleb128 0x6e
 1384 016e 0E       		.uleb128 0xe
 1385 016f 03       		.uleb128 0x3
 1386 0170 0E       		.uleb128 0xe
 1387 0171 3A       		.uleb128 0x3a
 1388 0172 0B       		.uleb128 0xb
 1389 0173 3B       		.uleb128 0x3b
 1390 0174 0B       		.uleb128 0xb
 1391 0175 00       		.byte	0
 1392 0176 00       		.byte	0
 1393 0177 1B       		.uleb128 0x1b
 1394 0178 2E       		.uleb128 0x2e
 1395 0179 00       		.byte	0
 1396 017a 3F       		.uleb128 0x3f
 1397 017b 19       		.uleb128 0x19
 1398 017c 3C       		.uleb128 0x3c
 1399 017d 19       		.uleb128 0x19
ARM GAS  C:\Users\hsal869\AppData\Local\Temp\ccwfOyq2.s 			page 28


 1400 017e 6E       		.uleb128 0x6e
 1401 017f 0E       		.uleb128 0xe
 1402 0180 03       		.uleb128 0x3
 1403 0181 0E       		.uleb128 0xe
 1404 0182 3A       		.uleb128 0x3a
 1405 0183 0B       		.uleb128 0xb
 1406 0184 3B       		.uleb128 0x3b
 1407 0185 05       		.uleb128 0x5
 1408 0186 00       		.byte	0
 1409 0187 00       		.byte	0
 1410 0188 00       		.byte	0
 1411              		.section	.debug_loc,"",%progbits
 1412              	.Ldebug_loc0:
 1413              	.LLST0:
 1414 0000 00000000 		.4byte	.LVL0
 1415 0004 04000000 		.4byte	.LVL1
 1416 0008 0100     		.2byte	0x1
 1417 000a 50       		.byte	0x50
 1418 000b 04000000 		.4byte	.LVL1
 1419 000f 28000000 		.4byte	.LFE66
 1420 0013 0100     		.2byte	0x1
 1421 0015 54       		.byte	0x54
 1422 0016 00000000 		.4byte	0
 1423 001a 00000000 		.4byte	0
 1424              	.LLST1:
 1425 001e 2A000000 		.4byte	.LVL10
 1426 0022 3F000000 		.4byte	.LVL12-1
 1427 0026 0100     		.2byte	0x1
 1428 0028 50       		.byte	0x50
 1429 0029 00000000 		.4byte	0
 1430 002d 00000000 		.4byte	0
 1431              	.LLST2:
 1432 0031 54000000 		.4byte	.LVL13
 1433 0035 56000000 		.4byte	.LVL14
 1434 0039 0200     		.2byte	0x2
 1435 003b 30       		.byte	0x30
 1436 003c 9F       		.byte	0x9f
 1437 003d 56000000 		.4byte	.LVL14
 1438 0041 6E000000 		.4byte	.LVL18
 1439 0045 0100     		.2byte	0x1
 1440 0047 54       		.byte	0x54
 1441 0048 00000000 		.4byte	0
 1442 004c 00000000 		.4byte	0
 1443              	.LLST3:
 1444 0050 00000000 		.4byte	.LVL20
 1445 0054 04000000 		.4byte	.LVL21
 1446 0058 0100     		.2byte	0x1
 1447 005a 50       		.byte	0x50
 1448 005b 04000000 		.4byte	.LVL21
 1449 005f 14000000 		.4byte	.LFE67
 1450 0063 0400     		.2byte	0x4
 1451 0065 F3       		.byte	0xf3
 1452 0066 01       		.uleb128 0x1
 1453 0067 50       		.byte	0x50
 1454 0068 9F       		.byte	0x9f
 1455 0069 00000000 		.4byte	0
 1456 006d 00000000 		.4byte	0
ARM GAS  C:\Users\hsal869\AppData\Local\Temp\ccwfOyq2.s 			page 29


 1457              		.section	.debug_aranges,"",%progbits
 1458 0000 34000000 		.4byte	0x34
 1459 0004 0200     		.2byte	0x2
 1460 0006 00000000 		.4byte	.Ldebug_info0
 1461 000a 04       		.byte	0x4
 1462 000b 00       		.byte	0
 1463 000c 0000     		.2byte	0
 1464 000e 0000     		.2byte	0
 1465 0010 00000000 		.4byte	.LFB64
 1466 0014 0C000000 		.4byte	.LFE64-.LFB64
 1467 0018 00000000 		.4byte	.LFB66
 1468 001c 28000000 		.4byte	.LFE66-.LFB66
 1469 0020 00000000 		.4byte	.LFB65
 1470 0024 8C000000 		.4byte	.LFE65-.LFB65
 1471 0028 00000000 		.4byte	.LFB67
 1472 002c 14000000 		.4byte	.LFE67-.LFB67
 1473 0030 00000000 		.4byte	0
 1474 0034 00000000 		.4byte	0
 1475              		.section	.debug_ranges,"",%progbits
 1476              	.Ldebug_ranges0:
 1477 0000 00000000 		.4byte	.LFB64
 1478 0004 0C000000 		.4byte	.LFE64
 1479 0008 00000000 		.4byte	.LFB66
 1480 000c 28000000 		.4byte	.LFE66
 1481 0010 00000000 		.4byte	.LFB65
 1482 0014 8C000000 		.4byte	.LFE65
 1483 0018 00000000 		.4byte	.LFB67
 1484 001c 14000000 		.4byte	.LFE67
 1485 0020 00000000 		.4byte	0
 1486 0024 00000000 		.4byte	0
 1487              		.section	.debug_line,"",%progbits
 1488              	.Ldebug_line0:
 1489 0000 9D020000 		.section	.debug_str,"MS",%progbits,1
 1489      02002102 
 1489      00000201 
 1489      FB0E0D00 
 1489      01010101 
 1490              	.LASF67:
 1491 0000 4144435F 		.ascii	"ADC_SAR_1_IRQ_Enable\000"
 1491      5341525F 
 1491      315F4952 
 1491      515F456E 
 1491      61626C65 
 1492              	.LASF59:
 1493 0015 72657375 		.ascii	"result\000"
 1493      6C7400
 1494              	.LASF69:
 1495 001c 4144435F 		.ascii	"ADC_SAR_1_Start\000"
 1495      5341525F 
 1495      315F5374 
 1495      61727400 
 1496              	.LASF49:
 1497 002c 666C6167 		.ascii	"flag_packet\000"
 1497      5F706163 
 1497      6B657400 
 1498              	.LASF38:
 1499 0038 75736250 		.ascii	"usbPutChar\000"
ARM GAS  C:\Users\hsal869\AppData\Local\Temp\ccwfOyq2.s 			page 30


 1499      75744368 
 1499      617200
 1500              	.LASF46:
 1501 0043 666C6167 		.ascii	"flag_ts_speed\000"
 1501      5F74735F 
 1501      73706565 
 1501      6400
 1502              	.LASF33:
 1503 0051 67325F78 		.ascii	"g2_xpos\000"
 1503      706F7300 
 1504              	.LASF2:
 1505 0059 73686F72 		.ascii	"short int\000"
 1505      7420696E 
 1505      7400
 1506              	.LASF57:
 1507 0063 73797374 		.ascii	"system_state\000"
 1507      656D5F73 
 1507      74617465 
 1507      00
 1508              	.LASF66:
 1509 0070 75746F61 		.ascii	"utoa\000"
 1509      00
 1510              	.LASF56:
 1511 0075 75736242 		.ascii	"usbBuffer\000"
 1511      75666665 
 1511      7200
 1512              	.LASF10:
 1513 007f 73697A65 		.ascii	"sizetype\000"
 1513      74797065 
 1513      00
 1514              	.LASF77:
 1515 0088 6D61696E 		.ascii	"main\000"
 1515      00
 1516              	.LASF68:
 1517 008d 55534255 		.ascii	"USBUART_Start\000"
 1517      4152545F 
 1517      53746172 
 1517      7400
 1518              	.LASF15:
 1519 009b 75696E74 		.ascii	"uint16\000"
 1519      313600
 1520              	.LASF21:
 1521 00a2 696E6465 		.ascii	"index\000"
 1521      7800
 1522              	.LASF17:
 1523 00a8 696E7431 		.ascii	"int16\000"
 1523      3600
 1524              	.LASF14:
 1525 00ae 75696E74 		.ascii	"uint8\000"
 1525      3800
 1526              	.LASF32:
 1527 00b4 67315F64 		.ascii	"g1_direction\000"
 1527      69726563 
 1527      74696F6E 
 1527      00
 1528              	.LASF54:
 1529 00c1 6C696E65 		.ascii	"line\000"
ARM GAS  C:\Users\hsal869\AppData\Local\Temp\ccwfOyq2.s 			page 31


 1529      00
 1530              	.LASF64:
 1531 00c6 4144435F 		.ascii	"ADC_SAR_1_IRQ_Disable\000"
 1531      5341525F 
 1531      315F4952 
 1531      515F4469 
 1531      7361626C 
 1532              	.LASF18:
 1533 00dc 666C6F61 		.ascii	"float\000"
 1533      7400
 1534              	.LASF6:
 1535 00e2 6C6F6E67 		.ascii	"long long int\000"
 1535      206C6F6E 
 1535      6720696E 
 1535      7400
 1536              	.LASF37:
 1537 00f0 75736250 		.ascii	"usbPutString\000"
 1537      75745374 
 1537      72696E67 
 1537      00
 1538              	.LASF16:
 1539 00fd 696E7438 		.ascii	"int8\000"
 1539      00
 1540              	.LASF45:
 1541 0102 666C6167 		.ascii	"flag_ts_update\000"
 1541      5F74735F 
 1541      75706461 
 1541      746500
 1542              	.LASF34:
 1543 0111 67325F79 		.ascii	"g2_ypos\000"
 1543      706F7300 
 1544              	.LASF28:
 1545 0119 67305F64 		.ascii	"g0_direction\000"
 1545      69726563 
 1545      74696F6E 
 1545      00
 1546              	.LASF25:
 1547 0126 67305F78 		.ascii	"g0_xpos\000"
 1547      706F7300 
 1548              	.LASF4:
 1549 012e 6C6F6E67 		.ascii	"long int\000"
 1549      20696E74 
 1549      00
 1550              	.LASF65:
 1551 0137 4144435F 		.ascii	"ADC_SAR_1_GetResult8\000"
 1551      5341525F 
 1551      315F4765 
 1551      74526573 
 1551      756C7438 
 1552              	.LASF71:
 1553 014c 6973725F 		.ascii	"isr_1_StartEx\000"
 1553      315F5374 
 1553      61727445 
 1553      7800
 1554              	.LASF47:
 1555 015a 666C6167 		.ascii	"flag_ts_display\000"
 1555      5F74735F 
ARM GAS  C:\Users\hsal869\AppData\Local\Temp\ccwfOyq2.s 			page 32


 1555      64697370 
 1555      6C617900 
 1556              	.LASF48:
 1557 016a 666C6167 		.ascii	"flag_rx\000"
 1557      5F727800 
 1558              	.LASF9:
 1559 0172 6C6F6E67 		.ascii	"long double\000"
 1559      20646F75 
 1559      626C6500 
 1560              	.LASF55:
 1561 017e 656E7472 		.ascii	"entry\000"
 1561      7900
 1562              	.LASF1:
 1563 0184 756E7369 		.ascii	"unsigned char\000"
 1563      676E6564 
 1563      20636861 
 1563      7200
 1564              	.LASF27:
 1565 0192 67305F73 		.ascii	"g0_speed\000"
 1565      70656564 
 1565      00
 1566              	.LASF51:
 1567 019b 64617461 		.ascii	"dataready_flag\000"
 1567      72656164 
 1567      795F666C 
 1567      616700
 1568              	.LASF0:
 1569 01aa 7369676E 		.ascii	"signed char\000"
 1569      65642063 
 1569      68617200 
 1570              	.LASF7:
 1571 01b6 6C6F6E67 		.ascii	"long long unsigned int\000"
 1571      206C6F6E 
 1571      6720756E 
 1571      7369676E 
 1571      65642069 
 1572              	.LASF8:
 1573 01cd 756E7369 		.ascii	"unsigned int\000"
 1573      676E6564 
 1573      20696E74 
 1573      00
 1574              	.LASF50:
 1575 01da 666C6167 		.ascii	"flag_KB_string\000"
 1575      5F4B425F 
 1575      73747269 
 1575      6E6700
 1576              	.LASF35:
 1577 01e9 67325F73 		.ascii	"g2_speed\000"
 1577      70656564 
 1577      00
 1578              	.LASF29:
 1579 01f2 67315F78 		.ascii	"g1_xpos\000"
 1579      706F7300 
 1580              	.LASF3:
 1581 01fa 73686F72 		.ascii	"short unsigned int\000"
 1581      7420756E 
 1581      7369676E 
ARM GAS  C:\Users\hsal869\AppData\Local\Temp\ccwfOyq2.s 			page 33


 1581      65642069 
 1581      6E7400
 1582              	.LASF76:
 1583 020d 64617461 		.ascii	"data_main\000"
 1583      5F6D6169 
 1583      6E00
 1584              	.LASF11:
 1585 0217 63686172 		.ascii	"char\000"
 1585      00
 1586              	.LASF70:
 1587 021c 4144435F 		.ascii	"ADC_SAR_1_StartConvert\000"
 1587      5341525F 
 1587      315F5374 
 1587      61727443 
 1587      6F6E7665 
 1588              	.LASF62:
 1589 0233 7374726C 		.ascii	"strlen\000"
 1589      656E00
 1590              	.LASF13:
 1591 023a 696E7433 		.ascii	"int32_t\000"
 1591      325F7400 
 1592              	.LASF30:
 1593 0242 67315F79 		.ascii	"g1_ypos\000"
 1593      706F7300 
 1594              	.LASF36:
 1595 024a 67325F64 		.ascii	"g2_direction\000"
 1595      69726563 
 1595      74696F6E 
 1595      00
 1596              	.LASF61:
 1597 0257 55534255 		.ascii	"USBUART_CDCIsReady\000"
 1597      4152545F 
 1597      43444349 
 1597      73526561 
 1597      647900
 1598              	.LASF31:
 1599 026a 67315F73 		.ascii	"g1_speed\000"
 1599      70656564 
 1599      00
 1600              	.LASF72:
 1601 0273 55534255 		.ascii	"USBUART_PutChar\000"
 1601      4152545F 
 1601      50757443 
 1601      68617200 
 1602              	.LASF53:
 1603 0283 64697370 		.ascii	"displaystring\000"
 1603      6C617973 
 1603      7472696E 
 1603      6700
 1604              	.LASF22:
 1605 0291 726F626F 		.ascii	"robot_xpos\000"
 1605      745F7870 
 1605      6F7300
 1606              	.LASF74:
 1607 029c 6D61696E 		.ascii	"main.c\000"
 1607      2E6300
 1608              	.LASF5:
ARM GAS  C:\Users\hsal869\AppData\Local\Temp\ccwfOyq2.s 			page 34


 1609 02a3 6C6F6E67 		.ascii	"long unsigned int\000"
 1609      20756E73 
 1609      69676E65 
 1609      6420696E 
 1609      7400
 1610              	.LASF63:
 1611 02b5 55534255 		.ascii	"USBUART_PutData\000"
 1611      4152545F 
 1611      50757444 
 1611      61746100 
 1612              	.LASF19:
 1613 02c5 646F7562 		.ascii	"double\000"
 1613      6C6500
 1614              	.LASF58:
 1615 02cc 666C6167 		.ascii	"flag\000"
 1615      00
 1616              	.LASF42:
 1617 02d1 74735F73 		.ascii	"ts_speed\000"
 1617      70656564 
 1617      00
 1618              	.LASF60:
 1619 02da 636F756E 		.ascii	"count\000"
 1619      7400
 1620              	.LASF44:
 1621 02e0 666C6167 		.ascii	"flag_ts_enc\000"
 1621      5F74735F 
 1621      656E6300 
 1622              	.LASF12:
 1623 02ec 5F5F696E 		.ascii	"__int32_t\000"
 1623      7433325F 
 1623      7400
 1624              	.LASF75:
 1625 02f6 483A5C44 		.ascii	"H:\\Documents\\GitHub\\team14\\301folder-hiralabs\\"
 1625      6F63756D 
 1625      656E7473 
 1625      5C476974 
 1625      4875625C 
 1626 0324 70736F63 		.ascii	"psoc student pack\\lab exercise\\psoc_intro\\hardwa"
 1626      20737475 
 1626      64656E74 
 1626      20706163 
 1626      6B5C6C61 
 1627 0354 72657461 		.ascii	"retask1.cydsn\000"
 1627      736B312E 
 1627      63796473 
 1627      6E00
 1628              	.LASF26:
 1629 0362 67305F79 		.ascii	"g0_ypos\000"
 1629      706F7300 
 1630              	.LASF43:
 1631 036a 74735F64 		.ascii	"ts_display\000"
 1631      6973706C 
 1631      617900
 1632              	.LASF40:
 1633 0375 74735F65 		.ascii	"ts_enc\000"
 1633      6E6300
 1634              	.LASF41:
ARM GAS  C:\Users\hsal869\AppData\Local\Temp\ccwfOyq2.s 			page 35


 1635 037c 74735F75 		.ascii	"ts_update\000"
 1635      70646174 
 1635      6500
 1636              	.LASF52:
 1637 0386 666C6167 		.ascii	"flag_rf_transmission_active\000"
 1637      5F72665F 
 1637      7472616E 
 1637      736D6973 
 1637      73696F6E 
 1638              	.LASF23:
 1639 03a2 726F626F 		.ascii	"robot_ypos\000"
 1639      745F7970 
 1639      6F7300
 1640              	.LASF39:
 1641 03ad 49544D5F 		.ascii	"ITM_RxBuffer\000"
 1641      52784275 
 1641      66666572 
 1641      00
 1642              	.LASF73:
 1643 03ba 474E5520 		.ascii	"GNU C11 5.4.1 20160609 (release) [ARM/embedded-5-br"
 1643      43313120 
 1643      352E342E 
 1643      31203230 
 1643      31363036 
 1644 03ed 616E6368 		.ascii	"anch revision 237715] -mcpu=cortex-m3 -mthumb -g -O"
 1644      20726576 
 1644      6973696F 
 1644      6E203233 
 1644      37373135 
 1645 0420 67202D66 		.ascii	"g -ffunction-sections -ffat-lto-objects\000"
 1645      66756E63 
 1645      74696F6E 
 1645      2D736563 
 1645      74696F6E 
 1646              	.LASF20:
 1647 0448 72737369 		.ascii	"rssi\000"
 1647      00
 1648              	.LASF24:
 1649 044d 726F626F 		.ascii	"robot_orientation\000"
 1649      745F6F72 
 1649      69656E74 
 1649      6174696F 
 1649      6E00
 1650              		.ident	"GCC: (GNU Tools for ARM Embedded Processors) 5.4.1 20160609 (release) [ARM/embedded-5-bran
